#
# There is insufficient memory for the Java Runtime Environment to continue.
# Native memory allocation (malloc) failed to allocate 1296016 bytes for Chunk::new
# Possible reasons:
#   The system is out of physical RAM or swap space
#   The process is running with CompressedOops enabled, and the Java Heap may be blocking the growth of the native heap
# Possible solutions:
#   Reduce memory load on the system
#   Increase physical memory or swap space
#   Check if swap backing store is full
#   Decrease Java heap size (-Xmx/-Xms)
#   Decrease number of Java threads
#   Decrease Java thread stack sizes (-Xss)
#   Set larger code cache with -XX:ReservedCodeCacheSize=
#   JVM is running with Unscaled Compressed Oops mode in which the Java heap is
#     placed in the first 4GB address space. The Java Heap base address is the
#     maximum limit for the native heap growth. Please use -XX:HeapBaseMinAddress
#     to set the Java Heap base and to place the Java Heap above 4GB virtual address.
# This output file may be truncated or incomplete.
#
#  Out of Memory Error (t:/workspace/open/src/hotspot/share/memory/arena.cpp:197), pid=13576, tid=13372
#
# JRE version: Java(TM) SE Runtime Environment (11.0.1+13) (build 11.0.1+13-LTS)
# Java VM: Java HotSpot(TM) 64-Bit Server VM (11.0.1+13-LTS, mixed mode, tiered, compressed oops, g1 gc, windows-amd64)
# No core dump will be written. Minidumps are not enabled by default on client versions of Windows
#

---------------  S U M M A R Y ------------

Command Line: -ea -Dallure.results.directory=target/allure-results -javaagent:C:\Users\инет\.m2\repository/org/aspectj/aspectjweaver/1.9.9.1/aspectjweaver-1.9.9.1.jar -Didea.test.cyclic.buffer.size=1048576 -javaagent:C:\Program Files\JetBrains\IntelliJ IDEA Community Edition 2022.2.2\lib\idea_rt.jar=62016:C:\Program Files\JetBrains\IntelliJ IDEA Community Edition 2022.2.2\bin -Dfile.encoding=UTF-8 com.intellij.rt.junit.JUnitStarter -ideVersion5 -junit5 ModleTest,test

Host: Intel(R) Core(TM) i5-9600K CPU @ 3.70GHz, 6 cores, 7G,  Windows 10 , 64 bit Build 18362 (10.0.18362.2274)
Time: Thu Nov 10 13:49:10 2022 RTZ 2 (ceia) elapsed time: 6 seconds (0d 0h 0m 6s)

---------------  T H R E A D  ---------------

Current thread (0x0000018fd761d800):  JavaThread "C2 CompilerThread1" daemon [_thread_in_native, id=13372, stack(0x0000003e59c00000,0x0000003e59d00000)]


Current CompileTask:
C2:   6808 3594       4       org.aspectj.apache.bcel.generic.Type::getType (237 bytes)

Stack: [0x0000003e59c00000,0x0000003e59d00000]
Native frames: (J=compiled Java code, j=interpreted, Vv=VM code, C=native code)
V  [jvm.dll+0x63c21a]
V  [jvm.dll+0x7797df]
V  [jvm.dll+0x77adca]
V  [jvm.dll+0x77b483]
V  [jvm.dll+0x2627f8]
V  [jvm.dll+0xc5c71]
V  [jvm.dll+0xc61fc]
V  [jvm.dll+0x2d10f4]
V  [jvm.dll+0x55412f]
V  [jvm.dll+0x21e90f]
V  [jvm.dll+0x21b846]
V  [jvm.dll+0x198390]
V  [jvm.dll+0x22a97f]
V  [jvm.dll+0x228f98]
V  [jvm.dll+0x73f03d]
V  [jvm.dll+0x63b2b2]
C  [ucrtbase.dll+0x210b2]
C  [KERNEL32.DLL+0x17c24]
C  [ntdll.dll+0x6d721]


---------------  P R O C E S S  ---------------

Threads class SMR info:
_java_thread_list=0x0000018fd7901ea0, length=29, elements={
0x0000018fb119e800, 0x0000018fd18df800, 0x0000018fd18e3800, 0x0000018fd2164800,
0x0000018fd2165000, 0x0000018fd216a800, 0x0000018fd2178800, 0x0000018fd21b0800,
0x0000018fd1898000, 0x0000018fd2d31000, 0x0000018fd2d1d000, 0x0000018fd519f000,
0x0000018fd5f9c800, 0x0000018fd78d5800, 0x0000018fd72cc000, 0x0000018fd6715000,
0x0000018fd7043800, 0x0000018fd5d0e000, 0x0000018fd5d0d800, 0x0000018fd5d12000,
0x0000018fd5d0f800, 0x0000018fd5d10800, 0x0000018fd5d11800, 0x0000018fd5d13000,
0x0000018fd5d14000, 0x0000018fd761d800, 0x0000018fd5d0f000, 0x0000018fd582c800,
0x0000018fd5829000
}

Java Threads: ( => current thread )
  0x0000018fb119e800 JavaThread "Forwarding get on session 097e5824b8828d59531f476a12bafa30 to remote" [_thread_blocked, id=2156, stack(0x0000003e58d00000,0x0000003e58e00000)]
  0x0000018fd18df800 JavaThread "Reference Handler" daemon [_thread_blocked, id=9204, stack(0x0000003e59400000,0x0000003e59500000)]
  0x0000018fd18e3800 JavaThread "Finalizer" daemon [_thread_blocked, id=2440, stack(0x0000003e59500000,0x0000003e59600000)]
  0x0000018fd2164800 JavaThread "Signal Dispatcher" daemon [_thread_blocked, id=2704, stack(0x0000003e59600000,0x0000003e59700000)]
  0x0000018fd2165000 JavaThread "Attach Listener" daemon [_thread_blocked, id=11328, stack(0x0000003e59700000,0x0000003e59800000)]
  0x0000018fd216a800 JavaThread "C2 CompilerThread0" daemon [_thread_in_vm, id=14436, stack(0x0000003e59800000,0x0000003e59900000)]
  0x0000018fd2178800 JavaThread "C1 CompilerThread0" daemon [_thread_blocked, id=16268, stack(0x0000003e59900000,0x0000003e59a00000)]
  0x0000018fd21b0800 JavaThread "Sweeper thread" daemon [_thread_blocked, id=10984, stack(0x0000003e59a00000,0x0000003e59b00000)]
  0x0000018fd1898000 JavaThread "Common-Cleaner" daemon [_thread_blocked, id=15576, stack(0x0000003e59b00000,0x0000003e59c00000)]
  0x0000018fd2d31000 JavaThread "Monitor Ctrl-Break" daemon [_thread_in_native, id=15812, stack(0x0000003e59f00000,0x0000003e5a000000)]
  0x0000018fd2d1d000 JavaThread "Service Thread" daemon [_thread_blocked, id=15384, stack(0x0000003e5a000000,0x0000003e5a100000)]
  0x0000018fd519f000 JavaThread "ForkJoinPool.commonPool-worker-3" daemon [_thread_blocked, id=12676, stack(0x0000003e5a400000,0x0000003e5a500000)]
  0x0000018fd5f9c800 JavaThread "AsyncHttpClient-1-1" daemon [_thread_blocked, id=11052, stack(0x0000003e5a500000,0x0000003e5a600000)]
  0x0000018fd78d5800 JavaThread "Exec Default Executor" daemon [_thread_in_native, id=4260, stack(0x0000003e5a600000,0x0000003e5a700000)]
  0x0000018fd72cc000 JavaThread "Driver Service Executor" daemon [_thread_blocked, id=13384, stack(0x0000003e5a700000,0x0000003e5a800000)]
  0x0000018fd6715000 JavaThread "Driver Service Executor" daemon [_thread_blocked, id=888, stack(0x0000003e5a800000,0x0000003e5a900000)]
  0x0000018fd7043800 JavaThread "UrlChecker-2" daemon [_thread_blocked, id=1924, stack(0x0000003e5a900000,0x0000003e5aa00000)]
  0x0000018fd5d0e000 JavaThread "Exec Stream Pumper" daemon [_thread_in_native, id=13992, stack(0x0000003e5aa00000,0x0000003e5ab00000)]
  0x0000018fd5d0d800 JavaThread "Exec Stream Pumper" daemon [_thread_in_native, id=2024, stack(0x0000003e5ab00000,0x0000003e5ac00000)]
  0x0000018fd5d12000 JavaThread "Keep-Alive-Timer" daemon [_thread_blocked, id=10208, stack(0x0000003e5ad00000,0x0000003e5ae00000)]
  0x0000018fd5d0f800 JavaThread "ForkJoinPool.commonPool-worker-5" daemon [_thread_blocked, id=1732, stack(0x0000003e5ae00000,0x0000003e5af00000)]
  0x0000018fd5d10800 JavaThread "ForkJoinPool.commonPool-worker-7" daemon [_thread_blocked, id=9580, stack(0x0000003e5af00000,0x0000003e5b000000)]
  0x0000018fd5d11800 JavaThread "ForkJoinPool.commonPool-worker-9" daemon [_thread_blocked, id=14920, stack(0x0000003e5b000000,0x0000003e5b100000)]
  0x0000018fd5d13000 JavaThread "ForkJoinPool.commonPool-worker-11" daemon [_thread_blocked, id=13464, stack(0x0000003e5b100000,0x0000003e5b200000)]
  0x0000018fd5d14000 JavaThread "AsyncHttpClient-1-2" daemon [_thread_in_native, id=14664, stack(0x0000003e5b200000,0x0000003e5b300000)]
=>0x0000018fd761d800 JavaThread "C2 CompilerThread1" daemon [_thread_in_native, id=13372, stack(0x0000003e59c00000,0x0000003e59d00000)]
  0x0000018fd5d0f000 JavaThread "AsyncHttpClient-1-3" daemon [_thread_in_native, id=1592, stack(0x0000003e5b300000,0x0000003e5b400000)]
  0x0000018fd582c800 JavaThread "AsyncHttpClient-1-4" daemon [_thread_in_native, id=9872, stack(0x0000003e5b400000,0x0000003e5b500000)]
  0x0000018fd5829000 JavaThread "Dead threads watchdog" daemon [_thread_blocked, id=12260, stack(0x0000003e5b500000,0x0000003e5b600000)]

Other Threads:
  0x0000018fd18dd000 VMThread "VM Thread" [stack: 0x0000003e59300000,0x0000003e59400000] [id=13356]
  0x0000018fd30ee800 WatcherThread [stack: 0x0000003e5a100000,0x0000003e5a200000] [id=2464]
  0x0000018fb11b5800 GCTaskThread "GC Thread#0" [stack: 0x0000003e58e00000,0x0000003e58f00000] [id=15748]
  0x0000018fd2b7c000 GCTaskThread "GC Thread#1" [stack: 0x0000003e59d00000,0x0000003e59e00000] [id=12364]
  0x0000018fd2c3b000 GCTaskThread "GC Thread#2" [stack: 0x0000003e59e00000,0x0000003e59f00000] [id=1280]
  0x0000018fb11e4000 ConcurrentGCThread "G1 Main Marker" [stack: 0x0000003e58f00000,0x0000003e59000000] [id=4112]
  0x0000018fb11e6000 ConcurrentGCThread "G1 Conc#0" [stack: 0x0000003e59000000,0x0000003e59100000] [id=3680]
  0x0000018fd5d76000 ConcurrentGCThread "G1 Conc#1" [stack: 0x0000003e5a300000,0x0000003e5a400000] [id=12192]
  0x0000018fb125e800 ConcurrentGCThread "G1 Refine#0" [stack: 0x0000003e59100000,0x0000003e59200000] [id=8980]
  0x0000018fd4b10800 ConcurrentGCThread "G1 Refine#1" [stack: 0x0000003e5a200000,0x0000003e5a300000] [id=9612]
  0x0000018fd1749000 ConcurrentGCThread "G1 Young RemSet Sampling" [stack: 0x0000003e59200000,0x0000003e59300000] [id=13448]

Threads with active compile tasks:
C2 CompilerThread03521       4       org.aspectj.weaver.bcel.BcelWorld::makeJoinPointSignatureFromMethod (71 bytes)
C2 CompilerThread13594       4       org.aspectj.apache.bcel.generic.Type::getType (237 bytes)

VM state:not at safepoint (normal execution)

VM Mutex/Monitor currently owned by a thread: None

Heap address: 0x0000000081e00000, size: 2018 MB, Compressed Oops mode: 32-bit
Narrow klass base: 0x0000000000000000, Narrow klass shift: 3
Compressed class space size: 1073741824 Address: 0x0000000100000000

Heap:
 garbage-first heap   total 157696K, used 114865K [0x0000000081e00000, 0x0000000100000000)
  region size 1024K, 70 young (71680K), 7 survivors (7168K)
 Metaspace       used 40580K, capacity 41657K, committed 41984K, reserved 1085440K
  class space    used 4567K, capacity 5030K, committed 5120K, reserved 1048576K
Heap Regions: E=young(eden), S=young(survivor), O=old, HS=humongous(starts), HC=humongous(continues), CS=collection set, F=free, A=archive, TAMS=top-at-mark-start (previous, next)
|   0|0x0000000081e00000, 0x0000000081f00000, 0x0000000081f00000|100%| O|  |TAMS 0x0000000081f00000, 0x0000000081e00000| Untracked 
|   1|0x0000000081f00000, 0x0000000082000000, 0x0000000082000000|100%| O|  |TAMS 0x0000000082000000, 0x0000000081f00000| Untracked 
|   2|0x0000000082000000, 0x0000000082100000, 0x0000000082100000|100%| O|  |TAMS 0x0000000082100000, 0x0000000082000000| Untracked 
|   3|0x0000000082100000, 0x0000000082200000, 0x0000000082200000|100%| O|  |TAMS 0x0000000082200000, 0x0000000082100000| Untracked 
|   4|0x0000000082200000, 0x0000000082300000, 0x0000000082300000|100%| O|  |TAMS 0x0000000082300000, 0x0000000082200000| Untracked 
|   5|0x0000000082300000, 0x0000000082400000, 0x0000000082400000|100%| O|  |TAMS 0x0000000082400000, 0x0000000082300000| Untracked 
|   6|0x0000000082400000, 0x0000000082500000, 0x0000000082500000|100%| O|  |TAMS 0x0000000082500000, 0x0000000082400000| Untracked 
|   7|0x0000000082500000, 0x0000000082600000, 0x0000000082600000|100%| O|  |TAMS 0x0000000082600000, 0x0000000082500000| Untracked 
|   8|0x0000000082600000, 0x0000000082700000, 0x0000000082700000|100%| O|  |TAMS 0x0000000082700000, 0x0000000082600000| Untracked 
|   9|0x0000000082700000, 0x0000000082800000, 0x0000000082800000|100%| O|  |TAMS 0x0000000082800000, 0x0000000082700000| Untracked 
|  10|0x0000000082800000, 0x0000000082900000, 0x0000000082900000|100%| O|  |TAMS 0x0000000082900000, 0x0000000082800000| Untracked 
|  11|0x0000000082900000, 0x0000000082a00000, 0x0000000082a00000|100%| O|  |TAMS 0x0000000082a00000, 0x0000000082900000| Untracked 
|  12|0x0000000082a00000, 0x0000000082b00000, 0x0000000082b00000|100%| O|  |TAMS 0x0000000082b00000, 0x0000000082a00000| Untracked 
|  13|0x0000000082b00000, 0x0000000082c00000, 0x0000000082c00000|100%| O|  |TAMS 0x0000000082c00000, 0x0000000082b00000| Untracked 
|  14|0x0000000082c00000, 0x0000000082d00000, 0x0000000082d00000|100%| O|  |TAMS 0x0000000082d00000, 0x0000000082c00000| Untracked 
|  15|0x0000000082d00000, 0x0000000082e00000, 0x0000000082e00000|100%| O|  |TAMS 0x0000000082e00000, 0x0000000082d00000| Untracked 
|  16|0x0000000082e00000, 0x0000000082f00000, 0x0000000082f00000|100%| O|  |TAMS 0x0000000082f00000, 0x0000000082e00000| Untracked 
|  17|0x0000000082f00000, 0x0000000083000000, 0x0000000083000000|100%| O|  |TAMS 0x0000000083000000, 0x0000000082f00000| Untracked 
|  18|0x0000000083000000, 0x0000000083100000, 0x0000000083100000|100%| O|  |TAMS 0x0000000083100000, 0x0000000083000000| Untracked 
|  19|0x0000000083100000, 0x0000000083200000, 0x0000000083200000|100%| O|  |TAMS 0x0000000083200000, 0x0000000083100000| Untracked 
|  20|0x0000000083200000, 0x0000000083300000, 0x0000000083300000|100%| O|  |TAMS 0x0000000083300000, 0x0000000083200000| Untracked 
|  21|0x0000000083300000, 0x0000000083400000, 0x0000000083400000|100%| O|  |TAMS 0x0000000083400000, 0x0000000083300000| Untracked 
|  22|0x0000000083400000, 0x0000000083500000, 0x0000000083500000|100%| O|  |TAMS 0x0000000083500000, 0x0000000083400000| Untracked 
|  23|0x0000000083500000, 0x0000000083600000, 0x0000000083600000|100%| O|  |TAMS 0x0000000083600000, 0x0000000083500000| Untracked 
|  24|0x0000000083600000, 0x0000000083700000, 0x0000000083700000|100%| O|  |TAMS 0x0000000083700000, 0x0000000083600000| Untracked 
|  25|0x0000000083700000, 0x0000000083800000, 0x0000000083800000|100%| O|  |TAMS 0x0000000083800000, 0x0000000083700000| Untracked 
|  26|0x0000000083800000, 0x0000000083900000, 0x0000000083900000|100%| O|  |TAMS 0x0000000083900000, 0x0000000083800000| Untracked 
|  27|0x0000000083900000, 0x0000000083a00000, 0x0000000083a00000|100%| O|  |TAMS 0x0000000083a00000, 0x0000000083900000| Untracked 
|  28|0x0000000083a00000, 0x0000000083b00000, 0x0000000083b00000|100%| O|  |TAMS 0x0000000083b00000, 0x0000000083a00000| Untracked 
|  29|0x0000000083b00000, 0x0000000083c00000, 0x0000000083c00000|100%| O|  |TAMS 0x0000000083c00000, 0x0000000083b00000| Untracked 
|  30|0x0000000083c00000, 0x0000000083d00000, 0x0000000083d00000|100%| O|  |TAMS 0x0000000083d00000, 0x0000000083c00000| Untracked 
|  31|0x0000000083d00000, 0x0000000083e00000, 0x0000000083e00000|100%| O|  |TAMS 0x0000000083e00000, 0x0000000083d00000| Untracked 
|  32|0x0000000083e00000, 0x0000000083f00000, 0x0000000083f00000|100%| O|  |TAMS 0x0000000083f00000, 0x0000000083e00000| Untracked 
|  33|0x0000000083f00000, 0x0000000084000000, 0x0000000084000000|100%| O|  |TAMS 0x0000000084000000, 0x0000000083f00000| Untracked 
|  34|0x0000000084000000, 0x0000000084100000, 0x0000000084100000|100%| O|  |TAMS 0x0000000084100000, 0x0000000084000000| Untracked 
|  35|0x0000000084100000, 0x0000000084200000, 0x0000000084200000|100%| O|  |TAMS 0x0000000084200000, 0x0000000084100000| Untracked 
|  36|0x0000000084200000, 0x0000000084300000, 0x0000000084300000|100%| O|  |TAMS 0x0000000084300000, 0x0000000084200000| Untracked 
|  37|0x0000000084300000, 0x0000000084400000, 0x0000000084400000|100%| O|  |TAMS 0x0000000084400000, 0x0000000084300000| Untracked 
|  38|0x0000000084400000, 0x0000000084500000, 0x0000000084500000|100%| O|  |TAMS 0x0000000084500000, 0x0000000084400000| Untracked 
|  39|0x0000000084500000, 0x0000000084600000, 0x0000000084600000|100%|HS|  |TAMS 0x0000000084500000, 0x0000000084500000| Complete 
|  40|0x0000000084600000, 0x0000000084700000, 0x0000000084700000|100%|HC|  |TAMS 0x0000000084600000, 0x0000000084600000| Complete 
|  41|0x0000000084700000, 0x0000000084800000, 0x0000000084800000|100%|HC|  |TAMS 0x0000000084700000, 0x0000000084700000| Complete 
|  42|0x0000000084800000, 0x0000000084900000, 0x0000000084900000|100%|HC|  |TAMS 0x0000000084800000, 0x0000000084800000| Complete 
|  43|0x0000000084900000, 0x0000000084a00000, 0x0000000084a00000|100%|HC|  |TAMS 0x0000000084900000, 0x0000000084900000| Complete 
|  44|0x0000000084a00000, 0x0000000084a00000, 0x0000000084b00000|  0%| F|  |TAMS 0x0000000084a00000, 0x0000000084a00000| Untracked 
|  45|0x0000000084b00000, 0x0000000084b00000, 0x0000000084c00000|  0%| F|  |TAMS 0x0000000084b00000, 0x0000000084b00000| Untracked 
|  46|0x0000000084c00000, 0x0000000084c00000, 0x0000000084d00000|  0%| F|  |TAMS 0x0000000084c00000, 0x0000000084c00000| Untracked 
|  47|0x0000000084d00000, 0x0000000084d00000, 0x0000000084e00000|  0%| F|  |TAMS 0x0000000084d00000, 0x0000000084d00000| Untracked 
|  48|0x0000000084e00000, 0x0000000084e00000, 0x0000000084f00000|  0%| F|  |TAMS 0x0000000084e00000, 0x0000000084e00000| Untracked 
|  49|0x0000000084f00000, 0x0000000084f00000, 0x0000000085000000|  0%| F|  |TAMS 0x0000000084f00000, 0x0000000084f00000| Untracked 
|  50|0x0000000085000000, 0x0000000085000000, 0x0000000085100000|  0%| F|  |TAMS 0x0000000085000000, 0x0000000085000000| Untracked 
|  51|0x0000000085100000, 0x0000000085100000, 0x0000000085200000|  0%| F|  |TAMS 0x0000000085100000, 0x0000000085100000| Untracked 
|  52|0x0000000085200000, 0x0000000085200000, 0x0000000085300000|  0%| F|  |TAMS 0x0000000085200000, 0x0000000085200000| Untracked 
|  53|0x0000000085300000, 0x0000000085300000, 0x0000000085400000|  0%| F|  |TAMS 0x0000000085300000, 0x0000000085300000| Untracked 
|  54|0x0000000085400000, 0x0000000085400000, 0x0000000085500000|  0%| F|  |TAMS 0x0000000085400000, 0x0000000085400000| Untracked 
|  55|0x0000000085500000, 0x0000000085500000, 0x0000000085600000|  0%| F|  |TAMS 0x0000000085500000, 0x0000000085500000| Untracked 
|  56|0x0000000085600000, 0x0000000085600000, 0x0000000085700000|  0%| F|  |TAMS 0x0000000085600000, 0x0000000085600000| Untracked 
|  57|0x0000000085700000, 0x0000000085700000, 0x0000000085800000|  0%| F|  |TAMS 0x0000000085700000, 0x0000000085700000| Untracked 
|  58|0x0000000085800000, 0x0000000085800000, 0x0000000085900000|  0%| F|  |TAMS 0x0000000085800000, 0x0000000085800000| Untracked 
|  59|0x0000000085900000, 0x0000000085900000, 0x0000000085a00000|  0%| F|  |TAMS 0x0000000085900000, 0x0000000085900000| Untracked 
|  60|0x0000000085a00000, 0x0000000085a00000, 0x0000000085b00000|  0%| F|  |TAMS 0x0000000085a00000, 0x0000000085a00000| Untracked 
|  61|0x0000000085b00000, 0x0000000085b00000, 0x0000000085c00000|  0%| F|  |TAMS 0x0000000085b00000, 0x0000000085b00000| Untracked 
|  62|0x0000000085c00000, 0x0000000085c00000, 0x0000000085d00000|  0%| F|  |TAMS 0x0000000085c00000, 0x0000000085c00000| Untracked 
|  63|0x0000000085d00000, 0x0000000085d00000, 0x0000000085e00000|  0%| F|  |TAMS 0x0000000085d00000, 0x0000000085d00000| Untracked 
|  64|0x0000000085e00000, 0x0000000085e00000, 0x0000000085f00000|  0%| F|  |TAMS 0x0000000085e00000, 0x0000000085e00000| Untracked 
|  65|0x0000000085f00000, 0x0000000085f00000, 0x0000000086000000|  0%| F|  |TAMS 0x0000000085f00000, 0x0000000085f00000| Untracked 
|  66|0x0000000086000000, 0x0000000086000000, 0x0000000086100000|  0%| F|  |TAMS 0x0000000086000000, 0x0000000086000000| Untracked 
|  67|0x0000000086100000, 0x0000000086100000, 0x0000000086200000|  0%| F|  |TAMS 0x0000000086100000, 0x0000000086100000| Untracked 
|  68|0x0000000086200000, 0x0000000086200000, 0x0000000086300000|  0%| F|  |TAMS 0x0000000086200000, 0x0000000086200000| Untracked 
|  69|0x0000000086300000, 0x0000000086300000, 0x0000000086400000|  0%| F|  |TAMS 0x0000000086300000, 0x0000000086300000| Untracked 
|  70|0x0000000086400000, 0x0000000086400000, 0x0000000086500000|  0%| F|  |TAMS 0x0000000086400000, 0x0000000086400000| Untracked 
|  71|0x0000000086500000, 0x0000000086500000, 0x0000000086600000|  0%| F|  |TAMS 0x0000000086500000, 0x0000000086500000| Untracked 
|  72|0x0000000086600000, 0x0000000086600000, 0x0000000086700000|  0%| F|  |TAMS 0x0000000086600000, 0x0000000086600000| Untracked 
|  73|0x0000000086700000, 0x0000000086700000, 0x0000000086800000|  0%| F|  |TAMS 0x0000000086700000, 0x0000000086700000| Untracked 
|  74|0x0000000086800000, 0x0000000086800000, 0x0000000086900000|  0%| F|  |TAMS 0x0000000086800000, 0x0000000086800000| Untracked 
|  75|0x0000000086900000, 0x0000000086900000, 0x0000000086a00000|  0%| F|  |TAMS 0x0000000086900000, 0x0000000086900000| Untracked 
|  76|0x0000000086a00000, 0x0000000086a00000, 0x0000000086b00000|  0%| F|  |TAMS 0x0000000086a00000, 0x0000000086a00000| Untracked 
|  77|0x0000000086b00000, 0x0000000086b00000, 0x0000000086c00000|  0%| F|  |TAMS 0x0000000086b00000, 0x0000000086b00000| Untracked 
|  78|0x0000000086c00000, 0x0000000086c00000, 0x0000000086d00000|  0%| F|  |TAMS 0x0000000086c00000, 0x0000000086c00000| Untracked 
|  79|0x0000000086d00000, 0x0000000086d2c470, 0x0000000086e00000| 17%| S|CS|TAMS 0x0000000086d00000, 0x0000000086d00000| Complete 
|  80|0x0000000086e00000, 0x0000000086f00000, 0x0000000086f00000|100%| S|CS|TAMS 0x0000000086e00000, 0x0000000086e00000| Complete 
|  81|0x0000000086f00000, 0x0000000087000000, 0x0000000087000000|100%| S|CS|TAMS 0x0000000086f00000, 0x0000000086f00000| Complete 
|  82|0x0000000087000000, 0x0000000087100000, 0x0000000087100000|100%| S|CS|TAMS 0x0000000087000000, 0x0000000087000000| Complete 
|  83|0x0000000087100000, 0x0000000087200000, 0x0000000087200000|100%| S|CS|TAMS 0x0000000087100000, 0x0000000087100000| Complete 
|  84|0x0000000087200000, 0x0000000087300000, 0x0000000087300000|100%| S|CS|TAMS 0x0000000087200000, 0x0000000087200000| Complete 
|  85|0x0000000087300000, 0x0000000087400000, 0x0000000087400000|100%| S|CS|TAMS 0x0000000087300000, 0x0000000087300000| Complete 
|  86|0x0000000087400000, 0x0000000087400000, 0x0000000087500000|  0%| F|  |TAMS 0x0000000087400000, 0x0000000087400000| Untracked 
|  87|0x0000000087500000, 0x0000000087500000, 0x0000000087600000|  0%| F|  |TAMS 0x0000000087500000, 0x0000000087500000| Untracked 
|  88|0x0000000087600000, 0x0000000087600000, 0x0000000087700000|  0%| F|  |TAMS 0x0000000087600000, 0x0000000087600000| Untracked 
|  89|0x0000000087700000, 0x0000000087700000, 0x0000000087800000|  0%| F|  |TAMS 0x0000000087700000, 0x0000000087700000| Untracked 
|  90|0x0000000087800000, 0x0000000087800000, 0x0000000087900000|  0%| F|  |TAMS 0x0000000087800000, 0x0000000087800000| Untracked 
|  91|0x0000000087900000, 0x00000000879b7ea0, 0x0000000087a00000| 71%| E|  |TAMS 0x0000000087900000, 0x0000000087900000| Complete 
|  92|0x0000000087a00000, 0x0000000087b00000, 0x0000000087b00000|100%| E|CS|TAMS 0x0000000087a00000, 0x0000000087a00000| Complete 
|  93|0x0000000087b00000, 0x0000000087c00000, 0x0000000087c00000|100%| E|CS|TAMS 0x0000000087b00000, 0x0000000087b00000| Complete 
|  94|0x0000000087c00000, 0x0000000087d00000, 0x0000000087d00000|100%| E|CS|TAMS 0x0000000087c00000, 0x0000000087c00000| Complete 
|  95|0x0000000087d00000, 0x0000000087e00000, 0x0000000087e00000|100%| E|CS|TAMS 0x0000000087d00000, 0x0000000087d00000| Complete 
|  96|0x0000000087e00000, 0x0000000087f00000, 0x0000000087f00000|100%| E|CS|TAMS 0x0000000087e00000, 0x0000000087e00000| Complete 
|  97|0x0000000087f00000, 0x0000000088000000, 0x0000000088000000|100%| E|CS|TAMS 0x0000000087f00000, 0x0000000087f00000| Complete 
|  98|0x0000000088000000, 0x0000000088100000, 0x0000000088100000|100%| E|CS|TAMS 0x0000000088000000, 0x0000000088000000| Complete 
|  99|0x0000000088100000, 0x0000000088200000, 0x0000000088200000|100%| E|CS|TAMS 0x0000000088100000, 0x0000000088100000| Complete 
| 100|0x0000000088200000, 0x0000000088300000, 0x0000000088300000|100%| E|CS|TAMS 0x0000000088200000, 0x0000000088200000| Complete 
| 101|0x0000000088300000, 0x0000000088400000, 0x0000000088400000|100%| E|CS|TAMS 0x0000000088300000, 0x0000000088300000| Complete 
| 102|0x0000000088400000, 0x0000000088500000, 0x0000000088500000|100%| E|CS|TAMS 0x0000000088400000, 0x0000000088400000| Complete 
| 103|0x0000000088500000, 0x0000000088600000, 0x0000000088600000|100%| E|CS|TAMS 0x0000000088500000, 0x0000000088500000| Complete 
| 104|0x0000000088600000, 0x0000000088700000, 0x0000000088700000|100%| E|CS|TAMS 0x0000000088600000, 0x0000000088600000| Complete 
| 105|0x0000000088700000, 0x0000000088800000, 0x0000000088800000|100%| E|CS|TAMS 0x0000000088700000, 0x0000000088700000| Complete 
| 106|0x0000000088800000, 0x0000000088900000, 0x0000000088900000|100%| E|CS|TAMS 0x0000000088800000, 0x0000000088800000| Complete 
| 107|0x0000000088900000, 0x0000000088a00000, 0x0000000088a00000|100%| E|CS|TAMS 0x0000000088900000, 0x0000000088900000| Complete 
| 108|0x0000000088a00000, 0x0000000088b00000, 0x0000000088b00000|100%| E|CS|TAMS 0x0000000088a00000, 0x0000000088a00000| Complete 
| 109|0x0000000088b00000, 0x0000000088c00000, 0x0000000088c00000|100%| E|CS|TAMS 0x0000000088b00000, 0x0000000088b00000| Complete 
| 110|0x0000000088c00000, 0x0000000088d00000, 0x0000000088d00000|100%| E|CS|TAMS 0x0000000088c00000, 0x0000000088c00000| Complete 
| 111|0x0000000088d00000, 0x0000000088e00000, 0x0000000088e00000|100%| E|CS|TAMS 0x0000000088d00000, 0x0000000088d00000| Complete 
| 112|0x0000000088e00000, 0x0000000088f00000, 0x0000000088f00000|100%| E|CS|TAMS 0x0000000088e00000, 0x0000000088e00000| Complete 
| 113|0x0000000088f00000, 0x0000000089000000, 0x0000000089000000|100%| E|CS|TAMS 0x0000000088f00000, 0x0000000088f00000| Complete 
| 114|0x0000000089000000, 0x0000000089100000, 0x0000000089100000|100%| E|CS|TAMS 0x0000000089000000, 0x0000000089000000| Complete 
| 115|0x0000000089100000, 0x0000000089200000, 0x0000000089200000|100%| E|CS|TAMS 0x0000000089100000, 0x0000000089100000| Complete 
| 116|0x0000000089200000, 0x0000000089300000, 0x0000000089300000|100%| E|CS|TAMS 0x0000000089200000, 0x0000000089200000| Complete 
| 117|0x0000000089300000, 0x0000000089400000, 0x0000000089400000|100%| E|CS|TAMS 0x0000000089300000, 0x0000000089300000| Complete 
| 118|0x0000000089400000, 0x0000000089500000, 0x0000000089500000|100%| E|CS|TAMS 0x0000000089400000, 0x0000000089400000| Complete 
| 119|0x0000000089500000, 0x0000000089600000, 0x0000000089600000|100%| E|CS|TAMS 0x0000000089500000, 0x0000000089500000| Complete 
| 120|0x0000000089600000, 0x0000000089700000, 0x0000000089700000|100%| E|CS|TAMS 0x0000000089600000, 0x0000000089600000| Complete 
| 121|0x0000000089700000, 0x0000000089800000, 0x0000000089800000|100%| E|CS|TAMS 0x0000000089700000, 0x0000000089700000| Complete 
| 122|0x0000000089800000, 0x0000000089900000, 0x0000000089900000|100%| E|CS|TAMS 0x0000000089800000, 0x0000000089800000| Complete 
| 123|0x0000000089900000, 0x0000000089a00000, 0x0000000089a00000|100%| E|CS|TAMS 0x0000000089900000, 0x0000000089900000| Complete 
| 124|0x0000000089a00000, 0x0000000089b00000, 0x0000000089b00000|100%| E|CS|TAMS 0x0000000089a00000, 0x0000000089a00000| Complete 
| 125|0x0000000089b00000, 0x0000000089c00000, 0x0000000089c00000|100%| E|CS|TAMS 0x0000000089b00000, 0x0000000089b00000| Complete 
| 126|0x0000000089c00000, 0x0000000089d00000, 0x0000000089d00000|100%| E|CS|TAMS 0x0000000089c00000, 0x0000000089c00000| Complete 
| 127|0x0000000089d00000, 0x0000000089e00000, 0x0000000089e00000|100%| E|CS|TAMS 0x0000000089d00000, 0x0000000089d00000| Complete 
| 128|0x0000000089e00000, 0x0000000089f00000, 0x0000000089f00000|100%| E|CS|TAMS 0x0000000089e00000, 0x0000000089e00000| Complete 
| 129|0x0000000089f00000, 0x000000008a000000, 0x000000008a000000|100%| E|CS|TAMS 0x0000000089f00000, 0x0000000089f00000| Complete 
| 130|0x000000008a000000, 0x000000008a100000, 0x000000008a100000|100%| E|CS|TAMS 0x000000008a000000, 0x000000008a000000| Complete 
| 131|0x000000008a100000, 0x000000008a200000, 0x000000008a200000|100%| E|CS|TAMS 0x000000008a100000, 0x000000008a100000| Complete 
| 132|0x000000008a200000, 0x000000008a300000, 0x000000008a300000|100%| E|CS|TAMS 0x000000008a200000, 0x000000008a200000| Complete 
| 133|0x000000008a300000, 0x000000008a400000, 0x000000008a400000|100%| E|CS|TAMS 0x000000008a300000, 0x000000008a300000| Complete 
| 134|0x000000008a400000, 0x000000008a500000, 0x000000008a500000|100%| E|CS|TAMS 0x000000008a400000, 0x000000008a400000| Complete 
| 135|0x000000008a500000, 0x000000008a600000, 0x000000008a600000|100%| E|CS|TAMS 0x000000008a500000, 0x000000008a500000| Complete 
| 136|0x000000008a600000, 0x000000008a700000, 0x000000008a700000|100%| E|CS|TAMS 0x000000008a600000, 0x000000008a600000| Complete 
| 137|0x000000008a700000, 0x000000008a800000, 0x000000008a800000|100%| E|CS|TAMS 0x000000008a700000, 0x000000008a700000| Complete 
| 138|0x000000008a800000, 0x000000008a900000, 0x000000008a900000|100%| E|CS|TAMS 0x000000008a800000, 0x000000008a800000| Complete 
| 139|0x000000008a900000, 0x000000008aa00000, 0x000000008aa00000|100%| E|CS|TAMS 0x000000008a900000, 0x000000008a900000| Complete 
| 140|0x000000008aa00000, 0x000000008ab00000, 0x000000008ab00000|100%| E|CS|TAMS 0x000000008aa00000, 0x000000008aa00000| Complete 
| 141|0x000000008ab00000, 0x000000008ac00000, 0x000000008ac00000|100%| E|CS|TAMS 0x000000008ab00000, 0x000000008ab00000| Complete 
| 142|0x000000008ac00000, 0x000000008ad00000, 0x000000008ad00000|100%| E|CS|TAMS 0x000000008ac00000, 0x000000008ac00000| Complete 
| 143|0x000000008ad00000, 0x000000008ae00000, 0x000000008ae00000|100%| E|CS|TAMS 0x000000008ad00000, 0x000000008ad00000| Complete 
| 144|0x000000008ae00000, 0x000000008af00000, 0x000000008af00000|100%| E|CS|TAMS 0x000000008ae00000, 0x000000008ae00000| Complete 
| 145|0x000000008af00000, 0x000000008b000000, 0x000000008b000000|100%| E|CS|TAMS 0x000000008af00000, 0x000000008af00000| Complete 
| 146|0x000000008b000000, 0x000000008b100000, 0x000000008b100000|100%| E|CS|TAMS 0x000000008b000000, 0x000000008b000000| Complete 
| 147|0x000000008b100000, 0x000000008b200000, 0x000000008b200000|100%| E|CS|TAMS 0x000000008b100000, 0x000000008b100000| Complete 
| 148|0x000000008b200000, 0x000000008b300000, 0x000000008b300000|100%| E|CS|TAMS 0x000000008b200000, 0x000000008b200000| Complete 
| 149|0x000000008b300000, 0x000000008b400000, 0x000000008b400000|100%| E|CS|TAMS 0x000000008b300000, 0x000000008b300000| Complete 
| 150|0x000000008b400000, 0x000000008b500000, 0x000000008b500000|100%| E|CS|TAMS 0x000000008b400000, 0x000000008b400000| Complete 
| 151|0x000000008b500000, 0x000000008b600000, 0x000000008b600000|100%| E|CS|TAMS 0x000000008b500000, 0x000000008b500000| Complete 
| 152|0x000000008b600000, 0x000000008b700000, 0x000000008b700000|100%| E|CS|TAMS 0x000000008b600000, 0x000000008b600000| Complete 
| 153|0x000000008b700000, 0x000000008b800000, 0x000000008b800000|100%| E|CS|TAMS 0x000000008b700000, 0x000000008b700000| Complete 

Card table byte_map: [0x0000018fca8d0000,0x0000018fcacd0000] _byte_map_base: 0x0000018fca4c1000

Marking Bits (Prev, Next): (CMBitMap*) 0x0000018fb11db518, (CMBitMap*) 0x0000018fb11db550
 Prev Bits: [0x0000018fcb0d0000, 0x0000018fcd058000)
 Next Bits: [0x0000018fcd060000, 0x0000018fcefe8000)

Polling page: 0x0000018fb1260000

Metaspace:

Usage:
  Non-class:     35.77 MB capacity,    35.17 MB ( 98%) used,   478.97 KB (  1%) free+waste,   135.00 KB ( <1%) overhead. 
      Class:      4.91 MB capacity,     4.46 MB ( 91%) used,   397.95 KB (  8%) free+waste,    64.94 KB (  1%) overhead. 
       Both:     40.68 MB capacity,    39.63 MB ( 97%) used,   876.91 KB (  2%) free+waste,   199.94 KB ( <1%) overhead. 

Virtual space:
  Non-class space:       36.00 MB reserved,      36.00 MB (100%) committed 
      Class space:        1.00 GB reserved,       5.00 MB ( <1%) committed 
             Both:        1.04 GB reserved,      41.00 MB (  4%) committed 

Chunk freelists:
   Non-Class:  5.63 KB
       Class:  0 bytes
        Both:  5.63 KB

CodeHeap 'non-profiled nmethods': size=120064Kb used=2299Kb max_used=2908Kb free=117764Kb
 bounds [0x0000018fc2740000, 0x0000018fc2a20000, 0x0000018fc9c80000]
CodeHeap 'profiled nmethods': size=120000Kb used=6357Kb max_used=8037Kb free=113642Kb
 bounds [0x0000018fbb210000, 0x0000018fbb9f0000, 0x0000018fc2740000]
CodeHeap 'non-nmethods': size=5696Kb used=1199Kb max_used=1254Kb free=4496Kb
 bounds [0x0000018fbac80000, 0x0000018fbaef0000, 0x0000018fbb210000]
 total_blobs=5026 nmethods=3169 adapters=460
 compilation: enabled
              stopped_count=0, restarted_count=0
 full_count=0

Compilation events (10 events):
Event: 6.691 Thread 0x0000018fd761d800 nmethod 3662 0x0000018fc2775590 code [0x0000018fc2775740, 0x0000018fc2775958]
Event: 6.691 Thread 0x0000018fd761d800 3664       4       org.aspectj.weaver.bcel.BcelClassWeaver::implement (70 bytes)
Event: 6.693 Thread 0x0000018fd761d800 nmethod 3664 0x0000018fc276d810 code [0x0000018fc276d9a0, 0x0000018fc276dab8]
Event: 6.693 Thread 0x0000018fd761d800 3616       4       sun.net.www.protocol.file.Handler::parseURL (18 bytes)
Event: 6.705 Thread 0x0000018fd761d800 nmethod 3616 0x0000018fc27a0210 code [0x0000018fc27a03e0, 0x0000018fc27a0c88]
Event: 6.705 Thread 0x0000018fd761d800 3680       4       jdk.internal.org.objectweb.asm.ClassWriter::put (152 bytes)
Event: 6.707 Thread 0x0000018fd761d800 nmethod 3680 0x0000018fc2777a10 code [0x0000018fc2777ba0, 0x0000018fc2777e78]
Event: 6.707 Thread 0x0000018fd761d800 3674  s    4       java.util.Vector::elementAt (48 bytes)
Event: 6.708 Thread 0x0000018fd761d800 nmethod 3674 0x0000018fc2770090 code [0x0000018fc2770220, 0x0000018fc2770478]
Event: 6.708 Thread 0x0000018fd761d800 3594       4       org.aspectj.apache.bcel.generic.Type::getType (237 bytes)

GC Heap History (10 events):
Event: 3.010 GC heap before
{Heap before GC invocations=6 (full 0):
 garbage-first heap   total 131072K, used 81321K [0x0000000081e00000, 0x0000000100000000)
  region size 1024K, 63 young (64512K), 7 survivors (7168K)
 Metaspace       used 27682K, capacity 28363K, committed 28544K, reserved 1075200K
  class space    used 2878K, capacity 3163K, committed 3200K, reserved 1048576K
}
Event: 3.017 GC heap after
{Heap after GC invocations=7 (full 0):
 garbage-first heap   total 131072K, used 28347K [0x0000000081e00000, 0x0000000100000000)
  region size 1024K, 8 young (8192K), 8 survivors (8192K)
 Metaspace       used 27682K, capacity 28363K, committed 28544K, reserved 1075200K
  class space    used 2878K, capacity 3163K, committed 3200K, reserved 1048576K
}
Event: 3.345 GC heap before
{Heap before GC invocations=7 (full 0):
 garbage-first heap   total 131072K, used 85691K [0x0000000081e00000, 0x0000000100000000)
  region size 1024K, 64 young (65536K), 8 survivors (8192K)
 Metaspace       used 29672K, capacity 30444K, committed 30592K, reserved 1077248K
  class space    used 3115K, capacity 3434K, committed 3456K, reserved 1048576K
}
Event: 3.354 GC heap after
{Heap after GC invocations=8 (full 0):
 garbage-first heap   total 157696K, used 33961K [0x0000000081e00000, 0x0000000100000000)
  region size 1024K, 6 young (6144K), 6 survivors (6144K)
 Metaspace       used 29672K, capacity 30444K, committed 30592K, reserved 1077248K
  class space    used 3115K, capacity 3434K, committed 3456K, reserved 1048576K
}
Event: 3.709 GC heap before
{Heap before GC invocations=8 (full 0):
 garbage-first heap   total 157696K, used 99497K [0x0000000081e00000, 0x0000000100000000)
  region size 1024K, 70 young (71680K), 6 survivors (6144K)
 Metaspace       used 33165K, capacity 33952K, committed 34176K, reserved 1079296K
  class space    used 3536K, capacity 3857K, committed 3968K, reserved 1048576K
}
Event: 3.716 GC heap after
{Heap after GC invocations=9 (full 0):
 garbage-first heap   total 157696K, used 40167K [0x0000000081e00000, 0x0000000100000000)
  region size 1024K, 7 young (7168K), 7 survivors (7168K)
 Metaspace       used 33165K, capacity 33952K, committed 34176K, reserved 1079296K
  class space    used 3536K, capacity 3857K, committed 3968K, reserved 1048576K
}
Event: 4.394 GC heap before
{Heap before GC invocations=9 (full 0):
 garbage-first heap   total 157696K, used 64743K [0x0000000081e00000, 0x0000000100000000)
  region size 1024K, 32 young (32768K), 7 survivors (7168K)
 Metaspace       used 34684K, capacity 35479K, committed 35584K, reserved 1081344K
  class space    used 3725K, capacity 4049K, committed 4096K, reserved 1048576K
}
Event: 4.399 GC heap after
{Heap after GC invocations=10 (full 0):
 garbage-first heap   total 157696K, used 41984K [0x0000000081e00000, 0x0000000100000000)
  region size 1024K, 2 young (2048K), 2 survivors (2048K)
 Metaspace       used 34684K, capacity 35479K, committed 35584K, reserved 1081344K
  class space    used 3725K, capacity 4049K, committed 4096K, reserved 1048576K
}
Event: 4.935 GC heap before
{Heap before GC invocations=11 (full 0):
 garbage-first heap   total 157696K, used 109568K [0x0000000081e00000, 0x0000000100000000)
  region size 1024K, 68 young (69632K), 2 survivors (2048K)
 Metaspace       used 37512K, capacity 38520K, committed 38656K, reserved 1083392K
  class space    used 4148K, capacity 4560K, committed 4608K, reserved 1048576K
}
Event: 4.941 GC heap after
{Heap after GC invocations=12 (full 0):
 garbage-first heap   total 157696K, used 46257K [0x0000000081e00000, 0x0000000100000000)
  region size 1024K, 7 young (7168K), 7 survivors (7168K)
 Metaspace       used 37512K, capacity 38520K, committed 38656K, reserved 1083392K
  class space    used 4148K, capacity 4560K, committed 4608K, reserved 1048576K
}

Deoptimization events (10 events):
Event: 5.026 Thread 0x0000018fd5d14000 Uncommon trap: reason=unstable_if action=reinterpret pc=0x0000018fc27d6af8 method=java.io.ByteArrayInputStream.read([BII)I @ 16 c2
Event: 5.026 Thread 0x0000018fd5d14000 Uncommon trap: reason=class_check action=maybe_recompile pc=0x0000018fc27fb28c method=java.nio.DirectByteBuffer.<init>(Lsun/nio/ch/DirectBuffer;IIIII)V @ 12 c2
Event: 5.026 Thread 0x0000018fd5d14000 Uncommon trap: reason=class_check action=maybe_recompile pc=0x0000018fc27fb28c method=java.nio.DirectByteBuffer.<init>(Lsun/nio/ch/DirectBuffer;IIIII)V @ 12 c2
Event: 5.679 Thread 0x0000018fd5d14000 Uncommon trap: reason=class_check action=maybe_recompile pc=0x0000018fc27fb28c method=java.nio.DirectByteBuffer.<init>(Lsun/nio/ch/DirectBuffer;IIIII)V @ 12 c2
Event: 5.964 Thread 0x0000018fb119e800 Uncommon trap: reason=profile_predicate action=maybe_recompile pc=0x0000018fc28c45f8 method=java.lang.StringUTF16.putCharsSB([BILjava/lang/CharSequence;II)V @ 18 c2
Event: 5.964 Thread 0x0000018fb119e800 Uncommon trap: reason=profile_predicate action=maybe_recompile pc=0x0000018fc28c45f8 method=java.lang.StringUTF16.putCharsSB([BILjava/lang/CharSequence;II)V @ 18 c2
Event: 5.964 Thread 0x0000018fb119e800 Uncommon trap: reason=profile_predicate action=maybe_recompile pc=0x0000018fc28c45f8 method=java.lang.StringUTF16.putCharsSB([BILjava/lang/CharSequence;II)V @ 18 c2
Event: 6.066 Thread 0x0000018fd5d0f000 Uncommon trap: reason=class_check action=maybe_recompile pc=0x0000018fc27fb28c method=java.nio.DirectByteBuffer.<init>(Lsun/nio/ch/DirectBuffer;IIIII)V @ 12 c2
Event: 6.356 Thread 0x0000018fb119e800 Uncommon trap: reason=profile_predicate action=maybe_recompile pc=0x0000018fc28c45f8 method=java.lang.StringUTF16.putCharsSB([BILjava/lang/CharSequence;II)V @ 18 c2
Event: 6.384 Thread 0x0000018fd5d14000 Uncommon trap: reason=unstable_if action=reinterpret pc=0x0000018fc27a5158 method=java.io.ByteArrayInputStream.read()I @ 8 c2

Classes redefined (0 events):
No events

Internal exceptions (10 events):
Event: 3.876 Thread 0x0000018fd78d5800 Exception <a 'java/lang/NoSuchMethodError'{0x000000008a1e5b38}: java.lang.invoke.DirectMethodHandle$Holder.invokeStatic(Ljava/lang/Object;Ljava/lang/Object;J)Ljava/lang/Object;> (0x000000008a1e5b38) thrown at [t:/workspace/open/src/hotspot/share/interpret
Event: 3.876 Thread 0x0000018fd78d5800 Exception <a 'java/lang/NoSuchMethodError'{0x000000008a1ebe08}: java.lang.invoke.Invokers$Holder.linkToTargetMethod(Ljava/lang/Object;JLjava/lang/Object;)Ljava/lang/Object;> (0x000000008a1ebe08) thrown at [t:/workspace/open/src/hotspot/share/interpreter/l
Event: 4.380 Thread 0x0000018fd7043800 Exception <a 'java/net/SocketTimeoutException'{0x000000008a0a55e0}: connect timed out> (0x000000008a0a55e0) thrown at [t:/workspace/open/src/hotspot/share/prims/jni.cpp, line 636]
Event: 4.421 Thread 0x0000018fb119e800 Exception <a 'java/lang/NoSuchMethodError'{0x000000008b319348}: java.lang.invoke.DirectMethodHandle$Holder.invokeVirtual(Ljava/lang/Object;Ljava/lang/Object;)D> (0x000000008b319348) thrown at [t:/workspace/open/src/hotspot/share/interpreter/linkResolver.c
Event: 4.425 Thread 0x0000018fb119e800 Exception <a 'java/lang/NoSuchMethodError'{0x000000008b31f650}: java.lang.invoke.DirectMethodHandle$Holder.invokeVirtual(Ljava/lang/Object;Ljava/lang/Object;)F> (0x000000008b31f650) thrown at [t:/workspace/open/src/hotspot/share/interpreter/linkResolver.c
Event: 4.427 Thread 0x0000018fb119e800 Exception <a 'java/lang/NoSuchMethodError'{0x000000008b328038}: java.lang.invoke.DirectMethodHandle$Holder.invokeVirtual(Ljava/lang/Object;Ljava/lang/Object;)J> (0x000000008b328038) thrown at [t:/workspace/open/src/hotspot/share/interpreter/linkResolver.c
Event: 4.470 Thread 0x0000018fb119e800 Exception <a 'java/lang/NoSuchMethodError'{0x000000008ad29b50}: java.lang.invoke.DirectMethodHandle$Holder.invokeStatic(Ljava/lang/Object;Ljava/lang/Object;I)V> (0x000000008ad29b50) thrown at [t:/workspace/open/src/hotspot/share/interpreter/linkResolver.c
Event: 4.568 Thread 0x0000018fb119e800 Exception <a 'java/lang/NoSuchMethodError'{0x000000008a0983d0}: java.lang.invoke.DirectMethodHandle$Holder.invokeSpecialIFC(Ljava/lang/Object;Ljava/lang/Object;Ljava/lang/Object;)I> (0x000000008a0983d0) thrown at [t:/workspace/open/src/hotspot/share/inter
Event: 5.891 Thread 0x0000018fb119e800 Exception <a 'java/lang/NoSuchMethodError'{0x00000000896ca9a0}: java.lang.invoke.DirectMethodHandle$Holder.invokeSpecialIFC(Ljava/lang/Object;Ljava/lang/Object;Ljava/lang/Object;)Ljava/lang/Object;> (0x00000000896ca9a0) thrown at [t:/workspace/open/src/ho
Event: 5.962 Thread 0x0000018fb119e800 Exception <a 'java/lang/ClassNotFoundException'{0x0000000089467358}: sun/util/logging/resources/spi/loggingProvider> (0x0000000089467358) thrown at [t:/workspace/open/src/hotspot/share/classfile/systemDictionary.cpp, line 231]

Events (10 events):
Event: 6.659 Executing VM operation: RevokeBias
Event: 6.667 Executing VM operation: RevokeBias done
Event: 6.667 loading class java/util/concurrent/ConcurrentLinkedQueue$Itr
Event: 6.667 Executing VM operation: RevokeBias
Event: 6.667 loading class java/util/concurrent/ConcurrentLinkedQueue$Itr done
Event: 6.667 Executing VM operation: RevokeBias done
Event: 6.786 loading class java/util/concurrent/ConcurrentLinkedDeque$Itr
Event: 6.787 loading class java/util/concurrent/ConcurrentLinkedDeque$AbstractItr
Event: 6.787 loading class java/util/concurrent/ConcurrentLinkedDeque$AbstractItr done
Event: 6.787 loading class java/util/concurrent/ConcurrentLinkedDeque$Itr done


Dynamic libraries:
0x00007ff7d8980000 - 0x00007ff7d89c7000 	C:\Program Files\Java\jdk-11.0.1\bin\java.exe
0x00007ffafd0c0000 - 0x00007ffafd2b0000 	C:\WINDOWS\SYSTEM32\ntdll.dll
0x00007ffafc4d0000 - 0x00007ffafc582000 	C:\WINDOWS\System32\KERNEL32.DLL
0x00007ffafacb0000 - 0x00007ffafaf55000 	C:\WINDOWS\System32\KERNELBASE.dll
0x00007ffafc1f0000 - 0x00007ffafc295000 	C:\WINDOWS\System32\ADVAPI32.dll
0x00007ffafc5a0000 - 0x00007ffafc63e000 	C:\WINDOWS\System32\msvcrt.dll
0x00007ffafccd0000 - 0x00007ffafcd68000 	C:\WINDOWS\System32\sechost.dll
0x00007ffafc2a0000 - 0x00007ffafc3bb000 	C:\WINDOWS\System32\RPCRT4.dll
0x00007ffafcb30000 - 0x00007ffafccc4000 	C:\WINDOWS\System32\USER32.dll
0x00007ffafa7e0000 - 0x00007ffafa801000 	C:\WINDOWS\System32\win32u.dll
0x00007ffafce20000 - 0x00007ffafce46000 	C:\WINDOWS\System32\GDI32.dll
0x00007ffafa810000 - 0x00007ffafa9a8000 	C:\WINDOWS\System32\gdi32full.dll
0x00007ffafb070000 - 0x00007ffafb10e000 	C:\WINDOWS\System32\msvcp_win.dll
0x00007ffafaa60000 - 0x00007ffafab5a000 	C:\WINDOWS\System32\ucrtbase.dll
0x00007ffae3d30000 - 0x00007ffae3fb4000 	C:\WINDOWS\WinSxS\amd64_microsoft.windows.common-controls_6595b64144ccf1df_6.0.18362.2274_none_9e8067a5e45c3d75\COMCTL32.dll
0x00007ffaf5200000 - 0x00007ffaf520a000 	C:\WINDOWS\SYSTEM32\VERSION.dll
0x00007ffafbe40000 - 0x00007ffafc176000 	C:\WINDOWS\System32\combase.dll
0x00007ffafafe0000 - 0x00007ffafb064000 	C:\WINDOWS\System32\bcryptPrimitives.dll
0x00007ffafb850000 - 0x00007ffafb87e000 	C:\WINDOWS\System32\IMM32.DLL
0x00007ffaf17f0000 - 0x00007ffaf1806000 	C:\Program Files\Java\jdk-11.0.1\bin\vcruntime140.dll
0x00007ffaee660000 - 0x00007ffaee70a000 	C:\Program Files\Java\jdk-11.0.1\bin\msvcp140.dll
0x00007ffa88d30000 - 0x00007ffa89872000 	C:\Program Files\Java\jdk-11.0.1\bin\server\jvm.dll
0x00007ffafc490000 - 0x00007ffafc498000 	C:\WINDOWS\System32\PSAPI.DLL
0x00007ffaf7d60000 - 0x00007ffaf7d84000 	C:\WINDOWS\SYSTEM32\WINMM.dll
0x00007ffaf7e10000 - 0x00007ffaf7e19000 	C:\WINDOWS\SYSTEM32\WSOCK32.dll
0x00007ffaf7d30000 - 0x00007ffaf7d5d000 	C:\WINDOWS\SYSTEM32\WINMMBASE.dll
0x00007ffafc780000 - 0x00007ffafc7ef000 	C:\WINDOWS\System32\WS2_32.dll
0x00007ffafb110000 - 0x00007ffafb15a000 	C:\WINDOWS\System32\cfgmgr32.dll
0x00007ffaf9f80000 - 0x00007ffaf9f91000 	C:\WINDOWS\System32\kernel.appcore.dll
0x00007ffaf16c0000 - 0x00007ffaf16d1000 	C:\Program Files\Java\jdk-11.0.1\bin\verify.dll
0x00007ffae6c00000 - 0x00007ffae6df4000 	C:\WINDOWS\SYSTEM32\DBGHELP.DLL
0x00007ffae6150000 - 0x00007ffae617a000 	C:\WINDOWS\SYSTEM32\dbgcore.DLL
0x00007ffaf11a0000 - 0x00007ffaf11c9000 	C:\Program Files\Java\jdk-11.0.1\bin\java.dll
0x00007ffaee570000 - 0x00007ffaee59f000 	C:\Program Files\Java\jdk-11.0.1\bin\instrument.dll
0x00007ffaf16a0000 - 0x00007ffaf16b6000 	C:\Program Files\Java\jdk-11.0.1\bin\zip.dll
0x00007ffaf2270000 - 0x00007ffaf227a000 	C:\Program Files\Java\jdk-11.0.1\bin\jimage.dll
0x00007ffafb160000 - 0x00007ffafb847000 	C:\WINDOWS\System32\SHELL32.dll
0x00007ffafcd70000 - 0x00007ffafce19000 	C:\WINDOWS\System32\shcore.dll
0x00007ffafa030000 - 0x00007ffafa7ac000 	C:\WINDOWS\System32\windows.storage.dll
0x00007ffaf9fc0000 - 0x00007ffaf9fde000 	C:\WINDOWS\System32\profapi.dll
0x00007ffaf9fe0000 - 0x00007ffafa02a000 	C:\WINDOWS\System32\powrprof.dll
0x00007ffaf9f70000 - 0x00007ffaf9f80000 	C:\WINDOWS\System32\UMPDC.dll
0x00007ffafbde0000 - 0x00007ffafbe32000 	C:\WINDOWS\System32\shlwapi.dll
0x00007ffafaf60000 - 0x00007ffafaf77000 	C:\WINDOWS\System32\cryptsp.dll
0x00007ffaf15f0000 - 0x00007ffaf1609000 	C:\Program Files\Java\jdk-11.0.1\bin\net.dll
0x00007ffaf5080000 - 0x00007ffaf5179000 	C:\WINDOWS\SYSTEM32\WINHTTP.dll
0x00007ffaf9750000 - 0x00007ffaf97b7000 	C:\WINDOWS\system32\mswsock.dll
0x00007ffaf0a30000 - 0x00007ffaf0a43000 	C:\Program Files\Java\jdk-11.0.1\bin\nio.dll
0x00007ffaee520000 - 0x00007ffaee53a000 	C:\Program Files\JetBrains\IntelliJ IDEA Community Edition 2022.2.2\bin\breakgen64.dll
0x00007ffaf92d0000 - 0x00007ffaf9303000 	C:\WINDOWS\system32\rsaenh.dll
0x00007ffafa7b0000 - 0x00007ffafa7d6000 	C:\WINDOWS\System32\bcrypt.dll
0x00007ffaf9e60000 - 0x00007ffaf9e85000 	C:\WINDOWS\SYSTEM32\USERENV.dll
0x00007ffaf9980000 - 0x00007ffaf998c000 	C:\WINDOWS\SYSTEM32\CRYPTBASE.dll
0x00007ffaf9460000 - 0x00007ffaf949a000 	C:\WINDOWS\SYSTEM32\IPHLPAPI.DLL
0x00007ffafc590000 - 0x00007ffafc598000 	C:\WINDOWS\System32\NSI.dll
0x00007ffaf6070000 - 0x00007ffaf6086000 	C:\WINDOWS\SYSTEM32\dhcpcsvc6.DLL
0x00007ffaf6040000 - 0x00007ffaf605c000 	C:\WINDOWS\SYSTEM32\dhcpcsvc.DLL
0x00007ffaf94a0000 - 0x00007ffaf956a000 	C:\WINDOWS\SYSTEM32\DNSAPI.dll
0x00007ffae09d0000 - 0x00007ffae09e6000 	C:\WINDOWS\system32\napinsp.dll
0x00007ffae09b0000 - 0x00007ffae09ca000 	C:\WINDOWS\system32\pnrpnsp.dll
0x00007ffae09a0000 - 0x00007ffae09ae000 	C:\WINDOWS\System32\winrnr.dll
0x00007ffaf63f0000 - 0x00007ffaf640c000 	C:\WINDOWS\system32\NLAapi.dll
0x00007ffae0950000 - 0x00007ffae0965000 	C:\WINDOWS\system32\wshbth.dll
0x00007ffaf2b10000 - 0x00007ffaf2b1a000 	C:\Windows\System32\rasadhlp.dll
0x00007ffaf60d0000 - 0x00007ffaf6147000 	C:\WINDOWS\System32\fwpuclnt.dll
0x00007ffaf0de0000 - 0x00007ffaf0de9000 	C:\Program Files\Java\jdk-11.0.1\bin\management.dll
0x00007ffaefed0000 - 0x00007ffaefedc000 	C:\Program Files\Java\jdk-11.0.1\bin\management_ext.dll
0x00007ffaee560000 - 0x00007ffaee56d000 	C:\Program Files\Java\jdk-11.0.1\bin\sunmscapi.dll
0x00007ffafab60000 - 0x00007ffafacaa000 	C:\WINDOWS\System32\CRYPT32.dll
0x00007ffaf9fa0000 - 0x00007ffaf9fb2000 	C:\WINDOWS\System32\MSASN1.dll
0x00007ffaf9a80000 - 0x00007ffaf9aa6000 	C:\WINDOWS\SYSTEM32\ncrypt.dll
0x00007ffaf9a40000 - 0x00007ffaf9a7b000 	C:\WINDOWS\SYSTEM32\NTASN1.dll
0x00007ffaee4f0000 - 0x00007ffaee517000 	C:\Program Files\Java\jdk-11.0.1\bin\sunec.dll

dbghelp: loaded successfully - version: 4.0.5 - missing functions: none
symbol engine: initialized successfully - sym options: 0x614 - pdb path: .;C:\Program Files\Java\jdk-11.0.1\bin;C:\WINDOWS\SYSTEM32;C:\WINDOWS\WinSxS\amd64_microsoft.windows.common-controls_6595b64144ccf1df_6.0.18362.2274_none_9e8067a5e45c3d75;C:\Program Files\Java\jdk-11.0.1\bin\server;C:\Program Files\JetBrains\IntelliJ IDEA Community Edition 2022.2.2\bin

VM Arguments:
jvm_args: -ea -Dallure.results.directory=target/allure-results -javaagent:C:\Users\инет\.m2\repository/org/aspectj/aspectjweaver/1.9.9.1/aspectjweaver-1.9.9.1.jar -Didea.test.cyclic.buffer.size=1048576 -javaagent:C:\Program Files\JetBrains\IntelliJ IDEA Community Edition 2022.2.2\lib\idea_rt.jar=62016:C:\Program Files\JetBrains\IntelliJ IDEA Community Edition 2022.2.2\bin -Dfile.encoding=UTF-8 
java_command: com.intellij.rt.junit.JUnitStarter -ideVersion5 -junit5 ModleTest,test
java_class_path (initial): C:\Program Files\JetBrains\IntelliJ IDEA Community Edition 2022.2.2\lib\idea_rt.jar;C:\Program Files\JetBrains\IntelliJ IDEA Community Edition 2022.2.2\plugins\junit\lib\junit5-rt.jar;C:\Program Files\JetBrains\IntelliJ IDEA Community Edition 2022.2.2\plugins\junit\lib\junit-rt.jar;C:\Users\инет\IdeaProjects\Mav\target\test-classes;C:\Users\инет\IdeaProjects\Mav\target\classes;C:\Users\инет\.m2\repository\io\qameta\allure\allure-selenide\2.13.1\allure-selenide-2.13.1.jar;C:\Users\инет\.m2\repository\io\qameta\allure\allure-java-commons\2.13.1\allure-java-commons-2.13.1.jar;C:\Users\инет\.m2\repository\io\qameta\allure\allure-model\2.13.1\allure-model-2.13.1.jar;C:\Users\инет\.m2\repository\com\fasterxml\jackson\core\jackson-databind\2.9.8\jackson-databind-2.9.8.jar;C:\Users\инет\.m2\repository\com\fasterxml\jackson\core\jackson-annotations\2.9.0\jackson-annotations-2.9.0.jar;C:\Users\инет\.m2\repository\com\fasterxml\jackson\core\jackson-core\2.9.8\jackson-core-2.9.8.jar;C:\Users\инет\.m2\repository\org\apache\tika\tika-core\1.20\tika-core-1.20.jar;C:\Users\инет\.m2\repository\org\jooq\joor-java-8\0.9.10\joor-java-8-0.9.10.jar;C:\Users\инет\.m2\repository\com\codeborne\selenide\6.8.1\selenide-6.8.1.jar;C:\Users\инет\.m2\repository\org\seleniumhq\selenium\selenium-java\4.4.0\selenium-java-4.4.0.jar;C:\Users\инет\.m2\repository\org\seleniumhq\selenium\selenium-api\4.4.0\selenium-api-4.4.0.jar;C:\Users\инет\.m2\repository\org\seleniumhq\selenium\selenium-chrome-driver\4.4.0\selenium-chrome-driver-4.4.0.jar;C:\Users\инет\.m2\repository\com\google\auto\service\auto-service-annotations\1.0.1\auto-service-annotations-1.0.1.jar;C:\Users\инет\.m2\repository\com\google\auto\service\auto-service\1.0.1\auto-service-1.0.1.jar;C:\Users\инет\.m2\repository\com\google\auto\auto-common\1.2\auto-common-1.2.jar;C:\Users\инет\.m2\repository\org\seleniumhq\selenium\selenium-chromium-driver\4.4.0\selenium-chromium-driver-4.4.0.jar;C:\Users\инет\.m2\repository
Launcher Type: SUN_STANDARD

[Global flags]
     intx CICompilerCount                          = 3                                         {product} {ergonomic}
     uint ConcGCThreads                            = 2                                         {product} {ergonomic}
     uint G1ConcRefinementThreads                  = 6                                         {product} {ergonomic}
   size_t G1HeapRegionSize                         = 1048576                                   {product} {ergonomic}
    uintx GCDrainStackTargetSize                   = 64                                        {product} {ergonomic}
   size_t InitialHeapSize                          = 134217728                                 {product} {ergonomic}
   size_t MarkStackSize                            = 4194304                                   {product} {ergonomic}
   size_t MaxHeapSize                              = 2116026368                                {product} {ergonomic}
   size_t MaxNewSize                               = 1268776960                                {product} {ergonomic}
   size_t MinHeapDeltaBytes                        = 1048576                                   {product} {ergonomic}
    uintx NonNMethodCodeHeapSize                   = 5830092                                {pd product} {ergonomic}
    uintx NonProfiledCodeHeapSize                  = 122914074                              {pd product} {ergonomic}
    uintx ProfiledCodeHeapSize                     = 122914074                              {pd product} {ergonomic}
    uintx ReservedCodeCacheSize                    = 251658240                              {pd product} {ergonomic}
     bool SegmentedCodeCache                       = true                                      {product} {ergonomic}
     bool UseCompressedClassPointers               = true                                 {lp64_product} {ergonomic}
     bool UseCompressedOops                        = true                                 {lp64_product} {ergonomic}
     bool UseG1GC                                  = true                                      {product} {ergonomic}
     bool UseLargePagesIndividualAllocation        = false                                  {pd product} {ergonomic}

Logging:
Log output configuration:
 #0: stdout all=warning uptime,level,tags
 #1: stderr all=off uptime,level,tags

Environment Variables:
JAVA_HOME=C:\Program Files (x86)\Java\jdk1.8.0_181
PATH=C:\Program Files\Microsoft MPI\Bin\;C:\Windows\system32;C:\Windows;C:\Windows\System32\Wbem;C:\Windows\System32\WindowsPowerShell\v1.0\;C:\Program Files\Git\cmd;C:\Program Files\dotnet\;C:\Program Files\Microsoft SQL Server\130\Tools\Binn\;C:\Program Files\Microsoft SQL Server\Client SDK\ODBC\130\Tools\Binn\;C:\Program Files (x86)\Microsoft SQL Server\130\Tools\Binn\;C:\Program Files\Microsoft SQL Server\130\DTS\Binn\;C:\Program Files (x86)\Microsoft SQL Server\140\Tools\Binn\;C:\Program Files (x86)\NVIDIA Corporation\PhysX\Common;C:\Program Files\Microsoft SQL Server\110\Tools\Binn\;C:\Program Files\nodejs\;C:\Program Files\Microsoft SQL Server\140\Tools\Binn\;C:\Program Files\Microsoft SQL Server\140\DTS\Binn\;C:\WINDOWS\system32;C:\WINDOWS;C:\WINDOWS\System32\Wbem;C:\WINDOWS\System32\WindowsPowerShell\v1.0\;C:\WINDOWS\System32\OpenSSH\;C:\Program Files (x86)\Microsoft SQL Server\150\Tools\Binn\;C:\Program Files\Microsoft SQL Server\150\Tools\Binn\;C:\Program Files (x86)\Microsoft SQL Server\150\DTS\Binn\;C:\Program Files\Microsoft SQL Server\150\DTS\Binn\;C:\Program Files\Microsoft SQL Server\Client SDK\ODBC\170\Tools\Binn\;C:\Program Files\Azure Data Studio\bin;C:\Program Files\Common Files\Autodesk Shared\;C:\Program Files (x86)\Autodesk\Backburner\;C:\Users\инет\AppData\Local\Microsoft\WindowsApps;C:\Users\инет\.dotnet\tools
USERNAME=инет
OS=Windows_NT
PROCESSOR_IDENTIFIER=Intel64 Family 6 Model 158 Stepping 13, GenuineIntel



---------------  S Y S T E M  ---------------

OS: Windows 10 , 64 bit Build 18362 (10.0.18362.2274)

CPU:total 6 (initial active 6) (6 cores per cpu, 1 threads per core) family 6 model 158 stepping 13, cmov, cx8, fxsr, mmx, sse, sse2, sse3, ssse3, sse4.1, sse4.2, popcnt, avx, avx2, aes, clmul, erms, 3dnowpref, lzcnt, tsc, tscinvbit, bmi1, bmi2, adx, fma

Memory: 4k page, system-wide physical 8068M (1632M free)
TotalPageFile size 9765M (AvailPageFile size 18M)
current process WorkingSet (physical memory assigned to process): 324M, peak: 340M
current process commit charge ("private bytes"): 358M, peak: 376M

vm_info: Java HotSpot(TM) 64-Bit Server VM (11.0.1+13-LTS) for windows-amd64 JRE (11.0.1+13-LTS), built on Oct  6 2018 13:20:16 by "mach5one" with MS VC++ 15.5 (VS2017)

END.
