#
# There is insufficient memory for the Java Runtime Environment to continue.
# Native memory allocation (malloc) failed to allocate 131088 bytes for Chunk::new
# Possible reasons:
#   The system is out of physical RAM or swap space
#   The process is running with CompressedOops enabled, and the Java Heap may be blocking the growth of the native heap
# Possible solutions:
#   Reduce memory load on the system
#   Increase physical memory or swap space
#   Check if swap backing store is full
#   Decrease Java heap size (-Xmx/-Xms)
#   Decrease number of Java threads
#   Decrease Java thread stack sizes (-Xss)
#   Set larger code cache with -XX:ReservedCodeCacheSize=
#   JVM is running with Unscaled Compressed Oops mode in which the Java heap is
#     placed in the first 4GB address space. The Java Heap base address is the
#     maximum limit for the native heap growth. Please use -XX:HeapBaseMinAddress
#     to set the Java Heap base and to place the Java Heap above 4GB virtual address.
# This output file may be truncated or incomplete.
#
#  Out of Memory Error (t:/workspace/open/src/hotspot/share/memory/arena.cpp:197), pid=10912, tid=2800
#
# JRE version: Java(TM) SE Runtime Environment (11.0.1+13) (build 11.0.1+13-LTS)
# Java VM: Java HotSpot(TM) 64-Bit Server VM (11.0.1+13-LTS, mixed mode, tiered, compressed oops, g1 gc, windows-amd64)
# No core dump will be written. Minidumps are not enabled by default on client versions of Windows
#

---------------  S U M M A R Y ------------

Command Line: -ea -Dallure.results.directory=target/allure-results -javaagent:C:\Users\инет\.m2\repository/org/aspectj/aspectjweaver/1.9.9.1/aspectjweaver-1.9.9.1.jar -Didea.test.cyclic.buffer.size=1048576 -javaagent:C:\Program Files\JetBrains\IntelliJ IDEA Community Edition 2022.2.2\lib\idea_rt.jar=51212:C:\Program Files\JetBrains\IntelliJ IDEA Community Edition 2022.2.2\bin -Dfile.encoding=UTF-8 com.intellij.rt.junit.JUnitStarter -ideVersion5 -junit5 ModleTest,test

Host: Intel(R) Core(TM) i5-9600K CPU @ 3.70GHz, 6 cores, 7G,  Windows 10 , 64 bit Build 18362 (10.0.18362.2274)
Time: Thu Nov 10 12:53:04 2022 RTZ 2 (ceia) elapsed time: 6 seconds (0d 0h 0m 6s)

---------------  T H R E A D  ---------------

Current thread (0x000002358a870800):  JavaThread "C2 CompilerThread1" daemon [_thread_in_native, id=2800, stack(0x000000c695e00000,0x000000c695f00000)]


Current CompileTask:
C2:   6240 3665       4       org.aspectj.util.GenericSignatureParser::tokenize (822 bytes)

Stack: [0x000000c695e00000,0x000000c695f00000]
Native frames: (J=compiled Java code, j=interpreted, Vv=VM code, C=native code)
V  [jvm.dll+0x63c21a]
V  [jvm.dll+0x7797df]
V  [jvm.dll+0x77adca]
V  [jvm.dll+0x77b483]
V  [jvm.dll+0x2627f8]
V  [jvm.dll+0xc5c71]
V  [jvm.dll+0xc61fc]
V  [jvm.dll+0xc5d50]
V  [jvm.dll+0x61b2ff]
V  [jvm.dll+0x553dfb]
V  [jvm.dll+0x21e2b9]
V  [jvm.dll+0x21b846]
V  [jvm.dll+0x198390]
V  [jvm.dll+0x22a97f]
V  [jvm.dll+0x228f98]
V  [jvm.dll+0x73f03d]
V  [jvm.dll+0x63b2b2]
C  [ucrtbase.dll+0x210b2]
C  [KERNEL32.DLL+0x17c24]
C  [ntdll.dll+0x6d721]


---------------  P R O C E S S  ---------------

Threads class SMR info:
_java_thread_list=0x000002358a2b0d10, length=27, elements={
0x00000235e6171800, 0x0000023586950000, 0x000002358695b000, 0x00000235872c2800,
0x00000235872c6000, 0x00000235872ca000, 0x00000235872cb800, 0x00000235872d2800,
0x000002358744b000, 0x000002358744d000, 0x000002358744d800, 0x000002358744e800,
0x0000023587451000, 0x000002358744f800, 0x000002358744c000, 0x0000023587450000,
0x0000023588994000, 0x0000023588990800, 0x0000023588992800, 0x000002358898f000,
0x0000023588990000, 0x0000023588991800, 0x0000023588993000, 0x000002358898e000,
0x0000023588999800, 0x0000023588996800, 0x000002358a870800
}

Java Threads: ( => current thread )
  0x00000235e6171800 JavaThread "Forwarding isElementDisplayed on session 0e2fbf013f84860331bc973f1dbb90df to remote" [_thread_blocked, id=15612, stack(0x000000c693d00000,0x000000c693e00000)]
  0x0000023586950000 JavaThread "Reference Handler" daemon [_thread_blocked, id=14608, stack(0x000000c694400000,0x000000c694500000)]
  0x000002358695b000 JavaThread "Finalizer" daemon [_thread_blocked, id=14300, stack(0x000000c694500000,0x000000c694600000)]
  0x00000235872c2800 JavaThread "Signal Dispatcher" daemon [_thread_blocked, id=15180, stack(0x000000c694600000,0x000000c694700000)]
  0x00000235872c6000 JavaThread "Attach Listener" daemon [_thread_blocked, id=11116, stack(0x000000c694700000,0x000000c694800000)]
  0x00000235872ca000 JavaThread "C2 CompilerThread0" daemon [_thread_in_native, id=14852, stack(0x000000c694800000,0x000000c694900000)]
  0x00000235872cb800 JavaThread "C1 CompilerThread0" daemon [_thread_blocked, id=6052, stack(0x000000c694900000,0x000000c694a00000)]
  0x00000235872d2800 JavaThread "Sweeper thread" daemon [_thread_blocked, id=1844, stack(0x000000c694a00000,0x000000c694b00000)]
  0x000002358744b000 JavaThread "Common-Cleaner" daemon [_thread_blocked, id=8424, stack(0x000000c694b00000,0x000000c694c00000)]
  0x000002358744d000 JavaThread "Monitor Ctrl-Break" daemon [_thread_in_native, id=11412, stack(0x000000c694f00000,0x000000c695000000)]
  0x000002358744d800 JavaThread "Service Thread" daemon [_thread_blocked, id=1692, stack(0x000000c695000000,0x000000c695100000)]
  0x000002358744e800 JavaThread "ForkJoinPool.commonPool-worker-3" daemon [_thread_blocked, id=632, stack(0x000000c695400000,0x000000c695500000)]
  0x0000023587451000 JavaThread "AsyncHttpClient-1-1" daemon [_thread_blocked, id=5364, stack(0x000000c695500000,0x000000c695600000)]
  0x000002358744f800 JavaThread "Exec Default Executor" daemon [_thread_in_native, id=9236, stack(0x000000c695600000,0x000000c695700000)]
  0x000002358744c000 JavaThread "Driver Service Executor" daemon [_thread_blocked, id=12400, stack(0x000000c695700000,0x000000c695800000)]
  0x0000023587450000 JavaThread "Driver Service Executor" daemon [_thread_blocked, id=15680, stack(0x000000c695800000,0x000000c695900000)]
  0x0000023588994000 JavaThread "UrlChecker-2" daemon [_thread_blocked, id=11596, stack(0x000000c695900000,0x000000c695a00000)]
  0x0000023588990800 JavaThread "Exec Stream Pumper" daemon [_thread_in_native, id=3748, stack(0x000000c695a00000,0x000000c695b00000)]
  0x0000023588992800 JavaThread "Exec Stream Pumper" daemon [_thread_in_native, id=15428, stack(0x000000c695b00000,0x000000c695c00000)]
  0x000002358898f000 JavaThread "Keep-Alive-Timer" daemon [_thread_blocked, id=14240, stack(0x000000c694c00000,0x000000c694d00000)]
  0x0000023588990000 JavaThread "ForkJoinPool.commonPool-worker-5" daemon [_thread_blocked, id=4020, stack(0x000000c695f00000,0x000000c696000000)]
  0x0000023588991800 JavaThread "ForkJoinPool.commonPool-worker-7" daemon [_thread_blocked, id=11716, stack(0x000000c696000000,0x000000c696100000)]
  0x0000023588993000 JavaThread "AsyncHttpClient-1-2" daemon [_thread_in_native, id=14448, stack(0x000000c696100000,0x000000c696200000)]
  0x000002358898e000 JavaThread "AsyncHttpClient-1-3" daemon [_thread_in_native, id=15980, stack(0x000000c696200000,0x000000c696300000)]
  0x0000023588999800 JavaThread "AsyncHttpClient-1-4" daemon [_thread_in_native, id=14324, stack(0x000000c696300000,0x000000c696400000)]
  0x0000023588996800 JavaThread "Dead threads watchdog" daemon [_thread_blocked, id=15528, stack(0x000000c696400000,0x000000c696500000)]
=>0x000002358a870800 JavaThread "C2 CompilerThread1" daemon [_thread_in_native, id=2800, stack(0x000000c695e00000,0x000000c695f00000)]

Other Threads:
  0x000002358694b800 VMThread "VM Thread" [stack: 0x000000c694300000,0x000000c694400000] [id=2760]
  0x0000023587e77000 WatcherThread [stack: 0x000000c695100000,0x000000c695200000] [id=7388]
  0x00000235e6188800 GCTaskThread "GC Thread#0" [stack: 0x000000c693e00000,0x000000c693f00000] [id=4224]
  0x0000023587de4000 GCTaskThread "GC Thread#1" [stack: 0x000000c694d00000,0x000000c694e00000] [id=1408]
  0x0000023587e0a800 GCTaskThread "GC Thread#2" [stack: 0x000000c694e00000,0x000000c694f00000] [id=7684]
  0x000002358762c800 GCTaskThread "GC Thread#3" [stack: 0x000000c695d00000,0x000000c695e00000] [id=15064]
  0x00000235e61b7000 ConcurrentGCThread "G1 Main Marker" [stack: 0x000000c693f00000,0x000000c694000000] [id=13120]
  0x00000235e61b8800 ConcurrentGCThread "G1 Conc#0" [stack: 0x000000c694000000,0x000000c694100000] [id=11928]
  0x000002358a42e800 ConcurrentGCThread "G1 Conc#1" [stack: 0x000000c695300000,0x000000c695400000] [id=10492]
  0x00000235e622d800 ConcurrentGCThread "G1 Refine#0" [stack: 0x000000c694100000,0x000000c694200000] [id=76]
  0x00000235889c9800 ConcurrentGCThread "G1 Refine#1" [stack: 0x000000c695200000,0x000000c695300000] [id=11240]
  0x00000235e622e800 ConcurrentGCThread "G1 Young RemSet Sampling" [stack: 0x000000c694200000,0x000000c694300000] [id=11224]

Threads with active compile tasks:
C2 CompilerThread03658       4       org.aspectj.weaver.ReferenceType::isAssignableFrom (861 bytes)
C2 CompilerThread13665       4       org.aspectj.util.GenericSignatureParser::tokenize (822 bytes)

VM state:not at safepoint (normal execution)

VM Mutex/Monitor currently owned by a thread: None

Heap address: 0x0000000081e00000, size: 2018 MB, Compressed Oops mode: 32-bit
Narrow klass base: 0x0000000000000000, Narrow klass shift: 3
Compressed class space size: 1073741824 Address: 0x0000000100000000

Heap:
 garbage-first heap   total 189440K, used 122524K [0x0000000081e00000, 0x0000000100000000)
  region size 1024K, 75 young (76800K), 5 survivors (5120K)
 Metaspace       used 40813K, capacity 41985K, committed 42232K, reserved 1087488K
  class space    used 4608K, capacity 5077K, committed 5112K, reserved 1048576K
Heap Regions: E=young(eden), S=young(survivor), O=old, HS=humongous(starts), HC=humongous(continues), CS=collection set, F=free, A=archive, TAMS=top-at-mark-start (previous, next)
|   0|0x0000000081e00000, 0x0000000081f00000, 0x0000000081f00000|100%| O|  |TAMS 0x0000000081f00000, 0x0000000081e00000| Untracked 
|   1|0x0000000081f00000, 0x0000000082000000, 0x0000000082000000|100%| O|  |TAMS 0x0000000082000000, 0x0000000081f00000| Untracked 
|   2|0x0000000082000000, 0x0000000082100000, 0x0000000082100000|100%| O|  |TAMS 0x0000000082100000, 0x0000000082000000| Untracked 
|   3|0x0000000082100000, 0x0000000082200000, 0x0000000082200000|100%| O|  |TAMS 0x0000000082200000, 0x0000000082100000| Untracked 
|   4|0x0000000082200000, 0x0000000082300000, 0x0000000082300000|100%| O|  |TAMS 0x0000000082300000, 0x0000000082200000| Untracked 
|   5|0x0000000082300000, 0x0000000082400000, 0x0000000082400000|100%| O|  |TAMS 0x0000000082400000, 0x0000000082300000| Untracked 
|   6|0x0000000082400000, 0x0000000082500000, 0x0000000082500000|100%| O|  |TAMS 0x0000000082500000, 0x0000000082400000| Untracked 
|   7|0x0000000082500000, 0x0000000082600000, 0x0000000082600000|100%| O|  |TAMS 0x0000000082600000, 0x0000000082500000| Untracked 
|   8|0x0000000082600000, 0x0000000082700000, 0x0000000082700000|100%| O|  |TAMS 0x0000000082700000, 0x0000000082600000| Untracked 
|   9|0x0000000082700000, 0x0000000082800000, 0x0000000082800000|100%| O|  |TAMS 0x0000000082800000, 0x0000000082700000| Untracked 
|  10|0x0000000082800000, 0x0000000082900000, 0x0000000082900000|100%| O|  |TAMS 0x0000000082900000, 0x0000000082800000| Untracked 
|  11|0x0000000082900000, 0x0000000082a00000, 0x0000000082a00000|100%| O|  |TAMS 0x0000000082a00000, 0x0000000082900000| Untracked 
|  12|0x0000000082a00000, 0x0000000082b00000, 0x0000000082b00000|100%| O|  |TAMS 0x0000000082b00000, 0x0000000082a00000| Untracked 
|  13|0x0000000082b00000, 0x0000000082c00000, 0x0000000082c00000|100%| O|  |TAMS 0x0000000082c00000, 0x0000000082b00000| Untracked 
|  14|0x0000000082c00000, 0x0000000082d00000, 0x0000000082d00000|100%| O|  |TAMS 0x0000000082d00000, 0x0000000082c00000| Untracked 
|  15|0x0000000082d00000, 0x0000000082e00000, 0x0000000082e00000|100%| O|  |TAMS 0x0000000082e00000, 0x0000000082d00000| Untracked 
|  16|0x0000000082e00000, 0x0000000082f00000, 0x0000000082f00000|100%| O|  |TAMS 0x0000000082f00000, 0x0000000082e00000| Untracked 
|  17|0x0000000082f00000, 0x0000000083000000, 0x0000000083000000|100%| O|  |TAMS 0x0000000083000000, 0x0000000082f00000| Untracked 
|  18|0x0000000083000000, 0x0000000083100000, 0x0000000083100000|100%| O|  |TAMS 0x0000000083100000, 0x0000000083000000| Untracked 
|  19|0x0000000083100000, 0x0000000083200000, 0x0000000083200000|100%| O|  |TAMS 0x0000000083200000, 0x0000000083100000| Untracked 
|  20|0x0000000083200000, 0x0000000083300000, 0x0000000083300000|100%| O|  |TAMS 0x0000000083300000, 0x0000000083200000| Untracked 
|  21|0x0000000083300000, 0x0000000083400000, 0x0000000083400000|100%| O|  |TAMS 0x0000000083400000, 0x0000000083300000| Untracked 
|  22|0x0000000083400000, 0x0000000083500000, 0x0000000083500000|100%| O|  |TAMS 0x0000000083500000, 0x0000000083400000| Untracked 
|  23|0x0000000083500000, 0x0000000083600000, 0x0000000083600000|100%| O|  |TAMS 0x0000000083600000, 0x0000000083500000| Untracked 
|  24|0x0000000083600000, 0x0000000083700000, 0x0000000083700000|100%| O|  |TAMS 0x0000000083700000, 0x0000000083600000| Untracked 
|  25|0x0000000083700000, 0x0000000083800000, 0x0000000083800000|100%| O|  |TAMS 0x0000000083800000, 0x0000000083700000| Untracked 
|  26|0x0000000083800000, 0x0000000083900000, 0x0000000083900000|100%| O|  |TAMS 0x0000000083900000, 0x0000000083800000| Untracked 
|  27|0x0000000083900000, 0x0000000083a00000, 0x0000000083a00000|100%| O|  |TAMS 0x0000000083a00000, 0x0000000083900000| Untracked 
|  28|0x0000000083a00000, 0x0000000083b00000, 0x0000000083b00000|100%| O|  |TAMS 0x0000000083b00000, 0x0000000083a00000| Untracked 
|  29|0x0000000083b00000, 0x0000000083c00000, 0x0000000083c00000|100%| O|  |TAMS 0x0000000083c00000, 0x0000000083b00000| Untracked 
|  30|0x0000000083c00000, 0x0000000083d00000, 0x0000000083d00000|100%| O|  |TAMS 0x0000000083d00000, 0x0000000083c00000| Untracked 
|  31|0x0000000083d00000, 0x0000000083e00000, 0x0000000083e00000|100%| O|  |TAMS 0x0000000083e00000, 0x0000000083d00000| Untracked 
|  32|0x0000000083e00000, 0x0000000083f00000, 0x0000000083f00000|100%| O|  |TAMS 0x0000000083f00000, 0x0000000083e00000| Untracked 
|  33|0x0000000083f00000, 0x0000000084000000, 0x0000000084000000|100%| O|  |TAMS 0x0000000084000000, 0x0000000083f00000| Untracked 
|  34|0x0000000084000000, 0x0000000084100000, 0x0000000084100000|100%| O|  |TAMS 0x0000000084100000, 0x0000000084000000| Untracked 
|  35|0x0000000084100000, 0x0000000084200000, 0x0000000084200000|100%| O|  |TAMS 0x0000000084200000, 0x0000000084100000| Untracked 
|  36|0x0000000084200000, 0x0000000084300000, 0x0000000084300000|100%| O|  |TAMS 0x0000000084300000, 0x0000000084200000| Untracked 
|  37|0x0000000084300000, 0x0000000084400000, 0x0000000084400000|100%| O|  |TAMS 0x0000000084400000, 0x0000000084300000| Untracked 
|  38|0x0000000084400000, 0x0000000084500000, 0x0000000084500000|100%| O|  |TAMS 0x0000000084500000, 0x0000000084400000| Untracked 
|  39|0x0000000084500000, 0x0000000084600000, 0x0000000084600000|100%| O|  |TAMS 0x0000000084600000, 0x0000000084500000| Untracked 
|  40|0x0000000084600000, 0x0000000084700000, 0x0000000084700000|100%| O|  |TAMS 0x0000000084700000, 0x0000000084600000| Untracked 
|  41|0x0000000084700000, 0x0000000084800000, 0x0000000084800000|100%|HS|  |TAMS 0x0000000084700000, 0x0000000084700000| Complete 
|  42|0x0000000084800000, 0x0000000084900000, 0x0000000084900000|100%|HC|  |TAMS 0x0000000084800000, 0x0000000084800000| Complete 
|  43|0x0000000084900000, 0x0000000084a00000, 0x0000000084a00000|100%|HC|  |TAMS 0x0000000084900000, 0x0000000084900000| Complete 
|  44|0x0000000084a00000, 0x0000000084b00000, 0x0000000084b00000|100%|HC|  |TAMS 0x0000000084a00000, 0x0000000084a00000| Complete 
|  45|0x0000000084b00000, 0x0000000084c00000, 0x0000000084c00000|100%|HC|  |TAMS 0x0000000084b00000, 0x0000000084b00000| Complete 
|  46|0x0000000084c00000, 0x0000000084c00000, 0x0000000084d00000|  0%| F|  |TAMS 0x0000000084c00000, 0x0000000084c00000| Untracked 
|  47|0x0000000084d00000, 0x0000000084d00000, 0x0000000084e00000|  0%| F|  |TAMS 0x0000000084d00000, 0x0000000084d00000| Untracked 
|  48|0x0000000084e00000, 0x0000000084e00000, 0x0000000084f00000|  0%| F|  |TAMS 0x0000000084e00000, 0x0000000084e00000| Untracked 
|  49|0x0000000084f00000, 0x0000000084f00000, 0x0000000085000000|  0%| F|  |TAMS 0x0000000084f00000, 0x0000000084f00000| Untracked 
|  50|0x0000000085000000, 0x0000000085000000, 0x0000000085100000|  0%| F|  |TAMS 0x0000000085000000, 0x0000000085000000| Untracked 
|  51|0x0000000085100000, 0x0000000085100000, 0x0000000085200000|  0%| F|  |TAMS 0x0000000085100000, 0x0000000085100000| Untracked 
|  52|0x0000000085200000, 0x0000000085200000, 0x0000000085300000|  0%| F|  |TAMS 0x0000000085200000, 0x0000000085200000| Untracked 
|  53|0x0000000085300000, 0x0000000085300000, 0x0000000085400000|  0%| F|  |TAMS 0x0000000085300000, 0x0000000085300000| Untracked 
|  54|0x0000000085400000, 0x0000000085400000, 0x0000000085500000|  0%| F|  |TAMS 0x0000000085400000, 0x0000000085400000| Untracked 
|  55|0x0000000085500000, 0x0000000085500000, 0x0000000085600000|  0%| F|  |TAMS 0x0000000085500000, 0x0000000085500000| Untracked 
|  56|0x0000000085600000, 0x0000000085600000, 0x0000000085700000|  0%| F|  |TAMS 0x0000000085600000, 0x0000000085600000| Untracked 
|  57|0x0000000085700000, 0x0000000085700000, 0x0000000085800000|  0%| F|  |TAMS 0x0000000085700000, 0x0000000085700000| Untracked 
|  58|0x0000000085800000, 0x0000000085800000, 0x0000000085900000|  0%| F|  |TAMS 0x0000000085800000, 0x0000000085800000| Untracked 
|  59|0x0000000085900000, 0x0000000085900000, 0x0000000085a00000|  0%| F|  |TAMS 0x0000000085900000, 0x0000000085900000| Untracked 
|  60|0x0000000085a00000, 0x0000000085a00000, 0x0000000085b00000|  0%| F|  |TAMS 0x0000000085a00000, 0x0000000085a00000| Untracked 
|  61|0x0000000085b00000, 0x0000000085b00000, 0x0000000085c00000|  0%| F|  |TAMS 0x0000000085b00000, 0x0000000085b00000| Untracked 
|  62|0x0000000085c00000, 0x0000000085c00000, 0x0000000085d00000|  0%| F|  |TAMS 0x0000000085c00000, 0x0000000085c00000| Untracked 
|  63|0x0000000085d00000, 0x0000000085d00000, 0x0000000085e00000|  0%| F|  |TAMS 0x0000000085d00000, 0x0000000085d00000| Untracked 
|  64|0x0000000085e00000, 0x0000000085e00000, 0x0000000085f00000|  0%| F|  |TAMS 0x0000000085e00000, 0x0000000085e00000| Untracked 
|  65|0x0000000085f00000, 0x0000000085f00000, 0x0000000086000000|  0%| F|  |TAMS 0x0000000085f00000, 0x0000000085f00000| Untracked 
|  66|0x0000000086000000, 0x0000000086000000, 0x0000000086100000|  0%| F|  |TAMS 0x0000000086000000, 0x0000000086000000| Untracked 
|  67|0x0000000086100000, 0x0000000086100000, 0x0000000086200000|  0%| F|  |TAMS 0x0000000086100000, 0x0000000086100000| Untracked 
|  68|0x0000000086200000, 0x0000000086200000, 0x0000000086300000|  0%| F|  |TAMS 0x0000000086200000, 0x0000000086200000| Untracked 
|  69|0x0000000086300000, 0x0000000086300000, 0x0000000086400000|  0%| F|  |TAMS 0x0000000086300000, 0x0000000086300000| Untracked 
|  70|0x0000000086400000, 0x0000000086400000, 0x0000000086500000|  0%| F|  |TAMS 0x0000000086400000, 0x0000000086400000| Untracked 
|  71|0x0000000086500000, 0x0000000086500000, 0x0000000086600000|  0%| F|  |TAMS 0x0000000086500000, 0x0000000086500000| Untracked 
|  72|0x0000000086600000, 0x0000000086600000, 0x0000000086700000|  0%| F|  |TAMS 0x0000000086600000, 0x0000000086600000| Untracked 
|  73|0x0000000086700000, 0x0000000086700000, 0x0000000086800000|  0%| F|  |TAMS 0x0000000086700000, 0x0000000086700000| Untracked 
|  74|0x0000000086800000, 0x0000000086800000, 0x0000000086900000|  0%| F|  |TAMS 0x0000000086800000, 0x0000000086800000| Untracked 
|  75|0x0000000086900000, 0x0000000086900000, 0x0000000086a00000|  0%| F|  |TAMS 0x0000000086900000, 0x0000000086900000| Untracked 
|  76|0x0000000086a00000, 0x0000000086a00000, 0x0000000086b00000|  0%| F|  |TAMS 0x0000000086a00000, 0x0000000086a00000| Untracked 
|  77|0x0000000086b00000, 0x0000000086b00000, 0x0000000086c00000|  0%| F|  |TAMS 0x0000000086b00000, 0x0000000086b00000| Untracked 
|  78|0x0000000086c00000, 0x0000000086c00000, 0x0000000086d00000|  0%| F|  |TAMS 0x0000000086c00000, 0x0000000086c00000| Untracked 
|  79|0x0000000086d00000, 0x0000000086d00000, 0x0000000086e00000|  0%| F|  |TAMS 0x0000000086d00000, 0x0000000086d00000| Untracked 
|  80|0x0000000086e00000, 0x0000000086e00000, 0x0000000086f00000|  0%| F|  |TAMS 0x0000000086e00000, 0x0000000086e00000| Untracked 
|  81|0x0000000086f00000, 0x0000000086f00000, 0x0000000087000000|  0%| F|  |TAMS 0x0000000086f00000, 0x0000000086f00000| Untracked 
|  82|0x0000000087000000, 0x0000000087000000, 0x0000000087100000|  0%| F|  |TAMS 0x0000000087000000, 0x0000000087000000| Untracked 
|  83|0x0000000087100000, 0x0000000087100000, 0x0000000087200000|  0%| F|  |TAMS 0x0000000087100000, 0x0000000087100000| Untracked 
|  84|0x0000000087200000, 0x0000000087200000, 0x0000000087300000|  0%| F|  |TAMS 0x0000000087200000, 0x0000000087200000| Untracked 
|  85|0x0000000087300000, 0x0000000087300000, 0x0000000087400000|  0%| F|  |TAMS 0x0000000087300000, 0x0000000087300000| Untracked 
|  86|0x0000000087400000, 0x0000000087400000, 0x0000000087500000|  0%| F|  |TAMS 0x0000000087400000, 0x0000000087400000| Untracked 
|  87|0x0000000087500000, 0x0000000087500000, 0x0000000087600000|  0%| F|  |TAMS 0x0000000087500000, 0x0000000087500000| Untracked 
|  88|0x0000000087600000, 0x0000000087600000, 0x0000000087700000|  0%| F|  |TAMS 0x0000000087600000, 0x0000000087600000| Untracked 
|  89|0x0000000087700000, 0x0000000087700000, 0x0000000087800000|  0%| F|  |TAMS 0x0000000087700000, 0x0000000087700000| Untracked 
|  90|0x0000000087800000, 0x0000000087800000, 0x0000000087900000|  0%| F|  |TAMS 0x0000000087800000, 0x0000000087800000| Untracked 
|  91|0x0000000087900000, 0x0000000087900000, 0x0000000087a00000|  0%| F|  |TAMS 0x0000000087900000, 0x0000000087900000| Untracked 
|  92|0x0000000087a00000, 0x0000000087a00000, 0x0000000087b00000|  0%| F|  |TAMS 0x0000000087a00000, 0x0000000087a00000| Untracked 
|  93|0x0000000087b00000, 0x0000000087b00000, 0x0000000087c00000|  0%| F|  |TAMS 0x0000000087b00000, 0x0000000087b00000| Untracked 
|  94|0x0000000087c00000, 0x0000000087c00000, 0x0000000087d00000|  0%| F|  |TAMS 0x0000000087c00000, 0x0000000087c00000| Untracked 
|  95|0x0000000087d00000, 0x0000000087d00000, 0x0000000087e00000|  0%| F|  |TAMS 0x0000000087d00000, 0x0000000087d00000| Untracked 
|  96|0x0000000087e00000, 0x0000000087e00000, 0x0000000087f00000|  0%| F|  |TAMS 0x0000000087e00000, 0x0000000087e00000| Untracked 
|  97|0x0000000087f00000, 0x0000000087f00000, 0x0000000088000000|  0%| F|  |TAMS 0x0000000087f00000, 0x0000000087f00000| Untracked 
|  98|0x0000000088000000, 0x0000000088000000, 0x0000000088100000|  0%| F|  |TAMS 0x0000000088000000, 0x0000000088000000| Untracked 
|  99|0x0000000088100000, 0x0000000088100000, 0x0000000088200000|  0%| F|  |TAMS 0x0000000088100000, 0x0000000088100000| Untracked 
| 100|0x0000000088200000, 0x0000000088200000, 0x0000000088300000|  0%| F|  |TAMS 0x0000000088200000, 0x0000000088200000| Untracked 
| 101|0x0000000088300000, 0x0000000088300000, 0x0000000088400000|  0%| F|  |TAMS 0x0000000088300000, 0x0000000088300000| Untracked 
| 102|0x0000000088400000, 0x0000000088400000, 0x0000000088500000|  0%| F|  |TAMS 0x0000000088400000, 0x0000000088400000| Untracked 
| 103|0x0000000088500000, 0x0000000088500000, 0x0000000088600000|  0%| F|  |TAMS 0x0000000088500000, 0x0000000088500000| Untracked 
| 104|0x0000000088600000, 0x0000000088600000, 0x0000000088700000|  0%| F|  |TAMS 0x0000000088600000, 0x0000000088600000| Untracked 
| 105|0x0000000088700000, 0x0000000088700000, 0x0000000088800000|  0%| F|  |TAMS 0x0000000088700000, 0x0000000088700000| Untracked 
| 106|0x0000000088800000, 0x0000000088800000, 0x0000000088900000|  0%| F|  |TAMS 0x0000000088800000, 0x0000000088800000| Untracked 
| 107|0x0000000088900000, 0x0000000088900000, 0x0000000088a00000|  0%| F|  |TAMS 0x0000000088900000, 0x0000000088900000| Untracked 
| 108|0x0000000088a00000, 0x0000000088a00000, 0x0000000088b00000|  0%| F|  |TAMS 0x0000000088a00000, 0x0000000088a00000| Untracked 
| 109|0x0000000088b00000, 0x0000000088b00000, 0x0000000088c00000|  0%| F|  |TAMS 0x0000000088b00000, 0x0000000088b00000| Untracked 
| 110|0x0000000088c00000, 0x0000000088d00000, 0x0000000088d00000|100%| E|  |TAMS 0x0000000088c00000, 0x0000000088c00000| Complete 
| 111|0x0000000088d00000, 0x0000000088e00000, 0x0000000088e00000|100%| E|CS|TAMS 0x0000000088d00000, 0x0000000088d00000| Complete 
| 112|0x0000000088e00000, 0x0000000088ea7220, 0x0000000088f00000| 65%| S|CS|TAMS 0x0000000088e00000, 0x0000000088e00000| Complete 
| 113|0x0000000088f00000, 0x0000000089000000, 0x0000000089000000|100%| S|CS|TAMS 0x0000000088f00000, 0x0000000088f00000| Complete 
| 114|0x0000000089000000, 0x0000000089100000, 0x0000000089100000|100%| S|CS|TAMS 0x0000000089000000, 0x0000000089000000| Complete 
| 115|0x0000000089100000, 0x0000000089200000, 0x0000000089200000|100%| S|CS|TAMS 0x0000000089100000, 0x0000000089100000| Complete 
| 116|0x0000000089200000, 0x0000000089300000, 0x0000000089300000|100%| S|CS|TAMS 0x0000000089200000, 0x0000000089200000| Complete 
| 117|0x0000000089300000, 0x0000000089400000, 0x0000000089400000|100%| E|CS|TAMS 0x0000000089300000, 0x0000000089300000| Complete 
| 118|0x0000000089400000, 0x0000000089500000, 0x0000000089500000|100%| E|CS|TAMS 0x0000000089400000, 0x0000000089400000| Complete 
| 119|0x0000000089500000, 0x0000000089600000, 0x0000000089600000|100%| E|CS|TAMS 0x0000000089500000, 0x0000000089500000| Complete 
| 120|0x0000000089600000, 0x0000000089700000, 0x0000000089700000|100%| E|CS|TAMS 0x0000000089600000, 0x0000000089600000| Complete 
| 121|0x0000000089700000, 0x0000000089800000, 0x0000000089800000|100%| E|CS|TAMS 0x0000000089700000, 0x0000000089700000| Complete 
| 122|0x0000000089800000, 0x0000000089900000, 0x0000000089900000|100%| E|CS|TAMS 0x0000000089800000, 0x0000000089800000| Complete 
| 123|0x0000000089900000, 0x0000000089a00000, 0x0000000089a00000|100%| E|CS|TAMS 0x0000000089900000, 0x0000000089900000| Complete 
| 124|0x0000000089a00000, 0x0000000089b00000, 0x0000000089b00000|100%| E|CS|TAMS 0x0000000089a00000, 0x0000000089a00000| Complete 
| 125|0x0000000089b00000, 0x0000000089c00000, 0x0000000089c00000|100%| E|CS|TAMS 0x0000000089b00000, 0x0000000089b00000| Complete 
| 126|0x0000000089c00000, 0x0000000089d00000, 0x0000000089d00000|100%| E|CS|TAMS 0x0000000089c00000, 0x0000000089c00000| Complete 
| 127|0x0000000089d00000, 0x0000000089e00000, 0x0000000089e00000|100%| E|CS|TAMS 0x0000000089d00000, 0x0000000089d00000| Complete 
| 128|0x0000000089e00000, 0x0000000089f00000, 0x0000000089f00000|100%| E|CS|TAMS 0x0000000089e00000, 0x0000000089e00000| Complete 
| 129|0x0000000089f00000, 0x000000008a000000, 0x000000008a000000|100%| E|CS|TAMS 0x0000000089f00000, 0x0000000089f00000| Complete 
| 130|0x000000008a000000, 0x000000008a100000, 0x000000008a100000|100%| E|CS|TAMS 0x000000008a000000, 0x000000008a000000| Complete 
| 131|0x000000008a100000, 0x000000008a200000, 0x000000008a200000|100%| E|CS|TAMS 0x000000008a100000, 0x000000008a100000| Complete 
| 132|0x000000008a200000, 0x000000008a300000, 0x000000008a300000|100%| E|CS|TAMS 0x000000008a200000, 0x000000008a200000| Complete 
| 133|0x000000008a300000, 0x000000008a400000, 0x000000008a400000|100%| E|CS|TAMS 0x000000008a300000, 0x000000008a300000| Complete 
| 134|0x000000008a400000, 0x000000008a500000, 0x000000008a500000|100%| E|CS|TAMS 0x000000008a400000, 0x000000008a400000| Complete 
| 135|0x000000008a500000, 0x000000008a600000, 0x000000008a600000|100%| E|CS|TAMS 0x000000008a500000, 0x000000008a500000| Complete 
| 136|0x000000008a600000, 0x000000008a700000, 0x000000008a700000|100%| E|CS|TAMS 0x000000008a600000, 0x000000008a600000| Complete 
| 137|0x000000008a700000, 0x000000008a800000, 0x000000008a800000|100%| E|CS|TAMS 0x000000008a700000, 0x000000008a700000| Complete 
| 138|0x000000008a800000, 0x000000008a900000, 0x000000008a900000|100%| E|CS|TAMS 0x000000008a800000, 0x000000008a800000| Complete 
| 139|0x000000008a900000, 0x000000008aa00000, 0x000000008aa00000|100%| E|CS|TAMS 0x000000008a900000, 0x000000008a900000| Complete 
| 140|0x000000008aa00000, 0x000000008ab00000, 0x000000008ab00000|100%| E|CS|TAMS 0x000000008aa00000, 0x000000008aa00000| Complete 
| 141|0x000000008ab00000, 0x000000008ac00000, 0x000000008ac00000|100%| E|CS|TAMS 0x000000008ab00000, 0x000000008ab00000| Complete 
| 142|0x000000008ac00000, 0x000000008ad00000, 0x000000008ad00000|100%| E|CS|TAMS 0x000000008ac00000, 0x000000008ac00000| Complete 
| 143|0x000000008ad00000, 0x000000008ae00000, 0x000000008ae00000|100%| E|CS|TAMS 0x000000008ad00000, 0x000000008ad00000| Complete 
| 144|0x000000008ae00000, 0x000000008af00000, 0x000000008af00000|100%| E|CS|TAMS 0x000000008ae00000, 0x000000008ae00000| Complete 
| 145|0x000000008af00000, 0x000000008b000000, 0x000000008b000000|100%| E|CS|TAMS 0x000000008af00000, 0x000000008af00000| Complete 
| 146|0x000000008b000000, 0x000000008b100000, 0x000000008b100000|100%| E|CS|TAMS 0x000000008b000000, 0x000000008b000000| Complete 
| 147|0x000000008b100000, 0x000000008b200000, 0x000000008b200000|100%| E|CS|TAMS 0x000000008b100000, 0x000000008b100000| Complete 
| 148|0x000000008b200000, 0x000000008b300000, 0x000000008b300000|100%| E|CS|TAMS 0x000000008b200000, 0x000000008b200000| Complete 
| 149|0x000000008b300000, 0x000000008b400000, 0x000000008b400000|100%| E|CS|TAMS 0x000000008b300000, 0x000000008b300000| Complete 
| 150|0x000000008b400000, 0x000000008b500000, 0x000000008b500000|100%| E|CS|TAMS 0x000000008b400000, 0x000000008b400000| Complete 
| 151|0x000000008b500000, 0x000000008b600000, 0x000000008b600000|100%| E|CS|TAMS 0x000000008b500000, 0x000000008b500000| Complete 
| 152|0x000000008b600000, 0x000000008b700000, 0x000000008b700000|100%| E|CS|TAMS 0x000000008b600000, 0x000000008b600000| Complete 
| 153|0x000000008b700000, 0x000000008b800000, 0x000000008b800000|100%| E|CS|TAMS 0x000000008b700000, 0x000000008b700000| Complete 
| 154|0x000000008b800000, 0x000000008b900000, 0x000000008b900000|100%| E|CS|TAMS 0x000000008b800000, 0x000000008b800000| Complete 
| 155|0x000000008b900000, 0x000000008ba00000, 0x000000008ba00000|100%| E|CS|TAMS 0x000000008b900000, 0x000000008b900000| Complete 
| 156|0x000000008ba00000, 0x000000008bb00000, 0x000000008bb00000|100%| E|CS|TAMS 0x000000008ba00000, 0x000000008ba00000| Complete 
| 157|0x000000008bb00000, 0x000000008bc00000, 0x000000008bc00000|100%| E|CS|TAMS 0x000000008bb00000, 0x000000008bb00000| Complete 
| 158|0x000000008bc00000, 0x000000008bd00000, 0x000000008bd00000|100%| E|CS|TAMS 0x000000008bc00000, 0x000000008bc00000| Complete 
| 159|0x000000008bd00000, 0x000000008be00000, 0x000000008be00000|100%| E|CS|TAMS 0x000000008bd00000, 0x000000008bd00000| Complete 
| 160|0x000000008be00000, 0x000000008bf00000, 0x000000008bf00000|100%| E|CS|TAMS 0x000000008be00000, 0x000000008be00000| Complete 
| 161|0x000000008bf00000, 0x000000008c000000, 0x000000008c000000|100%| E|CS|TAMS 0x000000008bf00000, 0x000000008bf00000| Complete 
| 162|0x000000008c000000, 0x000000008c100000, 0x000000008c100000|100%| E|CS|TAMS 0x000000008c000000, 0x000000008c000000| Complete 
| 163|0x000000008c100000, 0x000000008c200000, 0x000000008c200000|100%| E|CS|TAMS 0x000000008c100000, 0x000000008c100000| Complete 
| 164|0x000000008c200000, 0x000000008c300000, 0x000000008c300000|100%| E|CS|TAMS 0x000000008c200000, 0x000000008c200000| Complete 
| 165|0x000000008c300000, 0x000000008c400000, 0x000000008c400000|100%| E|CS|TAMS 0x000000008c300000, 0x000000008c300000| Complete 
| 166|0x000000008c400000, 0x000000008c500000, 0x000000008c500000|100%| E|CS|TAMS 0x000000008c400000, 0x000000008c400000| Complete 
| 167|0x000000008c500000, 0x000000008c600000, 0x000000008c600000|100%| E|CS|TAMS 0x000000008c500000, 0x000000008c500000| Complete 
| 168|0x000000008c600000, 0x000000008c700000, 0x000000008c700000|100%| E|CS|TAMS 0x000000008c600000, 0x000000008c600000| Complete 
| 169|0x000000008c700000, 0x000000008c800000, 0x000000008c800000|100%| E|CS|TAMS 0x000000008c700000, 0x000000008c700000| Complete 
| 170|0x000000008c800000, 0x000000008c900000, 0x000000008c900000|100%| E|CS|TAMS 0x000000008c800000, 0x000000008c800000| Complete 
| 171|0x000000008c900000, 0x000000008ca00000, 0x000000008ca00000|100%| E|CS|TAMS 0x000000008c900000, 0x000000008c900000| Complete 
| 172|0x000000008ca00000, 0x000000008cb00000, 0x000000008cb00000|100%| E|CS|TAMS 0x000000008ca00000, 0x000000008ca00000| Complete 
| 173|0x000000008cb00000, 0x000000008cc00000, 0x000000008cc00000|100%| E|CS|TAMS 0x000000008cb00000, 0x000000008cb00000| Complete 
| 174|0x000000008cc00000, 0x000000008cd00000, 0x000000008cd00000|100%| E|CS|TAMS 0x000000008cc00000, 0x000000008cc00000| Complete 
| 175|0x000000008cd00000, 0x000000008ce00000, 0x000000008ce00000|100%| E|CS|TAMS 0x000000008cd00000, 0x000000008cd00000| Complete 
| 176|0x000000008ce00000, 0x000000008cf00000, 0x000000008cf00000|100%| E|CS|TAMS 0x000000008ce00000, 0x000000008ce00000| Complete 
| 177|0x000000008cf00000, 0x000000008d000000, 0x000000008d000000|100%| E|CS|TAMS 0x000000008cf00000, 0x000000008cf00000| Complete 
| 178|0x000000008d000000, 0x000000008d100000, 0x000000008d100000|100%| E|CS|TAMS 0x000000008d000000, 0x000000008d000000| Complete 
| 179|0x000000008d100000, 0x000000008d200000, 0x000000008d200000|100%| E|CS|TAMS 0x000000008d100000, 0x000000008d100000| Complete 
| 180|0x000000008d200000, 0x000000008d300000, 0x000000008d300000|100%| E|CS|TAMS 0x000000008d200000, 0x000000008d200000| Complete 
| 181|0x000000008d300000, 0x000000008d400000, 0x000000008d400000|100%| E|CS|TAMS 0x000000008d300000, 0x000000008d300000| Complete 
| 182|0x000000008d400000, 0x000000008d500000, 0x000000008d500000|100%| E|CS|TAMS 0x000000008d400000, 0x000000008d400000| Complete 
| 183|0x000000008d500000, 0x000000008d600000, 0x000000008d600000|100%| E|CS|TAMS 0x000000008d500000, 0x000000008d500000| Complete 
| 184|0x000000008d600000, 0x000000008d700000, 0x000000008d700000|100%| E|CS|TAMS 0x000000008d600000, 0x000000008d600000| Complete 

Card table byte_map: [0x00000235ff8a0000,0x00000235ffca0000] _byte_map_base: 0x00000235ff491000

Marking Bits (Prev, Next): (CMBitMap*) 0x00000235e61ae9a8, (CMBitMap*) 0x00000235e61ae9e0
 Prev Bits: [0x0000023580400000, 0x0000023582388000)
 Next Bits: [0x0000023582390000, 0x0000023584318000)

Polling page: 0x00000235e5fc0000

Metaspace:

Usage:
  Non-class:     36.04 MB capacity,    35.36 MB ( 98%) used,   566.56 KB (  2%) free+waste,   136.81 KB ( <1%) overhead. 
      Class:      4.96 MB capacity,     4.50 MB ( 91%) used,   402.33 KB (  8%) free+waste,    65.94 KB (  1%) overhead. 
       Both:     41.00 MB capacity,    39.86 MB ( 97%) used,   968.89 KB (  2%) free+waste,   202.75 KB ( <1%) overhead. 

Virtual space:
  Non-class space:       38.00 MB reserved,      36.25 MB ( 95%) committed 
      Class space:        1.00 GB reserved,       4.99 MB ( <1%) committed 
             Both:        1.04 GB reserved,      41.24 MB (  4%) committed 

Chunk freelists:
   Non-Class:  2.50 KB
       Class:  1.38 KB
        Both:  3.88 KB

CodeHeap 'non-profiled nmethods': size=120064Kb used=1962Kb max_used=2465Kb free=118101Kb
 bounds [0x00000235f7720000, 0x00000235f7990000, 0x00000235fec60000]
CodeHeap 'profiled nmethods': size=120000Kb used=6318Kb max_used=7835Kb free=113681Kb
 bounds [0x00000235f01f0000, 0x00000235f09a0000, 0x00000235f7720000]
CodeHeap 'non-nmethods': size=5696Kb used=1200Kb max_used=1296Kb free=4495Kb
 bounds [0x00000235efc60000, 0x00000235efed0000, 0x00000235f01f0000]
 total_blobs=4969 nmethods=3158 adapters=462
 compilation: enabled
              stopped_count=0, restarted_count=0
 full_count=0

Compilation events (10 events):
Event: 6.231 Thread 0x00000235872cb800 nmethod 3681 0x00000235f0255790 code [0x00000235f0255940, 0x00000235f0255b30]
Event: 6.232 Thread 0x00000235872cb800 3682       2       java.util.Locale::hasExtensions (13 bytes)
Event: 6.232 Thread 0x00000235872cb800 nmethod 3682 0x00000235f0255310 code [0x00000235f02554c0, 0x00000235f0255638]
Event: 6.237 Thread 0x00000235872cb800 3686       2       java.lang.StringBuilder::append (8 bytes)
Event: 6.237 Thread 0x00000235872cb800 nmethod 3686 0x00000235f0257990 code [0x00000235f0257b40, 0x00000235f0257cd0]
Event: 6.237 Thread 0x00000235872cb800 3689 %     3       java.util.regex.Pattern$Start::match @ 31 (90 bytes)
Event: 6.237 Thread 0x00000235872cb800 nmethod 3689% 0x00000235f025d490 code [0x00000235f025d680, 0x00000235f025db30]
Event: 6.237 Thread 0x00000235872cb800 3687       2       java.lang.AbstractStringBuilder::append (54 bytes)
Event: 6.237 Thread 0x00000235872cb800 nmethod 3687 0x00000235f0262510 code [0x00000235f0262720, 0x00000235f0262a70]
Event: 6.237 Thread 0x00000235872cb800 3695       2       java.util.regex.Matcher::appendExpandedReplacement (510 bytes)

GC Heap History (10 events):
Event: 2.139 GC heap before
{Heap before GC invocations=7 (full 0):
 garbage-first heap   total 157696K, used 90680K [0x0000000081e00000, 0x0000000100000000)
  region size 1024K, 73 young (74752K), 8 survivors (8192K)
 Metaspace       used 28224K, capacity 28974K, committed 29184K, reserved 1075200K
  class space    used 2928K, capacity 3221K, committed 3328K, reserved 1048576K
}
Event: 2.148 GC heap after
{Heap after GC invocations=8 (full 0):
 garbage-first heap   total 157696K, used 30247K [0x0000000081e00000, 0x0000000100000000)
  region size 1024K, 10 young (10240K), 10 survivors (10240K)
 Metaspace       used 28224K, capacity 28974K, committed 29184K, reserved 1075200K
  class space    used 2928K, capacity 3221K, committed 3328K, reserved 1048576K
}
Event: 2.430 GC heap before
{Heap before GC invocations=8 (full 0):
 garbage-first heap   total 157696K, used 96807K [0x0000000081e00000, 0x0000000100000000)
  region size 1024K, 75 young (76800K), 10 survivors (10240K)
 Metaspace       used 30555K, capacity 31346K, committed 31488K, reserved 1077248K
  class space    used 3236K, capacity 3564K, committed 3584K, reserved 1048576K
}
Event: 2.439 GC heap after
{Heap after GC invocations=9 (full 0):
 garbage-first heap   total 157696K, used 35943K [0x0000000081e00000, 0x0000000100000000)
  region size 1024K, 6 young (6144K), 6 survivors (6144K)
 Metaspace       used 30555K, capacity 31346K, committed 31488K, reserved 1077248K
  class space    used 3236K, capacity 3564K, committed 3584K, reserved 1048576K
}
Event: 3.260 GC heap before
{Heap before GC invocations=9 (full 0):
 garbage-first heap   total 157696K, used 102503K [0x0000000081e00000, 0x0000000100000000)
  region size 1024K, 71 young (72704K), 6 survivors (6144K)
 Metaspace       used 34589K, capacity 35415K, committed 35584K, reserved 1081344K
  class space    used 3717K, capacity 4049K, committed 4096K, reserved 1048576K
}
Event: 3.268 GC heap after
{Heap after GC invocations=10 (full 0):
 garbage-first heap   total 189440K, used 41984K [0x0000000081e00000, 0x0000000100000000)
  region size 1024K, 6 young (6144K), 6 survivors (6144K)
 Metaspace       used 34589K, capacity 35415K, committed 35584K, reserved 1081344K
  class space    used 3717K, capacity 4049K, committed 4096K, reserved 1048576K
}
Event: 3.274 GC heap before
{Heap before GC invocations=10 (full 0):
 garbage-first heap   total 189440K, used 43008K [0x0000000081e00000, 0x0000000100000000)
  region size 1024K, 8 young (8192K), 6 survivors (6144K)
 Metaspace       used 34664K, capacity 35511K, committed 35584K, reserved 1081344K
  class space    used 3732K, capacity 4081K, committed 4096K, reserved 1048576K
}
Event: 3.278 GC heap after
{Heap after GC invocations=11 (full 0):
 garbage-first heap   total 189440K, used 43008K [0x0000000081e00000, 0x0000000100000000)
  region size 1024K, 1 young (1024K), 1 survivors (1024K)
 Metaspace       used 34664K, capacity 35511K, committed 35584K, reserved 1081344K
  class space    used 3732K, capacity 4081K, committed 4096K, reserved 1048576K
}
Event: 3.668 GC heap before
{Heap before GC invocations=12 (full 0):
 garbage-first heap   total 189440K, used 111616K [0x0000000081e00000, 0x0000000100000000)
  region size 1024K, 68 young (69632K), 1 survivors (1024K)
 Metaspace       used 37697K, capacity 38711K, committed 39032K, reserved 1083392K
  class space    used 4185K, capacity 4624K, committed 4728K, reserved 1048576K
}
Event: 3.672 GC heap after
{Heap after GC invocations=13 (full 0):
 garbage-first heap   total 189440K, used 46748K [0x0000000081e00000, 0x0000000100000000)
  region size 1024K, 5 young (5120K), 5 survivors (5120K)
 Metaspace       used 37697K, capacity 38711K, committed 39032K, reserved 1083392K
  class space    used 4185K, capacity 4624K, committed 4728K, reserved 1048576K
}

Deoptimization events (10 events):
Event: 4.770 Thread 0x0000023588993000 Uncommon trap: reason=class_check action=maybe_recompile pc=0x00000235f77c630c method=java.nio.DirectByteBuffer.<init>(Lsun/nio/ch/DirectBuffer;IIIII)V @ 12 c2
Event: 4.786 Thread 0x0000023588993000 Uncommon trap: reason=class_check action=maybe_recompile pc=0x00000235f78dde20 method=java.lang.ThreadLocal$ThreadLocalMap.getEntryAfterMiss(Ljava/lang/ThreadLocal;ILjava/lang/ThreadLocal$ThreadLocalMap$Entry;)Ljava/lang/ThreadLocal$ThreadLocalMap$Entry; 
Event: 4.786 Thread 0x0000023588993000 Uncommon trap: reason=class_check action=maybe_recompile pc=0x00000235f78dde20 method=java.lang.ThreadLocal$ThreadLocalMap.getEntryAfterMiss(Ljava/lang/ThreadLocal;ILjava/lang/ThreadLocal$ThreadLocalMap$Entry;)Ljava/lang/ThreadLocal$ThreadLocalMap$Entry; 
Event: 4.786 Thread 0x0000023588993000 Uncommon trap: reason=class_check action=maybe_recompile pc=0x00000235f78df464 method=java.lang.ThreadLocal$ThreadLocalMap.getEntryAfterMiss(Ljava/lang/ThreadLocal;ILjava/lang/ThreadLocal$ThreadLocalMap$Entry;)Ljava/lang/ThreadLocal$ThreadLocalMap$Entry; 
Event: 4.890 Thread 0x00000235e6171800 Uncommon trap: reason=profile_predicate action=maybe_recompile pc=0x00000235f78d4150 method=java.lang.StringUTF16.putCharsSB([BILjava/lang/CharSequence;II)V @ 18 c2
Event: 4.890 Thread 0x00000235e6171800 Uncommon trap: reason=profile_predicate action=maybe_recompile pc=0x00000235f78d4150 method=java.lang.StringUTF16.putCharsSB([BILjava/lang/CharSequence;II)V @ 18 c2
Event: 4.890 Thread 0x00000235e6171800 Uncommon trap: reason=profile_predicate action=maybe_recompile pc=0x00000235f78d4150 method=java.lang.StringUTF16.putCharsSB([BILjava/lang/CharSequence;II)V @ 18 c2
Event: 4.932 Thread 0x000002358898e000 Uncommon trap: reason=class_check action=maybe_recompile pc=0x00000235f77c630c method=java.nio.DirectByteBuffer.<init>(Lsun/nio/ch/DirectBuffer;IIIII)V @ 12 c2
Event: 5.003 Thread 0x00000235e6171800 Uncommon trap: reason=profile_predicate action=maybe_recompile pc=0x00000235f78d4150 method=java.lang.StringUTF16.putCharsSB([BILjava/lang/CharSequence;II)V @ 18 c2
Event: 5.026 Thread 0x0000023588993000 Uncommon trap: reason=unstable_if action=reinterpret pc=0x00000235f778e158 method=java.io.ByteArrayInputStream.read()I @ 8 c2

Classes redefined (0 events):
No events

Internal exceptions (10 events):
Event: 2.722 Thread 0x000002358744f800 Exception <a 'java/lang/NoSuchMethodError'{0x0000000087a6baa8}: java.lang.invoke.Invokers$Holder.linkToTargetMethod(Ljava/lang/Object;JLjava/lang/Object;)Ljava/lang/Object;> (0x0000000087a6baa8) thrown at [t:/workspace/open/src/hotspot/share/interpreter/l
Event: 3.226 Thread 0x0000023588994000 Exception <a 'java/net/SocketTimeoutException'{0x0000000087937d10}: connect timed out> (0x0000000087937d10) thrown at [t:/workspace/open/src/hotspot/share/prims/jni.cpp, line 636]
Event: 3.284 Thread 0x00000235e6171800 Exception <a 'java/lang/NoSuchMethodError'{0x000000008d6e3b18}: java.lang.invoke.DirectMethodHandle$Holder.invokeVirtual(Ljava/lang/Object;Ljava/lang/Object;)D> (0x000000008d6e3b18) thrown at [t:/workspace/open/src/hotspot/share/interpreter/linkResolver.c
Event: 3.285 Thread 0x00000235e6171800 Exception <a 'java/lang/NoSuchMethodError'{0x000000008d6e9e20}: java.lang.invoke.DirectMethodHandle$Holder.invokeVirtual(Ljava/lang/Object;Ljava/lang/Object;)F> (0x000000008d6e9e20) thrown at [t:/workspace/open/src/hotspot/share/interpreter/linkResolver.c
Event: 3.285 Thread 0x00000235e6171800 Exception <a 'java/lang/NoSuchMethodError'{0x000000008d6f2808}: java.lang.invoke.DirectMethodHandle$Holder.invokeVirtual(Ljava/lang/Object;Ljava/lang/Object;)J> (0x000000008d6f2808) thrown at [t:/workspace/open/src/hotspot/share/interpreter/linkResolver.c
Event: 3.324 Thread 0x00000235e6171800 Exception <a 'java/lang/NoSuchMethodError'{0x000000008cffd1e8}: java.lang.invoke.DirectMethodHandle$Holder.invokeStatic(Ljava/lang/Object;Ljava/lang/Object;I)V> (0x000000008cffd1e8) thrown at [t:/workspace/open/src/hotspot/share/interpreter/linkResolver.c
Event: 3.389 Thread 0x00000235e6171800 Exception <a 'java/lang/NoSuchMethodError'{0x000000008c174720}: java.lang.invoke.DirectMethodHandle$Holder.invokeSpecialIFC(Ljava/lang/Object;Ljava/lang/Object;Ljava/lang/Object;)I> (0x000000008c174720) thrown at [t:/workspace/open/src/hotspot/share/inter
Event: 4.867 Thread 0x00000235e6171800 Exception <a 'java/lang/NoSuchMethodError'{0x000000008b9390a8}: java.lang.invoke.DirectMethodHandle$Holder.invokeSpecialIFC(Ljava/lang/Object;Ljava/lang/Object;Ljava/lang/Object;)Ljava/lang/Object;> (0x000000008b9390a8) thrown at [t:/workspace/open/src/ho
Event: 4.889 Thread 0x00000235e6171800 Exception <a 'java/lang/ClassNotFoundException'{0x000000008b8d5878}: sun/util/logging/resources/spi/loggingProvider> (0x000000008b8d5878) thrown at [t:/workspace/open/src/hotspot/share/classfile/systemDictionary.cpp, line 231]
Event: 6.175 Thread 0x00000235e6171800 Exception <a 'java/lang/NoSuchMethodError'{0x0000000089ca10e8}: java.lang.invoke.DirectMethodHandle$Holder.invokeSpecial(Ljava/lang/Object;Ljava/lang/Object;)J> (0x0000000089ca10e8) thrown at [t:/workspace/open/src/hotspot/share/interpreter/linkResolver.c

Events (10 events):
Event: 6.235 loading class com/google/common/io/Closer$SuppressingSuppressor
Event: 6.235 loading class com/google/common/io/Closer$SuppressingSuppressor done
Event: 6.236 Thread 0x00000235e6171800 DEOPT PACKING pc=0x00000235f06d37f0 sp=0x000000c693dfb790
Event: 6.236 Thread 0x00000235e6171800 DEOPT UNPACKING pc=0x00000235efc88d4e sp=0x000000c693dfac18 mode 0
Event: 6.237 Thread 0x00000235e6171800 DEOPT PACKING pc=0x00000235f0850267 sp=0x000000c693dfb960
Event: 6.237 Thread 0x00000235e6171800 DEOPT UNPACKING pc=0x00000235efc88d4e sp=0x000000c693dfae30 mode 0
Event: 6.237 Thread 0x00000235e6171800 DEOPT PACKING pc=0x00000235f0851d9f sp=0x000000c693dfb900
Event: 6.237 Thread 0x00000235e6171800 DEOPT UNPACKING pc=0x00000235efc88d4e sp=0x000000c693dfada0 mode 0
Event: 6.238 loading class org/openqa/selenium/remote/internal/WebElementToJsonConverter
Event: 6.238 loading class org/openqa/selenium/remote/internal/WebElementToJsonConverter done


Dynamic libraries:
0x00007ff7d8980000 - 0x00007ff7d89c7000 	C:\Program Files\Java\jdk-11.0.1\bin\java.exe
0x00007ffafd0c0000 - 0x00007ffafd2b0000 	C:\WINDOWS\SYSTEM32\ntdll.dll
0x00007ffafc4d0000 - 0x00007ffafc582000 	C:\WINDOWS\System32\KERNEL32.DLL
0x00007ffafacb0000 - 0x00007ffafaf55000 	C:\WINDOWS\System32\KERNELBASE.dll
0x00007ffafc1f0000 - 0x00007ffafc295000 	C:\WINDOWS\System32\ADVAPI32.dll
0x00007ffafc5a0000 - 0x00007ffafc63e000 	C:\WINDOWS\System32\msvcrt.dll
0x00007ffafccd0000 - 0x00007ffafcd68000 	C:\WINDOWS\System32\sechost.dll
0x00007ffafc2a0000 - 0x00007ffafc3bb000 	C:\WINDOWS\System32\RPCRT4.dll
0x00007ffafcb30000 - 0x00007ffafccc4000 	C:\WINDOWS\System32\USER32.dll
0x00007ffafa7e0000 - 0x00007ffafa801000 	C:\WINDOWS\System32\win32u.dll
0x00007ffafce20000 - 0x00007ffafce46000 	C:\WINDOWS\System32\GDI32.dll
0x00007ffafa810000 - 0x00007ffafa9a8000 	C:\WINDOWS\System32\gdi32full.dll
0x00007ffafb070000 - 0x00007ffafb10e000 	C:\WINDOWS\System32\msvcp_win.dll
0x00007ffafaa60000 - 0x00007ffafab5a000 	C:\WINDOWS\System32\ucrtbase.dll
0x00007ffae3d30000 - 0x00007ffae3fb4000 	C:\WINDOWS\WinSxS\amd64_microsoft.windows.common-controls_6595b64144ccf1df_6.0.18362.2274_none_9e8067a5e45c3d75\COMCTL32.dll
0x00007ffaf5200000 - 0x00007ffaf520a000 	C:\WINDOWS\SYSTEM32\VERSION.dll
0x00007ffafbe40000 - 0x00007ffafc176000 	C:\WINDOWS\System32\combase.dll
0x00007ffafafe0000 - 0x00007ffafb064000 	C:\WINDOWS\System32\bcryptPrimitives.dll
0x00007ffafb850000 - 0x00007ffafb87e000 	C:\WINDOWS\System32\IMM32.DLL
0x00007ffac4110000 - 0x00007ffac4126000 	C:\Program Files\Java\jdk-11.0.1\bin\vcruntime140.dll
0x00007ffa8fed0000 - 0x00007ffa8ff7a000 	C:\Program Files\Java\jdk-11.0.1\bin\msvcp140.dll
0x00007ffa8d2c0000 - 0x00007ffa8de02000 	C:\Program Files\Java\jdk-11.0.1\bin\server\jvm.dll
0x00007ffafc490000 - 0x00007ffafc498000 	C:\WINDOWS\System32\PSAPI.DLL
0x00007ffaf7d60000 - 0x00007ffaf7d84000 	C:\WINDOWS\SYSTEM32\WINMM.dll
0x00007ffaf51a0000 - 0x00007ffaf51a9000 	C:\WINDOWS\SYSTEM32\WSOCK32.dll
0x00007ffafc780000 - 0x00007ffafc7ef000 	C:\WINDOWS\System32\WS2_32.dll
0x00007ffaf7d30000 - 0x00007ffaf7d5d000 	C:\WINDOWS\SYSTEM32\winmmbase.dll
0x00007ffafb110000 - 0x00007ffafb15a000 	C:\WINDOWS\System32\cfgmgr32.dll
0x00007ffaf9f80000 - 0x00007ffaf9f91000 	C:\WINDOWS\System32\kernel.appcore.dll
0x00007ffac2940000 - 0x00007ffac2951000 	C:\Program Files\Java\jdk-11.0.1\bin\verify.dll
0x00007ffae6c00000 - 0x00007ffae6df4000 	C:\WINDOWS\SYSTEM32\DBGHELP.DLL
0x00007ffae6150000 - 0x00007ffae617a000 	C:\WINDOWS\SYSTEM32\dbgcore.DLL
0x00007ffaa4ca0000 - 0x00007ffaa4cc9000 	C:\Program Files\Java\jdk-11.0.1\bin\java.dll
0x00007ffaf0f90000 - 0x00007ffaf0fbf000 	C:\Program Files\Java\jdk-11.0.1\bin\instrument.dll
0x00007ffaad3b0000 - 0x00007ffaad3c6000 	C:\Program Files\Java\jdk-11.0.1\bin\zip.dll
0x00007ffae5450000 - 0x00007ffae545a000 	C:\Program Files\Java\jdk-11.0.1\bin\jimage.dll
0x00007ffafb160000 - 0x00007ffafb847000 	C:\WINDOWS\System32\SHELL32.dll
0x00007ffafcd70000 - 0x00007ffafce19000 	C:\WINDOWS\System32\shcore.dll
0x00007ffafa030000 - 0x00007ffafa7ac000 	C:\WINDOWS\System32\windows.storage.dll
0x00007ffaf9fc0000 - 0x00007ffaf9fde000 	C:\WINDOWS\System32\profapi.dll
0x00007ffaf9fe0000 - 0x00007ffafa02a000 	C:\WINDOWS\System32\powrprof.dll
0x00007ffaf9f70000 - 0x00007ffaf9f80000 	C:\WINDOWS\System32\UMPDC.dll
0x00007ffafbde0000 - 0x00007ffafbe32000 	C:\WINDOWS\System32\shlwapi.dll
0x00007ffafaf60000 - 0x00007ffafaf77000 	C:\WINDOWS\System32\cryptsp.dll
0x00007ffae41a0000 - 0x00007ffae41b9000 	C:\Program Files\Java\jdk-11.0.1\bin\net.dll
0x00007ffaf5080000 - 0x00007ffaf5179000 	C:\WINDOWS\SYSTEM32\WINHTTP.dll
0x00007ffaf9750000 - 0x00007ffaf97b7000 	C:\WINDOWS\system32\mswsock.dll
0x00007ffaad430000 - 0x00007ffaad443000 	C:\Program Files\Java\jdk-11.0.1\bin\nio.dll
0x00007ffaf0f70000 - 0x00007ffaf0f8a000 	C:\Program Files\JetBrains\IntelliJ IDEA Community Edition 2022.2.2\bin\breakgen64.dll
0x00007ffaf92d0000 - 0x00007ffaf9303000 	C:\WINDOWS\system32\rsaenh.dll
0x00007ffafa7b0000 - 0x00007ffafa7d6000 	C:\WINDOWS\System32\bcrypt.dll
0x00007ffaf9e60000 - 0x00007ffaf9e85000 	C:\WINDOWS\SYSTEM32\USERENV.dll
0x00007ffaf9980000 - 0x00007ffaf998c000 	C:\WINDOWS\SYSTEM32\CRYPTBASE.dll
0x00007ffaf9460000 - 0x00007ffaf949a000 	C:\WINDOWS\SYSTEM32\IPHLPAPI.DLL
0x00007ffafc590000 - 0x00007ffafc598000 	C:\WINDOWS\System32\NSI.dll
0x00007ffaf6070000 - 0x00007ffaf6086000 	C:\WINDOWS\SYSTEM32\dhcpcsvc6.DLL
0x00007ffaf6040000 - 0x00007ffaf605c000 	C:\WINDOWS\SYSTEM32\dhcpcsvc.DLL
0x00007ffaf94a0000 - 0x00007ffaf956a000 	C:\WINDOWS\SYSTEM32\DNSAPI.dll
0x00007ffae09d0000 - 0x00007ffae09e6000 	C:\WINDOWS\system32\napinsp.dll
0x00007ffae09b0000 - 0x00007ffae09ca000 	C:\WINDOWS\system32\pnrpnsp.dll
0x00007ffae09a0000 - 0x00007ffae09ae000 	C:\WINDOWS\System32\winrnr.dll
0x00007ffaf63f0000 - 0x00007ffaf640c000 	C:\WINDOWS\system32\NLAapi.dll
0x00007ffae0950000 - 0x00007ffae0965000 	C:\WINDOWS\system32\wshbth.dll
0x00007ffaf2b10000 - 0x00007ffaf2b1a000 	C:\Windows\System32\rasadhlp.dll
0x00007ffaf60d0000 - 0x00007ffaf6147000 	C:\WINDOWS\System32\fwpuclnt.dll
0x00007ffaf7e10000 - 0x00007ffaf7e19000 	C:\Program Files\Java\jdk-11.0.1\bin\management.dll
0x00007ffaf7dd0000 - 0x00007ffaf7ddc000 	C:\Program Files\Java\jdk-11.0.1\bin\management_ext.dll
0x00007ffaf0f40000 - 0x00007ffaf0f67000 	C:\Program Files\Java\jdk-11.0.1\bin\sunec.dll

dbghelp: loaded successfully - version: 4.0.5 - missing functions: none
symbol engine: initialized successfully - sym options: 0x614 - pdb path: .;C:\Program Files\Java\jdk-11.0.1\bin;C:\WINDOWS\SYSTEM32;C:\WINDOWS\WinSxS\amd64_microsoft.windows.common-controls_6595b64144ccf1df_6.0.18362.2274_none_9e8067a5e45c3d75;C:\Program Files\Java\jdk-11.0.1\bin\server;C:\Program Files\JetBrains\IntelliJ IDEA Community Edition 2022.2.2\bin

VM Arguments:
jvm_args: -ea -Dallure.results.directory=target/allure-results -javaagent:C:\Users\инет\.m2\repository/org/aspectj/aspectjweaver/1.9.9.1/aspectjweaver-1.9.9.1.jar -Didea.test.cyclic.buffer.size=1048576 -javaagent:C:\Program Files\JetBrains\IntelliJ IDEA Community Edition 2022.2.2\lib\idea_rt.jar=51212:C:\Program Files\JetBrains\IntelliJ IDEA Community Edition 2022.2.2\bin -Dfile.encoding=UTF-8 
java_command: com.intellij.rt.junit.JUnitStarter -ideVersion5 -junit5 ModleTest,test
java_class_path (initial): C:\Program Files\JetBrains\IntelliJ IDEA Community Edition 2022.2.2\lib\idea_rt.jar;C:\Program Files\JetBrains\IntelliJ IDEA Community Edition 2022.2.2\plugins\junit\lib\junit5-rt.jar;C:\Program Files\JetBrains\IntelliJ IDEA Community Edition 2022.2.2\plugins\junit\lib\junit-rt.jar;C:\Users\инет\IdeaProjects\Mav\target\test-classes;C:\Users\инет\IdeaProjects\Mav\target\classes;C:\Users\инет\.m2\repository\io\qameta\allure\allure-selenide\2.13.1\allure-selenide-2.13.1.jar;C:\Users\инет\.m2\repository\io\qameta\allure\allure-java-commons\2.13.1\allure-java-commons-2.13.1.jar;C:\Users\инет\.m2\repository\io\qameta\allure\allure-model\2.13.1\allure-model-2.13.1.jar;C:\Users\инет\.m2\repository\com\fasterxml\jackson\core\jackson-databind\2.9.8\jackson-databind-2.9.8.jar;C:\Users\инет\.m2\repository\com\fasterxml\jackson\core\jackson-annotations\2.9.0\jackson-annotations-2.9.0.jar;C:\Users\инет\.m2\repository\com\fasterxml\jackson\core\jackson-core\2.9.8\jackson-core-2.9.8.jar;C:\Users\инет\.m2\repository\org\apache\tika\tika-core\1.20\tika-core-1.20.jar;C:\Users\инет\.m2\repository\org\jooq\joor-java-8\0.9.10\joor-java-8-0.9.10.jar;C:\Users\инет\.m2\repository\com\codeborne\selenide\6.8.1\selenide-6.8.1.jar;C:\Users\инет\.m2\repository\org\seleniumhq\selenium\selenium-java\4.4.0\selenium-java-4.4.0.jar;C:\Users\инет\.m2\repository\org\seleniumhq\selenium\selenium-api\4.4.0\selenium-api-4.4.0.jar;C:\Users\инет\.m2\repository\org\seleniumhq\selenium\selenium-chrome-driver\4.4.0\selenium-chrome-driver-4.4.0.jar;C:\Users\инет\.m2\repository\com\google\auto\service\auto-service-annotations\1.0.1\auto-service-annotations-1.0.1.jar;C:\Users\инет\.m2\repository\com\google\auto\service\auto-service\1.0.1\auto-service-1.0.1.jar;C:\Users\инет\.m2\repository\com\google\auto\auto-common\1.2\auto-common-1.2.jar;C:\Users\инет\.m2\repository\org\seleniumhq\selenium\selenium-chromium-driver\4.4.0\selenium-chromium-driver-4.4.0.jar;C:\Users\инет\.m2\repository
Launcher Type: SUN_STANDARD

[Global flags]
     intx CICompilerCount                          = 3                                         {product} {ergonomic}
     uint ConcGCThreads                            = 2                                         {product} {ergonomic}
     uint G1ConcRefinementThreads                  = 6                                         {product} {ergonomic}
   size_t G1HeapRegionSize                         = 1048576                                   {product} {ergonomic}
    uintx GCDrainStackTargetSize                   = 64                                        {product} {ergonomic}
   size_t InitialHeapSize                          = 134217728                                 {product} {ergonomic}
   size_t MarkStackSize                            = 4194304                                   {product} {ergonomic}
   size_t MaxHeapSize                              = 2116026368                                {product} {ergonomic}
   size_t MaxNewSize                               = 1268776960                                {product} {ergonomic}
   size_t MinHeapDeltaBytes                        = 1048576                                   {product} {ergonomic}
    uintx NonNMethodCodeHeapSize                   = 5830092                                {pd product} {ergonomic}
    uintx NonProfiledCodeHeapSize                  = 122914074                              {pd product} {ergonomic}
    uintx ProfiledCodeHeapSize                     = 122914074                              {pd product} {ergonomic}
    uintx ReservedCodeCacheSize                    = 251658240                              {pd product} {ergonomic}
     bool SegmentedCodeCache                       = true                                      {product} {ergonomic}
     bool UseCompressedClassPointers               = true                                 {lp64_product} {ergonomic}
     bool UseCompressedOops                        = true                                 {lp64_product} {ergonomic}
     bool UseG1GC                                  = true                                      {product} {ergonomic}
     bool UseLargePagesIndividualAllocation        = false                                  {pd product} {ergonomic}

Logging:
Log output configuration:
 #0: stdout all=warning uptime,level,tags
 #1: stderr all=off uptime,level,tags

Environment Variables:
JAVA_HOME=C:\Program Files (x86)\Java\jdk1.8.0_181
PATH=C:\Program Files\Microsoft MPI\Bin\;C:\Windows\system32;C:\Windows;C:\Windows\System32\Wbem;C:\Windows\System32\WindowsPowerShell\v1.0\;C:\Program Files\Git\cmd;C:\Program Files\dotnet\;C:\Program Files\Microsoft SQL Server\130\Tools\Binn\;C:\Program Files\Microsoft SQL Server\Client SDK\ODBC\130\Tools\Binn\;C:\Program Files (x86)\Microsoft SQL Server\130\Tools\Binn\;C:\Program Files\Microsoft SQL Server\130\DTS\Binn\;C:\Program Files (x86)\Microsoft SQL Server\140\Tools\Binn\;C:\Program Files (x86)\NVIDIA Corporation\PhysX\Common;C:\Program Files\Microsoft SQL Server\110\Tools\Binn\;C:\Program Files\nodejs\;C:\Program Files\Microsoft SQL Server\140\Tools\Binn\;C:\Program Files\Microsoft SQL Server\140\DTS\Binn\;C:\WINDOWS\system32;C:\WINDOWS;C:\WINDOWS\System32\Wbem;C:\WINDOWS\System32\WindowsPowerShell\v1.0\;C:\WINDOWS\System32\OpenSSH\;C:\Program Files (x86)\Microsoft SQL Server\150\Tools\Binn\;C:\Program Files\Microsoft SQL Server\150\Tools\Binn\;C:\Program Files (x86)\Microsoft SQL Server\150\DTS\Binn\;C:\Program Files\Microsoft SQL Server\150\DTS\Binn\;C:\Program Files\Microsoft SQL Server\Client SDK\ODBC\170\Tools\Binn\;C:\Program Files\Azure Data Studio\bin;C:\Program Files\Common Files\Autodesk Shared\;C:\Program Files (x86)\Autodesk\Backburner\;C:\Users\инет\AppData\Local\Microsoft\WindowsApps;C:\Users\инет\.dotnet\tools
USERNAME=инет
OS=Windows_NT
PROCESSOR_IDENTIFIER=Intel64 Family 6 Model 158 Stepping 13, GenuineIntel



---------------  S Y S T E M  ---------------

OS: Windows 10 , 64 bit Build 18362 (10.0.18362.2274)

CPU:total 6 (initial active 6) (6 cores per cpu, 1 threads per core) family 6 model 158 stepping 13, cmov, cx8, fxsr, mmx, sse, sse2, sse3, ssse3, sse4.1, sse4.2, popcnt, avx, avx2, aes, clmul, erms, 3dnowpref, lzcnt, tsc, tscinvbit, bmi1, bmi2, adx, fma

Memory: 4k page, system-wide physical 8068M (1022M free)
TotalPageFile size 10047M (AvailPageFile size 2M)
current process WorkingSet (physical memory assigned to process): 319M, peak: 358M
current process commit charge ("private bytes"): 355M, peak: 393M

vm_info: Java HotSpot(TM) 64-Bit Server VM (11.0.1+13-LTS) for windows-amd64 JRE (11.0.1+13-LTS), built on Oct  6 2018 13:20:16 by "mach5one" with MS VC++ 15.5 (VS2017)

END.
