#
# There is insufficient memory for the Java Runtime Environment to continue.
# Native memory allocation (malloc) failed to allocate 888016 bytes for Chunk::new
# Possible reasons:
#   The system is out of physical RAM or swap space
#   The process is running with CompressedOops enabled, and the Java Heap may be blocking the growth of the native heap
# Possible solutions:
#   Reduce memory load on the system
#   Increase physical memory or swap space
#   Check if swap backing store is full
#   Decrease Java heap size (-Xmx/-Xms)
#   Decrease number of Java threads
#   Decrease Java thread stack sizes (-Xss)
#   Set larger code cache with -XX:ReservedCodeCacheSize=
#   JVM is running with Unscaled Compressed Oops mode in which the Java heap is
#     placed in the first 4GB address space. The Java Heap base address is the
#     maximum limit for the native heap growth. Please use -XX:HeapBaseMinAddress
#     to set the Java Heap base and to place the Java Heap above 4GB virtual address.
# This output file may be truncated or incomplete.
#
#  Out of Memory Error (t:/workspace/open/src/hotspot/share/memory/arena.cpp:197), pid=1012, tid=14468
#
# JRE version: Java(TM) SE Runtime Environment (11.0.1+13) (build 11.0.1+13-LTS)
# Java VM: Java HotSpot(TM) 64-Bit Server VM (11.0.1+13-LTS, mixed mode, tiered, compressed oops, g1 gc, windows-amd64)
# No core dump will be written. Minidumps are not enabled by default on client versions of Windows
#

---------------  S U M M A R Y ------------

Command Line: -ea -Dallure.results.directory=target/allure-results -javaagent:C:\Users\инет\.m2\repository/org/aspectj/aspectjweaver/1.9.9.1/aspectjweaver-1.9.9.1.jar -Didea.test.cyclic.buffer.size=1048576 -javaagent:C:\Program Files\JetBrains\IntelliJ IDEA Community Edition 2022.2.2\lib\idea_rt.jar=61584:C:\Program Files\JetBrains\IntelliJ IDEA Community Edition 2022.2.2\bin -Dfile.encoding=UTF-8 com.intellij.rt.junit.JUnitStarter -ideVersion5 -junit5 ModleTest,test

Host: Intel(R) Core(TM) i5-9600K CPU @ 3.70GHz, 6 cores, 7G,  Windows 10 , 64 bit Build 18362 (10.0.18362.2274)
Time: Thu Nov 10 13:45:19 2022 RTZ 2 (ceia) elapsed time: 14 seconds (0d 0h 0m 14s)

---------------  T H R E A D  ---------------

Current thread (0x00000252e4a6b000):  JavaThread "C2 CompilerThread0" daemon [_thread_in_native, id=14468, stack(0x000000ed8f300000,0x000000ed8f400000)]


Current CompileTask:
C2:  14204 5024       4       org.aspectj.weaver.bcel.LazyMethodGen::markAsChanged (61 bytes)

Stack: [0x000000ed8f300000,0x000000ed8f400000]
Native frames: (J=compiled Java code, j=interpreted, Vv=VM code, C=native code)
V  [jvm.dll+0x63c21a]
V  [jvm.dll+0x7797df]
V  [jvm.dll+0x77adca]
V  [jvm.dll+0x77b483]
V  [jvm.dll+0x2627f8]
V  [jvm.dll+0xc5c71]
V  [jvm.dll+0xc61fc]
V  [jvm.dll+0x36f862]
V  [jvm.dll+0x33c6d3]
V  [jvm.dll+0x33baaa]
V  [jvm.dll+0x21c7c5]
V  [jvm.dll+0x21b96a]
V  [jvm.dll+0x198390]
V  [jvm.dll+0x22a97f]
V  [jvm.dll+0x228f98]
V  [jvm.dll+0x73f03d]
V  [jvm.dll+0x63b2b2]
C  [ucrtbase.dll+0x210b2]
C  [KERNEL32.DLL+0x17c24]
C  [ntdll.dll+0x6d721]


---------------  P R O C E S S  ---------------

Threads class SMR info:
_java_thread_list=0x00000252e5429600, length=29, elements={
0x00000252c596e800, 0x00000252e4101000, 0x00000252e410c000, 0x00000252e4a65000,
0x00000252e4a66000, 0x00000252e4a6b000, 0x00000252e4a70800, 0x00000252e4a71800,
0x00000252e4097800, 0x00000252e5952800, 0x00000252e53a9000, 0x00000252e7efb000,
0x00000252e8826000, 0x00000252e87ab800, 0x00000252e8e4d800, 0x00000252e8e4b000,
0x00000252e8e4e800, 0x00000252e8e4c000, 0x00000252e8e4f000, 0x00000252e8e4a800,
0x00000252e8e4d000, 0x00000252e8e51000, 0x00000252e5941800, 0x00000252e5944000,
0x00000252e593e000, 0x00000252e4fb5000, 0x00000252e5940800, 0x00000252e5942000,
0x00000252e5943000
}

Java Threads: ( => current thread )
  0x00000252c596e800 JavaThread "main" [_thread_blocked, id=13744, stack(0x000000ed8e800000,0x000000ed8e900000)]
  0x00000252e4101000 JavaThread "Reference Handler" daemon [_thread_blocked, id=13124, stack(0x000000ed8ef00000,0x000000ed8f000000)]
  0x00000252e410c000 JavaThread "Finalizer" daemon [_thread_blocked, id=3344, stack(0x000000ed8f000000,0x000000ed8f100000)]
  0x00000252e4a65000 JavaThread "Signal Dispatcher" daemon [_thread_blocked, id=15416, stack(0x000000ed8f100000,0x000000ed8f200000)]
  0x00000252e4a66000 JavaThread "Attach Listener" daemon [_thread_blocked, id=15044, stack(0x000000ed8f200000,0x000000ed8f300000)]
=>0x00000252e4a6b000 JavaThread "C2 CompilerThread0" daemon [_thread_in_native, id=14468, stack(0x000000ed8f300000,0x000000ed8f400000)]
  0x00000252e4a70800 JavaThread "C1 CompilerThread0" daemon [_thread_blocked, id=10708, stack(0x000000ed8f400000,0x000000ed8f500000)]
  0x00000252e4a71800 JavaThread "Sweeper thread" daemon [_thread_blocked, id=11500, stack(0x000000ed8f500000,0x000000ed8f600000)]
  0x00000252e4097800 JavaThread "Common-Cleaner" daemon [_thread_blocked, id=14496, stack(0x000000ed8f600000,0x000000ed8f700000)]
  0x00000252e5952800 JavaThread "Monitor Ctrl-Break" daemon [_thread_in_native, id=12788, stack(0x000000ed8fa00000,0x000000ed8fb00000)]
  0x00000252e53a9000 JavaThread "Service Thread" daemon [_thread_blocked, id=852, stack(0x000000ed8fb00000,0x000000ed8fc00000)]
  0x00000252e7efb000 JavaThread "ForkJoinPool.commonPool-worker-3" daemon [_thread_blocked, id=8884, stack(0x000000ed8ff00000,0x000000ed90000000)]
  0x00000252e8826000 JavaThread "AsyncHttpClient-1-1" daemon [_thread_blocked, id=15236, stack(0x000000ed90000000,0x000000ed90100000)]
  0x00000252e87ab800 JavaThread "Exec Default Executor" daemon [_thread_in_native, id=4148, stack(0x000000ed90100000,0x000000ed90200000)]
  0x00000252e8e4d800 JavaThread "Driver Service Executor" daemon [_thread_blocked, id=4604, stack(0x000000ed90200000,0x000000ed90300000)]
  0x00000252e8e4b000 JavaThread "Driver Service Executor" daemon [_thread_blocked, id=12360, stack(0x000000ed90300000,0x000000ed90400000)]
  0x00000252e8e4e800 JavaThread "UrlChecker-2" daemon [_thread_blocked, id=336, stack(0x000000ed90400000,0x000000ed90500000)]
  0x00000252e8e4c000 JavaThread "Exec Stream Pumper" daemon [_thread_in_native, id=3532, stack(0x000000ed90500000,0x000000ed90600000)]
  0x00000252e8e4f000 JavaThread "Exec Stream Pumper" daemon [_thread_in_native, id=6088, stack(0x000000ed90600000,0x000000ed90700000)]
  0x00000252e8e4a800 JavaThread "ForkJoinPool.commonPool-worker-5" daemon [_thread_blocked, id=12784, stack(0x000000ed90900000,0x000000ed90a00000)]
  0x00000252e8e4d000 JavaThread "ForkJoinPool.commonPool-worker-7" daemon [_thread_blocked, id=14792, stack(0x000000ed90a00000,0x000000ed90b00000)]
  0x00000252e8e51000 JavaThread "AsyncHttpClient-1-2" daemon [_thread_in_native, id=3168, stack(0x000000ed90b00000,0x000000ed90c00000)]
  0x00000252e5941800 JavaThread "AsyncHttpClient-1-3" daemon [_thread_in_native, id=14376, stack(0x000000ed90c00000,0x000000ed90d00000)]
  0x00000252e5944000 JavaThread "AsyncHttpClient-1-4" daemon [_thread_in_native, id=7384, stack(0x000000ed90d00000,0x000000ed90e00000)]
  0x00000252e593e000 JavaThread "Dead threads watchdog" daemon [_thread_blocked, id=3912, stack(0x000000ed90e00000,0x000000ed90f00000)]
  0x00000252e4fb5000 JavaThread "C2 CompilerThread1" daemon [_thread_in_native, id=15576, stack(0x000000ed8f700000,0x000000ed8f800000)]
  0x00000252e5940800 JavaThread "Forwarding quit on session e4c1ca1f8e3088f5487ff7d3138c9234 to remote" [_thread_blocked, id=11396, stack(0x000000ed90f00000,0x000000ed91000000)]
  0x00000252e5942000 JavaThread "Driver Command Executor" daemon [_thread_blocked, id=1956, stack(0x000000ed90800000,0x000000ed90900000)]
  0x00000252e5943000 JavaThread "Driver Command Executor" daemon [_thread_blocked, id=12416, stack(0x000000ed91000000,0x000000ed91100000)]

Other Threads:
  0x00000252e40dc000 VMThread "VM Thread" [stack: 0x000000ed8ee00000,0x000000ed8ef00000] [id=8968]
  0x00000252e585d800 WatcherThread [stack: 0x000000ed8fc00000,0x000000ed8fd00000] [id=15212]
  0x00000252c5986800 GCTaskThread "GC Thread#0" [stack: 0x000000ed8e900000,0x000000ed8ea00000] [id=3596]
  0x00000252e55a0800 GCTaskThread "GC Thread#1" [stack: 0x000000ed8f800000,0x000000ed8f900000] [id=10252]
  0x00000252e579b000 GCTaskThread "GC Thread#2" [stack: 0x000000ed8f900000,0x000000ed8fa00000] [id=5412]
  0x00000252c59b5000 ConcurrentGCThread "G1 Main Marker" [stack: 0x000000ed8ea00000,0x000000ed8eb00000] [id=2828]
  0x00000252c59b7000 ConcurrentGCThread "G1 Conc#0" [stack: 0x000000ed8eb00000,0x000000ed8ec00000] [id=13056]
  0x00000252e8442000 ConcurrentGCThread "G1 Conc#1" [stack: 0x000000ed8fe00000,0x000000ed8ff00000] [id=4224]
  0x00000252c5a2e000 ConcurrentGCThread "G1 Refine#0" [stack: 0x000000ed8ec00000,0x000000ed8ed00000] [id=13988]
  0x00000252e54a5000 ConcurrentGCThread "G1 Refine#1" [stack: 0x000000ed8fd00000,0x000000ed8fe00000] [id=1692]
  0x00000252e3f45000 ConcurrentGCThread "G1 Young RemSet Sampling" [stack: 0x000000ed8ed00000,0x000000ed8ee00000] [id=15812]

Threads with active compile tasks:
C2 CompilerThread05024       4       org.aspectj.weaver.bcel.LazyMethodGen::markAsChanged (61 bytes)
C2 CompilerThread15016       4       org.aspectj.apache.bcel.generic.MethodGen::<init> (998 bytes)

VM state:not at safepoint (normal execution)

VM Mutex/Monitor currently owned by a thread: None

Heap address: 0x0000000081e00000, size: 2018 MB, Compressed Oops mode: 32-bit
Narrow klass base: 0x0000000000000000, Narrow klass shift: 3
Compressed class space size: 1073741824 Address: 0x0000000100000000

Heap:
 garbage-first heap   total 157696K, used 98462K [0x0000000081e00000, 0x0000000100000000)
  region size 1024K, 37 young (37888K), 6 survivors (6144K)
 Metaspace       used 42872K, capacity 44132K, committed 44288K, reserved 1087488K
  class space    used 4797K, capacity 5296K, committed 5376K, reserved 1048576K
Heap Regions: E=young(eden), S=young(survivor), O=old, HS=humongous(starts), HC=humongous(continues), CS=collection set, F=free, A=archive, TAMS=top-at-mark-start (previous, next)
|   0|0x0000000081e00000, 0x0000000081f00000, 0x0000000081f00000|100%| O|  |TAMS 0x0000000081f00000, 0x0000000081e00000| Untracked 
|   1|0x0000000081f00000, 0x0000000082000000, 0x0000000082000000|100%| O|  |TAMS 0x0000000082000000, 0x0000000081f00000| Untracked 
|   2|0x0000000082000000, 0x0000000082100000, 0x0000000082100000|100%| O|  |TAMS 0x0000000082100000, 0x0000000082000000| Untracked 
|   3|0x0000000082100000, 0x0000000082200000, 0x0000000082200000|100%| O|  |TAMS 0x0000000082200000, 0x0000000082100000| Untracked 
|   4|0x0000000082200000, 0x0000000082300000, 0x0000000082300000|100%| O|  |TAMS 0x0000000082300000, 0x0000000082200000| Untracked 
|   5|0x0000000082300000, 0x0000000082400000, 0x0000000082400000|100%| O|  |TAMS 0x0000000082400000, 0x0000000082300000| Untracked 
|   6|0x0000000082400000, 0x0000000082500000, 0x0000000082500000|100%| O|  |TAMS 0x0000000082500000, 0x0000000082400000| Untracked 
|   7|0x0000000082500000, 0x0000000082600000, 0x0000000082600000|100%| O|  |TAMS 0x0000000082600000, 0x0000000082500000| Untracked 
|   8|0x0000000082600000, 0x0000000082700000, 0x0000000082700000|100%| O|  |TAMS 0x0000000082700000, 0x0000000082600000| Untracked 
|   9|0x0000000082700000, 0x0000000082800000, 0x0000000082800000|100%| O|  |TAMS 0x0000000082800000, 0x0000000082700000| Untracked 
|  10|0x0000000082800000, 0x0000000082900000, 0x0000000082900000|100%| O|  |TAMS 0x0000000082900000, 0x0000000082800000| Untracked 
|  11|0x0000000082900000, 0x0000000082a00000, 0x0000000082a00000|100%| O|  |TAMS 0x0000000082a00000, 0x0000000082900000| Untracked 
|  12|0x0000000082a00000, 0x0000000082b00000, 0x0000000082b00000|100%| O|  |TAMS 0x0000000082b00000, 0x0000000082a00000| Untracked 
|  13|0x0000000082b00000, 0x0000000082c00000, 0x0000000082c00000|100%| O|  |TAMS 0x0000000082c00000, 0x0000000082b00000| Untracked 
|  14|0x0000000082c00000, 0x0000000082d00000, 0x0000000082d00000|100%| O|  |TAMS 0x0000000082d00000, 0x0000000082c00000| Untracked 
|  15|0x0000000082d00000, 0x0000000082e00000, 0x0000000082e00000|100%| O|  |TAMS 0x0000000082e00000, 0x0000000082d00000| Untracked 
|  16|0x0000000082e00000, 0x0000000082f00000, 0x0000000082f00000|100%| O|  |TAMS 0x0000000082f00000, 0x0000000082e00000| Untracked 
|  17|0x0000000082f00000, 0x0000000083000000, 0x0000000083000000|100%| O|  |TAMS 0x0000000083000000, 0x0000000082f00000| Untracked 
|  18|0x0000000083000000, 0x0000000083100000, 0x0000000083100000|100%| O|  |TAMS 0x0000000083100000, 0x0000000083000000| Untracked 
|  19|0x0000000083100000, 0x0000000083200000, 0x0000000083200000|100%| O|  |TAMS 0x0000000083200000, 0x0000000083100000| Untracked 
|  20|0x0000000083200000, 0x0000000083300000, 0x0000000083300000|100%| O|  |TAMS 0x0000000083300000, 0x0000000083200000| Untracked 
|  21|0x0000000083300000, 0x0000000083400000, 0x0000000083400000|100%| O|  |TAMS 0x0000000083400000, 0x0000000083300000| Untracked 
|  22|0x0000000083400000, 0x0000000083500000, 0x0000000083500000|100%| O|  |TAMS 0x0000000083500000, 0x0000000083400000| Untracked 
|  23|0x0000000083500000, 0x0000000083600000, 0x0000000083600000|100%| O|  |TAMS 0x0000000083600000, 0x0000000083500000| Untracked 
|  24|0x0000000083600000, 0x0000000083700000, 0x0000000083700000|100%| O|  |TAMS 0x0000000083700000, 0x0000000083600000| Untracked 
|  25|0x0000000083700000, 0x0000000083800000, 0x0000000083800000|100%| O|  |TAMS 0x0000000083800000, 0x0000000083700000| Untracked 
|  26|0x0000000083800000, 0x0000000083900000, 0x0000000083900000|100%| O|  |TAMS 0x0000000083900000, 0x0000000083800000| Untracked 
|  27|0x0000000083900000, 0x0000000083a00000, 0x0000000083a00000|100%| O|  |TAMS 0x0000000083a00000, 0x0000000083900000| Untracked 
|  28|0x0000000083a00000, 0x0000000083b00000, 0x0000000083b00000|100%| O|  |TAMS 0x0000000083b00000, 0x0000000083a00000| Untracked 
|  29|0x0000000083b00000, 0x0000000083c00000, 0x0000000083c00000|100%| O|  |TAMS 0x0000000083c00000, 0x0000000083b00000| Untracked 
|  30|0x0000000083c00000, 0x0000000083d00000, 0x0000000083d00000|100%| O|  |TAMS 0x0000000083d00000, 0x0000000083c00000| Untracked 
|  31|0x0000000083d00000, 0x0000000083e00000, 0x0000000083e00000|100%| O|  |TAMS 0x0000000083e00000, 0x0000000083d00000| Untracked 
|  32|0x0000000083e00000, 0x0000000083f00000, 0x0000000083f00000|100%| O|  |TAMS 0x0000000083f00000, 0x0000000083e00000| Untracked 
|  33|0x0000000083f00000, 0x0000000084000000, 0x0000000084000000|100%| O|  |TAMS 0x0000000084000000, 0x0000000083f00000| Untracked 
|  34|0x0000000084000000, 0x0000000084100000, 0x0000000084100000|100%| O|  |TAMS 0x0000000084100000, 0x0000000084000000| Untracked 
|  35|0x0000000084100000, 0x0000000084200000, 0x0000000084200000|100%| O|  |TAMS 0x0000000084200000, 0x0000000084100000| Untracked 
|  36|0x0000000084200000, 0x0000000084300000, 0x0000000084300000|100%| O|  |TAMS 0x0000000084300000, 0x0000000084200000| Untracked 
|  37|0x0000000084300000, 0x0000000084400000, 0x0000000084400000|100%| O|  |TAMS 0x0000000084400000, 0x0000000084300000| Untracked 
|  38|0x0000000084400000, 0x0000000084500000, 0x0000000084500000|100%| O|  |TAMS 0x0000000084500000, 0x0000000084400000| Untracked 
|  39|0x0000000084500000, 0x0000000084600000, 0x0000000084600000|100%| O|  |TAMS 0x0000000084600000, 0x0000000084500000| Untracked 
|  40|0x0000000084600000, 0x0000000084700000, 0x0000000084700000|100%| O|  |TAMS 0x0000000084700000, 0x0000000084600000| Untracked 
|  41|0x0000000084700000, 0x0000000084800000, 0x0000000084800000|100%|HS|  |TAMS 0x0000000084700000, 0x0000000084700000| Complete 
|  42|0x0000000084800000, 0x0000000084900000, 0x0000000084900000|100%|HC|  |TAMS 0x0000000084800000, 0x0000000084800000| Complete 
|  43|0x0000000084900000, 0x0000000084a00000, 0x0000000084a00000|100%|HC|  |TAMS 0x0000000084900000, 0x0000000084900000| Complete 
|  44|0x0000000084a00000, 0x0000000084b00000, 0x0000000084b00000|100%|HC|  |TAMS 0x0000000084a00000, 0x0000000084a00000| Complete 
|  45|0x0000000084b00000, 0x0000000084c00000, 0x0000000084c00000|100%|HC|  |TAMS 0x0000000084b00000, 0x0000000084b00000| Complete 
|  46|0x0000000084c00000, 0x0000000084d00000, 0x0000000084d00000|100%| O|  |TAMS 0x0000000084c00000, 0x0000000084c00000| Untracked 
|  47|0x0000000084d00000, 0x0000000084e00000, 0x0000000084e00000|100%| O|  |TAMS 0x0000000084d00000, 0x0000000084d00000| Untracked 
|  48|0x0000000084e00000, 0x0000000084f00000, 0x0000000084f00000|100%| O|  |TAMS 0x0000000084e00000, 0x0000000084e00000| Untracked 
|  49|0x0000000084f00000, 0x0000000085000000, 0x0000000085000000|100%| O|  |TAMS 0x0000000084f00000, 0x0000000084f00000| Untracked 
|  50|0x0000000085000000, 0x00000000850aa000, 0x0000000085100000| 66%| O|  |TAMS 0x0000000085000000, 0x0000000085000000| Untracked 
|  51|0x0000000085100000, 0x0000000085200000, 0x0000000085200000|100%|HS|  |TAMS 0x0000000085100000, 0x0000000085100000| Complete 
|  52|0x0000000085200000, 0x0000000085300000, 0x0000000085300000|100%|HS|  |TAMS 0x0000000085200000, 0x0000000085200000| Complete 
|  53|0x0000000085300000, 0x0000000085400000, 0x0000000085400000|100%|HS|  |TAMS 0x0000000085300000, 0x0000000085300000| Complete 
|  54|0x0000000085400000, 0x0000000085500000, 0x0000000085500000|100%|HS|  |TAMS 0x0000000085400000, 0x0000000085400000| Complete 
|  55|0x0000000085500000, 0x0000000085600000, 0x0000000085600000|100%|HS|  |TAMS 0x0000000085500000, 0x0000000085500000| Complete 
|  56|0x0000000085600000, 0x0000000085700000, 0x0000000085700000|100%|HS|  |TAMS 0x0000000085600000, 0x0000000085600000| Complete 
|  57|0x0000000085700000, 0x0000000085800000, 0x0000000085800000|100%|HS|  |TAMS 0x0000000085700000, 0x0000000085700000| Complete 
|  58|0x0000000085800000, 0x0000000085900000, 0x0000000085900000|100%|HS|  |TAMS 0x0000000085800000, 0x0000000085800000| Complete 
|  59|0x0000000085900000, 0x0000000085a00000, 0x0000000085a00000|100%|HS|  |TAMS 0x0000000085900000, 0x0000000085900000| Complete 
|  60|0x0000000085a00000, 0x0000000085b00000, 0x0000000085b00000|100%|HS|  |TAMS 0x0000000085a00000, 0x0000000085a00000| Complete 
|  61|0x0000000085b00000, 0x0000000085c00000, 0x0000000085c00000|100%|HS|  |TAMS 0x0000000085b00000, 0x0000000085b00000| Complete 
|  62|0x0000000085c00000, 0x0000000085c00000, 0x0000000085d00000|  0%| F|  |TAMS 0x0000000085c00000, 0x0000000085c00000| Untracked 
|  63|0x0000000085d00000, 0x0000000085d00000, 0x0000000085e00000|  0%| F|  |TAMS 0x0000000085d00000, 0x0000000085d00000| Untracked 
|  64|0x0000000085e00000, 0x0000000085e00000, 0x0000000085f00000|  0%| F|  |TAMS 0x0000000085e00000, 0x0000000085e00000| Untracked 
|  65|0x0000000085f00000, 0x0000000085f00000, 0x0000000086000000|  0%| F|  |TAMS 0x0000000085f00000, 0x0000000085f00000| Untracked 
|  66|0x0000000086000000, 0x0000000086000000, 0x0000000086100000|  0%| F|  |TAMS 0x0000000086000000, 0x0000000086000000| Untracked 
|  67|0x0000000086100000, 0x0000000086100000, 0x0000000086200000|  0%| F|  |TAMS 0x0000000086100000, 0x0000000086100000| Untracked 
|  68|0x0000000086200000, 0x0000000086200000, 0x0000000086300000|  0%| F|  |TAMS 0x0000000086200000, 0x0000000086200000| Untracked 
|  69|0x0000000086300000, 0x0000000086300000, 0x0000000086400000|  0%| F|  |TAMS 0x0000000086300000, 0x0000000086300000| Untracked 
|  70|0x0000000086400000, 0x0000000086400000, 0x0000000086500000|  0%| F|  |TAMS 0x0000000086400000, 0x0000000086400000| Untracked 
|  71|0x0000000086500000, 0x0000000086500000, 0x0000000086600000|  0%| F|  |TAMS 0x0000000086500000, 0x0000000086500000| Untracked 
|  72|0x0000000086600000, 0x0000000086600000, 0x0000000086700000|  0%| F|  |TAMS 0x0000000086600000, 0x0000000086600000| Untracked 
|  73|0x0000000086700000, 0x0000000086700000, 0x0000000086800000|  0%| F|  |TAMS 0x0000000086700000, 0x0000000086700000| Untracked 
|  74|0x0000000086800000, 0x0000000086800000, 0x0000000086900000|  0%| F|  |TAMS 0x0000000086800000, 0x0000000086800000| Untracked 
|  75|0x0000000086900000, 0x0000000086900000, 0x0000000086a00000|  0%| F|  |TAMS 0x0000000086900000, 0x0000000086900000| Untracked 
|  76|0x0000000086a00000, 0x0000000086a00000, 0x0000000086b00000|  0%| F|  |TAMS 0x0000000086a00000, 0x0000000086a00000| Untracked 
|  77|0x0000000086b00000, 0x0000000086b00000, 0x0000000086c00000|  0%| F|  |TAMS 0x0000000086b00000, 0x0000000086b00000| Untracked 
|  78|0x0000000086c00000, 0x0000000086c00000, 0x0000000086d00000|  0%| F|  |TAMS 0x0000000086c00000, 0x0000000086c00000| Untracked 
|  79|0x0000000086d00000, 0x0000000086d00000, 0x0000000086e00000|  0%| F|  |TAMS 0x0000000086d00000, 0x0000000086d00000| Untracked 
|  80|0x0000000086e00000, 0x0000000086e00000, 0x0000000086f00000|  0%| F|  |TAMS 0x0000000086e00000, 0x0000000086e00000| Untracked 
|  81|0x0000000086f00000, 0x0000000086f00000, 0x0000000087000000|  0%| F|  |TAMS 0x0000000086f00000, 0x0000000086f00000| Untracked 
|  82|0x0000000087000000, 0x0000000087000000, 0x0000000087100000|  0%| F|  |TAMS 0x0000000087000000, 0x0000000087000000| Untracked 
|  83|0x0000000087100000, 0x0000000087100000, 0x0000000087200000|  0%| F|  |TAMS 0x0000000087100000, 0x0000000087100000| Untracked 
|  84|0x0000000087200000, 0x0000000087200000, 0x0000000087300000|  0%| F|  |TAMS 0x0000000087200000, 0x0000000087200000| Untracked 
|  85|0x0000000087300000, 0x0000000087300000, 0x0000000087400000|  0%| F|  |TAMS 0x0000000087300000, 0x0000000087300000| Untracked 
|  86|0x0000000087400000, 0x0000000087400000, 0x0000000087500000|  0%| F|  |TAMS 0x0000000087400000, 0x0000000087400000| Untracked 
|  87|0x0000000087500000, 0x000000008757db80, 0x0000000087600000| 49%| S|CS|TAMS 0x0000000087500000, 0x0000000087500000| Complete 
|  88|0x0000000087600000, 0x0000000087700000, 0x0000000087700000|100%| S|CS|TAMS 0x0000000087600000, 0x0000000087600000| Complete 
|  89|0x0000000087700000, 0x0000000087700000, 0x0000000087800000|  0%| F|  |TAMS 0x0000000087700000, 0x0000000087700000| Untracked 
|  90|0x0000000087800000, 0x0000000087900000, 0x0000000087900000|100%| S|CS|TAMS 0x0000000087800000, 0x0000000087800000| Complete 
|  91|0x0000000087900000, 0x0000000087a00000, 0x0000000087a00000|100%| S|CS|TAMS 0x0000000087900000, 0x0000000087900000| Complete 
|  92|0x0000000087a00000, 0x0000000087b00000, 0x0000000087b00000|100%| S|CS|TAMS 0x0000000087a00000, 0x0000000087a00000| Complete 
|  93|0x0000000087b00000, 0x0000000087c00000, 0x0000000087c00000|100%| S|CS|TAMS 0x0000000087b00000, 0x0000000087b00000| Complete 
|  94|0x0000000087c00000, 0x0000000087c00000, 0x0000000087d00000|  0%| F|  |TAMS 0x0000000087c00000, 0x0000000087c00000| Untracked 
|  95|0x0000000087d00000, 0x0000000087d00000, 0x0000000087e00000|  0%| F|  |TAMS 0x0000000087d00000, 0x0000000087d00000| Untracked 
|  96|0x0000000087e00000, 0x0000000087e00000, 0x0000000087f00000|  0%| F|  |TAMS 0x0000000087e00000, 0x0000000087e00000| Untracked 
|  97|0x0000000087f00000, 0x0000000087f00000, 0x0000000088000000|  0%| F|  |TAMS 0x0000000087f00000, 0x0000000087f00000| Untracked 
|  98|0x0000000088000000, 0x0000000088000000, 0x0000000088100000|  0%| F|  |TAMS 0x0000000088000000, 0x0000000088000000| Untracked 
|  99|0x0000000088100000, 0x0000000088100000, 0x0000000088200000|  0%| F|  |TAMS 0x0000000088100000, 0x0000000088100000| Untracked 
| 100|0x0000000088200000, 0x0000000088200000, 0x0000000088300000|  0%| F|  |TAMS 0x0000000088200000, 0x0000000088200000| Untracked 
| 101|0x0000000088300000, 0x0000000088300000, 0x0000000088400000|  0%| F|  |TAMS 0x0000000088300000, 0x0000000088300000| Untracked 
| 102|0x0000000088400000, 0x0000000088400000, 0x0000000088500000|  0%| F|  |TAMS 0x0000000088400000, 0x0000000088400000| Untracked 
| 103|0x0000000088500000, 0x0000000088500000, 0x0000000088600000|  0%| F|  |TAMS 0x0000000088500000, 0x0000000088500000| Untracked 
| 104|0x0000000088600000, 0x0000000088600000, 0x0000000088700000|  0%| F|  |TAMS 0x0000000088600000, 0x0000000088600000| Untracked 
| 105|0x0000000088700000, 0x0000000088700000, 0x0000000088800000|  0%| F|  |TAMS 0x0000000088700000, 0x0000000088700000| Untracked 
| 106|0x0000000088800000, 0x0000000088800000, 0x0000000088900000|  0%| F|  |TAMS 0x0000000088800000, 0x0000000088800000| Untracked 
| 107|0x0000000088900000, 0x0000000088900000, 0x0000000088a00000|  0%| F|  |TAMS 0x0000000088900000, 0x0000000088900000| Untracked 
| 108|0x0000000088a00000, 0x0000000088a00000, 0x0000000088b00000|  0%| F|  |TAMS 0x0000000088a00000, 0x0000000088a00000| Untracked 
| 109|0x0000000088b00000, 0x0000000088b00000, 0x0000000088c00000|  0%| F|  |TAMS 0x0000000088b00000, 0x0000000088b00000| Untracked 
| 110|0x0000000088c00000, 0x0000000088c00000, 0x0000000088d00000|  0%| F|  |TAMS 0x0000000088c00000, 0x0000000088c00000| Untracked 
| 111|0x0000000088d00000, 0x0000000088d00000, 0x0000000088e00000|  0%| F|  |TAMS 0x0000000088d00000, 0x0000000088d00000| Untracked 
| 112|0x0000000088e00000, 0x0000000088e00000, 0x0000000088f00000|  0%| F|  |TAMS 0x0000000088e00000, 0x0000000088e00000| Untracked 
| 113|0x0000000088f00000, 0x0000000088f00000, 0x0000000089000000|  0%| F|  |TAMS 0x0000000088f00000, 0x0000000088f00000| Untracked 
| 114|0x0000000089000000, 0x0000000089000000, 0x0000000089100000|  0%| F|  |TAMS 0x0000000089000000, 0x0000000089000000| Untracked 
| 115|0x0000000089100000, 0x0000000089100000, 0x0000000089200000|  0%| F|  |TAMS 0x0000000089100000, 0x0000000089100000| Untracked 
| 116|0x0000000089200000, 0x0000000089200000, 0x0000000089300000|  0%| F|  |TAMS 0x0000000089200000, 0x0000000089200000| Untracked 
| 117|0x0000000089300000, 0x0000000089300000, 0x0000000089400000|  0%| F|  |TAMS 0x0000000089300000, 0x0000000089300000| Untracked 
| 118|0x0000000089400000, 0x0000000089400000, 0x0000000089500000|  0%| F|  |TAMS 0x0000000089400000, 0x0000000089400000| Untracked 
| 119|0x0000000089500000, 0x0000000089500000, 0x0000000089600000|  0%| F|  |TAMS 0x0000000089500000, 0x0000000089500000| Untracked 
| 120|0x0000000089600000, 0x0000000089600000, 0x0000000089700000|  0%| F|  |TAMS 0x0000000089600000, 0x0000000089600000| Untracked 
| 121|0x0000000089700000, 0x0000000089700000, 0x0000000089800000|  0%| F|  |TAMS 0x0000000089700000, 0x0000000089700000| Untracked 
| 122|0x0000000089800000, 0x0000000089800000, 0x0000000089900000|  0%| F|  |TAMS 0x0000000089800000, 0x0000000089800000| Untracked 
| 123|0x0000000089900000, 0x0000000089935710, 0x0000000089a00000| 20%| E|  |TAMS 0x0000000089900000, 0x0000000089900000| Complete 
| 124|0x0000000089a00000, 0x0000000089b00000, 0x0000000089b00000|100%| E|CS|TAMS 0x0000000089a00000, 0x0000000089a00000| Complete 
| 125|0x0000000089b00000, 0x0000000089c00000, 0x0000000089c00000|100%| E|CS|TAMS 0x0000000089b00000, 0x0000000089b00000| Complete 
| 126|0x0000000089c00000, 0x0000000089d00000, 0x0000000089d00000|100%| E|CS|TAMS 0x0000000089c00000, 0x0000000089c00000| Complete 
| 127|0x0000000089d00000, 0x0000000089e00000, 0x0000000089e00000|100%| E|CS|TAMS 0x0000000089d00000, 0x0000000089d00000| Complete 
| 128|0x0000000089e00000, 0x0000000089f00000, 0x0000000089f00000|100%| E|CS|TAMS 0x0000000089e00000, 0x0000000089e00000| Complete 
| 129|0x0000000089f00000, 0x000000008a000000, 0x000000008a000000|100%| E|CS|TAMS 0x0000000089f00000, 0x0000000089f00000| Complete 
| 130|0x000000008a000000, 0x000000008a100000, 0x000000008a100000|100%| E|CS|TAMS 0x000000008a000000, 0x000000008a000000| Complete 
| 131|0x000000008a100000, 0x000000008a200000, 0x000000008a200000|100%| E|CS|TAMS 0x000000008a100000, 0x000000008a100000| Complete 
| 132|0x000000008a200000, 0x000000008a300000, 0x000000008a300000|100%| E|CS|TAMS 0x000000008a200000, 0x000000008a200000| Complete 
| 133|0x000000008a300000, 0x000000008a400000, 0x000000008a400000|100%| E|CS|TAMS 0x000000008a300000, 0x000000008a300000| Complete 
| 134|0x000000008a400000, 0x000000008a500000, 0x000000008a500000|100%| E|CS|TAMS 0x000000008a400000, 0x000000008a400000| Complete 
| 135|0x000000008a500000, 0x000000008a600000, 0x000000008a600000|100%| E|CS|TAMS 0x000000008a500000, 0x000000008a500000| Complete 
| 136|0x000000008a600000, 0x000000008a700000, 0x000000008a700000|100%| E|CS|TAMS 0x000000008a600000, 0x000000008a600000| Complete 
| 137|0x000000008a700000, 0x000000008a800000, 0x000000008a800000|100%| E|CS|TAMS 0x000000008a700000, 0x000000008a700000| Complete 
| 138|0x000000008a800000, 0x000000008a900000, 0x000000008a900000|100%| E|CS|TAMS 0x000000008a800000, 0x000000008a800000| Complete 
| 139|0x000000008a900000, 0x000000008aa00000, 0x000000008aa00000|100%| E|CS|TAMS 0x000000008a900000, 0x000000008a900000| Complete 
| 140|0x000000008aa00000, 0x000000008ab00000, 0x000000008ab00000|100%| E|  |TAMS 0x000000008aa00000, 0x000000008aa00000| Complete 
| 141|0x000000008ab00000, 0x000000008ac00000, 0x000000008ac00000|100%| E|CS|TAMS 0x000000008ab00000, 0x000000008ab00000| Complete 
| 142|0x000000008ac00000, 0x000000008ad00000, 0x000000008ad00000|100%| E|CS|TAMS 0x000000008ac00000, 0x000000008ac00000| Complete 
| 143|0x000000008ad00000, 0x000000008ae00000, 0x000000008ae00000|100%| E|CS|TAMS 0x000000008ad00000, 0x000000008ad00000| Complete 
| 144|0x000000008ae00000, 0x000000008af00000, 0x000000008af00000|100%| E|CS|TAMS 0x000000008ae00000, 0x000000008ae00000| Complete 
| 145|0x000000008af00000, 0x000000008b000000, 0x000000008b000000|100%| E|CS|TAMS 0x000000008af00000, 0x000000008af00000| Complete 
| 146|0x000000008b000000, 0x000000008b100000, 0x000000008b100000|100%| E|CS|TAMS 0x000000008b000000, 0x000000008b000000| Complete 
| 147|0x000000008b100000, 0x000000008b200000, 0x000000008b200000|100%| E|CS|TAMS 0x000000008b100000, 0x000000008b100000| Complete 
| 148|0x000000008b200000, 0x000000008b300000, 0x000000008b300000|100%| E|CS|TAMS 0x000000008b200000, 0x000000008b200000| Complete 
| 149|0x000000008b300000, 0x000000008b400000, 0x000000008b400000|100%| E|CS|TAMS 0x000000008b300000, 0x000000008b300000| Complete 
| 150|0x000000008b400000, 0x000000008b500000, 0x000000008b500000|100%| E|CS|TAMS 0x000000008b400000, 0x000000008b400000| Complete 
| 151|0x000000008b500000, 0x000000008b600000, 0x000000008b600000|100%| E|CS|TAMS 0x000000008b500000, 0x000000008b500000| Complete 
| 152|0x000000008b600000, 0x000000008b700000, 0x000000008b700000|100%| E|CS|TAMS 0x000000008b600000, 0x000000008b600000| Complete 
| 153|0x000000008b700000, 0x000000008b800000, 0x000000008b800000|100%| E|CS|TAMS 0x000000008b700000, 0x000000008b700000| Complete 

Card table byte_map: [0x00000252dd190000,0x00000252dd590000] _byte_map_base: 0x00000252dcd81000

Marking Bits (Prev, Next): (CMBitMap*) 0x00000252c59ac5c8, (CMBitMap*) 0x00000252c59ac600
 Prev Bits: [0x00000252dd990000, 0x00000252df918000)
 Next Bits: [0x00000252df920000, 0x00000252e18a8000)

Polling page: 0x00000252c3830000

Metaspace:

Usage:
  Non-class:     37.93 MB capacity,    37.18 MB ( 98%) used,   610.20 KB (  2%) free+waste,   150.63 KB ( <1%) overhead. 
      Class:      5.17 MB capacity,     4.69 MB ( 91%) used,   426.48 KB (  8%) free+waste,    71.88 KB (  1%) overhead. 
       Both:     43.10 MB capacity,    41.87 MB ( 97%) used,     1.01 MB (  2%) free+waste,   222.50 KB ( <1%) overhead. 

Virtual space:
  Non-class space:       38.00 MB reserved,      38.00 MB (100%) committed 
      Class space:        1.00 GB reserved,       5.25 MB ( <1%) committed 
             Both:        1.04 GB reserved,      43.25 MB (  4%) committed 

Chunk freelists:
   Non-Class:  1.50 KB
       Class:  0 bytes
        Both:  1.50 KB

CodeHeap 'non-profiled nmethods': size=120064Kb used=3019Kb max_used=3019Kb free=117044Kb
 bounds [0x00000252d5740000, 0x00000252d5a40000, 0x00000252dcc80000]
CodeHeap 'profiled nmethods': size=120000Kb used=9037Kb max_used=9037Kb free=110962Kb
 bounds [0x00000252ce210000, 0x00000252ceaf0000, 0x00000252d5740000]
CodeHeap 'non-nmethods': size=5696Kb used=1200Kb max_used=1257Kb free=4495Kb
 bounds [0x00000252cdc80000, 0x00000252cdef0000, 0x00000252ce210000]
 total_blobs=6704 nmethods=4545 adapters=465
 compilation: enabled
              stopped_count=0, restarted_count=0
 full_count=0

Compilation events (10 events):
Event: 14.173 Thread 0x00000252e4a6b000 nmethod 5048 0x00000252d5930290 code [0x00000252d5930440, 0x00000252d5930558]
Event: 14.173 Thread 0x00000252e4a6b000 5049       4       org.aspectj.weaver.ResolvedMemberImpl::isVarargsMethod (17 bytes)
Event: 14.173 Thread 0x00000252e4a6b000 nmethod 5049 0x00000252d5930010 code [0x00000252d59301a0, 0x00000252d5930218]
Event: 14.173 Thread 0x00000252e4a6b000 5050       4       org.aspectj.weaver.patterns.ThrowsPattern::matches (105 bytes)
Event: 14.173 Thread 0x00000252e4a6b000 nmethod 5050 0x00000252d592fd10 code [0x00000252d592fea0, 0x00000252d592ff38]
Event: 14.173 Thread 0x00000252e4a6b000 5009       4       jdk.internal.org.objectweb.asm.Item::isEqualTo (354 bytes)
Event: 14.180 Thread 0x00000252e4a6b000 nmethod 5009 0x00000252d592ef10 code [0x00000252d592f0e0, 0x00000252d592faf8]
Event: 14.180 Thread 0x00000252e4a6b000 5018       4       org.aspectj.weaver.patterns.TypePattern::matchesStatically (19 bytes)
Event: 14.180 Thread 0x00000252e4a6b000 nmethod 5018 0x00000252d592eb10 code [0x00000252d592ecc0, 0x00000252d592ed88]
Event: 14.180 Thread 0x00000252e4a6b000 5024       4       org.aspectj.weaver.bcel.LazyMethodGen::markAsChanged (61 bytes)

GC Heap History (10 events):
Event: 3.584 GC heap before
{Heap before GC invocations=8 (full 0):
 garbage-first heap   total 157696K, used 105454K [0x0000000081e00000, 0x0000000100000000)
  region size 1024K, 75 young (76800K), 7 survivors (7168K)
 Metaspace       used 34446K, capacity 35287K, committed 35584K, reserved 1081344K
  class space    used 3691K, capacity 4049K, committed 4096K, reserved 1048576K
}
Event: 3.591 GC heap after
{Heap after GC invocations=9 (full 0):
 garbage-first heap   total 157696K, used 42252K [0x0000000081e00000, 0x0000000100000000)
  region size 1024K, 7 young (7168K), 7 survivors (7168K)
 Metaspace       used 34446K, capacity 35287K, committed 35584K, reserved 1081344K
  class space    used 3691K, capacity 4049K, committed 4096K, reserved 1048576K
}
Event: 4.121 GC heap before
{Heap before GC invocations=9 (full 0):
 garbage-first heap   total 157696K, used 45324K [0x0000000081e00000, 0x0000000100000000)
  region size 1024K, 11 young (11264K), 7 survivors (7168K)
 Metaspace       used 34709K, capacity 35479K, committed 35584K, reserved 1081344K
  class space    used 3725K, capacity 4049K, committed 4096K, reserved 1048576K
}
Event: 4.125 GC heap after
{Heap after GC invocations=10 (full 0):
 garbage-first heap   total 157696K, used 43008K [0x0000000081e00000, 0x0000000100000000)
  region size 1024K, 1 young (1024K), 1 survivors (1024K)
 Metaspace       used 34709K, capacity 35479K, committed 35584K, reserved 1081344K
  class space    used 3725K, capacity 4049K, committed 4096K, reserved 1048576K
}
Event: 4.705 GC heap before
{Heap before GC invocations=11 (full 0):
 garbage-first heap   total 157696K, used 108544K [0x0000000081e00000, 0x0000000100000000)
  region size 1024K, 65 young (66560K), 1 survivors (1024K)
 Metaspace       used 37491K, capacity 38519K, committed 38656K, reserved 1083392K
  class space    used 4143K, capacity 4560K, committed 4608K, reserved 1048576K
}
Event: 4.710 GC heap after
{Heap after GC invocations=12 (full 0):
 garbage-first heap   total 157696K, used 46774K [0x0000000081e00000, 0x0000000100000000)
  region size 1024K, 5 young (5120K), 5 survivors (5120K)
 Metaspace       used 37491K, capacity 38519K, committed 38656K, reserved 1083392K
  class space    used 4143K, capacity 4560K, committed 4608K, reserved 1048576K
}
Event: 7.495 GC heap before
{Heap before GC invocations=12 (full 0):
 garbage-first heap   total 157696K, used 117430K [0x0000000081e00000, 0x0000000100000000)
  region size 1024K, 69 young (70656K), 5 survivors (5120K)
 Metaspace       used 40576K, capacity 41753K, committed 41984K, reserved 1085440K
  class space    used 4569K, capacity 5042K, committed 5120K, reserved 1048576K
}
Event: 7.501 GC heap after
{Heap after GC invocations=13 (full 0):
 garbage-first heap   total 157696K, used 56820K [0x0000000081e00000, 0x0000000100000000)
  region size 1024K, 9 young (9216K), 9 survivors (9216K)
 Metaspace       used 40576K, capacity 41753K, committed 41984K, reserved 1085440K
  class space    used 4569K, capacity 5042K, committed 5120K, reserved 1048576K
}
Event: 13.179 GC heap before
{Heap before GC invocations=13 (full 0):
 garbage-first heap   total 157696K, used 117236K [0x0000000081e00000, 0x0000000100000000)
  region size 1024K, 69 young (70656K), 9 survivors (9216K)
 Metaspace       used 41780K, capacity 43010K, committed 43136K, reserved 1087488K
  class space    used 4654K, capacity 5158K, committed 5248K, reserved 1048576K
}
Event: 13.184 GC heap after
{Heap after GC invocations=14 (full 0):
 garbage-first heap   total 157696K, used 57502K [0x0000000081e00000, 0x0000000100000000)
  region size 1024K, 6 young (6144K), 6 survivors (6144K)
 Metaspace       used 41780K, capacity 43010K, committed 43136K, reserved 1087488K
  class space    used 4654K, capacity 5158K, committed 5248K, reserved 1048576K
}

Deoptimization events (10 events):
Event: 13.981 Thread 0x00000252c596e800 Uncommon trap: reason=unstable_if action=reinterpret pc=0x00000252d5814f54 method=sun.nio.fs.WindowsPathParser.normalize(Ljava/lang/StringBuilder;Ljava/lang/String;I)Ljava/lang/String; @ 100 c2
Event: 13.984 Thread 0x00000252c596e800 Uncommon trap: reason=unstable_if action=reinterpret pc=0x00000252d5811ba8 method=java.net.URI.match(CJJ)Z @ 32 c2
Event: 13.984 Thread 0x00000252c596e800 Uncommon trap: reason=unstable_if action=reinterpret pc=0x00000252d5925a0c method=java.lang.String.regionMatches(ZILjava/lang/String;II)Z @ 77 c2
Event: 13.984 Thread 0x00000252c596e800 Uncommon trap: reason=unstable_if action=reinterpret pc=0x00000252d5980368 method=java.lang.String.regionMatches(ZILjava/lang/String;II)Z @ 77 c2
Event: 14.049 Thread 0x00000252c596e800 Uncommon trap: reason=class_check action=maybe_recompile pc=0x00000252d591a138 method=java.util.concurrent.ConcurrentHashMap.putVal(Ljava/lang/Object;Ljava/lang/Object;Z)Ljava/lang/Object; @ 159 c2
Event: 14.049 Thread 0x00000252c596e800 Uncommon trap: reason=class_check action=maybe_recompile pc=0x00000252d591a138 method=java.util.concurrent.ConcurrentHashMap.putVal(Ljava/lang/Object;Ljava/lang/Object;Z)Ljava/lang/Object; @ 159 c2
Event: 14.049 Thread 0x00000252c596e800 Uncommon trap: reason=class_check action=maybe_recompile pc=0x00000252d591a1d0 method=java.util.concurrent.ConcurrentHashMap.putVal(Ljava/lang/Object;Ljava/lang/Object;Z)Ljava/lang/Object; @ 242 c2
Event: 14.049 Thread 0x00000252c596e800 Uncommon trap: reason=class_check action=maybe_recompile pc=0x00000252d591a138 method=java.util.concurrent.ConcurrentHashMap.putVal(Ljava/lang/Object;Ljava/lang/Object;Z)Ljava/lang/Object; @ 159 c2
Event: 14.059 Thread 0x00000252c596e800 Uncommon trap: reason=unstable_if action=reinterpret pc=0x00000252d586290c method=java.util.concurrent.ConcurrentHashMap.get(Ljava/lang/Object;)Ljava/lang/Object; @ 76 c2
Event: 14.110 Thread 0x00000252c596e800 Uncommon trap: reason=unstable_if action=reinterpret pc=0x00000252d5810334 method=java.util.regex.Pattern$LastNode.match(Ljava/util/regex/Matcher;ILjava/lang/CharSequence;)Z @ 5 c2

Classes redefined (0 events):
No events

Internal exceptions (10 events):
Event: 13.998 Thread 0x00000252c596e800 Exception <a 'sun/nio/fs/WindowsException'{0x000000008a7ec7d0}> (0x000000008a7ec7d0) thrown at [t:/workspace/open/src/hotspot/share/prims/jni.cpp, line 615]
Event: 14.102 Thread 0x00000252c596e800 Exception <a 'java/lang/IncompatibleClassChangeError'{0x0000000089c6ba88}: Found class java.lang.Object, but interface was expected> (0x0000000089c6ba88) thrown at [t:/workspace/open/src/hotspot/share/interpreter/linkResolver.cpp, line 856]
Event: 14.104 Thread 0x00000252c596e800 Exception <a 'java/lang/IncompatibleClassChangeError'{0x0000000089c84e80}: Found class java.lang.Object, but interface was expected> (0x0000000089c84e80) thrown at [t:/workspace/open/src/hotspot/share/interpreter/linkResolver.cpp, line 856]
Event: 14.104 Thread 0x00000252c596e800 Exception <a 'java/lang/IncompatibleClassChangeError'{0x0000000089c87f48}: Found class java.lang.Object, but interface was expected> (0x0000000089c87f48) thrown at [t:/workspace/open/src/hotspot/share/interpreter/linkResolver.cpp, line 856]
Event: 14.104 Thread 0x00000252c596e800 Exception <a 'java/lang/IncompatibleClassChangeError'{0x0000000089c8afb0}: Found class java.lang.Object, but interface was expected> (0x0000000089c8afb0) thrown at [t:/workspace/open/src/hotspot/share/interpreter/linkResolver.cpp, line 856]
Event: 14.104 Thread 0x00000252c596e800 Exception <a 'java/lang/IncompatibleClassChangeError'{0x0000000089c8e048}: Found class java.lang.Object, but interface was expected> (0x0000000089c8e048) thrown at [t:/workspace/open/src/hotspot/share/interpreter/linkResolver.cpp, line 856]
Event: 14.104 Thread 0x00000252c596e800 Exception <a 'sun/nio/fs/WindowsException'{0x0000000089c90df0}> (0x0000000089c90df0) thrown at [t:/workspace/open/src/hotspot/share/prims/jni.cpp, line 615]
Event: 14.110 Thread 0x00000252c596e800 Exception <a 'java/lang/IncompatibleClassChangeError'{0x0000000089b0bf48}: Found class java.lang.Object, but interface was expected> (0x0000000089b0bf48) thrown at [t:/workspace/open/src/hotspot/share/interpreter/linkResolver.cpp, line 856]
Event: 14.112 Thread 0x00000252c596e800 Exception <a 'java/lang/NoClassDefFoundError'{0x0000000089b40010}: junit/framework/ComparisonFailure> (0x0000000089b40010) thrown at [t:/workspace/open/src/hotspot/share/classfile/systemDictionary.cpp, line 220]
Event: 14.115 Thread 0x00000252c596e800 Exception <a 'sun/nio/fs/WindowsException'{0x0000000089bbfd50}> (0x0000000089bbfd50) thrown at [t:/workspace/open/src/hotspot/share/prims/jni.cpp, line 615]

Events (10 events):
Event: 14.164 Thread 0x00000252e5942000 Thread added: 0x00000252e5942000
Event: 14.164 loading class org/openqa/selenium/remote/Response
Event: 14.164 loading class org/openqa/selenium/remote/Response done
Event: 14.164 loading class org/openqa/selenium/remote/service/DriverCommandExecutor
Event: 14.164 loading class org/openqa/selenium/remote/service/DriverCommandExecutor done
Event: 14.164 Thread 0x00000252e5943000 Thread added: 0x00000252e5943000
Event: 14.164 loading class io/netty/handler/codec/http/websocketx/PongWebSocketFrame
Event: 14.164 loading class io/netty/handler/codec/http/websocketx/PongWebSocketFrame done
Event: 14.165 loading class io/netty/channel/AbstractChannel$AbstractUnsafe$7
Event: 14.165 loading class io/netty/channel/AbstractChannel$AbstractUnsafe$7 done


Dynamic libraries:
0x00007ff7d8980000 - 0x00007ff7d89c7000 	C:\Program Files\Java\jdk-11.0.1\bin\java.exe
0x00007ffafd0c0000 - 0x00007ffafd2b0000 	C:\WINDOWS\SYSTEM32\ntdll.dll
0x00007ffafc4d0000 - 0x00007ffafc582000 	C:\WINDOWS\System32\KERNEL32.DLL
0x00007ffafacb0000 - 0x00007ffafaf55000 	C:\WINDOWS\System32\KERNELBASE.dll
0x00007ffafc1f0000 - 0x00007ffafc295000 	C:\WINDOWS\System32\ADVAPI32.dll
0x00007ffafc5a0000 - 0x00007ffafc63e000 	C:\WINDOWS\System32\msvcrt.dll
0x00007ffafccd0000 - 0x00007ffafcd68000 	C:\WINDOWS\System32\sechost.dll
0x00007ffafc2a0000 - 0x00007ffafc3bb000 	C:\WINDOWS\System32\RPCRT4.dll
0x00007ffafcb30000 - 0x00007ffafccc4000 	C:\WINDOWS\System32\USER32.dll
0x00007ffafa7e0000 - 0x00007ffafa801000 	C:\WINDOWS\System32\win32u.dll
0x00007ffafce20000 - 0x00007ffafce46000 	C:\WINDOWS\System32\GDI32.dll
0x00007ffafa810000 - 0x00007ffafa9a8000 	C:\WINDOWS\System32\gdi32full.dll
0x00007ffafb070000 - 0x00007ffafb10e000 	C:\WINDOWS\System32\msvcp_win.dll
0x00007ffafaa60000 - 0x00007ffafab5a000 	C:\WINDOWS\System32\ucrtbase.dll
0x00007ffae3d30000 - 0x00007ffae3fb4000 	C:\WINDOWS\WinSxS\amd64_microsoft.windows.common-controls_6595b64144ccf1df_6.0.18362.2274_none_9e8067a5e45c3d75\COMCTL32.dll
0x00007ffaf5200000 - 0x00007ffaf520a000 	C:\WINDOWS\SYSTEM32\VERSION.dll
0x00007ffafbe40000 - 0x00007ffafc176000 	C:\WINDOWS\System32\combase.dll
0x00007ffafafe0000 - 0x00007ffafb064000 	C:\WINDOWS\System32\bcryptPrimitives.dll
0x00007ffafb850000 - 0x00007ffafb87e000 	C:\WINDOWS\System32\IMM32.DLL
0x00007ffaf17f0000 - 0x00007ffaf1806000 	C:\Program Files\Java\jdk-11.0.1\bin\vcruntime140.dll
0x00007ffaee660000 - 0x00007ffaee70a000 	C:\Program Files\Java\jdk-11.0.1\bin\msvcp140.dll
0x00007ffa8d2c0000 - 0x00007ffa8de02000 	C:\Program Files\Java\jdk-11.0.1\bin\server\jvm.dll
0x00007ffafc490000 - 0x00007ffafc498000 	C:\WINDOWS\System32\PSAPI.DLL
0x00007ffaf7d60000 - 0x00007ffaf7d84000 	C:\WINDOWS\SYSTEM32\WINMM.dll
0x00007ffaf7e10000 - 0x00007ffaf7e19000 	C:\WINDOWS\SYSTEM32\WSOCK32.dll
0x00007ffaf7d30000 - 0x00007ffaf7d5d000 	C:\WINDOWS\SYSTEM32\WINMMBASE.dll
0x00007ffafb110000 - 0x00007ffafb15a000 	C:\WINDOWS\System32\cfgmgr32.dll
0x00007ffafc780000 - 0x00007ffafc7ef000 	C:\WINDOWS\System32\WS2_32.dll
0x00007ffaf9f80000 - 0x00007ffaf9f91000 	C:\WINDOWS\System32\kernel.appcore.dll
0x00007ffaf16c0000 - 0x00007ffaf16d1000 	C:\Program Files\Java\jdk-11.0.1\bin\verify.dll
0x00007ffae6c00000 - 0x00007ffae6df4000 	C:\WINDOWS\SYSTEM32\DBGHELP.DLL
0x00007ffae6150000 - 0x00007ffae617a000 	C:\WINDOWS\SYSTEM32\dbgcore.DLL
0x00007ffaf11a0000 - 0x00007ffaf11c9000 	C:\Program Files\Java\jdk-11.0.1\bin\java.dll
0x00007ffaee570000 - 0x00007ffaee59f000 	C:\Program Files\Java\jdk-11.0.1\bin\instrument.dll
0x00007ffaf16a0000 - 0x00007ffaf16b6000 	C:\Program Files\Java\jdk-11.0.1\bin\zip.dll
0x00007ffaf2270000 - 0x00007ffaf227a000 	C:\Program Files\Java\jdk-11.0.1\bin\jimage.dll
0x00007ffafb160000 - 0x00007ffafb847000 	C:\WINDOWS\System32\SHELL32.dll
0x00007ffafcd70000 - 0x00007ffafce19000 	C:\WINDOWS\System32\shcore.dll
0x00007ffafa030000 - 0x00007ffafa7ac000 	C:\WINDOWS\System32\windows.storage.dll
0x00007ffaf9fc0000 - 0x00007ffaf9fde000 	C:\WINDOWS\System32\profapi.dll
0x00007ffaf9fe0000 - 0x00007ffafa02a000 	C:\WINDOWS\System32\powrprof.dll
0x00007ffaf9f70000 - 0x00007ffaf9f80000 	C:\WINDOWS\System32\UMPDC.dll
0x00007ffafbde0000 - 0x00007ffafbe32000 	C:\WINDOWS\System32\shlwapi.dll
0x00007ffafaf60000 - 0x00007ffafaf77000 	C:\WINDOWS\System32\cryptsp.dll
0x00007ffaf15f0000 - 0x00007ffaf1609000 	C:\Program Files\Java\jdk-11.0.1\bin\net.dll
0x00007ffaf5080000 - 0x00007ffaf5179000 	C:\WINDOWS\SYSTEM32\WINHTTP.dll
0x00007ffaf9750000 - 0x00007ffaf97b7000 	C:\WINDOWS\system32\mswsock.dll
0x00007ffaf0a30000 - 0x00007ffaf0a43000 	C:\Program Files\Java\jdk-11.0.1\bin\nio.dll
0x00007ffaee520000 - 0x00007ffaee53a000 	C:\Program Files\JetBrains\IntelliJ IDEA Community Edition 2022.2.2\bin\breakgen64.dll
0x00007ffaf92d0000 - 0x00007ffaf9303000 	C:\WINDOWS\system32\rsaenh.dll
0x00007ffafa7b0000 - 0x00007ffafa7d6000 	C:\WINDOWS\System32\bcrypt.dll
0x00007ffaf9e60000 - 0x00007ffaf9e85000 	C:\WINDOWS\SYSTEM32\USERENV.dll
0x00007ffaf9980000 - 0x00007ffaf998c000 	C:\WINDOWS\SYSTEM32\CRYPTBASE.dll
0x00007ffaf9460000 - 0x00007ffaf949a000 	C:\WINDOWS\SYSTEM32\IPHLPAPI.DLL
0x00007ffafc590000 - 0x00007ffafc598000 	C:\WINDOWS\System32\NSI.dll
0x00007ffaf6070000 - 0x00007ffaf6086000 	C:\WINDOWS\SYSTEM32\dhcpcsvc6.DLL
0x00007ffaf6040000 - 0x00007ffaf605c000 	C:\WINDOWS\SYSTEM32\dhcpcsvc.DLL
0x00007ffaf94a0000 - 0x00007ffaf956a000 	C:\WINDOWS\SYSTEM32\DNSAPI.dll
0x00007ffae09d0000 - 0x00007ffae09e6000 	C:\WINDOWS\system32\napinsp.dll
0x00007ffae09b0000 - 0x00007ffae09ca000 	C:\WINDOWS\system32\pnrpnsp.dll
0x00007ffae09a0000 - 0x00007ffae09ae000 	C:\WINDOWS\System32\winrnr.dll
0x00007ffaf63f0000 - 0x00007ffaf640c000 	C:\WINDOWS\system32\NLAapi.dll
0x00007ffae0950000 - 0x00007ffae0965000 	C:\WINDOWS\system32\wshbth.dll
0x00007ffaf2b10000 - 0x00007ffaf2b1a000 	C:\Windows\System32\rasadhlp.dll
0x00007ffaf60d0000 - 0x00007ffaf6147000 	C:\WINDOWS\System32\fwpuclnt.dll
0x00007ffaefed0000 - 0x00007ffaefed9000 	C:\Program Files\Java\jdk-11.0.1\bin\management.dll
0x00007ffaee560000 - 0x00007ffaee56c000 	C:\Program Files\Java\jdk-11.0.1\bin\management_ext.dll
0x00007ffaee4f0000 - 0x00007ffaee517000 	C:\Program Files\Java\jdk-11.0.1\bin\sunec.dll

dbghelp: loaded successfully - version: 4.0.5 - missing functions: none
symbol engine: initialized successfully - sym options: 0x614 - pdb path: .;C:\Program Files\Java\jdk-11.0.1\bin;C:\WINDOWS\SYSTEM32;C:\WINDOWS\WinSxS\amd64_microsoft.windows.common-controls_6595b64144ccf1df_6.0.18362.2274_none_9e8067a5e45c3d75;C:\Program Files\Java\jdk-11.0.1\bin\server;C:\Program Files\JetBrains\IntelliJ IDEA Community Edition 2022.2.2\bin

VM Arguments:
jvm_args: -ea -Dallure.results.directory=target/allure-results -javaagent:C:\Users\инет\.m2\repository/org/aspectj/aspectjweaver/1.9.9.1/aspectjweaver-1.9.9.1.jar -Didea.test.cyclic.buffer.size=1048576 -javaagent:C:\Program Files\JetBrains\IntelliJ IDEA Community Edition 2022.2.2\lib\idea_rt.jar=61584:C:\Program Files\JetBrains\IntelliJ IDEA Community Edition 2022.2.2\bin -Dfile.encoding=UTF-8 
java_command: com.intellij.rt.junit.JUnitStarter -ideVersion5 -junit5 ModleTest,test
java_class_path (initial): C:\Program Files\JetBrains\IntelliJ IDEA Community Edition 2022.2.2\lib\idea_rt.jar;C:\Program Files\JetBrains\IntelliJ IDEA Community Edition 2022.2.2\plugins\junit\lib\junit5-rt.jar;C:\Program Files\JetBrains\IntelliJ IDEA Community Edition 2022.2.2\plugins\junit\lib\junit-rt.jar;C:\Users\инет\IdeaProjects\Mav\target\test-classes;C:\Users\инет\IdeaProjects\Mav\target\classes;C:\Users\инет\.m2\repository\io\qameta\allure\allure-selenide\2.13.1\allure-selenide-2.13.1.jar;C:\Users\инет\.m2\repository\io\qameta\allure\allure-java-commons\2.13.1\allure-java-commons-2.13.1.jar;C:\Users\инет\.m2\repository\io\qameta\allure\allure-model\2.13.1\allure-model-2.13.1.jar;C:\Users\инет\.m2\repository\com\fasterxml\jackson\core\jackson-databind\2.9.8\jackson-databind-2.9.8.jar;C:\Users\инет\.m2\repository\com\fasterxml\jackson\core\jackson-annotations\2.9.0\jackson-annotations-2.9.0.jar;C:\Users\инет\.m2\repository\com\fasterxml\jackson\core\jackson-core\2.9.8\jackson-core-2.9.8.jar;C:\Users\инет\.m2\repository\org\apache\tika\tika-core\1.20\tika-core-1.20.jar;C:\Users\инет\.m2\repository\org\jooq\joor-java-8\0.9.10\joor-java-8-0.9.10.jar;C:\Users\инет\.m2\repository\com\codeborne\selenide\6.8.1\selenide-6.8.1.jar;C:\Users\инет\.m2\repository\org\seleniumhq\selenium\selenium-java\4.4.0\selenium-java-4.4.0.jar;C:\Users\инет\.m2\repository\org\seleniumhq\selenium\selenium-api\4.4.0\selenium-api-4.4.0.jar;C:\Users\инет\.m2\repository\org\seleniumhq\selenium\selenium-chrome-driver\4.4.0\selenium-chrome-driver-4.4.0.jar;C:\Users\инет\.m2\repository\com\google\auto\service\auto-service-annotations\1.0.1\auto-service-annotations-1.0.1.jar;C:\Users\инет\.m2\repository\com\google\auto\service\auto-service\1.0.1\auto-service-1.0.1.jar;C:\Users\инет\.m2\repository\com\google\auto\auto-common\1.2\auto-common-1.2.jar;C:\Users\инет\.m2\repository\org\seleniumhq\selenium\selenium-chromium-driver\4.4.0\selenium-chromium-driver-4.4.0.jar;C:\Users\инет\.m2\repository
Launcher Type: SUN_STANDARD

[Global flags]
     intx CICompilerCount                          = 3                                         {product} {ergonomic}
     uint ConcGCThreads                            = 2                                         {product} {ergonomic}
     uint G1ConcRefinementThreads                  = 6                                         {product} {ergonomic}
   size_t G1HeapRegionSize                         = 1048576                                   {product} {ergonomic}
    uintx GCDrainStackTargetSize                   = 64                                        {product} {ergonomic}
   size_t InitialHeapSize                          = 134217728                                 {product} {ergonomic}
   size_t MarkStackSize                            = 4194304                                   {product} {ergonomic}
   size_t MaxHeapSize                              = 2116026368                                {product} {ergonomic}
   size_t MaxNewSize                               = 1268776960                                {product} {ergonomic}
   size_t MinHeapDeltaBytes                        = 1048576                                   {product} {ergonomic}
    uintx NonNMethodCodeHeapSize                   = 5830092                                {pd product} {ergonomic}
    uintx NonProfiledCodeHeapSize                  = 122914074                              {pd product} {ergonomic}
    uintx ProfiledCodeHeapSize                     = 122914074                              {pd product} {ergonomic}
    uintx ReservedCodeCacheSize                    = 251658240                              {pd product} {ergonomic}
     bool SegmentedCodeCache                       = true                                      {product} {ergonomic}
     bool UseCompressedClassPointers               = true                                 {lp64_product} {ergonomic}
     bool UseCompressedOops                        = true                                 {lp64_product} {ergonomic}
     bool UseG1GC                                  = true                                      {product} {ergonomic}
     bool UseLargePagesIndividualAllocation        = false                                  {pd product} {ergonomic}

Logging:
Log output configuration:
 #0: stdout all=warning uptime,level,tags
 #1: stderr all=off uptime,level,tags

Environment Variables:
JAVA_HOME=C:\Program Files (x86)\Java\jdk1.8.0_181
PATH=C:\Program Files\Microsoft MPI\Bin\;C:\Windows\system32;C:\Windows;C:\Windows\System32\Wbem;C:\Windows\System32\WindowsPowerShell\v1.0\;C:\Program Files\Git\cmd;C:\Program Files\dotnet\;C:\Program Files\Microsoft SQL Server\130\Tools\Binn\;C:\Program Files\Microsoft SQL Server\Client SDK\ODBC\130\Tools\Binn\;C:\Program Files (x86)\Microsoft SQL Server\130\Tools\Binn\;C:\Program Files\Microsoft SQL Server\130\DTS\Binn\;C:\Program Files (x86)\Microsoft SQL Server\140\Tools\Binn\;C:\Program Files (x86)\NVIDIA Corporation\PhysX\Common;C:\Program Files\Microsoft SQL Server\110\Tools\Binn\;C:\Program Files\nodejs\;C:\Program Files\Microsoft SQL Server\140\Tools\Binn\;C:\Program Files\Microsoft SQL Server\140\DTS\Binn\;C:\WINDOWS\system32;C:\WINDOWS;C:\WINDOWS\System32\Wbem;C:\WINDOWS\System32\WindowsPowerShell\v1.0\;C:\WINDOWS\System32\OpenSSH\;C:\Program Files (x86)\Microsoft SQL Server\150\Tools\Binn\;C:\Program Files\Microsoft SQL Server\150\Tools\Binn\;C:\Program Files (x86)\Microsoft SQL Server\150\DTS\Binn\;C:\Program Files\Microsoft SQL Server\150\DTS\Binn\;C:\Program Files\Microsoft SQL Server\Client SDK\ODBC\170\Tools\Binn\;C:\Program Files\Azure Data Studio\bin;C:\Program Files\Common Files\Autodesk Shared\;C:\Program Files (x86)\Autodesk\Backburner\;C:\Users\инет\AppData\Local\Microsoft\WindowsApps;C:\Users\инет\.dotnet\tools
USERNAME=инет
OS=Windows_NT
PROCESSOR_IDENTIFIER=Intel64 Family 6 Model 158 Stepping 13, GenuineIntel



---------------  S Y S T E M  ---------------

OS: Windows 10 , 64 bit Build 18362 (10.0.18362.2274)

CPU:total 6 (initial active 6) (6 cores per cpu, 1 threads per core) family 6 model 158 stepping 13, cmov, cx8, fxsr, mmx, sse, sse2, sse3, ssse3, sse4.1, sse4.2, popcnt, avx, avx2, aes, clmul, erms, 3dnowpref, lzcnt, tsc, tscinvbit, bmi1, bmi2, adx, fma

Memory: 4k page, system-wide physical 8068M (1489M free)
TotalPageFile size 9809M (AvailPageFile size 6M)
current process WorkingSet (physical memory assigned to process): 301M, peak: 342M
current process commit charge ("private bytes"): 338M, peak: 379M

vm_info: Java HotSpot(TM) 64-Bit Server VM (11.0.1+13-LTS) for windows-amd64 JRE (11.0.1+13-LTS), built on Oct  6 2018 13:20:16 by "mach5one" with MS VC++ 15.5 (VS2017)

END.
