#
# There is insufficient memory for the Java Runtime Environment to continue.
# Native memory allocation (mmap) failed to map 32505856 bytes for Failed to commit area from 0x000000008b800000 to 0x000000008d700000 of length 32505856.
# Possible reasons:
#   The system is out of physical RAM or swap space
#   The process is running with CompressedOops enabled, and the Java Heap may be blocking the growth of the native heap
# Possible solutions:
#   Reduce memory load on the system
#   Increase physical memory or swap space
#   Check if swap backing store is full
#   Decrease Java heap size (-Xmx/-Xms)
#   Decrease number of Java threads
#   Decrease Java thread stack sizes (-Xss)
#   Set larger code cache with -XX:ReservedCodeCacheSize=
#   JVM is running with Unscaled Compressed Oops mode in which the Java heap is
#     placed in the first 4GB address space. The Java Heap base address is the
#     maximum limit for the native heap growth. Please use -XX:HeapBaseMinAddress
#     to set the Java Heap base and to place the Java Heap above 4GB virtual address.
# This output file may be truncated or incomplete.
#
#  Out of Memory Error (t:/workspace/open/src/hotspot/os/windows/os_windows.cpp:3269), pid=13036, tid=12484
#
# JRE version: Java(TM) SE Runtime Environment (11.0.1+13) (build 11.0.1+13-LTS)
# Java VM: Java HotSpot(TM) 64-Bit Server VM (11.0.1+13-LTS, mixed mode, tiered, compressed oops, g1 gc, windows-amd64)
# No core dump will be written. Minidumps are not enabled by default on client versions of Windows
#

---------------  S U M M A R Y ------------

Command Line: -ea -Dallure.results.directory=target/allure-results -javaagent:C:\Users\инет\.m2\repository/org/aspectj/aspectjweaver/1.9.9.1/aspectjweaver-1.9.9.1.jar -Didea.test.cyclic.buffer.size=1048576 -javaagent:C:\Program Files\JetBrains\IntelliJ IDEA Community Edition 2022.2.2\lib\idea_rt.jar=52018:C:\Program Files\JetBrains\IntelliJ IDEA Community Edition 2022.2.2\bin -Dfile.encoding=UTF-8 com.intellij.rt.junit.JUnitStarter -ideVersion5 -junit5 ModleTest,test

Host: Intel(R) Core(TM) i5-9600K CPU @ 3.70GHz, 6 cores, 7G,  Windows 10 , 64 bit Build 18362 (10.0.18362.2274)
Time: Thu Nov 10 13:02:45 2022 RTZ 2 (ceia) elapsed time: 3 seconds (0d 0h 0m 3s)

---------------  T H R E A D  ---------------

Current thread (0x00000274f26e1800):  VMThread "VM Thread" [stack: 0x0000008102e00000,0x0000008102f00000] [id=12484]

Stack: [0x0000008102e00000,0x0000008102f00000]
[error occurred during error reporting (printing stack bounds), id 0xc0000005, EXCEPTION_ACCESS_VIOLATION (0xc0000005) at pc=0x00000274dbac0bad]

Native frames: (J=compiled Java code, j=interpreted, Vv=VM code, C=native code)
V  [jvm.dll+0x63c21a]
V  [jvm.dll+0x7797df]
V  [jvm.dll+0x77adca]
V  [jvm.dll+0x77b3e5]
V  [jvm.dll+0x77b39b]
V  [jvm.dll+0x63b916]
V  [jvm.dll+0x63bce8]
C  [ntdll.dll+0xa1fff]
C  [ntdll.dll+0x6aad9]
C  [ntdll.dll+0xa0c6e]
C  0x00000274dbac0bad

VM_Operation (0x0000008104bfc320): G1CollectForAllocation, mode: safepoint, requested by thread 0x00000274f69cf000


---------------  P R O C E S S  ---------------

Threads class SMR info:
_java_thread_list=0x00000274f886dc50, length=24, elements={
0x00000274d1f9f800, 0x00000274f2706000, 0x00000274f2710000, 0x00000274f3064800,
0x00000274f3066000, 0x00000274f306c000, 0x00000274f3079000, 0x00000274f307f000,
0x00000274f269d000, 0x00000274f3321000, 0x00000274f3e14000, 0x00000274f3fc9800,
0x00000274f6910000, 0x00000274f69c2000, 0x00000274f70bc000, 0x00000274f6868000,
0x00000274f4a20800, 0x00000274f756e800, 0x00000274f6e95800, 0x00000274f8470800,
0x00000274f839f000, 0x00000274f69cd800, 0x00000274f69cc800, 0x00000274f69cf000
}

Java Threads: ( => current thread )
  0x00000274d1f9f800 JavaThread "Forwarding newSession on session null to remote" [_thread_blocked, id=9088, stack(0x0000008102800000,0x0000008102900000)]
  0x00000274f2706000 JavaThread "Reference Handler" daemon [_thread_blocked, id=11188, stack(0x0000008102f00000,0x0000008103000000)]
  0x00000274f2710000 JavaThread "Finalizer" daemon [_thread_blocked, id=14760, stack(0x0000008103000000,0x0000008103100000)]
  0x00000274f3064800 JavaThread "Signal Dispatcher" daemon [_thread_blocked, id=10988, stack(0x0000008103100000,0x0000008103200000)]
  0x00000274f3066000 JavaThread "Attach Listener" daemon [_thread_blocked, id=8836, stack(0x0000008103200000,0x0000008103300000)]
  0x00000274f306c000 JavaThread "C2 CompilerThread0" daemon [_thread_in_native, id=8728, stack(0x0000008103300000,0x0000008103400000)]
  0x00000274f3079000 JavaThread "C1 CompilerThread0" daemon [_thread_blocked, id=2248, stack(0x0000008103400000,0x0000008103500000)]
  0x00000274f307f000 JavaThread "Sweeper thread" daemon [_thread_blocked, id=2760, stack(0x0000008103500000,0x0000008103600000)]
  0x00000274f269d000 JavaThread "Common-Cleaner" daemon [_thread_blocked, id=3820, stack(0x0000008103600000,0x0000008103700000)]
  0x00000274f3321000 JavaThread "C2 CompilerThread1" daemon [_thread_in_native, id=8312, stack(0x0000008103700000,0x0000008103800000)]
  0x00000274f3e14000 JavaThread "Monitor Ctrl-Break" daemon [_thread_in_native, id=14292, stack(0x0000008103a00000,0x0000008103b00000)]
  0x00000274f3fc9800 JavaThread "Service Thread" daemon [_thread_blocked, id=16320, stack(0x0000008103b00000,0x0000008103c00000)]
  0x00000274f6910000 JavaThread "ForkJoinPool.commonPool-worker-3" daemon [_thread_blocked, id=284, stack(0x0000008103f00000,0x0000008104000000)]
  0x00000274f69c2000 JavaThread "AsyncHttpClient-1-1" daemon [_thread_blocked, id=8684, stack(0x0000008104000000,0x0000008104100000)]
  0x00000274f70bc000 JavaThread "Exec Default Executor" daemon [_thread_in_native, id=9536, stack(0x0000008104100000,0x0000008104200000)]
  0x00000274f6868000 JavaThread "Driver Service Executor" daemon [_thread_blocked, id=12524, stack(0x0000008104200000,0x0000008104300000)]
  0x00000274f4a20800 JavaThread "Driver Service Executor" daemon [_thread_blocked, id=7436, stack(0x0000008104300000,0x0000008104400000)]
  0x00000274f756e800 JavaThread "UrlChecker-2" daemon [_thread_blocked, id=924, stack(0x0000008104400000,0x0000008104500000)]
  0x00000274f6e95800 JavaThread "Exec Stream Pumper" daemon [_thread_in_native, id=8876, stack(0x0000008104600000,0x0000008104700000)]
  0x00000274f8470800 JavaThread "Exec Stream Pumper" daemon [_thread_in_native, id=2464, stack(0x0000008104700000,0x0000008104800000)]
  0x00000274f839f000 JavaThread "Keep-Alive-Timer" daemon [_thread_blocked, id=13488, stack(0x0000008104800000,0x0000008104900000)]
  0x00000274f69cd800 JavaThread "ForkJoinPool.commonPool-worker-5" daemon [_thread_blocked, id=13440, stack(0x0000008104900000,0x0000008104a00000)]
  0x00000274f69cc800 JavaThread "ForkJoinPool.commonPool-worker-7" daemon [_thread_blocked, id=6776, stack(0x0000008104a00000,0x0000008104b00000)]
  0x00000274f69cf000 JavaThread "AsyncHttpClient-1-2" daemon [_thread_blocked, id=10236, stack(0x0000008104b00000,0x0000008104c00000)]

Other Threads:
=>0x00000274f26e1800 VMThread "VM Thread" [stack: 0x0000008102e00000,0x0000008102f00000] [id=12484]
  0x00000274f3c6a800 WatcherThread [stack: 0x0000008103c00000,0x0000008103d00000] [id=14684]
  0x00000274d1fb7800 GCTaskThread "GC Thread#0" [stack: 0x0000008102900000,0x0000008102a00000] [id=14876]
  0x00000274f38d3800 GCTaskThread "GC Thread#1" [stack: 0x0000008103800000,0x0000008103900000] [id=7776]
  0x00000274f39b2800 GCTaskThread "GC Thread#2" [stack: 0x0000008103900000,0x0000008103a00000] [id=14720]
  0x00000274d1fe6800 ConcurrentGCThread "G1 Main Marker" [stack: 0x0000008102a00000,0x0000008102b00000] [id=7816]
  0x00000274d1fe8800 ConcurrentGCThread "G1 Conc#0" [stack: 0x0000008102b00000,0x0000008102c00000] [id=13892]
  0x00000274f60a1800 ConcurrentGCThread "G1 Conc#1" [stack: 0x0000008103e00000,0x0000008103f00000] [id=14844]
  0x00000274f2548800 ConcurrentGCThread "G1 Refine#0" [stack: 0x0000008102c00000,0x0000008102d00000] [id=9740]
  0x00000274f38ea000 ConcurrentGCThread "G1 Refine#1" [stack: 0x0000008103d00000,0x0000008103e00000] [id=4732]
  0x00000274f2549000 ConcurrentGCThread "G1 Young RemSet Sampling" [stack: 0x0000008102d00000,0x0000008102e00000] [id=14812]

Threads with active compile tasks:
C2 CompilerThread03459 %     4       org.aspectj.apache.bcel.generic.MethodGen::<init> @ 376 (998 bytes)
C2 CompilerThread13348       4       org.aspectj.weaver.bcel.BcelClassWeaver::weave (885 bytes)

VM state:at safepoint (normal execution)

VM Mutex/Monitor currently owned by a thread:  ([mutex/lock_event])
[0x00000274d1f9e240] Threads_lock - owner thread: 0x00000274f26e1800
[0x00000274d1f9e7e0] Heap_lock - owner thread: 0x00000274f69cf000

Heap address: 0x0000000081e00000, size: 2018 MB, Compressed Oops mode: 32-bit
Narrow klass base: 0x0000000000000000, Narrow klass shift: 3
Compressed class space size: 1073741824 Address: 0x0000000100000000

Heap:
 garbage-first heap   total 189440K, used 47104K [0x0000000081e00000, 0x0000000100000000)
  region size 1024K, 10 young (10240K), 10 survivors (10240K)
 Metaspace       used 37834K, capacity 38842K, committed 39032K, reserved 1083392K
  class space    used 4211K, capacity 4625K, committed 4728K, reserved 1048576K
Heap Regions: E=young(eden), S=young(survivor), O=old, HS=humongous(starts), HC=humongous(continues), CS=collection set, F=free, A=archive, TAMS=top-at-mark-start (previous, next)
|   0|0x0000000081e00000, 0x0000000081f00000, 0x0000000081f00000|100%| O|  |TAMS 0x0000000081f00000, 0x0000000081e00000| Untracked 
|   1|0x0000000081f00000, 0x0000000082000000, 0x0000000082000000|100%| O|  |TAMS 0x0000000082000000, 0x0000000081f00000| Untracked 
|   2|0x0000000082000000, 0x0000000082100000, 0x0000000082100000|100%| O|  |TAMS 0x0000000082100000, 0x0000000082000000| Untracked 
|   3|0x0000000082100000, 0x0000000082200000, 0x0000000082200000|100%| O|  |TAMS 0x0000000082200000, 0x0000000082100000| Untracked 
|   4|0x0000000082200000, 0x0000000082300000, 0x0000000082300000|100%| O|  |TAMS 0x0000000082300000, 0x0000000082200000| Untracked 
|   5|0x0000000082300000, 0x0000000082400000, 0x0000000082400000|100%| O|  |TAMS 0x0000000082400000, 0x0000000082300000| Untracked 
|   6|0x0000000082400000, 0x0000000082500000, 0x0000000082500000|100%| O|  |TAMS 0x0000000082500000, 0x0000000082400000| Untracked 
|   7|0x0000000082500000, 0x0000000082600000, 0x0000000082600000|100%| O|  |TAMS 0x0000000082600000, 0x0000000082500000| Untracked 
|   8|0x0000000082600000, 0x0000000082700000, 0x0000000082700000|100%| O|  |TAMS 0x0000000082700000, 0x0000000082600000| Untracked 
|   9|0x0000000082700000, 0x0000000082800000, 0x0000000082800000|100%| O|  |TAMS 0x0000000082800000, 0x0000000082700000| Untracked 
|  10|0x0000000082800000, 0x0000000082900000, 0x0000000082900000|100%| O|  |TAMS 0x0000000082900000, 0x0000000082800000| Untracked 
|  11|0x0000000082900000, 0x0000000082a00000, 0x0000000082a00000|100%| O|  |TAMS 0x0000000082a00000, 0x0000000082900000| Untracked 
|  12|0x0000000082a00000, 0x0000000082b00000, 0x0000000082b00000|100%| O|  |TAMS 0x0000000082b00000, 0x0000000082a00000| Untracked 
|  13|0x0000000082b00000, 0x0000000082c00000, 0x0000000082c00000|100%| O|  |TAMS 0x0000000082c00000, 0x0000000082b00000| Untracked 
|  14|0x0000000082c00000, 0x0000000082d00000, 0x0000000082d00000|100%| O|  |TAMS 0x0000000082d00000, 0x0000000082c00000| Untracked 
|  15|0x0000000082d00000, 0x0000000082e00000, 0x0000000082e00000|100%| O|  |TAMS 0x0000000082e00000, 0x0000000082d00000| Untracked 
|  16|0x0000000082e00000, 0x0000000082f00000, 0x0000000082f00000|100%| O|  |TAMS 0x0000000082f00000, 0x0000000082e00000| Untracked 
|  17|0x0000000082f00000, 0x0000000083000000, 0x0000000083000000|100%| O|  |TAMS 0x0000000083000000, 0x0000000082f00000| Untracked 
|  18|0x0000000083000000, 0x0000000083100000, 0x0000000083100000|100%| O|  |TAMS 0x0000000083100000, 0x0000000083000000| Untracked 
|  19|0x0000000083100000, 0x0000000083200000, 0x0000000083200000|100%| O|  |TAMS 0x0000000083200000, 0x0000000083100000| Untracked 
|  20|0x0000000083200000, 0x0000000083300000, 0x0000000083300000|100%| O|  |TAMS 0x0000000083300000, 0x0000000083200000| Untracked 
|  21|0x0000000083300000, 0x0000000083400000, 0x0000000083400000|100%| O|  |TAMS 0x0000000083400000, 0x0000000083300000| Untracked 
|  22|0x0000000083400000, 0x0000000083500000, 0x0000000083500000|100%| O|  |TAMS 0x0000000083500000, 0x0000000083400000| Untracked 
|  23|0x0000000083500000, 0x0000000083600000, 0x0000000083600000|100%| O|  |TAMS 0x0000000083600000, 0x0000000083500000| Untracked 
|  24|0x0000000083600000, 0x0000000083700000, 0x0000000083700000|100%| O|  |TAMS 0x0000000083700000, 0x0000000083600000| Untracked 
|  25|0x0000000083700000, 0x0000000083800000, 0x0000000083800000|100%| O|  |TAMS 0x0000000083800000, 0x0000000083700000| Untracked 
|  26|0x0000000083800000, 0x0000000083900000, 0x0000000083900000|100%| O|  |TAMS 0x0000000083900000, 0x0000000083800000| Untracked 
|  27|0x0000000083900000, 0x0000000083a00000, 0x0000000083a00000|100%| O|  |TAMS 0x0000000083a00000, 0x0000000083900000| Untracked 
|  28|0x0000000083a00000, 0x0000000083b00000, 0x0000000083b00000|100%| O|  |TAMS 0x0000000083b00000, 0x0000000083a00000| Untracked 
|  29|0x0000000083b00000, 0x0000000083c00000, 0x0000000083c00000|100%| O|  |TAMS 0x0000000083c00000, 0x0000000083b00000| Untracked 
|  30|0x0000000083c00000, 0x0000000083d00000, 0x0000000083d00000|100%| O|  |TAMS 0x0000000083d00000, 0x0000000083c00000| Untracked 
|  31|0x0000000083d00000, 0x0000000083e00000, 0x0000000083e00000|100%| O|  |TAMS 0x0000000083e00000, 0x0000000083d00000| Untracked 
|  32|0x0000000083e00000, 0x0000000083f00000, 0x0000000083f00000|100%| O|  |TAMS 0x0000000083f00000, 0x0000000083e00000| Untracked 
|  33|0x0000000083f00000, 0x0000000084000000, 0x0000000084000000|100%| O|  |TAMS 0x0000000084000000, 0x0000000083f00000| Untracked 
|  34|0x0000000084000000, 0x0000000084100000, 0x0000000084100000|100%| O|  |TAMS 0x0000000084100000, 0x0000000084000000| Untracked 
|  35|0x0000000084100000, 0x0000000084200000, 0x0000000084200000|100%| O|  |TAMS 0x0000000084200000, 0x0000000084100000| Untracked 
|  36|0x0000000084200000, 0x0000000084200000, 0x0000000084300000|  0%| F|  |TAMS 0x0000000084200000, 0x0000000084200000| Untracked 
|  37|0x0000000084300000, 0x0000000084300000, 0x0000000084400000|  0%| F|  |TAMS 0x0000000084300000, 0x0000000084300000| Untracked 
|  38|0x0000000084400000, 0x0000000084400000, 0x0000000084500000|  0%| F|  |TAMS 0x0000000084400000, 0x0000000084400000| Untracked 
|  39|0x0000000084500000, 0x0000000084500000, 0x0000000084600000|  0%| F|  |TAMS 0x0000000084500000, 0x0000000084500000| Untracked 
|  40|0x0000000084600000, 0x0000000084600000, 0x0000000084700000|  0%| F|  |TAMS 0x0000000084600000, 0x0000000084600000| Untracked 
|  41|0x0000000084700000, 0x0000000084700000, 0x0000000084800000|  0%| F|  |TAMS 0x0000000084700000, 0x0000000084700000| Untracked 
|  42|0x0000000084800000, 0x0000000084800000, 0x0000000084900000|  0%| F|  |TAMS 0x0000000084800000, 0x0000000084800000| Untracked 
|  43|0x0000000084900000, 0x0000000084900000, 0x0000000084a00000|  0%| F|  |TAMS 0x0000000084900000, 0x0000000084900000| Untracked 
|  44|0x0000000084a00000, 0x0000000084a00000, 0x0000000084b00000|  0%| F|  |TAMS 0x0000000084a00000, 0x0000000084a00000| Untracked 
|  45|0x0000000084b00000, 0x0000000084b00000, 0x0000000084c00000|  0%| F|  |TAMS 0x0000000084b00000, 0x0000000084b00000| Untracked 
|  46|0x0000000084c00000, 0x0000000084c00000, 0x0000000084d00000|  0%| F|  |TAMS 0x0000000084c00000, 0x0000000084c00000| Untracked 
|  47|0x0000000084d00000, 0x0000000084d00000, 0x0000000084e00000|  0%| F|  |TAMS 0x0000000084d00000, 0x0000000084d00000| Untracked 
|  48|0x0000000084e00000, 0x0000000084e00000, 0x0000000084f00000|  0%| F|  |TAMS 0x0000000084e00000, 0x0000000084e00000| Untracked 
|  49|0x0000000084f00000, 0x0000000084f00000, 0x0000000085000000|  0%| F|  |TAMS 0x0000000084f00000, 0x0000000084f00000| Untracked 
|  50|0x0000000085000000, 0x0000000085000000, 0x0000000085100000|  0%| F|  |TAMS 0x0000000085000000, 0x0000000085000000| Untracked 
|  51|0x0000000085100000, 0x0000000085100000, 0x0000000085200000|  0%| F|  |TAMS 0x0000000085100000, 0x0000000085100000| Untracked 
|  52|0x0000000085200000, 0x0000000085200000, 0x0000000085300000|  0%| F|  |TAMS 0x0000000085200000, 0x0000000085200000| Untracked 
|  53|0x0000000085300000, 0x0000000085300000, 0x0000000085400000|  0%| F|  |TAMS 0x0000000085300000, 0x0000000085300000| Untracked 
|  54|0x0000000085400000, 0x0000000085400000, 0x0000000085500000|  0%| F|  |TAMS 0x0000000085400000, 0x0000000085400000| Untracked 
|  55|0x0000000085500000, 0x0000000085500000, 0x0000000085600000|  0%| F|  |TAMS 0x0000000085500000, 0x0000000085500000| Untracked 
|  56|0x0000000085600000, 0x0000000085600000, 0x0000000085700000|  0%| F|  |TAMS 0x0000000085600000, 0x0000000085600000| Untracked 
|  57|0x0000000085700000, 0x0000000085700000, 0x0000000085800000|  0%| F|  |TAMS 0x0000000085700000, 0x0000000085700000| Untracked 
|  58|0x0000000085800000, 0x0000000085800000, 0x0000000085900000|  0%| F|  |TAMS 0x0000000085800000, 0x0000000085800000| Untracked 
|  59|0x0000000085900000, 0x0000000085900000, 0x0000000085a00000|  0%| F|  |TAMS 0x0000000085900000, 0x0000000085900000| Untracked 
|  60|0x0000000085a00000, 0x0000000085a00000, 0x0000000085b00000|  0%| F|  |TAMS 0x0000000085a00000, 0x0000000085a00000| Untracked 
|  61|0x0000000085b00000, 0x0000000085b00000, 0x0000000085c00000|  0%| F|  |TAMS 0x0000000085b00000, 0x0000000085b00000| Untracked 
|  62|0x0000000085c00000, 0x0000000085c00000, 0x0000000085d00000|  0%| F|  |TAMS 0x0000000085c00000, 0x0000000085c00000| Untracked 
|  63|0x0000000085d00000, 0x0000000085d00000, 0x0000000085e00000|  0%| F|  |TAMS 0x0000000085d00000, 0x0000000085d00000| Untracked 
|  64|0x0000000085e00000, 0x0000000085e00000, 0x0000000085f00000|  0%| F|  |TAMS 0x0000000085e00000, 0x0000000085e00000| Untracked 
|  65|0x0000000085f00000, 0x0000000085f00000, 0x0000000086000000|  0%| F|  |TAMS 0x0000000085f00000, 0x0000000085f00000| Untracked 
|  66|0x0000000086000000, 0x0000000086000000, 0x0000000086100000|  0%| F|  |TAMS 0x0000000086000000, 0x0000000086000000| Untracked 
|  67|0x0000000086100000, 0x0000000086100000, 0x0000000086200000|  0%| F|  |TAMS 0x0000000086100000, 0x0000000086100000| Untracked 
|  68|0x0000000086200000, 0x0000000086200000, 0x0000000086300000|  0%| F|  |TAMS 0x0000000086200000, 0x0000000086200000| Untracked 
|  69|0x0000000086300000, 0x0000000086400000, 0x0000000086400000|100%| S|CS|TAMS 0x0000000086300000, 0x0000000086300000| Complete 
|  70|0x0000000086400000, 0x0000000086500000, 0x0000000086500000|100%| S|CS|TAMS 0x0000000086400000, 0x0000000086400000| Complete 
|  71|0x0000000086500000, 0x0000000086600000, 0x0000000086600000|100%| S|CS|TAMS 0x0000000086500000, 0x0000000086500000| Complete 
|  72|0x0000000086600000, 0x0000000086700000, 0x0000000086700000|100%| S|CS|TAMS 0x0000000086600000, 0x0000000086600000| Complete 
|  73|0x0000000086700000, 0x0000000086800000, 0x0000000086800000|100%| S|CS|TAMS 0x0000000086700000, 0x0000000086700000| Complete 
|  74|0x0000000086800000, 0x0000000086900000, 0x0000000086900000|100%| S|CS|TAMS 0x0000000086800000, 0x0000000086800000| Complete 
|  75|0x0000000086900000, 0x0000000086a00000, 0x0000000086a00000|100%| S|CS|TAMS 0x0000000086900000, 0x0000000086900000| Complete 
|  76|0x0000000086a00000, 0x0000000086b00000, 0x0000000086b00000|100%| S|CS|TAMS 0x0000000086a00000, 0x0000000086a00000| Complete 
|  77|0x0000000086b00000, 0x0000000086c00000, 0x0000000086c00000|100%| S|CS|TAMS 0x0000000086b00000, 0x0000000086b00000| Complete 
|  78|0x0000000086c00000, 0x0000000086d00000, 0x0000000086d00000|100%| S|CS|TAMS 0x0000000086c00000, 0x0000000086c00000| Complete 
|  79|0x0000000086d00000, 0x0000000086d00000, 0x0000000086e00000|  0%| F|  |TAMS 0x0000000086d00000, 0x0000000086d00000| Untracked 
|  80|0x0000000086e00000, 0x0000000086e00000, 0x0000000086f00000|  0%| F|  |TAMS 0x0000000086e00000, 0x0000000086e00000| Untracked 
|  81|0x0000000086f00000, 0x0000000086f00000, 0x0000000087000000|  0%| F|  |TAMS 0x0000000086f00000, 0x0000000086f00000| Untracked 
|  82|0x0000000087000000, 0x0000000087000000, 0x0000000087100000|  0%| F|  |TAMS 0x0000000087000000, 0x0000000087000000| Untracked 
|  83|0x0000000087100000, 0x0000000087100000, 0x0000000087200000|  0%| F|  |TAMS 0x0000000087100000, 0x0000000087100000| Untracked 
|  84|0x0000000087200000, 0x0000000087200000, 0x0000000087300000|  0%| F|  |TAMS 0x0000000087200000, 0x0000000087200000| Untracked 
|  85|0x0000000087300000, 0x0000000087300000, 0x0000000087400000|  0%| F|  |TAMS 0x0000000087300000, 0x0000000087300000| Untracked 
|  86|0x0000000087400000, 0x0000000087400000, 0x0000000087500000|  0%| F|  |TAMS 0x0000000087400000, 0x0000000087400000| Untracked 
|  87|0x0000000087500000, 0x0000000087500000, 0x0000000087600000|  0%| F|  |TAMS 0x0000000087500000, 0x0000000087500000| Untracked 
|  88|0x0000000087600000, 0x0000000087600000, 0x0000000087700000|  0%| F|  |TAMS 0x0000000087600000, 0x0000000087600000| Untracked 
|  89|0x0000000087700000, 0x0000000087700000, 0x0000000087800000|  0%| F|  |TAMS 0x0000000087700000, 0x0000000087700000| Untracked 
|  90|0x0000000087800000, 0x0000000087800000, 0x0000000087900000|  0%| F|  |TAMS 0x0000000087800000, 0x0000000087800000| Untracked 
|  91|0x0000000087900000, 0x0000000087900000, 0x0000000087a00000|  0%| F|  |TAMS 0x0000000087900000, 0x0000000087900000| Untracked 
|  92|0x0000000087a00000, 0x0000000087a00000, 0x0000000087b00000|  0%| F|  |TAMS 0x0000000087a00000, 0x0000000087a00000| Untracked 
|  93|0x0000000087b00000, 0x0000000087b00000, 0x0000000087c00000|  0%| F|  |TAMS 0x0000000087b00000, 0x0000000087b00000| Untracked 
|  94|0x0000000087c00000, 0x0000000087c00000, 0x0000000087d00000|  0%| F|  |TAMS 0x0000000087c00000, 0x0000000087c00000| Untracked 
|  95|0x0000000087d00000, 0x0000000087d00000, 0x0000000087e00000|  0%| F|  |TAMS 0x0000000087d00000, 0x0000000087d00000| Untracked 
|  96|0x0000000087e00000, 0x0000000087e00000, 0x0000000087f00000|  0%| F|  |TAMS 0x0000000087e00000, 0x0000000087e00000| Untracked 
|  97|0x0000000087f00000, 0x0000000087f00000, 0x0000000088000000|  0%| F|  |TAMS 0x0000000087f00000, 0x0000000087f00000| Untracked 
|  98|0x0000000088000000, 0x0000000088000000, 0x0000000088100000|  0%| F|  |TAMS 0x0000000088000000, 0x0000000088000000| Untracked 
|  99|0x0000000088100000, 0x0000000088100000, 0x0000000088200000|  0%| F|  |TAMS 0x0000000088100000, 0x0000000088100000| Untracked 
| 100|0x0000000088200000, 0x0000000088200000, 0x0000000088300000|  0%| F|  |TAMS 0x0000000088200000, 0x0000000088200000| Untracked 
| 101|0x0000000088300000, 0x0000000088300000, 0x0000000088400000|  0%| F|  |TAMS 0x0000000088300000, 0x0000000088300000| Untracked 
| 102|0x0000000088400000, 0x0000000088400000, 0x0000000088500000|  0%| F|  |TAMS 0x0000000088400000, 0x0000000088400000| Untracked 
| 103|0x0000000088500000, 0x0000000088500000, 0x0000000088600000|  0%| F|  |TAMS 0x0000000088500000, 0x0000000088500000| Untracked 
| 104|0x0000000088600000, 0x0000000088600000, 0x0000000088700000|  0%| F|  |TAMS 0x0000000088600000, 0x0000000088600000| Untracked 
| 105|0x0000000088700000, 0x0000000088700000, 0x0000000088800000|  0%| F|  |TAMS 0x0000000088700000, 0x0000000088700000| Untracked 
| 106|0x0000000088800000, 0x0000000088800000, 0x0000000088900000|  0%| F|  |TAMS 0x0000000088800000, 0x0000000088800000| Untracked 
| 107|0x0000000088900000, 0x0000000088900000, 0x0000000088a00000|  0%| F|  |TAMS 0x0000000088900000, 0x0000000088900000| Untracked 
| 108|0x0000000088a00000, 0x0000000088a00000, 0x0000000088b00000|  0%| F|  |TAMS 0x0000000088a00000, 0x0000000088a00000| Untracked 
| 109|0x0000000088b00000, 0x0000000088b00000, 0x0000000088c00000|  0%| F|  |TAMS 0x0000000088b00000, 0x0000000088b00000| Untracked 
| 110|0x0000000088c00000, 0x0000000088c00000, 0x0000000088d00000|  0%| F|  |TAMS 0x0000000088c00000, 0x0000000088c00000| Untracked 
| 111|0x0000000088d00000, 0x0000000088d00000, 0x0000000088e00000|  0%| F|  |TAMS 0x0000000088d00000, 0x0000000088d00000| Untracked 
| 112|0x0000000088e00000, 0x0000000088e00000, 0x0000000088f00000|  0%| F|  |TAMS 0x0000000088e00000, 0x0000000088e00000| Untracked 
| 113|0x0000000088f00000, 0x0000000088f00000, 0x0000000089000000|  0%| F|  |TAMS 0x0000000088f00000, 0x0000000088f00000| Untracked 
| 114|0x0000000089000000, 0x0000000089000000, 0x0000000089100000|  0%| F|  |TAMS 0x0000000089000000, 0x0000000089000000| Untracked 
| 115|0x0000000089100000, 0x0000000089100000, 0x0000000089200000|  0%| F|  |TAMS 0x0000000089100000, 0x0000000089100000| Untracked 
| 116|0x0000000089200000, 0x0000000089200000, 0x0000000089300000|  0%| F|  |TAMS 0x0000000089200000, 0x0000000089200000| Untracked 
| 117|0x0000000089300000, 0x0000000089300000, 0x0000000089400000|  0%| F|  |TAMS 0x0000000089300000, 0x0000000089300000| Untracked 
| 118|0x0000000089400000, 0x0000000089400000, 0x0000000089500000|  0%| F|  |TAMS 0x0000000089400000, 0x0000000089400000| Untracked 
| 119|0x0000000089500000, 0x0000000089500000, 0x0000000089600000|  0%| F|  |TAMS 0x0000000089500000, 0x0000000089500000| Untracked 
| 120|0x0000000089600000, 0x0000000089600000, 0x0000000089700000|  0%| F|  |TAMS 0x0000000089600000, 0x0000000089600000| Untracked 
| 121|0x0000000089700000, 0x0000000089700000, 0x0000000089800000|  0%| F|  |TAMS 0x0000000089700000, 0x0000000089700000| Untracked 
| 122|0x0000000089800000, 0x0000000089800000, 0x0000000089900000|  0%| F|  |TAMS 0x0000000089800000, 0x0000000089800000| Untracked 
| 123|0x0000000089900000, 0x0000000089900000, 0x0000000089a00000|  0%| F|  |TAMS 0x0000000089900000, 0x0000000089900000| Untracked 
| 124|0x0000000089a00000, 0x0000000089a00000, 0x0000000089b00000|  0%| F|  |TAMS 0x0000000089a00000, 0x0000000089a00000| Untracked 
| 125|0x0000000089b00000, 0x0000000089b00000, 0x0000000089c00000|  0%| F|  |TAMS 0x0000000089b00000, 0x0000000089b00000| Untracked 
| 126|0x0000000089c00000, 0x0000000089c00000, 0x0000000089d00000|  0%| F|  |TAMS 0x0000000089c00000, 0x0000000089c00000| Untracked 
| 127|0x0000000089d00000, 0x0000000089d00000, 0x0000000089e00000|  0%| F|  |TAMS 0x0000000089d00000, 0x0000000089d00000| Untracked 
| 128|0x0000000089e00000, 0x0000000089e00000, 0x0000000089f00000|  0%| F|  |TAMS 0x0000000089e00000, 0x0000000089e00000| Untracked 
| 129|0x0000000089f00000, 0x0000000089f00000, 0x000000008a000000|  0%| F|  |TAMS 0x0000000089f00000, 0x0000000089f00000| Untracked 
| 130|0x000000008a000000, 0x000000008a000000, 0x000000008a100000|  0%| F|  |TAMS 0x000000008a000000, 0x000000008a000000| Untracked 
| 131|0x000000008a100000, 0x000000008a100000, 0x000000008a200000|  0%| F|  |TAMS 0x000000008a100000, 0x000000008a100000| Untracked 
| 132|0x000000008a200000, 0x000000008a200000, 0x000000008a300000|  0%| F|  |TAMS 0x000000008a200000, 0x000000008a200000| Untracked 
| 133|0x000000008a300000, 0x000000008a300000, 0x000000008a400000|  0%| F|  |TAMS 0x000000008a300000, 0x000000008a300000| Untracked 
| 134|0x000000008a400000, 0x000000008a400000, 0x000000008a500000|  0%| F|  |TAMS 0x000000008a400000, 0x000000008a400000| Untracked 
| 135|0x000000008a500000, 0x000000008a500000, 0x000000008a600000|  0%| F|  |TAMS 0x000000008a500000, 0x000000008a500000| Untracked 
| 136|0x000000008a600000, 0x000000008a600000, 0x000000008a700000|  0%| F|  |TAMS 0x000000008a600000, 0x000000008a600000| Untracked 
| 137|0x000000008a700000, 0x000000008a700000, 0x000000008a800000|  0%| F|  |TAMS 0x000000008a700000, 0x000000008a700000| Untracked 
| 138|0x000000008a800000, 0x000000008a800000, 0x000000008a900000|  0%| F|  |TAMS 0x000000008a800000, 0x000000008a800000| Untracked 
| 139|0x000000008a900000, 0x000000008a900000, 0x000000008aa00000|  0%| F|  |TAMS 0x000000008a900000, 0x000000008a900000| Untracked 
| 140|0x000000008aa00000, 0x000000008aa00000, 0x000000008ab00000|  0%| F|  |TAMS 0x000000008aa00000, 0x000000008aa00000| Untracked 
| 141|0x000000008ab00000, 0x000000008ab00000, 0x000000008ac00000|  0%| F|  |TAMS 0x000000008ab00000, 0x000000008ab00000| Untracked 
| 142|0x000000008ac00000, 0x000000008ac00000, 0x000000008ad00000|  0%| F|  |TAMS 0x000000008ac00000, 0x000000008ac00000| Untracked 
| 143|0x000000008ad00000, 0x000000008ad00000, 0x000000008ae00000|  0%| F|  |TAMS 0x000000008ad00000, 0x000000008ad00000| Untracked 
| 144|0x000000008ae00000, 0x000000008ae00000, 0x000000008af00000|  0%| F|  |TAMS 0x000000008ae00000, 0x000000008ae00000| Untracked 
| 145|0x000000008af00000, 0x000000008af00000, 0x000000008b000000|  0%| F|  |TAMS 0x000000008af00000, 0x000000008af00000| Untracked 
| 146|0x000000008b000000, 0x000000008b000000, 0x000000008b100000|  0%| F|  |TAMS 0x000000008b000000, 0x000000008b000000| Untracked 
| 147|0x000000008b100000, 0x000000008b100000, 0x000000008b200000|  0%| F|  |TAMS 0x000000008b100000, 0x000000008b100000| Untracked 
| 148|0x000000008b200000, 0x000000008b200000, 0x000000008b300000|  0%| F|  |TAMS 0x000000008b200000, 0x000000008b200000| Untracked 
| 149|0x000000008b300000, 0x000000008b300000, 0x000000008b400000|  0%| F|  |TAMS 0x000000008b300000, 0x000000008b300000| Untracked 
| 150|0x000000008b400000, 0x000000008b400000, 0x000000008b500000|  0%| F|  |TAMS 0x000000008b400000, 0x000000008b400000| Untracked 
| 151|0x000000008b500000, 0x000000008b500000, 0x000000008b600000|  0%| F|  |TAMS 0x000000008b500000, 0x000000008b500000| Untracked 
| 152|0x000000008b600000, 0x000000008b600000, 0x000000008b700000|  0%| F|  |TAMS 0x000000008b600000, 0x000000008b600000| Untracked 
| 153|0x000000008b700000, 0x000000008b700000, 0x000000008b800000|  0%| F|  |TAMS 0x000000008b700000, 0x000000008b700000| Untracked 

Card table byte_map: [0x00000274eb700000,0x00000274ebb00000] _byte_map_base: 0x00000274eb2f1000

Marking Bits (Prev, Next): (CMBitMap*) 0x00000274d1fddda8, (CMBitMap*) 0x00000274d1fddde0
 Prev Bits: [0x00000274ebf00000, 0x00000274ede88000)
 Next Bits: [0x00000274ede90000, 0x00000274efe18000)

Polling page: 0x00000274d2060000

Metaspace:

Usage:
  Non-class:     33.42 MB capacity,    32.83 MB ( 98%) used,   471.80 KB (  1%) free+waste,   122.38 KB ( <1%) overhead. 
      Class:      4.52 MB capacity,     4.11 MB ( 91%) used,   354.80 KB (  8%) free+waste,    59.00 KB (  1%) overhead. 
       Both:     37.93 MB capacity,    36.95 MB ( 97%) used,   826.61 KB (  2%) free+waste,   181.38 KB ( <1%) overhead. 

Virtual space:
  Non-class space:       34.00 MB reserved,      33.50 MB ( 99%) committed 
      Class space:        1.00 GB reserved,       4.62 MB ( <1%) committed 
             Both:        1.03 GB reserved,      38.12 MB (  4%) committed 

Chunk freelists:
   Non-Class:  2.88 KB
       Class:  1.88 KB
        Both:  4.75 KB

CodeHeap 'non-profiled nmethods': size=120064Kb used=2403Kb max_used=2403Kb free=117661Kb
 bounds [0x00000274e3580000, 0x00000274e37f0000, 0x00000274eaac0000]
CodeHeap 'profiled nmethods': size=120000Kb used=7606Kb max_used=7606Kb free=112393Kb
 bounds [0x00000274dc050000, 0x00000274dc7c0000, 0x00000274e3580000]
CodeHeap 'non-nmethods': size=5696Kb used=1187Kb max_used=1217Kb free=4509Kb
 bounds [0x00000274dbac0000, 0x00000274dbd30000, 0x00000274dc050000]
 total_blobs=4760 nmethods=3456 adapters=447
 compilation: enabled
              stopped_count=0, restarted_count=0
 full_count=0

Compilation events (10 events):
Event: 3.935 Thread 0x00000274f3079000 3496       2       java.nio.ByteBuffer::clear (7 bytes)
Event: 3.935 Thread 0x00000274f3079000 nmethod 3496 0x00000274dc7bb710 code [0x00000274dc7bb8c0, 0x00000274dc7bba38]
Event: 3.943 Thread 0x00000274f3079000 3497       2       java.util.concurrent.ConcurrentHashMap::containsKey (14 bytes)
Event: 3.944 Thread 0x00000274f3079000 nmethod 3497 0x00000274dc7bbb10 code [0x00000274dc7bbcc0, 0x00000274dc7bbe50]
Event: 3.948 Thread 0x00000274f3079000 3498       2       java.lang.Class::getMethod (59 bytes)
Event: 3.948 Thread 0x00000274f3079000 nmethod 3498 0x00000274dc7bbf10 code [0x00000274dc7bc160, 0x00000274dc7bc710]
Event: 3.948 Thread 0x00000274f3079000 3500   !   2       java.lang.reflect.Executable::declaredAnnotations (85 bytes)
Event: 3.949 Thread 0x00000274f3079000 nmethod 3500 0x00000274dc7bca10 code [0x00000274dc7bcc40, 0x00000274dc7bd170]
Event: 3.949 Thread 0x00000274f3079000 3499       2       java.lang.Class::getMethod0 (31 bytes)
Event: 3.949 Thread 0x00000274f3079000 nmethod 3499 0x00000274dc7bd490 code [0x00000274dc7bd660, 0x00000274dc7bd840]

GC Heap History (10 events):
Event: 1.486 GC heap after
{Heap after GC invocations=4 (full 0):
 garbage-first heap   total 131072K, used 19930K [0x0000000081e00000, 0x0000000100000000)
  region size 1024K, 6 young (6144K), 6 survivors (6144K)
 Metaspace       used 20701K, capacity 21014K, committed 21248K, reserved 1069056K
  class space    used 1938K, capacity 2027K, committed 2048K, reserved 1048576K
}
Event: 1.906 GC heap before
{Heap before GC invocations=5 (full 0):
 garbage-first heap   total 131072K, used 78298K [0x0000000081e00000, 0x0000000100000000)
  region size 1024K, 63 young (64512K), 6 survivors (6144K)
 Metaspace       used 23414K, capacity 24023K, committed 24192K, reserved 1071104K
  class space    used 2353K, capacity 2594K, committed 2688K, reserved 1048576K
}
Event: 1.912 GC heap after
{Heap after GC invocations=6 (full 0):
 garbage-first heap   total 157696K, used 24462K [0x0000000081e00000, 0x0000000100000000)
  region size 1024K, 7 young (7168K), 7 survivors (7168K)
 Metaspace       used 23414K, capacity 24023K, committed 24192K, reserved 1071104K
  class space    used 2353K, capacity 2594K, committed 2688K, reserved 1048576K
}
Event: 2.365 GC heap before
{Heap before GC invocations=6 (full 0):
 garbage-first heap   total 157696K, used 97166K [0x0000000081e00000, 0x0000000100000000)
  region size 1024K, 78 young (79872K), 7 survivors (7168K)
 Metaspace       used 28352K, capacity 29074K, committed 29184K, reserved 1075200K
  class space    used 2955K, capacity 3253K, committed 3328K, reserved 1048576K
}
Event: 2.373 GC heap after
{Heap after GC invocations=7 (full 0):
 garbage-first heap   total 157696K, used 30278K [0x0000000081e00000, 0x0000000100000000)
  region size 1024K, 10 young (10240K), 10 survivors (10240K)
 Metaspace       used 28352K, capacity 29074K, committed 29184K, reserved 1075200K
  class space    used 2955K, capacity 3253K, committed 3328K, reserved 1048576K
}
Event: 2.713 GC heap before
{Heap before GC invocations=7 (full 0):
 garbage-first heap   total 157696K, used 104006K [0x0000000081e00000, 0x0000000100000000)
  region size 1024K, 82 young (83968K), 10 survivors (10240K)
 Metaspace       used 30839K, capacity 31634K, committed 31872K, reserved 1077248K
  class space    used 3272K, capacity 3596K, committed 3712K, reserved 1048576K
}
Event: 2.723 GC heap after
{Heap after GC invocations=8 (full 0):
 garbage-first heap   total 157696K, used 38143K [0x0000000081e00000, 0x0000000100000000)
  region size 1024K, 8 young (8192K), 8 survivors (8192K)
 Metaspace       used 30839K, capacity 31634K, committed 31872K, reserved 1077248K
  class space    used 3272K, capacity 3596K, committed 3712K, reserved 1048576K
}
Event: 3.527 GC heap before
{Heap before GC invocations=8 (full 0):
 garbage-first heap   total 157696K, used 96511K [0x0000000081e00000, 0x0000000100000000)
  region size 1024K, 66 young (67584K), 8 survivors (8192K)
 Metaspace       used 34705K, capacity 35511K, committed 35584K, reserved 1081344K
  class space    used 3742K, capacity 4081K, committed 4096K, reserved 1048576K
}
Event: 3.534 GC heap after
{Heap after GC invocations=9 (full 0):
 garbage-first heap   total 157696K, used 42907K [0x0000000081e00000, 0x0000000100000000)
  region size 1024K, 6 young (6144K), 6 survivors (6144K)
 Metaspace       used 34705K, capacity 35511K, committed 35584K, reserved 1081344K
  class space    used 3742K, capacity 4081K, committed 4096K, reserved 1048576K
}
Event: 3.962 GC heap before
{Heap before GC invocations=10 (full 0):
 garbage-first heap   total 157696K, used 113563K [0x0000000081e00000, 0x0000000100000000)
  region size 1024K, 75 young (76800K), 6 survivors (6144K)
 Metaspace       used 37834K, capacity 38842K, committed 39032K, reserved 1083392K
  class space    used 4211K, capacity 4625K, committed 4728K, reserved 1048576K
}

Deoptimization events (10 events):
Event: 2.768 Thread 0x00000274d1f9f800 Uncommon trap: reason=unloaded action=reinterpret pc=0x00000274e374c528 method=org.aspectj.apache.bcel.classfile.Attribute.readAttribute(Ljava/io/DataInputStream;Lorg/aspectj/apache/bcel/classfile/ConstantPool;)Lorg/aspectj/apache/bcel/classfile/Attribute
Event: 2.810 Thread 0x00000274d1f9f800 Uncommon trap: reason=profile_predicate action=maybe_recompile pc=0x00000274e3775270 method=java.net.URL.isValidProtocol(Ljava/lang/String;)Z @ 33 c2
Event: 2.810 Thread 0x00000274d1f9f800 Uncommon trap: reason=profile_predicate action=maybe_recompile pc=0x00000274e3775270 method=java.net.URL.isValidProtocol(Ljava/lang/String;)Z @ 33 c2
Event: 2.834 Thread 0x00000274d1f9f800 Uncommon trap: reason=profile_predicate action=maybe_recompile pc=0x00000274e3775270 method=java.net.URL.isValidProtocol(Ljava/lang/String;)Z @ 33 c2
Event: 2.834 Thread 0x00000274d1f9f800 Uncommon trap: reason=profile_predicate action=maybe_recompile pc=0x00000274e3775270 method=java.net.URL.isValidProtocol(Ljava/lang/String;)Z @ 33 c2
Event: 2.854 Thread 0x00000274d1f9f800 Uncommon trap: reason=unstable_if action=reinterpret pc=0x00000274e36c7ac4 method=java.io.DataInputStream.readUTF(Ljava/io/DataInput;)Ljava/lang/String; @ 154 c2
Event: 2.887 Thread 0x00000274d1f9f800 Uncommon trap: reason=unstable_if action=reinterpret pc=0x00000274e3784db0 method=org.aspectj.apache.bcel.generic.Instruction.readInstruction(Lorg/aspectj/apache/bcel/util/ByteSequence;)Lorg/aspectj/apache/bcel/generic/Instruction; @ 39 c2
Event: 2.984 Thread 0x00000274d1f9f800 Uncommon trap: reason=unstable_if action=reinterpret pc=0x00000274e3610dac method=java.lang.String.replace(CC)Ljava/lang/String; @ 2 c2
Event: 3.663 Thread 0x00000274f6910000 Uncommon trap: reason=class_check action=maybe_recompile pc=0x00000274e375c5ac method=java.util.concurrent.ConcurrentHashMap.putVal(Ljava/lang/Object;Ljava/lang/Object;Z)Ljava/lang/Object; @ 159 c2
Event: 3.895 Thread 0x00000274f69cf000 Uncommon trap: reason=null_check action=make_not_entrant pc=0x00000274e36cb3f4 method=sun.nio.cs.ThreadLocalCoders$Cache.forName(Ljava/lang/Object;)Ljava/lang/Object; @ 7 c2

Classes redefined (0 events):
No events

Internal exceptions (10 events):
Event: 2.994 Thread 0x00000274f70bc000 Exception <a 'java/lang/NoSuchMethodError'{0x00000000883cf1c8}: java.lang.invoke.DirectMethodHandle$Holder.invokeStatic(Ljava/lang/Object;J)Ljava/lang/Object;> (0x00000000883cf1c8) thrown at [t:/workspace/open/src/hotspot/share/interpreter/linkResolver.cp
Event: 2.996 Thread 0x00000274f70bc000 Exception <a 'java/lang/NoSuchMethodError'{0x00000000883e00d8}: java.lang.invoke.DirectMethodHandle$Holder.invokeStaticInit(Ljava/lang/Object;Ljava/lang/Object;JLjava/lang/Object;)Ljava/lang/Object;> (0x00000000883e00d8) thrown at [t:/workspace/open/src/h
Event: 2.996 Thread 0x00000274f70bc000 Exception <a 'java/lang/NoSuchMethodError'{0x00000000883e5b38}: java.lang.invoke.DirectMethodHandle$Holder.invokeStatic(Ljava/lang/Object;Ljava/lang/Object;J)Ljava/lang/Object;> (0x00000000883e5b38) thrown at [t:/workspace/open/src/hotspot/share/interpret
Event: 2.996 Thread 0x00000274f70bc000 Exception <a 'java/lang/NoSuchMethodError'{0x00000000883ebe08}: java.lang.invoke.Invokers$Holder.linkToTargetMethod(Ljava/lang/Object;JLjava/lang/Object;)Ljava/lang/Object;> (0x00000000883ebe08) thrown at [t:/workspace/open/src/hotspot/share/interpreter/l
Event: 3.499 Thread 0x00000274f756e800 Exception <a 'java/net/SocketTimeoutException'{0x00000000882b0d18}: connect timed out> (0x00000000882b0d18) thrown at [t:/workspace/open/src/hotspot/share/prims/jni.cpp, line 636]
Event: 3.544 Thread 0x00000274d1f9f800 Exception <a 'java/lang/NoSuchMethodError'{0x000000008b66b438}: java.lang.invoke.DirectMethodHandle$Holder.invokeVirtual(Ljava/lang/Object;Ljava/lang/Object;)D> (0x000000008b66b438) thrown at [t:/workspace/open/src/hotspot/share/interpreter/linkResolver.c
Event: 3.544 Thread 0x00000274d1f9f800 Exception <a 'java/lang/NoSuchMethodError'{0x000000008b671740}: java.lang.invoke.DirectMethodHandle$Holder.invokeVirtual(Ljava/lang/Object;Ljava/lang/Object;)F> (0x000000008b671740) thrown at [t:/workspace/open/src/hotspot/share/interpreter/linkResolver.c
Event: 3.544 Thread 0x00000274d1f9f800 Exception <a 'java/lang/NoSuchMethodError'{0x000000008b67a128}: java.lang.invoke.DirectMethodHandle$Holder.invokeVirtual(Ljava/lang/Object;Ljava/lang/Object;)J> (0x000000008b67a128) thrown at [t:/workspace/open/src/hotspot/share/interpreter/linkResolver.c
Event: 3.589 Thread 0x00000274d1f9f800 Exception <a 'java/lang/NoSuchMethodError'{0x000000008b083300}: java.lang.invoke.DirectMethodHandle$Holder.invokeStatic(Ljava/lang/Object;Ljava/lang/Object;I)V> (0x000000008b083300) thrown at [t:/workspace/open/src/hotspot/share/interpreter/linkResolver.c
Event: 3.651 Thread 0x00000274d1f9f800 Exception <a 'java/lang/NoSuchMethodError'{0x000000008a3fb180}: java.lang.invoke.DirectMethodHandle$Holder.invokeSpecialIFC(Ljava/lang/Object;Ljava/lang/Object;Ljava/lang/Object;)I> (0x000000008a3fb180) thrown at [t:/workspace/open/src/hotspot/share/inter

Events (10 events):
Event: 3.960 loading class io/netty/util/concurrent/Future done
Event: 3.960 loading class org/asynchttpclient/netty/channel/NettyConnectListener
Event: 3.960 loading class org/asynchttpclient/netty/channel/NettyConnectListener done
Event: 3.961 loading class org/asynchttpclient/netty/channel/Channels$Active
Event: 3.961 loading class org/asynchttpclient/netty/channel/Channels$Active done
Event: 3.961 Executing VM operation: RevokeBias
Event: 3.961 Executing VM operation: RevokeBias done
Event: 3.961 loading class io/netty/channel/ServerChannel
Event: 3.961 loading class io/netty/channel/ServerChannel done
Event: 3.962 Executing VM operation: G1CollectForAllocation


Dynamic libraries:
0x00007ff7d8980000 - 0x00007ff7d89c7000 	C:\Program Files\Java\jdk-11.0.1\bin\java.exe
0x00007ffafd0c0000 - 0x00007ffafd2b0000 	C:\WINDOWS\SYSTEM32\ntdll.dll
0x00007ffafc4d0000 - 0x00007ffafc582000 	C:\WINDOWS\System32\KERNEL32.DLL
0x00007ffafacb0000 - 0x00007ffafaf55000 	C:\WINDOWS\System32\KERNELBASE.dll
0x00007ffafc1f0000 - 0x00007ffafc295000 	C:\WINDOWS\System32\ADVAPI32.dll
0x00007ffafc5a0000 - 0x00007ffafc63e000 	C:\WINDOWS\System32\msvcrt.dll
0x00007ffafccd0000 - 0x00007ffafcd68000 	C:\WINDOWS\System32\sechost.dll
0x00007ffafc2a0000 - 0x00007ffafc3bb000 	C:\WINDOWS\System32\RPCRT4.dll
0x00007ffafcb30000 - 0x00007ffafccc4000 	C:\WINDOWS\System32\USER32.dll
0x00007ffafa7e0000 - 0x00007ffafa801000 	C:\WINDOWS\System32\win32u.dll
0x00007ffafce20000 - 0x00007ffafce46000 	C:\WINDOWS\System32\GDI32.dll
0x00007ffafa810000 - 0x00007ffafa9a8000 	C:\WINDOWS\System32\gdi32full.dll
0x00007ffafb070000 - 0x00007ffafb10e000 	C:\WINDOWS\System32\msvcp_win.dll
0x00007ffafaa60000 - 0x00007ffafab5a000 	C:\WINDOWS\System32\ucrtbase.dll
0x00007ffae3d30000 - 0x00007ffae3fb4000 	C:\WINDOWS\WinSxS\amd64_microsoft.windows.common-controls_6595b64144ccf1df_6.0.18362.2274_none_9e8067a5e45c3d75\COMCTL32.dll
0x00007ffaf5200000 - 0x00007ffaf520a000 	C:\WINDOWS\SYSTEM32\VERSION.dll
0x00007ffafbe40000 - 0x00007ffafc176000 	C:\WINDOWS\System32\combase.dll
0x00007ffafafe0000 - 0x00007ffafb064000 	C:\WINDOWS\System32\bcryptPrimitives.dll
0x00007ffafb850000 - 0x00007ffafb87e000 	C:\WINDOWS\System32\IMM32.DLL
0x00007ffac4110000 - 0x00007ffac4126000 	C:\Program Files\Java\jdk-11.0.1\bin\vcruntime140.dll
0x00007ffa8fed0000 - 0x00007ffa8ff7a000 	C:\Program Files\Java\jdk-11.0.1\bin\msvcp140.dll
0x00007ffa8d2c0000 - 0x00007ffa8de02000 	C:\Program Files\Java\jdk-11.0.1\bin\server\jvm.dll
0x00007ffafc490000 - 0x00007ffafc498000 	C:\WINDOWS\System32\PSAPI.DLL
0x00007ffaf7d60000 - 0x00007ffaf7d84000 	C:\WINDOWS\SYSTEM32\WINMM.dll
0x00007ffaf51a0000 - 0x00007ffaf51a9000 	C:\WINDOWS\SYSTEM32\WSOCK32.dll
0x00007ffafc780000 - 0x00007ffafc7ef000 	C:\WINDOWS\System32\WS2_32.dll
0x00007ffaf7d30000 - 0x00007ffaf7d5d000 	C:\WINDOWS\SYSTEM32\WINMMBASE.dll
0x00007ffafb110000 - 0x00007ffafb15a000 	C:\WINDOWS\System32\cfgmgr32.dll
0x00007ffaf9f80000 - 0x00007ffaf9f91000 	C:\WINDOWS\System32\kernel.appcore.dll
0x00007ffac2940000 - 0x00007ffac2951000 	C:\Program Files\Java\jdk-11.0.1\bin\verify.dll
0x00007ffae6c00000 - 0x00007ffae6df4000 	C:\WINDOWS\SYSTEM32\DBGHELP.DLL
0x00007ffae6150000 - 0x00007ffae617a000 	C:\WINDOWS\SYSTEM32\dbgcore.DLL
0x00007ffaa4ca0000 - 0x00007ffaa4cc9000 	C:\Program Files\Java\jdk-11.0.1\bin\java.dll
0x00007ffaf0f70000 - 0x00007ffaf0f9f000 	C:\Program Files\Java\jdk-11.0.1\bin\instrument.dll
0x00007ffaad3b0000 - 0x00007ffaad3c6000 	C:\Program Files\Java\jdk-11.0.1\bin\zip.dll
0x00007ffae5450000 - 0x00007ffae545a000 	C:\Program Files\Java\jdk-11.0.1\bin\jimage.dll
0x00007ffafb160000 - 0x00007ffafb847000 	C:\WINDOWS\System32\SHELL32.dll
0x00007ffafcd70000 - 0x00007ffafce19000 	C:\WINDOWS\System32\shcore.dll
0x00007ffafa030000 - 0x00007ffafa7ac000 	C:\WINDOWS\System32\windows.storage.dll
0x00007ffaf9fc0000 - 0x00007ffaf9fde000 	C:\WINDOWS\System32\profapi.dll
0x00007ffaf9fe0000 - 0x00007ffafa02a000 	C:\WINDOWS\System32\powrprof.dll
0x00007ffaf9f70000 - 0x00007ffaf9f80000 	C:\WINDOWS\System32\UMPDC.dll
0x00007ffafbde0000 - 0x00007ffafbe32000 	C:\WINDOWS\System32\shlwapi.dll
0x00007ffafaf60000 - 0x00007ffafaf77000 	C:\WINDOWS\System32\cryptsp.dll
0x00007ffae41a0000 - 0x00007ffae41b9000 	C:\Program Files\Java\jdk-11.0.1\bin\net.dll
0x00007ffaf5080000 - 0x00007ffaf5179000 	C:\WINDOWS\SYSTEM32\WINHTTP.dll
0x00007ffaf9750000 - 0x00007ffaf97b7000 	C:\WINDOWS\system32\mswsock.dll
0x00007ffaad430000 - 0x00007ffaad443000 	C:\Program Files\Java\jdk-11.0.1\bin\nio.dll
0x00007ffaf0f50000 - 0x00007ffaf0f6a000 	C:\Program Files\JetBrains\IntelliJ IDEA Community Edition 2022.2.2\bin\breakgen64.dll
0x00007ffaf92d0000 - 0x00007ffaf9303000 	C:\WINDOWS\system32\rsaenh.dll
0x00007ffafa7b0000 - 0x00007ffafa7d6000 	C:\WINDOWS\System32\bcrypt.dll
0x00007ffaf9e60000 - 0x00007ffaf9e85000 	C:\WINDOWS\SYSTEM32\USERENV.dll
0x00007ffaf9980000 - 0x00007ffaf998c000 	C:\WINDOWS\SYSTEM32\CRYPTBASE.dll
0x00007ffaf9460000 - 0x00007ffaf949a000 	C:\WINDOWS\SYSTEM32\IPHLPAPI.DLL
0x00007ffafc590000 - 0x00007ffafc598000 	C:\WINDOWS\System32\NSI.dll
0x00007ffaf6070000 - 0x00007ffaf6086000 	C:\WINDOWS\SYSTEM32\dhcpcsvc6.DLL
0x00007ffaf6040000 - 0x00007ffaf605c000 	C:\WINDOWS\SYSTEM32\dhcpcsvc.DLL
0x00007ffaf94a0000 - 0x00007ffaf956a000 	C:\WINDOWS\SYSTEM32\DNSAPI.dll
0x00007ffae09d0000 - 0x00007ffae09e6000 	C:\WINDOWS\system32\napinsp.dll
0x00007ffae09b0000 - 0x00007ffae09ca000 	C:\WINDOWS\system32\pnrpnsp.dll
0x00007ffae09a0000 - 0x00007ffae09ae000 	C:\WINDOWS\System32\winrnr.dll
0x00007ffaf63f0000 - 0x00007ffaf640c000 	C:\WINDOWS\system32\NLAapi.dll
0x00007ffae0950000 - 0x00007ffae0965000 	C:\WINDOWS\system32\wshbth.dll
0x00007ffaf2b10000 - 0x00007ffaf2b1a000 	C:\Windows\System32\rasadhlp.dll
0x00007ffaf60d0000 - 0x00007ffaf6147000 	C:\WINDOWS\System32\fwpuclnt.dll
0x00007ffaf7e10000 - 0x00007ffaf7e19000 	C:\Program Files\Java\jdk-11.0.1\bin\management.dll
0x00007ffaf7dd0000 - 0x00007ffaf7ddc000 	C:\Program Files\Java\jdk-11.0.1\bin\management_ext.dll
0x00007ffaf15c0000 - 0x00007ffaf15cd000 	C:\Program Files\Java\jdk-11.0.1\bin\sunmscapi.dll
0x00007ffafab60000 - 0x00007ffafacaa000 	C:\WINDOWS\System32\CRYPT32.dll
0x00007ffaf9fa0000 - 0x00007ffaf9fb2000 	C:\WINDOWS\System32\MSASN1.dll
0x00007ffaf9a80000 - 0x00007ffaf9aa6000 	C:\WINDOWS\SYSTEM32\ncrypt.dll
0x00007ffaf9a40000 - 0x00007ffaf9a7b000 	C:\WINDOWS\SYSTEM32\NTASN1.dll
0x00007ffaf0f20000 - 0x00007ffaf0f47000 	C:\Program Files\Java\jdk-11.0.1\bin\sunec.dll

dbghelp: loaded successfully - version: 4.0.5 - missing functions: none
symbol engine: initialized successfully - sym options: 0x614 - pdb path: .;C:\Program Files\Java\jdk-11.0.1\bin;C:\WINDOWS\SYSTEM32;C:\WINDOWS\WinSxS\amd64_microsoft.windows.common-controls_6595b64144ccf1df_6.0.18362.2274_none_9e8067a5e45c3d75;C:\Program Files\Java\jdk-11.0.1\bin\server;C:\Program Files\JetBrains\IntelliJ IDEA Community Edition 2022.2.2\bin

VM Arguments:
jvm_args: -ea -Dallure.results.directory=target/allure-results -javaagent:C:\Users\инет\.m2\repository/org/aspectj/aspectjweaver/1.9.9.1/aspectjweaver-1.9.9.1.jar -Didea.test.cyclic.buffer.size=1048576 -javaagent:C:\Program Files\JetBrains\IntelliJ IDEA Community Edition 2022.2.2\lib\idea_rt.jar=52018:C:\Program Files\JetBrains\IntelliJ IDEA Community Edition 2022.2.2\bin -Dfile.encoding=UTF-8 
java_command: com.intellij.rt.junit.JUnitStarter -ideVersion5 -junit5 ModleTest,test
java_class_path (initial): C:\Program Files\JetBrains\IntelliJ IDEA Community Edition 2022.2.2\lib\idea_rt.jar;C:\Program Files\JetBrains\IntelliJ IDEA Community Edition 2022.2.2\plugins\junit\lib\junit5-rt.jar;C:\Program Files\JetBrains\IntelliJ IDEA Community Edition 2022.2.2\plugins\junit\lib\junit-rt.jar;C:\Users\инет\IdeaProjects\Mav\target\test-classes;C:\Users\инет\IdeaProjects\Mav\target\classes;C:\Users\инет\.m2\repository\io\qameta\allure\allure-selenide\2.13.1\allure-selenide-2.13.1.jar;C:\Users\инет\.m2\repository\io\qameta\allure\allure-java-commons\2.13.1\allure-java-commons-2.13.1.jar;C:\Users\инет\.m2\repository\io\qameta\allure\allure-model\2.13.1\allure-model-2.13.1.jar;C:\Users\инет\.m2\repository\com\fasterxml\jackson\core\jackson-databind\2.9.8\jackson-databind-2.9.8.jar;C:\Users\инет\.m2\repository\com\fasterxml\jackson\core\jackson-annotations\2.9.0\jackson-annotations-2.9.0.jar;C:\Users\инет\.m2\repository\com\fasterxml\jackson\core\jackson-core\2.9.8\jackson-core-2.9.8.jar;C:\Users\инет\.m2\repository\org\apache\tika\tika-core\1.20\tika-core-1.20.jar;C:\Users\инет\.m2\repository\org\jooq\joor-java-8\0.9.10\joor-java-8-0.9.10.jar;C:\Users\инет\.m2\repository\com\codeborne\selenide\6.8.1\selenide-6.8.1.jar;C:\Users\инет\.m2\repository\org\seleniumhq\selenium\selenium-java\4.4.0\selenium-java-4.4.0.jar;C:\Users\инет\.m2\repository\org\seleniumhq\selenium\selenium-api\4.4.0\selenium-api-4.4.0.jar;C:\Users\инет\.m2\repository\org\seleniumhq\selenium\selenium-chrome-driver\4.4.0\selenium-chrome-driver-4.4.0.jar;C:\Users\инет\.m2\repository\com\google\auto\service\auto-service-annotations\1.0.1\auto-service-annotations-1.0.1.jar;C:\Users\инет\.m2\repository\com\google\auto\service\auto-service\1.0.1\auto-service-1.0.1.jar;C:\Users\инет\.m2\repository\com\google\auto\auto-common\1.2\auto-common-1.2.jar;C:\Users\инет\.m2\repository\org\seleniumhq\selenium\selenium-chromium-driver\4.4.0\selenium-chromium-driver-4.4.0.jar;C:\Users\инет\.m2\repository
Launcher Type: SUN_STANDARD

[Global flags]
     intx CICompilerCount                          = 3                                         {product} {ergonomic}
     uint ConcGCThreads                            = 2                                         {product} {ergonomic}
     uint G1ConcRefinementThreads                  = 6                                         {product} {ergonomic}
   size_t G1HeapRegionSize                         = 1048576                                   {product} {ergonomic}
    uintx GCDrainStackTargetSize                   = 64                                        {product} {ergonomic}
   size_t InitialHeapSize                          = 134217728                                 {product} {ergonomic}
   size_t MarkStackSize                            = 4194304                                   {product} {ergonomic}
   size_t MaxHeapSize                              = 2116026368                                {product} {ergonomic}
   size_t MaxNewSize                               = 1268776960                                {product} {ergonomic}
   size_t MinHeapDeltaBytes                        = 1048576                                   {product} {ergonomic}
    uintx NonNMethodCodeHeapSize                   = 5830092                                {pd product} {ergonomic}
    uintx NonProfiledCodeHeapSize                  = 122914074                              {pd product} {ergonomic}
    uintx ProfiledCodeHeapSize                     = 122914074                              {pd product} {ergonomic}
    uintx ReservedCodeCacheSize                    = 251658240                              {pd product} {ergonomic}
     bool SegmentedCodeCache                       = true                                      {product} {ergonomic}
     bool UseCompressedClassPointers               = true                                 {lp64_product} {ergonomic}
     bool UseCompressedOops                        = true                                 {lp64_product} {ergonomic}
     bool UseG1GC                                  = true                                      {product} {ergonomic}
     bool UseLargePagesIndividualAllocation        = false                                  {pd product} {ergonomic}

Logging:
Log output configuration:
 #0: stdout all=warning uptime,level,tags
 #1: stderr all=off uptime,level,tags

Environment Variables:
JAVA_HOME=C:\Program Files (x86)\Java\jdk1.8.0_181
PATH=C:\Program Files\Microsoft MPI\Bin\;C:\Windows\system32;C:\Windows;C:\Windows\System32\Wbem;C:\Windows\System32\WindowsPowerShell\v1.0\;C:\Program Files\Git\cmd;C:\Program Files\dotnet\;C:\Program Files\Microsoft SQL Server\130\Tools\Binn\;C:\Program Files\Microsoft SQL Server\Client SDK\ODBC\130\Tools\Binn\;C:\Program Files (x86)\Microsoft SQL Server\130\Tools\Binn\;C:\Program Files\Microsoft SQL Server\130\DTS\Binn\;C:\Program Files (x86)\Microsoft SQL Server\140\Tools\Binn\;C:\Program Files (x86)\NVIDIA Corporation\PhysX\Common;C:\Program Files\Microsoft SQL Server\110\Tools\Binn\;C:\Program Files\nodejs\;C:\Program Files\Microsoft SQL Server\140\Tools\Binn\;C:\Program Files\Microsoft SQL Server\140\DTS\Binn\;C:\WINDOWS\system32;C:\WINDOWS;C:\WINDOWS\System32\Wbem;C:\WINDOWS\System32\WindowsPowerShell\v1.0\;C:\WINDOWS\System32\OpenSSH\;C:\Program Files (x86)\Microsoft SQL Server\150\Tools\Binn\;C:\Program Files\Microsoft SQL Server\150\Tools\Binn\;C:\Program Files (x86)\Microsoft SQL Server\150\DTS\Binn\;C:\Program Files\Microsoft SQL Server\150\DTS\Binn\;C:\Program Files\Microsoft SQL Server\Client SDK\ODBC\170\Tools\Binn\;C:\Program Files\Azure Data Studio\bin;C:\Program Files\Common Files\Autodesk Shared\;C:\Program Files (x86)\Autodesk\Backburner\;C:\Users\инет\AppData\Local\Microsoft\WindowsApps;C:\Users\инет\.dotnet\tools
USERNAME=инет
OS=Windows_NT
PROCESSOR_IDENTIFIER=Intel64 Family 6 Model 158 Stepping 13, GenuineIntel



---------------  S Y S T E M  ---------------

OS: Windows 10 , 64 bit Build 18362 (10.0.18362.2274)

CPU:total 6 (initial active 6) (6 cores per cpu, 1 threads per core) family 6 model 158 stepping 13, cmov, cx8, fxsr, mmx, sse, sse2, sse3, ssse3, sse4.1, sse4.2, popcnt, avx, avx2, aes, clmul, erms, 3dnowpref, lzcnt, tsc, tscinvbit, bmi1, bmi2, adx, fma

Memory: 4k page, system-wide physical 8068M (1182M free)
TotalPageFile size 10047M (AvailPageFile size 7M)
current process WorkingSet (physical memory assigned to process): 308M, peak: 310M
current process commit charge ("private bytes"): 350M, peak: 378M

vm_info: Java HotSpot(TM) 64-Bit Server VM (11.0.1+13-LTS) for windows-amd64 JRE (11.0.1+13-LTS), built on Oct  6 2018 13:20:16 by "mach5one" with MS VC++ 15.5 (VS2017)

END.
