#
# There is insufficient memory for the Java Runtime Environment to continue.
# Native memory allocation (malloc) failed to allocate 824016 bytes for Chunk::new
# Possible reasons:
#   The system is out of physical RAM or swap space
#   The process is running with CompressedOops enabled, and the Java Heap may be blocking the growth of the native heap
# Possible solutions:
#   Reduce memory load on the system
#   Increase physical memory or swap space
#   Check if swap backing store is full
#   Decrease Java heap size (-Xmx/-Xms)
#   Decrease number of Java threads
#   Decrease Java thread stack sizes (-Xss)
#   Set larger code cache with -XX:ReservedCodeCacheSize=
#   JVM is running with Unscaled Compressed Oops mode in which the Java heap is
#     placed in the first 4GB address space. The Java Heap base address is the
#     maximum limit for the native heap growth. Please use -XX:HeapBaseMinAddress
#     to set the Java Heap base and to place the Java Heap above 4GB virtual address.
# This output file may be truncated or incomplete.
#
#  Out of Memory Error (t:/workspace/open/src/hotspot/share/memory/arena.cpp:197), pid=12012, tid=2556
#
# JRE version: Java(TM) SE Runtime Environment (11.0.1+13) (build 11.0.1+13-LTS)
# Java VM: Java HotSpot(TM) 64-Bit Server VM (11.0.1+13-LTS, mixed mode, tiered, compressed oops, g1 gc, windows-amd64)
# No core dump will be written. Minidumps are not enabled by default on client versions of Windows
#

---------------  S U M M A R Y ------------

Command Line: -ea -Dallure.results.directory=target/allure-results -javaagent:C:\Users\инет\.m2\repository/org/aspectj/aspectjweaver/1.9.9.1/aspectjweaver-1.9.9.1.jar -Didea.test.cyclic.buffer.size=1048576 -javaagent:C:\Program Files\JetBrains\IntelliJ IDEA Community Edition 2022.2.2\lib\idea_rt.jar=52369:C:\Program Files\JetBrains\IntelliJ IDEA Community Edition 2022.2.2\bin -Dfile.encoding=UTF-8 com.intellij.rt.junit.JUnitStarter -ideVersion5 -junit5 ModleTest,test

Host: Intel(R) Core(TM) i5-9600K CPU @ 3.70GHz, 6 cores, 7G,  Windows 10 , 64 bit Build 18362 (10.0.18362.2274)
Time: Thu Nov 10 13:08:49 2022 RTZ 2 (ceia) elapsed time: 0 seconds (0d 0h 0m 0s)

---------------  T H R E A D  ---------------

Current thread (0x000002532797d800):  JavaThread "C2 CompilerThread0" daemon [_thread_in_native, id=2556, stack(0x000000985bf00000,0x000000985c000000)]


Current CompileTask:
C2:    566 1036       4       org.aspectj.apache.bcel.classfile.Attribute::readAttribute (568 bytes)

Stack: [0x000000985bf00000,0x000000985c000000]
Native frames: (J=compiled Java code, j=interpreted, Vv=VM code, C=native code)
V  [jvm.dll+0x63c21a]
V  [jvm.dll+0x7797df]
V  [jvm.dll+0x77adca]
V  [jvm.dll+0x77b483]
V  [jvm.dll+0x2627f8]
V  [jvm.dll+0xc5c71]
V  [jvm.dll+0xc61fc]
V  [jvm.dll+0x2d10f4]
V  [jvm.dll+0x55412f]
V  [jvm.dll+0x21e19b]
V  [jvm.dll+0x21b846]
V  [jvm.dll+0x198390]
V  [jvm.dll+0x22a97f]
V  [jvm.dll+0x228f98]
V  [jvm.dll+0x73f03d]
V  [jvm.dll+0x63b2b2]
C  [ucrtbase.dll+0x210b2]
C  [KERNEL32.DLL+0x17c24]
C  [ntdll.dll+0x6d721]


---------------  P R O C E S S  ---------------

Threads class SMR info:
_java_thread_list=0x00000253285e3cd0, length=12, elements={
0x0000025308963800, 0x0000025327102800, 0x0000025327920800, 0x0000025327974800,
0x0000025327976000, 0x000002532797d800, 0x0000025327983000, 0x00000253279ef000,
0x0000025327094800, 0x0000025327c4f000, 0x0000025328b43800, 0x00000253288ee800
}

Java Threads: ( => current thread )
  0x0000025308963800 JavaThread "main" [_thread_blocked, id=11524, stack(0x000000985b400000,0x000000985b500000)]
  0x0000025327102800 JavaThread "Reference Handler" daemon [_thread_blocked, id=13224, stack(0x000000985bb00000,0x000000985bc00000)]
  0x0000025327920800 JavaThread "Finalizer" daemon [_thread_blocked, id=9456, stack(0x000000985bc00000,0x000000985bd00000)]
  0x0000025327974800 JavaThread "Signal Dispatcher" daemon [_thread_blocked, id=6512, stack(0x000000985bd00000,0x000000985be00000)]
  0x0000025327976000 JavaThread "Attach Listener" daemon [_thread_blocked, id=16268, stack(0x000000985be00000,0x000000985bf00000)]
=>0x000002532797d800 JavaThread "C2 CompilerThread0" daemon [_thread_in_native, id=2556, stack(0x000000985bf00000,0x000000985c000000)]
  0x0000025327983000 JavaThread "C1 CompilerThread0" daemon [_thread_blocked, id=15872, stack(0x000000985c000000,0x000000985c100000)]
  0x00000253279ef000 JavaThread "Sweeper thread" daemon [_thread_blocked, id=11656, stack(0x000000985c100000,0x000000985c200000)]
  0x0000025327094800 JavaThread "Common-Cleaner" daemon [_thread_blocked, id=15896, stack(0x000000985c200000,0x000000985c300000)]
  0x0000025327c4f000 JavaThread "C2 CompilerThread1" daemon [_thread_in_native, id=9956, stack(0x000000985c300000,0x000000985c400000)]
  0x0000025328b43800 JavaThread "Monitor Ctrl-Break" daemon [_thread_in_native, id=14376, stack(0x000000985c600000,0x000000985c700000)]
  0x00000253288ee800 JavaThread "Service Thread" daemon [_thread_blocked, id=12356, stack(0x000000985c700000,0x000000985c800000)]

Other Threads:
  0x00000253270dd000 VMThread "VM Thread" [stack: 0x000000985ba00000,0x000000985bb00000] [id=13816]
  0x000002532896c800 WatcherThread [stack: 0x000000985c800000,0x000000985c900000] [id=15680]
  0x0000025308978000 GCTaskThread "GC Thread#0" [stack: 0x000000985b500000,0x000000985b600000] [id=9288]
  0x0000025328554000 GCTaskThread "GC Thread#1" [stack: 0x000000985c400000,0x000000985c500000] [id=9044]
  0x0000025328444800 GCTaskThread "GC Thread#2" [stack: 0x000000985c500000,0x000000985c600000] [id=14048]
  0x00000253089a8000 ConcurrentGCThread "G1 Main Marker" [stack: 0x000000985b600000,0x000000985b700000] [id=10492]
  0x00000253089aa800 ConcurrentGCThread "G1 Conc#0" [stack: 0x000000985b700000,0x000000985b800000] [id=13064]
  0x0000025326f45800 ConcurrentGCThread "G1 Refine#0" [stack: 0x000000985b800000,0x000000985b900000] [id=16248]
  0x0000025326f46800 ConcurrentGCThread "G1 Young RemSet Sampling" [stack: 0x000000985b900000,0x000000985ba00000] [id=10984]

Threads with active compile tasks:
C2 CompilerThread01036       4       org.aspectj.apache.bcel.classfile.Attribute::readAttribute (568 bytes)
C1 CompilerThread01154       3       org.aspectj.weaver.patterns.AnnotationPointcut::matchInternal (288 bytes)
C2 CompilerThread11146       4       java.io.DataInputStream::readFully (63 bytes)

VM state:at safepoint (normal execution)

VM Mutex/Monitor currently owned by a thread:  ([mutex/lock_event])
[0x000002530895ff50] Threads_lock - owner thread: 0x00000253270dd000
[0x0000025308960a90] Heap_lock - owner thread: 0x0000025308963800

Heap address: 0x0000000081e00000, size: 2018 MB, Compressed Oops mode: 32-bit
Narrow klass base: 0x0000000000000000, Narrow klass shift: 3
Compressed class space size: 1073741824 Address: 0x0000000100000000

Heap:
 garbage-first heap   total 131072K, used 29590K [0x0000000081e00000, 0x0000000100000000)
  region size 1024K, 27 young (27648K), 2 survivors (2048K)
 Metaspace       used 13728K, capacity 13880K, committed 13952K, reserved 1069056K
  class space    used 1289K, capacity 1349K, committed 1408K, reserved 1048576K
Heap Regions: E=young(eden), S=young(survivor), O=old, HS=humongous(starts), HC=humongous(continues), CS=collection set, F=free, A=archive, TAMS=top-at-mark-start (previous, next)
|   0|0x0000000081e00000, 0x0000000081f00000, 0x0000000081f00000|100%| O|  |TAMS 0x0000000081e00000, 0x0000000081f00000| Untracked 
|   1|0x0000000081f00000, 0x0000000081f65000, 0x0000000082000000| 39%| O|  |TAMS 0x0000000081f00000, 0x0000000082000000| Untracked 
|   2|0x0000000082000000, 0x0000000082000000, 0x0000000082100000|  0%| F|  |TAMS 0x0000000082000000, 0x0000000082000000| Untracked 
|   3|0x0000000082100000, 0x0000000082100000, 0x0000000082200000|  0%| F|  |TAMS 0x0000000082100000, 0x0000000082100000| Untracked 
|   4|0x0000000082200000, 0x0000000082200000, 0x0000000082300000|  0%| F|  |TAMS 0x0000000082200000, 0x0000000082200000| Untracked 
|   5|0x0000000082300000, 0x0000000082300000, 0x0000000082400000|  0%| F|  |TAMS 0x0000000082300000, 0x0000000082300000| Untracked 
|   6|0x0000000082400000, 0x0000000082400000, 0x0000000082500000|  0%| F|  |TAMS 0x0000000082400000, 0x0000000082400000| Untracked 
|   7|0x0000000082500000, 0x0000000082500000, 0x0000000082600000|  0%| F|  |TAMS 0x0000000082500000, 0x0000000082500000| Untracked 
|   8|0x0000000082600000, 0x0000000082600000, 0x0000000082700000|  0%| F|  |TAMS 0x0000000082600000, 0x0000000082600000| Untracked 
|   9|0x0000000082700000, 0x0000000082700000, 0x0000000082800000|  0%| F|  |TAMS 0x0000000082700000, 0x0000000082700000| Untracked 
|  10|0x0000000082800000, 0x0000000082800000, 0x0000000082900000|  0%| F|  |TAMS 0x0000000082800000, 0x0000000082800000| Untracked 
|  11|0x0000000082900000, 0x0000000082900000, 0x0000000082a00000|  0%| F|  |TAMS 0x0000000082900000, 0x0000000082900000| Untracked 
|  12|0x0000000082a00000, 0x0000000082a00000, 0x0000000082b00000|  0%| F|  |TAMS 0x0000000082a00000, 0x0000000082a00000| Untracked 
|  13|0x0000000082b00000, 0x0000000082b00000, 0x0000000082c00000|  0%| F|  |TAMS 0x0000000082b00000, 0x0000000082b00000| Untracked 
|  14|0x0000000082c00000, 0x0000000082c00000, 0x0000000082d00000|  0%| F|  |TAMS 0x0000000082c00000, 0x0000000082c00000| Untracked 
|  15|0x0000000082d00000, 0x0000000082d00000, 0x0000000082e00000|  0%| F|  |TAMS 0x0000000082d00000, 0x0000000082d00000| Untracked 
|  16|0x0000000082e00000, 0x0000000082e00000, 0x0000000082f00000|  0%| F|  |TAMS 0x0000000082e00000, 0x0000000082e00000| Untracked 
|  17|0x0000000082f00000, 0x0000000082f00000, 0x0000000083000000|  0%| F|  |TAMS 0x0000000082f00000, 0x0000000082f00000| Untracked 
|  18|0x0000000083000000, 0x0000000083000000, 0x0000000083100000|  0%| F|  |TAMS 0x0000000083000000, 0x0000000083000000| Untracked 
|  19|0x0000000083100000, 0x0000000083100000, 0x0000000083200000|  0%| F|  |TAMS 0x0000000083100000, 0x0000000083100000| Untracked 
|  20|0x0000000083200000, 0x0000000083200000, 0x0000000083300000|  0%| F|  |TAMS 0x0000000083200000, 0x0000000083200000| Untracked 
|  21|0x0000000083300000, 0x0000000083300000, 0x0000000083400000|  0%| F|  |TAMS 0x0000000083300000, 0x0000000083300000| Untracked 
|  22|0x0000000083400000, 0x0000000083400000, 0x0000000083500000|  0%| F|  |TAMS 0x0000000083400000, 0x0000000083400000| Untracked 
|  23|0x0000000083500000, 0x0000000083500000, 0x0000000083600000|  0%| F|  |TAMS 0x0000000083500000, 0x0000000083500000| Untracked 
|  24|0x0000000083600000, 0x0000000083600000, 0x0000000083700000|  0%| F|  |TAMS 0x0000000083600000, 0x0000000083600000| Untracked 
|  25|0x0000000083700000, 0x0000000083700000, 0x0000000083800000|  0%| F|  |TAMS 0x0000000083700000, 0x0000000083700000| Untracked 
|  26|0x0000000083800000, 0x0000000083800000, 0x0000000083900000|  0%| F|  |TAMS 0x0000000083800000, 0x0000000083800000| Untracked 
|  27|0x0000000083900000, 0x0000000083900000, 0x0000000083a00000|  0%| F|  |TAMS 0x0000000083900000, 0x0000000083900000| Untracked 
|  28|0x0000000083a00000, 0x0000000083a00000, 0x0000000083b00000|  0%| F|  |TAMS 0x0000000083a00000, 0x0000000083a00000| Untracked 
|  29|0x0000000083b00000, 0x0000000083b00000, 0x0000000083c00000|  0%| F|  |TAMS 0x0000000083b00000, 0x0000000083b00000| Untracked 
|  30|0x0000000083c00000, 0x0000000083c00000, 0x0000000083d00000|  0%| F|  |TAMS 0x0000000083c00000, 0x0000000083c00000| Untracked 
|  31|0x0000000083d00000, 0x0000000083d00000, 0x0000000083e00000|  0%| F|  |TAMS 0x0000000083d00000, 0x0000000083d00000| Untracked 
|  32|0x0000000083e00000, 0x0000000083e00000, 0x0000000083f00000|  0%| F|  |TAMS 0x0000000083e00000, 0x0000000083e00000| Untracked 
|  33|0x0000000083f00000, 0x0000000083f00000, 0x0000000084000000|  0%| F|  |TAMS 0x0000000083f00000, 0x0000000083f00000| Untracked 
|  34|0x0000000084000000, 0x0000000084000000, 0x0000000084100000|  0%| F|  |TAMS 0x0000000084000000, 0x0000000084000000| Untracked 
|  35|0x0000000084100000, 0x0000000084100000, 0x0000000084200000|  0%| F|  |TAMS 0x0000000084100000, 0x0000000084100000| Untracked 
|  36|0x0000000084200000, 0x0000000084200000, 0x0000000084300000|  0%| F|  |TAMS 0x0000000084200000, 0x0000000084200000| Untracked 
|  37|0x0000000084300000, 0x0000000084300000, 0x0000000084400000|  0%| F|  |TAMS 0x0000000084300000, 0x0000000084300000| Untracked 
|  38|0x0000000084400000, 0x0000000084400000, 0x0000000084500000|  0%| F|  |TAMS 0x0000000084400000, 0x0000000084400000| Untracked 
|  39|0x0000000084500000, 0x0000000084500000, 0x0000000084600000|  0%| F|  |TAMS 0x0000000084500000, 0x0000000084500000| Untracked 
|  40|0x0000000084600000, 0x0000000084600000, 0x0000000084700000|  0%| F|  |TAMS 0x0000000084600000, 0x0000000084600000| Untracked 
|  41|0x0000000084700000, 0x0000000084700000, 0x0000000084800000|  0%| F|  |TAMS 0x0000000084700000, 0x0000000084700000| Untracked 
|  42|0x0000000084800000, 0x0000000084800000, 0x0000000084900000|  0%| F|  |TAMS 0x0000000084800000, 0x0000000084800000| Untracked 
|  43|0x0000000084900000, 0x0000000084900000, 0x0000000084a00000|  0%| F|  |TAMS 0x0000000084900000, 0x0000000084900000| Untracked 
|  44|0x0000000084a00000, 0x0000000084a00000, 0x0000000084b00000|  0%| F|  |TAMS 0x0000000084a00000, 0x0000000084a00000| Untracked 
|  45|0x0000000084b00000, 0x0000000084b00000, 0x0000000084c00000|  0%| F|  |TAMS 0x0000000084b00000, 0x0000000084b00000| Untracked 
|  46|0x0000000084c00000, 0x0000000084c00000, 0x0000000084d00000|  0%| F|  |TAMS 0x0000000084c00000, 0x0000000084c00000| Untracked 
|  47|0x0000000084d00000, 0x0000000084d00000, 0x0000000084e00000|  0%| F|  |TAMS 0x0000000084d00000, 0x0000000084d00000| Untracked 
|  48|0x0000000084e00000, 0x0000000084e00000, 0x0000000084f00000|  0%| F|  |TAMS 0x0000000084e00000, 0x0000000084e00000| Untracked 
|  49|0x0000000084f00000, 0x0000000084f00000, 0x0000000085000000|  0%| F|  |TAMS 0x0000000084f00000, 0x0000000084f00000| Untracked 
|  50|0x0000000085000000, 0x0000000085000000, 0x0000000085100000|  0%| F|  |TAMS 0x0000000085000000, 0x0000000085000000| Untracked 
|  51|0x0000000085100000, 0x0000000085100000, 0x0000000085200000|  0%| F|  |TAMS 0x0000000085100000, 0x0000000085100000| Untracked 
|  52|0x0000000085200000, 0x0000000085200000, 0x0000000085300000|  0%| F|  |TAMS 0x0000000085200000, 0x0000000085200000| Untracked 
|  53|0x0000000085300000, 0x0000000085300000, 0x0000000085400000|  0%| F|  |TAMS 0x0000000085300000, 0x0000000085300000| Untracked 
|  54|0x0000000085400000, 0x0000000085400000, 0x0000000085500000|  0%| F|  |TAMS 0x0000000085400000, 0x0000000085400000| Untracked 
|  55|0x0000000085500000, 0x0000000085500000, 0x0000000085600000|  0%| F|  |TAMS 0x0000000085500000, 0x0000000085500000| Untracked 
|  56|0x0000000085600000, 0x0000000085600000, 0x0000000085700000|  0%| F|  |TAMS 0x0000000085600000, 0x0000000085600000| Untracked 
|  57|0x0000000085700000, 0x0000000085700000, 0x0000000085800000|  0%| F|  |TAMS 0x0000000085700000, 0x0000000085700000| Untracked 
|  58|0x0000000085800000, 0x0000000085800000, 0x0000000085900000|  0%| F|  |TAMS 0x0000000085800000, 0x0000000085800000| Untracked 
|  59|0x0000000085900000, 0x0000000085900000, 0x0000000085a00000|  0%| F|  |TAMS 0x0000000085900000, 0x0000000085900000| Untracked 
|  60|0x0000000085a00000, 0x0000000085a00000, 0x0000000085b00000|  0%| F|  |TAMS 0x0000000085a00000, 0x0000000085a00000| Untracked 
|  61|0x0000000085b00000, 0x0000000085b00000, 0x0000000085c00000|  0%| F|  |TAMS 0x0000000085b00000, 0x0000000085b00000| Untracked 
|  62|0x0000000085c00000, 0x0000000085c00000, 0x0000000085d00000|  0%| F|  |TAMS 0x0000000085c00000, 0x0000000085c00000| Untracked 
|  63|0x0000000085d00000, 0x0000000085d00000, 0x0000000085e00000|  0%| F|  |TAMS 0x0000000085d00000, 0x0000000085d00000| Untracked 
|  64|0x0000000085e00000, 0x0000000085e00000, 0x0000000085f00000|  0%| F|  |TAMS 0x0000000085e00000, 0x0000000085e00000| Untracked 
|  65|0x0000000085f00000, 0x0000000085f00000, 0x0000000086000000|  0%| F|  |TAMS 0x0000000085f00000, 0x0000000085f00000| Untracked 
|  66|0x0000000086000000, 0x0000000086000000, 0x0000000086100000|  0%| F|  |TAMS 0x0000000086000000, 0x0000000086000000| Untracked 
|  67|0x0000000086100000, 0x0000000086100000, 0x0000000086200000|  0%| F|  |TAMS 0x0000000086100000, 0x0000000086100000| Untracked 
|  68|0x0000000086200000, 0x0000000086200000, 0x0000000086300000|  0%| F|  |TAMS 0x0000000086200000, 0x0000000086200000| Untracked 
|  69|0x0000000086300000, 0x0000000086300000, 0x0000000086400000|  0%| F|  |TAMS 0x0000000086300000, 0x0000000086300000| Untracked 
|  70|0x0000000086400000, 0x0000000086400000, 0x0000000086500000|  0%| F|  |TAMS 0x0000000086400000, 0x0000000086400000| Untracked 
|  71|0x0000000086500000, 0x0000000086500000, 0x0000000086600000|  0%| F|  |TAMS 0x0000000086500000, 0x0000000086500000| Untracked 
|  72|0x0000000086600000, 0x0000000086600000, 0x0000000086700000|  0%| F|  |TAMS 0x0000000086600000, 0x0000000086600000| Untracked 
|  73|0x0000000086700000, 0x0000000086700000, 0x0000000086800000|  0%| F|  |TAMS 0x0000000086700000, 0x0000000086700000| Untracked 
|  74|0x0000000086800000, 0x0000000086800000, 0x0000000086900000|  0%| F|  |TAMS 0x0000000086800000, 0x0000000086800000| Untracked 
|  75|0x0000000086900000, 0x0000000086900000, 0x0000000086a00000|  0%| F|  |TAMS 0x0000000086900000, 0x0000000086900000| Untracked 
|  76|0x0000000086a00000, 0x0000000086a00000, 0x0000000086b00000|  0%| F|  |TAMS 0x0000000086a00000, 0x0000000086a00000| Untracked 
|  77|0x0000000086b00000, 0x0000000086b00000, 0x0000000086c00000|  0%| F|  |TAMS 0x0000000086b00000, 0x0000000086b00000| Untracked 
|  78|0x0000000086c00000, 0x0000000086c00000, 0x0000000086d00000|  0%| F|  |TAMS 0x0000000086c00000, 0x0000000086c00000| Untracked 
|  79|0x0000000086d00000, 0x0000000086d00000, 0x0000000086e00000|  0%| F|  |TAMS 0x0000000086d00000, 0x0000000086d00000| Untracked 
|  80|0x0000000086e00000, 0x0000000086e00000, 0x0000000086f00000|  0%| F|  |TAMS 0x0000000086e00000, 0x0000000086e00000| Untracked 
|  81|0x0000000086f00000, 0x0000000086f00000, 0x0000000087000000|  0%| F|  |TAMS 0x0000000086f00000, 0x0000000086f00000| Untracked 
|  82|0x0000000087000000, 0x0000000087000000, 0x0000000087100000|  0%| F|  |TAMS 0x0000000087000000, 0x0000000087000000| Untracked 
|  83|0x0000000087100000, 0x0000000087100000, 0x0000000087200000|  0%| F|  |TAMS 0x0000000087100000, 0x0000000087100000| Untracked 
|  84|0x0000000087200000, 0x0000000087200000, 0x0000000087300000|  0%| F|  |TAMS 0x0000000087200000, 0x0000000087200000| Untracked 
|  85|0x0000000087300000, 0x0000000087300000, 0x0000000087400000|  0%| F|  |TAMS 0x0000000087300000, 0x0000000087300000| Untracked 
|  86|0x0000000087400000, 0x0000000087400000, 0x0000000087500000|  0%| F|  |TAMS 0x0000000087400000, 0x0000000087400000| Untracked 
|  87|0x0000000087500000, 0x0000000087500000, 0x0000000087600000|  0%| F|  |TAMS 0x0000000087500000, 0x0000000087500000| Untracked 
|  88|0x0000000087600000, 0x0000000087600000, 0x0000000087700000|  0%| F|  |TAMS 0x0000000087600000, 0x0000000087600000| Untracked 
|  89|0x0000000087700000, 0x0000000087700000, 0x0000000087800000|  0%| F|  |TAMS 0x0000000087700000, 0x0000000087700000| Untracked 
|  90|0x0000000087800000, 0x0000000087800000, 0x0000000087900000|  0%| F|  |TAMS 0x0000000087800000, 0x0000000087800000| Untracked 
|  91|0x0000000087900000, 0x0000000087900000, 0x0000000087a00000|  0%| F|  |TAMS 0x0000000087900000, 0x0000000087900000| Untracked 
|  92|0x0000000087a00000, 0x0000000087a00000, 0x0000000087b00000|  0%| F|  |TAMS 0x0000000087a00000, 0x0000000087a00000| Untracked 
|  93|0x0000000087b00000, 0x0000000087b00000, 0x0000000087c00000|  0%| F|  |TAMS 0x0000000087b00000, 0x0000000087b00000| Untracked 
|  94|0x0000000087c00000, 0x0000000087c00000, 0x0000000087d00000|  0%| F|  |TAMS 0x0000000087c00000, 0x0000000087c00000| Untracked 
|  95|0x0000000087d00000, 0x0000000087d00000, 0x0000000087e00000|  0%| F|  |TAMS 0x0000000087d00000, 0x0000000087d00000| Untracked 
|  96|0x0000000087e00000, 0x0000000087edc050, 0x0000000087f00000| 85%| S|  |TAMS 0x0000000087e00000, 0x0000000087e00000| Complete 
|  97|0x0000000087f00000, 0x0000000088000000, 0x0000000088000000|100%| S|  |TAMS 0x0000000087f00000, 0x0000000087f00000| Complete 
|  98|0x0000000088000000, 0x0000000088100000, 0x0000000088100000|100%| S|  |TAMS 0x0000000088000000, 0x0000000088000000| Complete 
|  99|0x0000000088100000, 0x0000000088200000, 0x0000000088200000|100%| S|  |TAMS 0x0000000088100000, 0x0000000088100000| Complete 
| 100|0x0000000088200000, 0x0000000088280800, 0x0000000088300000| 50%| E|CS|TAMS 0x0000000088200000, 0x0000000088280800| Complete 
| 101|0x0000000088300000, 0x0000000088400000, 0x0000000088400000|100%| E|CS|TAMS 0x0000000088300000, 0x0000000088400000| Complete 
| 102|0x0000000088400000, 0x0000000088500000, 0x0000000088500000|100%| E|CS|TAMS 0x0000000088400000, 0x0000000088500000| Complete 
| 103|0x0000000088500000, 0x0000000088600000, 0x0000000088600000|100%| E|CS|TAMS 0x0000000088500000, 0x0000000088600000| Complete 
| 104|0x0000000088600000, 0x0000000088700000, 0x0000000088700000|100%| E|CS|TAMS 0x0000000088600000, 0x0000000088700000| Complete 
| 105|0x0000000088700000, 0x0000000088800000, 0x0000000088800000|100%| E|CS|TAMS 0x0000000088700000, 0x0000000088800000| Complete 
| 106|0x0000000088800000, 0x0000000088900000, 0x0000000088900000|100%| E|CS|TAMS 0x0000000088800000, 0x0000000088900000| Complete 
| 107|0x0000000088900000, 0x0000000088a00000, 0x0000000088a00000|100%| E|CS|TAMS 0x0000000088900000, 0x0000000088a00000| Complete 
| 108|0x0000000088a00000, 0x0000000088b00000, 0x0000000088b00000|100%| E|CS|TAMS 0x0000000088a00000, 0x0000000088b00000| Complete 
| 109|0x0000000088b00000, 0x0000000088c00000, 0x0000000088c00000|100%| E|CS|TAMS 0x0000000088b00000, 0x0000000088c00000| Complete 
| 110|0x0000000088c00000, 0x0000000088d00000, 0x0000000088d00000|100%| E|CS|TAMS 0x0000000088c00000, 0x0000000088d00000| Complete 
| 111|0x0000000088d00000, 0x0000000088e00000, 0x0000000088e00000|100%| E|CS|TAMS 0x0000000088d00000, 0x0000000088e00000| Complete 
| 112|0x0000000088e00000, 0x0000000088f00000, 0x0000000088f00000|100%| E|CS|TAMS 0x0000000088e00000, 0x0000000088f00000| Complete 
| 113|0x0000000088f00000, 0x0000000089000000, 0x0000000089000000|100%| E|CS|TAMS 0x0000000088f00000, 0x0000000089000000| Complete 
| 114|0x0000000089000000, 0x0000000089100000, 0x0000000089100000|100%| E|CS|TAMS 0x0000000089000000, 0x0000000089100000| Complete 
| 115|0x0000000089100000, 0x0000000089200000, 0x0000000089200000|100%| E|CS|TAMS 0x0000000089100000, 0x0000000089200000| Complete 
| 116|0x0000000089200000, 0x0000000089300000, 0x0000000089300000|100%| E|CS|TAMS 0x0000000089200000, 0x0000000089300000| Complete 
| 117|0x0000000089300000, 0x0000000089400000, 0x0000000089400000|100%| E|CS|TAMS 0x0000000089300000, 0x0000000089400000| Complete 
| 118|0x0000000089400000, 0x0000000089500000, 0x0000000089500000|100%| E|CS|TAMS 0x0000000089400000, 0x0000000089500000| Complete 
| 119|0x0000000089500000, 0x0000000089600000, 0x0000000089600000|100%| E|CS|TAMS 0x0000000089500000, 0x0000000089600000| Complete 
| 120|0x0000000089600000, 0x0000000089700000, 0x0000000089700000|100%| E|CS|TAMS 0x0000000089600000, 0x0000000089700000| Complete 
| 121|0x0000000089700000, 0x0000000089800000, 0x0000000089800000|100%| E|CS|TAMS 0x0000000089700000, 0x0000000089800000| Complete 
| 122|0x0000000089800000, 0x0000000089900000, 0x0000000089900000|100%| E|CS|TAMS 0x0000000089800000, 0x0000000089900000| Complete 
| 123|0x0000000089900000, 0x0000000089a00000, 0x0000000089a00000|100%| E|CS|TAMS 0x0000000089900000, 0x0000000089a00000| Complete 
| 124|0x0000000089a00000, 0x0000000089b00000, 0x0000000089b00000|100%| E|CS|TAMS 0x0000000089a00000, 0x0000000089b00000| Complete 
| 125|0x0000000089b00000, 0x0000000089c00000, 0x0000000089c00000|100%| E|CS|TAMS 0x0000000089b00000, 0x0000000089c00000| Complete 
| 126|0x0000000089c00000, 0x0000000089d00000, 0x0000000089d00000|100%| E|CS|TAMS 0x0000000089c00000, 0x0000000089d00000| Complete 
| 127|0x0000000089d00000, 0x0000000089e00000, 0x0000000089e00000|100%| E|CS|TAMS 0x0000000089d00000, 0x0000000089e00000| Complete 

Card table byte_map: [0x0000025320180000,0x0000025320580000] _byte_map_base: 0x000002531fd71000

Marking Bits (Prev, Next): (CMBitMap*) 0x000002530899f9a8, (CMBitMap*) 0x000002530899f9e0
 Prev Bits: [0x0000025320980000, 0x0000025322908000)
 Next Bits: [0x0000025322910000, 0x0000025324898000)

Polling page: 0x00000253068e0000

Metaspace:

Usage:
  Non-class:     12.24 MB capacity,    12.15 MB (>99%) used,    73.88 KB ( <1%) free+waste,    17.44 KB ( <1%) overhead. 
      Class:      1.32 MB capacity,     1.26 MB ( 96%) used,    52.48 KB (  4%) free+waste,     7.50 KB ( <1%) overhead. 
       Both:     13.55 MB capacity,    13.41 MB ( 99%) used,   126.36 KB ( <1%) free+waste,    24.94 KB ( <1%) overhead. 

Virtual space:
  Non-class space:       20.00 MB reserved,      12.25 MB ( 61%) committed 
      Class space:        1.00 GB reserved,       1.38 MB ( <1%) committed 
             Both:        1.02 GB reserved,      13.63 MB (  1%) committed 

Chunk freelists:
   Non-Class:  1.63 KB
       Class:  0 bytes
        Both:  1.63 KB

CodeHeap 'non-profiled nmethods': size=120064Kb used=495Kb max_used=495Kb free=119568Kb
 bounds [0x0000025318730000, 0x00000253189a0000, 0x000002531fc70000]
CodeHeap 'profiled nmethods': size=120000Kb used=2289Kb max_used=2289Kb free=117710Kb
 bounds [0x0000025311200000, 0x0000025311470000, 0x0000025318730000]
CodeHeap 'non-nmethods': size=5696Kb used=1088Kb max_used=1107Kb free=4607Kb
 bounds [0x0000025310c70000, 0x0000025310ee0000, 0x0000025311200000]
 total_blobs=1839 nmethods=1157 adapters=302
 compilation: enabled
              stopped_count=0, restarted_count=0
 full_count=0

Compilation events (10 events):
Event: 0.564 Thread 0x0000025327983000 nmethod 1133 0x00000253187a6810 code [0x00000253187a69c0, 0x00000253187a6ad8]
Event: 0.564 Thread 0x0000025327983000 1134       3       java.util.logging.Logger::isLoggable (27 bytes)
Event: 0.564 Thread 0x0000025327983000 nmethod 1134 0x0000025311422d10 code [0x0000025311422ec0, 0x00000253114230d8]
Event: 0.564 Thread 0x0000025327983000 1135       1       java.lang.Boolean::booleanValue (5 bytes)
Event: 0.564 Thread 0x0000025327983000 nmethod 1135 0x00000253187a6b90 code [0x00000253187a6d40, 0x00000253187a6e58]
Event: 0.564 Thread 0x0000025327983000 1136       3       java.util.jar.JarFile::getEntry (22 bytes)
Event: 0.565 Thread 0x0000025327983000 nmethod 1136 0x0000025311423210 code [0x0000025311423440, 0x0000025311423bd0]
Event: 0.565 Thread 0x0000025327983000 1137       3       org.aspectj.weaver.bcel.BcelObjectType::isGeneric (9 bytes)
Event: 0.565 Thread 0x0000025327983000 nmethod 1137 0x0000025311423e10 code [0x0000025311423fc0, 0x0000025311424170]
Event: 0.565 Thread 0x0000025327983000 1138       3       org.aspectj.weaver.ReferenceType::getDeclaredInterfaces (397 bytes)

GC Heap History (2 events):
Event: 0.386 GC heap before
{Heap before GC invocations=0 (full 0):
 garbage-first heap   total 131072K, used 21504K [0x0000000081e00000, 0x0000000100000000)
  region size 1024K, 22 young (22528K), 0 survivors (0K)
 Metaspace       used 10213K, capacity 10439K, committed 10624K, reserved 1058816K
  class space    used 964K, capacity 1055K, committed 1152K, reserved 1048576K
}
Event: 0.388 GC heap after
{Heap after GC invocations=1 (full 0):
 garbage-first heap   total 131072K, used 4500K [0x0000000081e00000, 0x0000000100000000)
  region size 1024K, 3 young (3072K), 3 survivors (3072K)
 Metaspace       used 10213K, capacity 10439K, committed 10624K, reserved 1058816K
  class space    used 964K, capacity 1055K, committed 1152K, reserved 1048576K
}

Deoptimization events (10 events):
Event: 0.404 Thread 0x0000025308963800 Uncommon trap: reason=profile_predicate action=maybe_recompile pc=0x000002531877fd20 method=java.io.WinNTFileSystem.normalize(Ljava/lang/String;)Ljava/lang/String; @ 25 c2
Event: 0.404 Thread 0x0000025308963800 Uncommon trap: reason=profile_predicate action=maybe_recompile pc=0x000002531877fd20 method=java.io.WinNTFileSystem.normalize(Ljava/lang/String;)Ljava/lang/String; @ 25 c2
Event: 0.405 Thread 0x0000025308963800 Uncommon trap: reason=profile_predicate action=maybe_recompile pc=0x000002531877fd20 method=java.io.WinNTFileSystem.normalize(Ljava/lang/String;)Ljava/lang/String; @ 25 c2
Event: 0.405 Thread 0x0000025308963800 Uncommon trap: reason=profile_predicate action=maybe_recompile pc=0x000002531877fd20 method=java.io.WinNTFileSystem.normalize(Ljava/lang/String;)Ljava/lang/String; @ 25 c2
Event: 0.418 Thread 0x0000025308963800 Uncommon trap: reason=profile_predicate action=maybe_recompile pc=0x0000025318782780 method=sun.net.www.ParseUtil.firstEncodeIndex(Ljava/lang/String;)I @ 9 c2
Event: 0.418 Thread 0x0000025308963800 Uncommon trap: reason=profile_predicate action=maybe_recompile pc=0x0000025318782780 method=sun.net.www.ParseUtil.firstEncodeIndex(Ljava/lang/String;)I @ 9 c2
Event: 0.418 Thread 0x0000025308963800 Uncommon trap: reason=profile_predicate action=maybe_recompile pc=0x0000025318782780 method=sun.net.www.ParseUtil.firstEncodeIndex(Ljava/lang/String;)I @ 9 c2
Event: 0.418 Thread 0x0000025308963800 Uncommon trap: reason=profile_predicate action=maybe_recompile pc=0x0000025318782780 method=sun.net.www.ParseUtil.firstEncodeIndex(Ljava/lang/String;)I @ 9 c2
Event: 0.491 Thread 0x0000025308963800 Uncommon trap: reason=class_check action=maybe_recompile pc=0x0000025318762188 method=java.util.HashMap.getNode(ILjava/lang/Object;)Ljava/util/HashMap$Node; @ 59 c2
Event: 0.562 Thread 0x0000025308963800 Uncommon trap: reason=unstable_if action=reinterpret pc=0x000002531876af24 method=java.util.jar.JarFile.getVersionedEntry(Ljava/lang/String;Ljava/util/jar/JarEntry;)Ljava/util/jar/JarEntry; @ 7 c2

Classes redefined (0 events):
No events

Internal exceptions (10 events):
Event: 0.486 Thread 0x0000025308963800 Exception <a 'java/lang/ArrayIndexOutOfBoundsException'{0x00000000890b09c8}> (0x00000000890b09c8) thrown at [t:/workspace/open/src/hotspot/share/runtime/sharedRuntime.cpp, line 584]
Event: 0.486 Thread 0x0000025308963800 Exception <a 'java/lang/ArrayIndexOutOfBoundsException'{0x00000000890b0f90}> (0x00000000890b0f90) thrown at [t:/workspace/open/src/hotspot/share/runtime/sharedRuntime.cpp, line 584]
Event: 0.487 Thread 0x0000025308963800 Exception <a 'java/lang/ArrayIndexOutOfBoundsException'{0x00000000890b1558}: Index 11 out of bounds for length 11> (0x00000000890b1558) thrown at [t:/workspace/open/src/hotspot/share/interpreter/interpreterRuntime.cpp, line 459]
Event: 0.487 Thread 0x0000025308963800 Exception <a 'java/lang/ArrayIndexOutOfBoundsException'{0x00000000890b29f0}> (0x00000000890b29f0) thrown at [t:/workspace/open/src/hotspot/share/runtime/sharedRuntime.cpp, line 584]
Event: 0.487 Thread 0x0000025308963800 Exception <a 'java/lang/ArrayIndexOutOfBoundsException'{0x00000000890b2fb8}> (0x00000000890b2fb8) thrown at [t:/workspace/open/src/hotspot/share/runtime/sharedRuntime.cpp, line 584]
Event: 0.487 Thread 0x0000025308963800 Exception <a 'java/lang/ArrayIndexOutOfBoundsException'{0x00000000890b3580}: Index 9 out of bounds for length 9> (0x00000000890b3580) thrown at [t:/workspace/open/src/hotspot/share/interpreter/interpreterRuntime.cpp, line 459]
Event: 0.487 Thread 0x0000025308963800 Exception <a 'java/lang/ArrayIndexOutOfBoundsException'{0x00000000890b8828}> (0x00000000890b8828) thrown at [t:/workspace/open/src/hotspot/share/runtime/sharedRuntime.cpp, line 584]
Event: 0.487 Thread 0x0000025308963800 Exception <a 'java/lang/ArrayIndexOutOfBoundsException'{0x00000000890b8df0}> (0x00000000890b8df0) thrown at [t:/workspace/open/src/hotspot/share/runtime/sharedRuntime.cpp, line 584]
Event: 0.487 Thread 0x0000025308963800 Exception <a 'java/lang/ArrayIndexOutOfBoundsException'{0x00000000890b93b8}: Index 7 out of bounds for length 7> (0x00000000890b93b8) thrown at [t:/workspace/open/src/hotspot/share/interpreter/interpreterRuntime.cpp, line 459]
Event: 0.534 Thread 0x0000025308963800 Exception <a 'java/lang/ClassCircularityError'{0x0000000088a66198}: java/lang/WeakPairMap$Pair$Weak> (0x0000000088a66198) thrown at [t:/workspace/open/src/hotspot/share/classfile/systemDictionary.cpp, line 402]

Events (10 events):
Event: 0.558 loading class org/junit/platform/commons/util/Preconditions done
Event: 0.561 loading class org/junit/platform/commons/PreconditionViolationException
Event: 0.561 loading class org/junit/platform/commons/PreconditionViolationException done
Event: 0.562 Thread 0x0000025308963800 Uncommon trap: trap_request=0xffffff4d fr.pc=0x000002531876af24 relative=0x0000000000000e04
Event: 0.562 Thread 0x0000025308963800 DEOPT PACKING pc=0x000002531876af24 sp=0x000000985b4f9fb0
Event: 0.562 Thread 0x0000025308963800 DEOPT UNPACKING pc=0x0000025310c98f2f sp=0x000000985b4f9f40 mode 2
Event: 0.564 loading class org/junit/platform/commons/util/PreconditionViolationException
Event: 0.564 loading class org/junit/platform/commons/util/PreconditionViolationException done
Event: 0.565 loading class org/junit/platform/commons/JUnitException
Event: 0.565 loading class org/junit/platform/commons/JUnitException done


Dynamic libraries:
0x00007ff7d8980000 - 0x00007ff7d89c7000 	C:\Program Files\Java\jdk-11.0.1\bin\java.exe
0x00007ffafd0c0000 - 0x00007ffafd2b0000 	C:\WINDOWS\SYSTEM32\ntdll.dll
0x00007ffafc4d0000 - 0x00007ffafc582000 	C:\WINDOWS\System32\KERNEL32.DLL
0x00007ffafacb0000 - 0x00007ffafaf55000 	C:\WINDOWS\System32\KERNELBASE.dll
0x00007ffafc1f0000 - 0x00007ffafc295000 	C:\WINDOWS\System32\ADVAPI32.dll
0x00007ffafc5a0000 - 0x00007ffafc63e000 	C:\WINDOWS\System32\msvcrt.dll
0x00007ffafccd0000 - 0x00007ffafcd68000 	C:\WINDOWS\System32\sechost.dll
0x00007ffafc2a0000 - 0x00007ffafc3bb000 	C:\WINDOWS\System32\RPCRT4.dll
0x00007ffafcb30000 - 0x00007ffafccc4000 	C:\WINDOWS\System32\USER32.dll
0x00007ffafa7e0000 - 0x00007ffafa801000 	C:\WINDOWS\System32\win32u.dll
0x00007ffafce20000 - 0x00007ffafce46000 	C:\WINDOWS\System32\GDI32.dll
0x00007ffafa810000 - 0x00007ffafa9a8000 	C:\WINDOWS\System32\gdi32full.dll
0x00007ffafb070000 - 0x00007ffafb10e000 	C:\WINDOWS\System32\msvcp_win.dll
0x00007ffafaa60000 - 0x00007ffafab5a000 	C:\WINDOWS\System32\ucrtbase.dll
0x00007ffae3d30000 - 0x00007ffae3fb4000 	C:\WINDOWS\WinSxS\amd64_microsoft.windows.common-controls_6595b64144ccf1df_6.0.18362.2274_none_9e8067a5e45c3d75\COMCTL32.dll
0x00007ffaf5200000 - 0x00007ffaf520a000 	C:\WINDOWS\SYSTEM32\VERSION.dll
0x00007ffafbe40000 - 0x00007ffafc176000 	C:\WINDOWS\System32\combase.dll
0x00007ffafafe0000 - 0x00007ffafb064000 	C:\WINDOWS\System32\bcryptPrimitives.dll
0x00007ffafb850000 - 0x00007ffafb87e000 	C:\WINDOWS\System32\IMM32.DLL
0x00007ffac4110000 - 0x00007ffac4126000 	C:\Program Files\Java\jdk-11.0.1\bin\vcruntime140.dll
0x00007ffa8fed0000 - 0x00007ffa8ff7a000 	C:\Program Files\Java\jdk-11.0.1\bin\msvcp140.dll
0x00007ffa8d2c0000 - 0x00007ffa8de02000 	C:\Program Files\Java\jdk-11.0.1\bin\server\jvm.dll
0x00007ffafc490000 - 0x00007ffafc498000 	C:\WINDOWS\System32\PSAPI.DLL
0x00007ffaf7d60000 - 0x00007ffaf7d84000 	C:\WINDOWS\SYSTEM32\WINMM.dll
0x00007ffaf51a0000 - 0x00007ffaf51a9000 	C:\WINDOWS\SYSTEM32\WSOCK32.dll
0x00007ffafc780000 - 0x00007ffafc7ef000 	C:\WINDOWS\System32\WS2_32.dll
0x00007ffaf7d30000 - 0x00007ffaf7d5d000 	C:\WINDOWS\SYSTEM32\WINMMBASE.dll
0x00007ffafb110000 - 0x00007ffafb15a000 	C:\WINDOWS\System32\cfgmgr32.dll
0x00007ffaf9f80000 - 0x00007ffaf9f91000 	C:\WINDOWS\System32\kernel.appcore.dll
0x00007ffac2940000 - 0x00007ffac2951000 	C:\Program Files\Java\jdk-11.0.1\bin\verify.dll
0x00007ffae6c00000 - 0x00007ffae6df4000 	C:\WINDOWS\SYSTEM32\DBGHELP.DLL
0x00007ffae6150000 - 0x00007ffae617a000 	C:\WINDOWS\SYSTEM32\dbgcore.DLL
0x00007ffaa4ca0000 - 0x00007ffaa4cc9000 	C:\Program Files\Java\jdk-11.0.1\bin\java.dll
0x00007ffaf0f70000 - 0x00007ffaf0f9f000 	C:\Program Files\Java\jdk-11.0.1\bin\instrument.dll
0x00007ffaad3b0000 - 0x00007ffaad3c6000 	C:\Program Files\Java\jdk-11.0.1\bin\zip.dll
0x00007ffae5450000 - 0x00007ffae545a000 	C:\Program Files\Java\jdk-11.0.1\bin\jimage.dll
0x00007ffafb160000 - 0x00007ffafb847000 	C:\WINDOWS\System32\SHELL32.dll
0x00007ffafcd70000 - 0x00007ffafce19000 	C:\WINDOWS\System32\shcore.dll
0x00007ffafa030000 - 0x00007ffafa7ac000 	C:\WINDOWS\System32\windows.storage.dll
0x00007ffaf9fc0000 - 0x00007ffaf9fde000 	C:\WINDOWS\System32\profapi.dll
0x00007ffaf9fe0000 - 0x00007ffafa02a000 	C:\WINDOWS\System32\powrprof.dll
0x00007ffaf9f70000 - 0x00007ffaf9f80000 	C:\WINDOWS\System32\UMPDC.dll
0x00007ffafbde0000 - 0x00007ffafbe32000 	C:\WINDOWS\System32\shlwapi.dll
0x00007ffafaf60000 - 0x00007ffafaf77000 	C:\WINDOWS\System32\cryptsp.dll
0x00007ffae41a0000 - 0x00007ffae41b9000 	C:\Program Files\Java\jdk-11.0.1\bin\net.dll
0x00007ffaf5080000 - 0x00007ffaf5179000 	C:\WINDOWS\SYSTEM32\WINHTTP.dll
0x00007ffaf9750000 - 0x00007ffaf97b7000 	C:\WINDOWS\system32\mswsock.dll
0x00007ffaad430000 - 0x00007ffaad443000 	C:\Program Files\Java\jdk-11.0.1\bin\nio.dll
0x00007ffaf0f50000 - 0x00007ffaf0f6a000 	C:\Program Files\JetBrains\IntelliJ IDEA Community Edition 2022.2.2\bin\breakgen64.dll

dbghelp: loaded successfully - version: 4.0.5 - missing functions: none
symbol engine: initialized successfully - sym options: 0x614 - pdb path: .;C:\Program Files\Java\jdk-11.0.1\bin;C:\WINDOWS\SYSTEM32;C:\WINDOWS\WinSxS\amd64_microsoft.windows.common-controls_6595b64144ccf1df_6.0.18362.2274_none_9e8067a5e45c3d75;C:\Program Files\Java\jdk-11.0.1\bin\server;C:\Program Files\JetBrains\IntelliJ IDEA Community Edition 2022.2.2\bin

VM Arguments:
jvm_args: -ea -Dallure.results.directory=target/allure-results -javaagent:C:\Users\инет\.m2\repository/org/aspectj/aspectjweaver/1.9.9.1/aspectjweaver-1.9.9.1.jar -Didea.test.cyclic.buffer.size=1048576 -javaagent:C:\Program Files\JetBrains\IntelliJ IDEA Community Edition 2022.2.2\lib\idea_rt.jar=52369:C:\Program Files\JetBrains\IntelliJ IDEA Community Edition 2022.2.2\bin -Dfile.encoding=UTF-8 
java_command: com.intellij.rt.junit.JUnitStarter -ideVersion5 -junit5 ModleTest,test
java_class_path (initial): C:\Program Files\JetBrains\IntelliJ IDEA Community Edition 2022.2.2\lib\idea_rt.jar;C:\Program Files\JetBrains\IntelliJ IDEA Community Edition 2022.2.2\plugins\junit\lib\junit5-rt.jar;C:\Program Files\JetBrains\IntelliJ IDEA Community Edition 2022.2.2\plugins\junit\lib\junit-rt.jar;C:\Users\инет\IdeaProjects\Mav\target\test-classes;C:\Users\инет\IdeaProjects\Mav\target\classes;C:\Users\инет\.m2\repository\io\qameta\allure\allure-selenide\2.13.1\allure-selenide-2.13.1.jar;C:\Users\инет\.m2\repository\io\qameta\allure\allure-java-commons\2.13.1\allure-java-commons-2.13.1.jar;C:\Users\инет\.m2\repository\io\qameta\allure\allure-model\2.13.1\allure-model-2.13.1.jar;C:\Users\инет\.m2\repository\com\fasterxml\jackson\core\jackson-databind\2.9.8\jackson-databind-2.9.8.jar;C:\Users\инет\.m2\repository\com\fasterxml\jackson\core\jackson-annotations\2.9.0\jackson-annotations-2.9.0.jar;C:\Users\инет\.m2\repository\com\fasterxml\jackson\core\jackson-core\2.9.8\jackson-core-2.9.8.jar;C:\Users\инет\.m2\repository\org\apache\tika\tika-core\1.20\tika-core-1.20.jar;C:\Users\инет\.m2\repository\org\jooq\joor-java-8\0.9.10\joor-java-8-0.9.10.jar;C:\Users\инет\.m2\repository\com\codeborne\selenide\6.8.1\selenide-6.8.1.jar;C:\Users\инет\.m2\repository\org\seleniumhq\selenium\selenium-java\4.4.0\selenium-java-4.4.0.jar;C:\Users\инет\.m2\repository\org\seleniumhq\selenium\selenium-api\4.4.0\selenium-api-4.4.0.jar;C:\Users\инет\.m2\repository\org\seleniumhq\selenium\selenium-chrome-driver\4.4.0\selenium-chrome-driver-4.4.0.jar;C:\Users\инет\.m2\repository\com\google\auto\service\auto-service-annotations\1.0.1\auto-service-annotations-1.0.1.jar;C:\Users\инет\.m2\repository\com\google\auto\service\auto-service\1.0.1\auto-service-1.0.1.jar;C:\Users\инет\.m2\repository\com\google\auto\auto-common\1.2\auto-common-1.2.jar;C:\Users\инет\.m2\repository\org\seleniumhq\selenium\selenium-chromium-driver\4.4.0\selenium-chromium-driver-4.4.0.jar;C:\Users\инет\.m2\repository
Launcher Type: SUN_STANDARD

[Global flags]
     intx CICompilerCount                          = 3                                         {product} {ergonomic}
     uint ConcGCThreads                            = 2                                         {product} {ergonomic}
     uint G1ConcRefinementThreads                  = 6                                         {product} {ergonomic}
   size_t G1HeapRegionSize                         = 1048576                                   {product} {ergonomic}
    uintx GCDrainStackTargetSize                   = 64                                        {product} {ergonomic}
   size_t InitialHeapSize                          = 134217728                                 {product} {ergonomic}
   size_t MarkStackSize                            = 4194304                                   {product} {ergonomic}
   size_t MaxHeapSize                              = 2116026368                                {product} {ergonomic}
   size_t MaxNewSize                               = 1268776960                                {product} {ergonomic}
   size_t MinHeapDeltaBytes                        = 1048576                                   {product} {ergonomic}
    uintx NonNMethodCodeHeapSize                   = 5830092                                {pd product} {ergonomic}
    uintx NonProfiledCodeHeapSize                  = 122914074                              {pd product} {ergonomic}
    uintx ProfiledCodeHeapSize                     = 122914074                              {pd product} {ergonomic}
    uintx ReservedCodeCacheSize                    = 251658240                              {pd product} {ergonomic}
     bool SegmentedCodeCache                       = true                                      {product} {ergonomic}
     bool UseCompressedClassPointers               = true                                 {lp64_product} {ergonomic}
     bool UseCompressedOops                        = true                                 {lp64_product} {ergonomic}
     bool UseG1GC                                  = true                                      {product} {ergonomic}
     bool UseLargePagesIndividualAllocation        = false                                  {pd product} {ergonomic}

Logging:
Log output configuration:
 #0: stdout all=warning uptime,level,tags
 #1: stderr all=off uptime,level,tags

Environment Variables:
JAVA_HOME=C:\Program Files (x86)\Java\jdk1.8.0_181
PATH=C:\Program Files\Microsoft MPI\Bin\;C:\Windows\system32;C:\Windows;C:\Windows\System32\Wbem;C:\Windows\System32\WindowsPowerShell\v1.0\;C:\Program Files\Git\cmd;C:\Program Files\dotnet\;C:\Program Files\Microsoft SQL Server\130\Tools\Binn\;C:\Program Files\Microsoft SQL Server\Client SDK\ODBC\130\Tools\Binn\;C:\Program Files (x86)\Microsoft SQL Server\130\Tools\Binn\;C:\Program Files\Microsoft SQL Server\130\DTS\Binn\;C:\Program Files (x86)\Microsoft SQL Server\140\Tools\Binn\;C:\Program Files (x86)\NVIDIA Corporation\PhysX\Common;C:\Program Files\Microsoft SQL Server\110\Tools\Binn\;C:\Program Files\nodejs\;C:\Program Files\Microsoft SQL Server\140\Tools\Binn\;C:\Program Files\Microsoft SQL Server\140\DTS\Binn\;C:\WINDOWS\system32;C:\WINDOWS;C:\WINDOWS\System32\Wbem;C:\WINDOWS\System32\WindowsPowerShell\v1.0\;C:\WINDOWS\System32\OpenSSH\;C:\Program Files (x86)\Microsoft SQL Server\150\Tools\Binn\;C:\Program Files\Microsoft SQL Server\150\Tools\Binn\;C:\Program Files (x86)\Microsoft SQL Server\150\DTS\Binn\;C:\Program Files\Microsoft SQL Server\150\DTS\Binn\;C:\Program Files\Microsoft SQL Server\Client SDK\ODBC\170\Tools\Binn\;C:\Program Files\Azure Data Studio\bin;C:\Program Files\Common Files\Autodesk Shared\;C:\Program Files (x86)\Autodesk\Backburner\;C:\Users\инет\AppData\Local\Microsoft\WindowsApps;C:\Users\инет\.dotnet\tools
USERNAME=инет
OS=Windows_NT
PROCESSOR_IDENTIFIER=Intel64 Family 6 Model 158 Stepping 13, GenuineIntel



---------------  S Y S T E M  ---------------

OS: Windows 10 , 64 bit Build 18362 (10.0.18362.2274)

CPU:total 6 (initial active 6) (6 cores per cpu, 1 threads per core) family 6 model 158 stepping 13, cmov, cx8, fxsr, mmx, sse, sse2, sse3, ssse3, sse4.1, sse4.2, popcnt, avx, avx2, aes, clmul, erms, 3dnowpref, lzcnt, tsc, tscinvbit, bmi1, bmi2, adx, fma

Memory: 4k page, system-wide physical 8068M (1355M free)
TotalPageFile size 10047M (AvailPageFile size 5M)
current process WorkingSet (physical memory assigned to process): 96M, peak: 96M
current process commit charge ("private bytes"): 229M, peak: 229M

vm_info: Java HotSpot(TM) 64-Bit Server VM (11.0.1+13-LTS) for windows-amd64 JRE (11.0.1+13-LTS), built on Oct  6 2018 13:20:16 by "mach5one" with MS VC++ 15.5 (VS2017)

END.
