#
# There is insufficient memory for the Java Runtime Environment to continue.
# Native memory allocation (mmap) failed to map 65536 bytes for Failed to commit area from 0x000001f9d2560000 to 0x000001f9d2570000 of length 65536.
# Possible reasons:
#   The system is out of physical RAM or swap space
#   The process is running with CompressedOops enabled, and the Java Heap may be blocking the growth of the native heap
# Possible solutions:
#   Reduce memory load on the system
#   Increase physical memory or swap space
#   Check if swap backing store is full
#   Decrease Java heap size (-Xmx/-Xms)
#   Decrease number of Java threads
#   Decrease Java thread stack sizes (-Xss)
#   Set larger code cache with -XX:ReservedCodeCacheSize=
#   JVM is running with Unscaled Compressed Oops mode in which the Java heap is
#     placed in the first 4GB address space. The Java Heap base address is the
#     maximum limit for the native heap growth. Please use -XX:HeapBaseMinAddress
#     to set the Java Heap base and to place the Java Heap above 4GB virtual address.
# This output file may be truncated or incomplete.
#
#  Out of Memory Error (t:/workspace/open/src/hotspot/os/windows/os_windows.cpp:3269), pid=14424, tid=10632
#
# JRE version: Java(TM) SE Runtime Environment (11.0.1+13) (build 11.0.1+13-LTS)
# Java VM: Java HotSpot(TM) 64-Bit Server VM (11.0.1+13-LTS, mixed mode, tiered, compressed oops, g1 gc, windows-amd64)
# No core dump will be written. Minidumps are not enabled by default on client versions of Windows
#

---------------  S U M M A R Y ------------

Command Line: -agentlib:jdwp=transport=dt_socket,address=127.0.0.1:58866,suspend=y,server=n -ea -Dallure.results.directory=target/allure-results -javaagent:C:\Users\инет\.m2\repository/org/aspectj/aspectjweaver/1.9.9.1/aspectjweaver-1.9.9.1.jar -Didea.test.cyclic.buffer.size=1048576 -javaagent:C:\Users\инет\AppData\Local\JetBrains\IdeaIC2022.2\captureAgent\debugger-agent.jar=file:/C:/Users/%D0%B8%D0%BD%D0%B5%D1%82/AppData/Local/Temp/capture.props -Dfile.encoding=UTF-8 com.intellij.rt.junit.JUnitStarter -ideVersion5 -junit5 FirstTest,test

Host: Intel(R) Core(TM) i5-9600K CPU @ 3.70GHz, 6 cores, 7G,  Windows 10 , 64 bit Build 18362 (10.0.18362.2274)
Time: Mon Nov  7 11:22:41 2022 RTZ 2 (ceia) elapsed time: 3 seconds (0d 0h 0m 3s)

---------------  T H R E A D  ---------------

Current thread (0x000001f9d6a41800):  VMThread "VM Thread" [stack: 0x0000005c8ae00000,0x0000005c8af00000] [id=10632]

Stack: [0x0000005c8ae00000,0x0000005c8af00000]
[error occurred during error reporting (printing stack bounds), id 0xc0000005, EXCEPTION_ACCESS_VIOLATION (0xc0000005) at pc=0x000001f9c05f0bad]

Native frames: (J=compiled Java code, j=interpreted, Vv=VM code, C=native code)
V  [jvm.dll+0x63c21a]
V  [jvm.dll+0x7797df]
V  [jvm.dll+0x77adca]
V  [jvm.dll+0x77b3e5]
V  [jvm.dll+0x77b39b]
V  [jvm.dll+0x63b916]
V  [jvm.dll+0x63bce8]
C  [ntdll.dll+0xa1fff]
C  [ntdll.dll+0x6aad9]
C  [ntdll.dll+0xa0c6e]
C  0x000001f9c05f0bad

VM_Operation (0x0000005c8cbfd6b0): G1CollectForAllocation, mode: safepoint, requested by thread 0x000001f9dcaf2000


---------------  P R O C E S S  ---------------

Threads class SMR info:
_java_thread_list=0x000001f9da7aa3c0, length=25, elements={
0x000001f9b82e0800, 0x000001f9d6a64800, 0x000001f9d6a6e800, 0x000001f9d73c5000,
0x000001f9d73c6000, 0x000001f9d73cb000, 0x000001f9d73d5800, 0x000001f9d73db000,
0x000001f9d69fc000, 0x000001f9d7714000, 0x000001f9d7732000, 0x000001f9d7732800,
0x000001f9d7836800, 0x000001f9d7dc1000, 0x000001f9da7a0000, 0x000001f9dc850800,
0x000001f9dc9a0000, 0x000001f9dc78f800, 0x000001f9dced2000, 0x000001f9dd479800,
0x000001f9dacb5800, 0x000001f9dcbaa800, 0x000001f9dadb5800, 0x000001f9dcaf8000,
0x000001f9dcaf2000
}

Java Threads: ( => current thread )
  0x000001f9b82e0800 JavaThread "Forwarding newSession on session null to remote" [_thread_blocked, id=13416, stack(0x0000005c8a800000,0x0000005c8a900000)]
  0x000001f9d6a64800 JavaThread "Reference Handler" daemon [_thread_blocked, id=8288, stack(0x0000005c8af00000,0x0000005c8b000000)]
  0x000001f9d6a6e800 JavaThread "Finalizer" daemon [_thread_blocked, id=1948, stack(0x0000005c8b000000,0x0000005c8b100000)]
  0x000001f9d73c5000 JavaThread "Signal Dispatcher" daemon [_thread_blocked, id=1468, stack(0x0000005c8b100000,0x0000005c8b200000)]
  0x000001f9d73c6000 JavaThread "Attach Listener" daemon [_thread_blocked, id=4220, stack(0x0000005c8b200000,0x0000005c8b300000)]
  0x000001f9d73cb000 JavaThread "C2 CompilerThread0" daemon [_thread_blocked, id=12844, stack(0x0000005c8b300000,0x0000005c8b400000)]
  0x000001f9d73d5800 JavaThread "C1 CompilerThread0" daemon [_thread_blocked, id=14744, stack(0x0000005c8b400000,0x0000005c8b500000)]
  0x000001f9d73db000 JavaThread "Sweeper thread" daemon [_thread_blocked, id=2336, stack(0x0000005c8b500000,0x0000005c8b600000)]
  0x000001f9d69fc000 JavaThread "Common-Cleaner" daemon [_thread_blocked, id=3536, stack(0x0000005c8b600000,0x0000005c8b700000)]
  0x000001f9d7714000 JavaThread "JDWP Transport Listener: dt_socket" daemon [_thread_blocked, id=14704, stack(0x0000005c8b700000,0x0000005c8b800000)]
  0x000001f9d7732000 JavaThread "JDWP Event Helper Thread" daemon [_thread_blocked, id=5048, stack(0x0000005c8b800000,0x0000005c8b900000)]
  0x000001f9d7732800 JavaThread "JDWP Command Reader" daemon [_thread_in_native, id=11552, stack(0x0000005c8b900000,0x0000005c8ba00000)]
  0x000001f9d7836800 JavaThread "C2 CompilerThread1" daemon [_thread_blocked, id=11060, stack(0x0000005c8ba00000,0x0000005c8bb00000)]
  0x000001f9d7dc1000 JavaThread "Service Thread" daemon [_thread_blocked, id=6848, stack(0x0000005c8bb00000,0x0000005c8bc00000)]
  0x000001f9da7a0000 JavaThread "ForkJoinPool.commonPool-worker-3" daemon [_thread_blocked, id=16068, stack(0x0000005c8c000000,0x0000005c8c100000)]
  0x000001f9dc850800 JavaThread "AsyncHttpClient-1-1" daemon [_thread_blocked, id=5080, stack(0x0000005c8c100000,0x0000005c8c200000)]
  0x000001f9dc9a0000 JavaThread "Exec Default Executor" daemon [_thread_in_native, id=5564, stack(0x0000005c8c200000,0x0000005c8c300000)]
  0x000001f9dc78f800 JavaThread "Driver Service Executor" daemon [_thread_blocked, id=14076, stack(0x0000005c8c300000,0x0000005c8c400000)]
  0x000001f9dced2000 JavaThread "Driver Service Executor" daemon [_thread_blocked, id=11096, stack(0x0000005c8c400000,0x0000005c8c500000)]
  0x000001f9dd479800 JavaThread "UrlChecker-2" daemon [_thread_blocked, id=12976, stack(0x0000005c8c500000,0x0000005c8c600000)]
  0x000001f9dacb5800 JavaThread "Exec Stream Pumper" daemon [_thread_in_native, id=756, stack(0x0000005c8c600000,0x0000005c8c700000)]
  0x000001f9dcbaa800 JavaThread "Exec Stream Pumper" daemon [_thread_in_native, id=15784, stack(0x0000005c8c700000,0x0000005c8c800000)]
  0x000001f9dadb5800 JavaThread "Keep-Alive-Timer" daemon [_thread_blocked, id=8632, stack(0x0000005c8c900000,0x0000005c8ca00000)]
  0x000001f9dcaf8000 JavaThread "ForkJoinPool.commonPool-worker-5" daemon [_thread_blocked, id=14156, stack(0x0000005c8ca00000,0x0000005c8cb00000)]
  0x000001f9dcaf2000 JavaThread "AsyncHttpClient-1-2" daemon [_thread_blocked, id=7496, stack(0x0000005c8cb00000,0x0000005c8cc00000)]

Other Threads:
=>0x000001f9d6a41800 VMThread "VM Thread" [stack: 0x0000005c8ae00000,0x0000005c8af00000] [id=10632]
  0x000001f9d770d800 WatcherThread [stack: 0x0000005c8bc00000,0x0000005c8bd00000] [id=1204]
  0x000001f9b82f6800 GCTaskThread "GC Thread#0" [stack: 0x0000005c8a900000,0x0000005c8aa00000] [id=10496]
  0x000001f9d7d6e800 GCTaskThread "GC Thread#1" [stack: 0x0000005c8bd00000,0x0000005c8be00000] [id=2288]
  0x000001f9d815c800 GCTaskThread "GC Thread#2" [stack: 0x0000005c8be00000,0x0000005c8bf00000] [id=2320]
  0x000001f9b8327800 ConcurrentGCThread "G1 Main Marker" [stack: 0x0000005c8aa00000,0x0000005c8ab00000] [id=6028]
  0x000001f9b8329800 ConcurrentGCThread "G1 Conc#0" [stack: 0x0000005c8ab00000,0x0000005c8ac00000] [id=15924]
  0x000001f9da876800 ConcurrentGCThread "G1 Conc#1" [stack: 0x0000005c8bf00000,0x0000005c8c000000] [id=14120]
  0x000001f9b839e800 ConcurrentGCThread "G1 Refine#0" [stack: 0x0000005c8ac00000,0x0000005c8ad00000] [id=6664]
  0x000001f9d68ac800 ConcurrentGCThread "G1 Young RemSet Sampling" [stack: 0x0000005c8ad00000,0x0000005c8ae00000] [id=1020]

Threads with active compile tasks:
C2 CompilerThread03491   !   4       sun.net.www.ParseUtil::decode (316 bytes)
C2 CompilerThread13480   !   4       org.aspectj.weaver.bcel.AtAjAttributes::readAj5MethodAttributes (586 bytes)

VM state:at safepoint (normal execution)

VM Mutex/Monitor currently owned by a thread:  ([mutex/lock_event])
[0x000001f9b82de6f0] Threads_lock - owner thread: 0x000001f9d6a41800
[0x000001f9b82df980] Heap_lock - owner thread: 0x000001f9dcaf2000

Heap address: 0x0000000081e00000, size: 2018 MB, Compressed Oops mode: 32-bit
Narrow klass base: 0x0000000000000000, Narrow klass shift: 3
Compressed class space size: 1073741824 Address: 0x0000000100000000

Heap:
 garbage-first heap   total 189440K, used 48243K [0x0000000081e00000, 0x0000000100000000)
  region size 1024K, 8 young (8192K), 8 survivors (8192K)
 Metaspace       used 38174K, capacity 39210K, committed 39376K, reserved 1083392K
  class space    used 4182K, capacity 4621K, committed 4736K, reserved 1048576K
Heap Regions: E=young(eden), S=young(survivor), O=old, HS=humongous(starts), HC=humongous(continues), CS=collection set, F=free, A=archive, TAMS=top-at-mark-start (previous, next)
|   0|0x0000000081e00000, 0x0000000081f00000, 0x0000000081f00000|100%| O|  |TAMS 0x0000000081f00000, 0x0000000081e00000| Untracked 
|   1|0x0000000081f00000, 0x0000000082000000, 0x0000000082000000|100%| O|  |TAMS 0x0000000082000000, 0x0000000081f00000| Untracked 
|   2|0x0000000082000000, 0x0000000082100000, 0x0000000082100000|100%| O|  |TAMS 0x0000000082100000, 0x0000000082000000| Untracked 
|   3|0x0000000082100000, 0x0000000082200000, 0x0000000082200000|100%| O|  |TAMS 0x0000000082200000, 0x0000000082100000| Untracked 
|   4|0x0000000082200000, 0x0000000082300000, 0x0000000082300000|100%| O|  |TAMS 0x0000000082300000, 0x0000000082200000| Untracked 
|   5|0x0000000082300000, 0x0000000082400000, 0x0000000082400000|100%| O|  |TAMS 0x0000000082400000, 0x0000000082300000| Untracked 
|   6|0x0000000082400000, 0x0000000082500000, 0x0000000082500000|100%| O|  |TAMS 0x0000000082500000, 0x0000000082400000| Untracked 
|   7|0x0000000082500000, 0x0000000082600000, 0x0000000082600000|100%| O|  |TAMS 0x0000000082600000, 0x0000000082500000| Untracked 
|   8|0x0000000082600000, 0x0000000082700000, 0x0000000082700000|100%| O|  |TAMS 0x0000000082700000, 0x0000000082600000| Untracked 
|   9|0x0000000082700000, 0x0000000082800000, 0x0000000082800000|100%| O|  |TAMS 0x0000000082800000, 0x0000000082700000| Untracked 
|  10|0x0000000082800000, 0x0000000082900000, 0x0000000082900000|100%| O|  |TAMS 0x0000000082900000, 0x0000000082800000| Untracked 
|  11|0x0000000082900000, 0x0000000082a00000, 0x0000000082a00000|100%| O|  |TAMS 0x0000000082a00000, 0x0000000082900000| Untracked 
|  12|0x0000000082a00000, 0x0000000082b00000, 0x0000000082b00000|100%| O|  |TAMS 0x0000000082b00000, 0x0000000082a00000| Untracked 
|  13|0x0000000082b00000, 0x0000000082c00000, 0x0000000082c00000|100%| O|  |TAMS 0x0000000082c00000, 0x0000000082b00000| Untracked 
|  14|0x0000000082c00000, 0x0000000082d00000, 0x0000000082d00000|100%| O|  |TAMS 0x0000000082d00000, 0x0000000082c00000| Untracked 
|  15|0x0000000082d00000, 0x0000000082e00000, 0x0000000082e00000|100%| O|  |TAMS 0x0000000082e00000, 0x0000000082d00000| Untracked 
|  16|0x0000000082e00000, 0x0000000082f00000, 0x0000000082f00000|100%| O|  |TAMS 0x0000000082f00000, 0x0000000082e00000| Untracked 
|  17|0x0000000082f00000, 0x0000000083000000, 0x0000000083000000|100%| O|  |TAMS 0x0000000083000000, 0x0000000082f00000| Untracked 
|  18|0x0000000083000000, 0x0000000083100000, 0x0000000083100000|100%| O|  |TAMS 0x0000000083100000, 0x0000000083000000| Untracked 
|  19|0x0000000083100000, 0x0000000083200000, 0x0000000083200000|100%| O|  |TAMS 0x0000000083200000, 0x0000000083100000| Untracked 
|  20|0x0000000083200000, 0x0000000083300000, 0x0000000083300000|100%| O|  |TAMS 0x0000000083300000, 0x0000000083200000| Untracked 
|  21|0x0000000083300000, 0x0000000083400000, 0x0000000083400000|100%| O|  |TAMS 0x0000000083400000, 0x0000000083300000| Untracked 
|  22|0x0000000083400000, 0x0000000083500000, 0x0000000083500000|100%| O|  |TAMS 0x0000000083500000, 0x0000000083400000| Untracked 
|  23|0x0000000083500000, 0x0000000083600000, 0x0000000083600000|100%| O|  |TAMS 0x0000000083600000, 0x0000000083500000| Untracked 
|  24|0x0000000083600000, 0x0000000083700000, 0x0000000083700000|100%| O|  |TAMS 0x0000000083700000, 0x0000000083600000| Untracked 
|  25|0x0000000083700000, 0x0000000083800000, 0x0000000083800000|100%| O|  |TAMS 0x0000000083800000, 0x0000000083700000| Untracked 
|  26|0x0000000083800000, 0x0000000083900000, 0x0000000083900000|100%| O|  |TAMS 0x0000000083900000, 0x0000000083800000| Untracked 
|  27|0x0000000083900000, 0x0000000083a00000, 0x0000000083a00000|100%| O|  |TAMS 0x0000000083a00000, 0x0000000083900000| Untracked 
|  28|0x0000000083a00000, 0x0000000083b00000, 0x0000000083b00000|100%| O|  |TAMS 0x0000000083b00000, 0x0000000083a00000| Untracked 
|  29|0x0000000083b00000, 0x0000000083c00000, 0x0000000083c00000|100%| O|  |TAMS 0x0000000083c00000, 0x0000000083b00000| Untracked 
|  30|0x0000000083c00000, 0x0000000083d00000, 0x0000000083d00000|100%| O|  |TAMS 0x0000000083d00000, 0x0000000083c00000| Untracked 
|  31|0x0000000083d00000, 0x0000000083e00000, 0x0000000083e00000|100%| O|  |TAMS 0x0000000083e00000, 0x0000000083d00000| Untracked 
|  32|0x0000000083e00000, 0x0000000083f00000, 0x0000000083f00000|100%| O|  |TAMS 0x0000000083f00000, 0x0000000083e00000| Untracked 
|  33|0x0000000083f00000, 0x0000000084000000, 0x0000000084000000|100%| O|  |TAMS 0x0000000084000000, 0x0000000083f00000| Untracked 
|  34|0x0000000084000000, 0x0000000084100000, 0x0000000084100000|100%| O|  |TAMS 0x0000000084100000, 0x0000000084000000| Untracked 
|  35|0x0000000084100000, 0x0000000084200000, 0x0000000084200000|100%| O|  |TAMS 0x0000000084200000, 0x0000000084100000| Untracked 
|  36|0x0000000084200000, 0x0000000084300000, 0x0000000084300000|100%| O|  |TAMS 0x0000000084300000, 0x0000000084200000| Untracked 
|  37|0x0000000084300000, 0x0000000084400000, 0x0000000084400000|100%| O|  |TAMS 0x0000000084400000, 0x0000000084300000| Untracked 
|  38|0x0000000084400000, 0x0000000084500000, 0x0000000084500000|100%| O|  |TAMS 0x0000000084500000, 0x0000000084400000| Untracked 
|  39|0x0000000084500000, 0x0000000084563a00, 0x0000000084600000| 38%| O|  |TAMS 0x0000000084563a00, 0x0000000084500000| Untracked 
|  40|0x0000000084600000, 0x0000000084600000, 0x0000000084700000|  0%| F|  |TAMS 0x0000000084600000, 0x0000000084600000| Untracked 
|  41|0x0000000084700000, 0x0000000084700000, 0x0000000084800000|  0%| F|  |TAMS 0x0000000084700000, 0x0000000084700000| Untracked 
|  42|0x0000000084800000, 0x0000000084800000, 0x0000000084900000|  0%| F|  |TAMS 0x0000000084800000, 0x0000000084800000| Untracked 
|  43|0x0000000084900000, 0x0000000084900000, 0x0000000084a00000|  0%| F|  |TAMS 0x0000000084900000, 0x0000000084900000| Untracked 
|  44|0x0000000084a00000, 0x0000000084a00000, 0x0000000084b00000|  0%| F|  |TAMS 0x0000000084a00000, 0x0000000084a00000| Untracked 
|  45|0x0000000084b00000, 0x0000000084b00000, 0x0000000084c00000|  0%| F|  |TAMS 0x0000000084b00000, 0x0000000084b00000| Untracked 
|  46|0x0000000084c00000, 0x0000000084c00000, 0x0000000084d00000|  0%| F|  |TAMS 0x0000000084c00000, 0x0000000084c00000| Untracked 
|  47|0x0000000084d00000, 0x0000000084d00000, 0x0000000084e00000|  0%| F|  |TAMS 0x0000000084d00000, 0x0000000084d00000| Untracked 
|  48|0x0000000084e00000, 0x0000000084e00000, 0x0000000084f00000|  0%| F|  |TAMS 0x0000000084e00000, 0x0000000084e00000| Untracked 
|  49|0x0000000084f00000, 0x0000000084f00000, 0x0000000085000000|  0%| F|  |TAMS 0x0000000084f00000, 0x0000000084f00000| Untracked 
|  50|0x0000000085000000, 0x0000000085000000, 0x0000000085100000|  0%| F|  |TAMS 0x0000000085000000, 0x0000000085000000| Untracked 
|  51|0x0000000085100000, 0x0000000085100000, 0x0000000085200000|  0%| F|  |TAMS 0x0000000085100000, 0x0000000085100000| Untracked 
|  52|0x0000000085200000, 0x0000000085200000, 0x0000000085300000|  0%| F|  |TAMS 0x0000000085200000, 0x0000000085200000| Untracked 
|  53|0x0000000085300000, 0x0000000085300000, 0x0000000085400000|  0%| F|  |TAMS 0x0000000085300000, 0x0000000085300000| Untracked 
|  54|0x0000000085400000, 0x0000000085400000, 0x0000000085500000|  0%| F|  |TAMS 0x0000000085400000, 0x0000000085400000| Untracked 
|  55|0x0000000085500000, 0x0000000085500000, 0x0000000085600000|  0%| F|  |TAMS 0x0000000085500000, 0x0000000085500000| Untracked 
|  56|0x0000000085600000, 0x0000000085600000, 0x0000000085700000|  0%| F|  |TAMS 0x0000000085600000, 0x0000000085600000| Untracked 
|  57|0x0000000085700000, 0x0000000085700000, 0x0000000085800000|  0%| F|  |TAMS 0x0000000085700000, 0x0000000085700000| Untracked 
|  58|0x0000000085800000, 0x0000000085800000, 0x0000000085900000|  0%| F|  |TAMS 0x0000000085800000, 0x0000000085800000| Untracked 
|  59|0x0000000085900000, 0x0000000085900000, 0x0000000085a00000|  0%| F|  |TAMS 0x0000000085900000, 0x0000000085900000| Untracked 
|  60|0x0000000085a00000, 0x0000000085a00000, 0x0000000085b00000|  0%| F|  |TAMS 0x0000000085a00000, 0x0000000085a00000| Untracked 
|  61|0x0000000085b00000, 0x0000000085b00000, 0x0000000085c00000|  0%| F|  |TAMS 0x0000000085b00000, 0x0000000085b00000| Untracked 
|  62|0x0000000085c00000, 0x0000000085c00000, 0x0000000085d00000|  0%| F|  |TAMS 0x0000000085c00000, 0x0000000085c00000| Untracked 
|  63|0x0000000085d00000, 0x0000000085d00000, 0x0000000085e00000|  0%| F|  |TAMS 0x0000000085d00000, 0x0000000085d00000| Untracked 
|  64|0x0000000085e00000, 0x0000000085e00000, 0x0000000085f00000|  0%| F|  |TAMS 0x0000000085e00000, 0x0000000085e00000| Untracked 
|  65|0x0000000085f00000, 0x0000000085f00000, 0x0000000086000000|  0%| F|  |TAMS 0x0000000085f00000, 0x0000000085f00000| Untracked 
|  66|0x0000000086000000, 0x0000000086000000, 0x0000000086100000|  0%| F|  |TAMS 0x0000000086000000, 0x0000000086000000| Untracked 
|  67|0x0000000086100000, 0x0000000086100000, 0x0000000086200000|  0%| F|  |TAMS 0x0000000086100000, 0x0000000086100000| Untracked 
|  68|0x0000000086200000, 0x0000000086200000, 0x0000000086300000|  0%| F|  |TAMS 0x0000000086200000, 0x0000000086200000| Untracked 
|  69|0x0000000086300000, 0x0000000086300000, 0x0000000086400000|  0%| F|  |TAMS 0x0000000086300000, 0x0000000086300000| Untracked 
|  70|0x0000000086400000, 0x0000000086400000, 0x0000000086500000|  0%| F|  |TAMS 0x0000000086400000, 0x0000000086400000| Untracked 
|  71|0x0000000086500000, 0x0000000086500000, 0x0000000086600000|  0%| F|  |TAMS 0x0000000086500000, 0x0000000086500000| Untracked 
|  72|0x0000000086600000, 0x00000000866b9370, 0x0000000086700000| 72%| S|CS|TAMS 0x0000000086600000, 0x0000000086600000| Complete 
|  73|0x0000000086700000, 0x0000000086800000, 0x0000000086800000|100%| S|CS|TAMS 0x0000000086700000, 0x0000000086700000| Complete 
|  74|0x0000000086800000, 0x0000000086900000, 0x0000000086900000|100%| S|CS|TAMS 0x0000000086800000, 0x0000000086800000| Complete 
|  75|0x0000000086900000, 0x0000000086a00000, 0x0000000086a00000|100%| S|CS|TAMS 0x0000000086900000, 0x0000000086900000| Complete 
|  76|0x0000000086a00000, 0x0000000086b00000, 0x0000000086b00000|100%| S|CS|TAMS 0x0000000086a00000, 0x0000000086a00000| Complete 
|  77|0x0000000086b00000, 0x0000000086c00000, 0x0000000086c00000|100%| S|CS|TAMS 0x0000000086b00000, 0x0000000086b00000| Complete 
|  78|0x0000000086c00000, 0x0000000086d00000, 0x0000000086d00000|100%| S|CS|TAMS 0x0000000086c00000, 0x0000000086c00000| Complete 
|  79|0x0000000086d00000, 0x0000000086e00000, 0x0000000086e00000|100%| S|CS|TAMS 0x0000000086d00000, 0x0000000086d00000| Complete 
|  80|0x0000000086e00000, 0x0000000086e00000, 0x0000000086f00000|  0%| F|  |TAMS 0x0000000086e00000, 0x0000000086e00000| Untracked 
|  81|0x0000000086f00000, 0x0000000086f00000, 0x0000000087000000|  0%| F|  |TAMS 0x0000000086f00000, 0x0000000086f00000| Untracked 
|  82|0x0000000087000000, 0x0000000087000000, 0x0000000087100000|  0%| F|  |TAMS 0x0000000087000000, 0x0000000087000000| Untracked 
|  83|0x0000000087100000, 0x0000000087100000, 0x0000000087200000|  0%| F|  |TAMS 0x0000000087100000, 0x0000000087100000| Untracked 
|  84|0x0000000087200000, 0x0000000087200000, 0x0000000087300000|  0%| F|  |TAMS 0x0000000087200000, 0x0000000087200000| Untracked 
|  85|0x0000000087300000, 0x0000000087300000, 0x0000000087400000|  0%| F|  |TAMS 0x0000000087300000, 0x0000000087300000| Untracked 
|  86|0x0000000087400000, 0x0000000087400000, 0x0000000087500000|  0%| F|  |TAMS 0x0000000087400000, 0x0000000087400000| Untracked 
|  87|0x0000000087500000, 0x0000000087500000, 0x0000000087600000|  0%| F|  |TAMS 0x0000000087500000, 0x0000000087500000| Untracked 
|  88|0x0000000087600000, 0x0000000087600000, 0x0000000087700000|  0%| F|  |TAMS 0x0000000087600000, 0x0000000087600000| Untracked 
|  89|0x0000000087700000, 0x0000000087700000, 0x0000000087800000|  0%| F|  |TAMS 0x0000000087700000, 0x0000000087700000| Untracked 
|  90|0x0000000087800000, 0x0000000087800000, 0x0000000087900000|  0%| F|  |TAMS 0x0000000087800000, 0x0000000087800000| Untracked 
|  91|0x0000000087900000, 0x0000000087900000, 0x0000000087a00000|  0%| F|  |TAMS 0x0000000087900000, 0x0000000087900000| Untracked 
|  92|0x0000000087a00000, 0x0000000087a00000, 0x0000000087b00000|  0%| F|  |TAMS 0x0000000087a00000, 0x0000000087a00000| Untracked 
|  93|0x0000000087b00000, 0x0000000087b00000, 0x0000000087c00000|  0%| F|  |TAMS 0x0000000087b00000, 0x0000000087b00000| Untracked 
|  94|0x0000000087c00000, 0x0000000087c00000, 0x0000000087d00000|  0%| F|  |TAMS 0x0000000087c00000, 0x0000000087c00000| Untracked 
|  95|0x0000000087d00000, 0x0000000087d00000, 0x0000000087e00000|  0%| F|  |TAMS 0x0000000087d00000, 0x0000000087d00000| Untracked 
|  96|0x0000000087e00000, 0x0000000087e00000, 0x0000000087f00000|  0%| F|  |TAMS 0x0000000087e00000, 0x0000000087e00000| Untracked 
|  97|0x0000000087f00000, 0x0000000087f00000, 0x0000000088000000|  0%| F|  |TAMS 0x0000000087f00000, 0x0000000087f00000| Untracked 
|  98|0x0000000088000000, 0x0000000088000000, 0x0000000088100000|  0%| F|  |TAMS 0x0000000088000000, 0x0000000088000000| Untracked 
|  99|0x0000000088100000, 0x0000000088100000, 0x0000000088200000|  0%| F|  |TAMS 0x0000000088100000, 0x0000000088100000| Untracked 
| 100|0x0000000088200000, 0x0000000088200000, 0x0000000088300000|  0%| F|  |TAMS 0x0000000088200000, 0x0000000088200000| Untracked 
| 101|0x0000000088300000, 0x0000000088300000, 0x0000000088400000|  0%| F|  |TAMS 0x0000000088300000, 0x0000000088300000| Untracked 
| 102|0x0000000088400000, 0x0000000088400000, 0x0000000088500000|  0%| F|  |TAMS 0x0000000088400000, 0x0000000088400000| Untracked 
| 103|0x0000000088500000, 0x0000000088500000, 0x0000000088600000|  0%| F|  |TAMS 0x0000000088500000, 0x0000000088500000| Untracked 
| 104|0x0000000088600000, 0x0000000088600000, 0x0000000088700000|  0%| F|  |TAMS 0x0000000088600000, 0x0000000088600000| Untracked 
| 105|0x0000000088700000, 0x0000000088700000, 0x0000000088800000|  0%| F|  |TAMS 0x0000000088700000, 0x0000000088700000| Untracked 
| 106|0x0000000088800000, 0x0000000088800000, 0x0000000088900000|  0%| F|  |TAMS 0x0000000088800000, 0x0000000088800000| Untracked 
| 107|0x0000000088900000, 0x0000000088900000, 0x0000000088a00000|  0%| F|  |TAMS 0x0000000088900000, 0x0000000088900000| Untracked 
| 108|0x0000000088a00000, 0x0000000088a00000, 0x0000000088b00000|  0%| F|  |TAMS 0x0000000088a00000, 0x0000000088a00000| Untracked 
| 109|0x0000000088b00000, 0x0000000088b00000, 0x0000000088c00000|  0%| F|  |TAMS 0x0000000088b00000, 0x0000000088b00000| Untracked 
| 110|0x0000000088c00000, 0x0000000088c00000, 0x0000000088d00000|  0%| F|  |TAMS 0x0000000088c00000, 0x0000000088c00000| Untracked 
| 111|0x0000000088d00000, 0x0000000088d00000, 0x0000000088e00000|  0%| F|  |TAMS 0x0000000088d00000, 0x0000000088d00000| Untracked 
| 112|0x0000000088e00000, 0x0000000088e00000, 0x0000000088f00000|  0%| F|  |TAMS 0x0000000088e00000, 0x0000000088e00000| Untracked 
| 113|0x0000000088f00000, 0x0000000088f00000, 0x0000000089000000|  0%| F|  |TAMS 0x0000000088f00000, 0x0000000088f00000| Untracked 
| 114|0x0000000089000000, 0x0000000089000000, 0x0000000089100000|  0%| F|  |TAMS 0x0000000089000000, 0x0000000089000000| Untracked 
| 115|0x0000000089100000, 0x0000000089100000, 0x0000000089200000|  0%| F|  |TAMS 0x0000000089100000, 0x0000000089100000| Untracked 
| 116|0x0000000089200000, 0x0000000089200000, 0x0000000089300000|  0%| F|  |TAMS 0x0000000089200000, 0x0000000089200000| Untracked 
| 117|0x0000000089300000, 0x0000000089300000, 0x0000000089400000|  0%| F|  |TAMS 0x0000000089300000, 0x0000000089300000| Untracked 
| 118|0x0000000089400000, 0x0000000089400000, 0x0000000089500000|  0%| F|  |TAMS 0x0000000089400000, 0x0000000089400000| Untracked 
| 119|0x0000000089500000, 0x0000000089500000, 0x0000000089600000|  0%| F|  |TAMS 0x0000000089500000, 0x0000000089500000| Untracked 
| 120|0x0000000089600000, 0x0000000089600000, 0x0000000089700000|  0%| F|  |TAMS 0x0000000089600000, 0x0000000089600000| Untracked 
| 121|0x0000000089700000, 0x0000000089700000, 0x0000000089800000|  0%| F|  |TAMS 0x0000000089700000, 0x0000000089700000| Untracked 
| 122|0x0000000089800000, 0x0000000089800000, 0x0000000089900000|  0%| F|  |TAMS 0x0000000089800000, 0x0000000089800000| Untracked 
| 123|0x0000000089900000, 0x0000000089900000, 0x0000000089a00000|  0%| F|  |TAMS 0x0000000089900000, 0x0000000089900000| Untracked 
| 124|0x0000000089a00000, 0x0000000089a00000, 0x0000000089b00000|  0%| F|  |TAMS 0x0000000089a00000, 0x0000000089a00000| Untracked 
| 125|0x0000000089b00000, 0x0000000089b00000, 0x0000000089c00000|  0%| F|  |TAMS 0x0000000089b00000, 0x0000000089b00000| Untracked 
| 126|0x0000000089c00000, 0x0000000089c00000, 0x0000000089d00000|  0%| F|  |TAMS 0x0000000089c00000, 0x0000000089c00000| Untracked 
| 127|0x0000000089d00000, 0x0000000089d00000, 0x0000000089e00000|  0%| F|  |TAMS 0x0000000089d00000, 0x0000000089d00000| Untracked 
| 128|0x0000000089e00000, 0x0000000089e00000, 0x0000000089f00000|  0%| F|  |TAMS 0x0000000089e00000, 0x0000000089e00000| Untracked 
| 129|0x0000000089f00000, 0x0000000089f00000, 0x000000008a000000|  0%| F|  |TAMS 0x0000000089f00000, 0x0000000089f00000| Untracked 
| 130|0x000000008a000000, 0x000000008a000000, 0x000000008a100000|  0%| F|  |TAMS 0x000000008a000000, 0x000000008a000000| Untracked 
| 131|0x000000008a100000, 0x000000008a100000, 0x000000008a200000|  0%| F|  |TAMS 0x000000008a100000, 0x000000008a100000| Untracked 
| 132|0x000000008a200000, 0x000000008a200000, 0x000000008a300000|  0%| F|  |TAMS 0x000000008a200000, 0x000000008a200000| Untracked 
| 133|0x000000008a300000, 0x000000008a300000, 0x000000008a400000|  0%| F|  |TAMS 0x000000008a300000, 0x000000008a300000| Untracked 
| 134|0x000000008a400000, 0x000000008a400000, 0x000000008a500000|  0%| F|  |TAMS 0x000000008a400000, 0x000000008a400000| Untracked 
| 135|0x000000008a500000, 0x000000008a500000, 0x000000008a600000|  0%| F|  |TAMS 0x000000008a500000, 0x000000008a500000| Untracked 
| 136|0x000000008a600000, 0x000000008a600000, 0x000000008a700000|  0%| F|  |TAMS 0x000000008a600000, 0x000000008a600000| Untracked 
| 137|0x000000008a700000, 0x000000008a700000, 0x000000008a800000|  0%| F|  |TAMS 0x000000008a700000, 0x000000008a700000| Untracked 
| 138|0x000000008a800000, 0x000000008a800000, 0x000000008a900000|  0%| F|  |TAMS 0x000000008a800000, 0x000000008a800000| Untracked 
| 139|0x000000008a900000, 0x000000008a900000, 0x000000008aa00000|  0%| F|  |TAMS 0x000000008a900000, 0x000000008a900000| Untracked 
| 140|0x000000008aa00000, 0x000000008aa00000, 0x000000008ab00000|  0%| F|  |TAMS 0x000000008aa00000, 0x000000008aa00000| Untracked 
| 141|0x000000008ab00000, 0x000000008ab00000, 0x000000008ac00000|  0%| F|  |TAMS 0x000000008ab00000, 0x000000008ab00000| Untracked 
| 142|0x000000008ac00000, 0x000000008ac00000, 0x000000008ad00000|  0%| F|  |TAMS 0x000000008ac00000, 0x000000008ac00000| Untracked 
| 143|0x000000008ad00000, 0x000000008ad00000, 0x000000008ae00000|  0%| F|  |TAMS 0x000000008ad00000, 0x000000008ad00000| Untracked 
| 144|0x000000008ae00000, 0x000000008ae00000, 0x000000008af00000|  0%| F|  |TAMS 0x000000008ae00000, 0x000000008ae00000| Untracked 
| 145|0x000000008af00000, 0x000000008af00000, 0x000000008b000000|  0%| F|  |TAMS 0x000000008af00000, 0x000000008af00000| Untracked 
| 146|0x000000008b000000, 0x000000008b000000, 0x000000008b100000|  0%| F|  |TAMS 0x000000008b000000, 0x000000008b000000| Untracked 
| 147|0x000000008b100000, 0x000000008b100000, 0x000000008b200000|  0%| F|  |TAMS 0x000000008b100000, 0x000000008b100000| Untracked 
| 148|0x000000008b200000, 0x000000008b200000, 0x000000008b300000|  0%| F|  |TAMS 0x000000008b200000, 0x000000008b200000| Untracked 
| 149|0x000000008b300000, 0x000000008b300000, 0x000000008b400000|  0%| F|  |TAMS 0x000000008b300000, 0x000000008b300000| Untracked 
| 150|0x000000008b400000, 0x000000008b400000, 0x000000008b500000|  0%| F|  |TAMS 0x000000008b400000, 0x000000008b400000| Untracked 
| 151|0x000000008b500000, 0x000000008b500000, 0x000000008b600000|  0%| F|  |TAMS 0x000000008b500000, 0x000000008b500000| Untracked 
| 152|0x000000008b600000, 0x000000008b600000, 0x000000008b700000|  0%| F|  |TAMS 0x000000008b600000, 0x000000008b600000| Untracked 
| 153|0x000000008b700000, 0x000000008b700000, 0x000000008b800000|  0%| F|  |TAMS 0x000000008b700000, 0x000000008b700000| Untracked 

Card table byte_map: [0x000001f9cfb00000,0x000001f9cff00000] _byte_map_base: 0x000001f9cf6f1000

Marking Bits (Prev, Next): (CMBitMap*) 0x000001f9b831e9b8, (CMBitMap*) 0x000001f9b831e9f0
 Prev Bits: [0x000001f9d0300000, 0x000001f9d2288000)
 Next Bits: [0x000001f9d2290000, 0x000001f9d4218000)

Polling page: 0x000001f9b6130000

Metaspace:

Usage:
  Non-class:     33.78 MB capacity,    33.20 MB ( 98%) used,   470.84 KB (  1%) free+waste,   126.31 KB ( <1%) overhead. 
      Class:      4.51 MB capacity,     4.08 MB ( 91%) used,   379.46 KB (  8%) free+waste,    58.75 KB (  1%) overhead. 
       Both:     38.29 MB capacity,    37.28 MB ( 97%) used,   850.30 KB (  2%) free+waste,   185.06 KB ( <1%) overhead. 

Virtual space:
  Non-class space:       34.00 MB reserved,      33.83 MB (>99%) committed 
      Class space:        1.00 GB reserved,       4.63 MB ( <1%) committed 
             Both:        1.03 GB reserved,      38.45 MB (  4%) committed 

Chunk freelists:
   Non-Class:  6.38 KB
       Class:  2.38 KB
        Both:  8.75 KB

CodeHeap 'non-profiled nmethods': size=120064Kb used=2656Kb max_used=2656Kb free=117407Kb
 bounds [0x000001f9c80b0000, 0x000001f9c8350000, 0x000001f9cf5f0000]
CodeHeap 'profiled nmethods': size=120000Kb used=8019Kb max_used=8019Kb free=111980Kb
 bounds [0x000001f9c0b80000, 0x000001f9c1360000, 0x000001f9c80b0000]
CodeHeap 'non-nmethods': size=5696Kb used=1273Kb max_used=1322Kb free=4422Kb
 bounds [0x000001f9c05f0000, 0x000001f9c0860000, 0x000001f9c0b80000]
 total_blobs=4751 nmethods=3459 adapters=455
 compilation: enabled
              stopped_count=0, restarted_count=0
 full_count=0

Compilation events (10 events):
Event: 3.917 Thread 0x000001f9d73d5800 3517       2       java.lang.PublicMethods$MethodList::<init> (10 bytes)
Event: 3.917 Thread 0x000001f9d73d5800 nmethod 3517 0x000001f9c1352d90 code [0x000001f9c1352f40, 0x000001f9c13530d8]
Event: 3.918 Thread 0x000001f9d73d5800 3518       2       java.util.concurrent.ConcurrentHashMap::containsKey (14 bytes)
Event: 3.919 Thread 0x000001f9d73d5800 nmethod 3518 0x000001f9c1353190 code [0x000001f9c1353340, 0x000001f9c13534f0]
Event: 3.919 Thread 0x000001f9d73d5800 3521       2       java.lang.PublicMethods$MethodList::filter (104 bytes)
Event: 3.919 Thread 0x000001f9d73d5800 nmethod 3521 0x000001f9c1353590 code [0x000001f9c1353780, 0x000001f9c1353d20]
Event: 3.919 Thread 0x000001f9d73d5800 3520       2       java.lang.Class::getMethodsRecursive (99 bytes)
Event: 3.920 Thread 0x000001f9d73d5800 nmethod 3520 0x000001f9c1354090 code [0x000001f9c13542a0, 0x000001f9c13546f0]
Event: 3.926 Thread 0x000001f9d73d5800 3522       2       java.util.HashMap$Values::<init> (10 bytes)
Event: 3.926 Thread 0x000001f9d73d5800 nmethod 3522 0x000001f9c1354a90 code [0x000001f9c1354c40, 0x000001f9c1354dd8]

GC Heap History (10 events):
Event: 1.585 GC heap after
{Heap after GC invocations=5 (full 0):
 garbage-first heap   total 157696K, used 21959K [0x0000000081e00000, 0x0000000100000000)
  region size 1024K, 4 young (4096K), 4 survivors (4096K)
 Metaspace       used 20760K, capacity 21150K, committed 21296K, reserved 1069056K
  class space    used 1940K, capacity 2088K, committed 2176K, reserved 1048576K
}
Event: 2.107 GC heap before
{Heap before GC invocations=6 (full 0):
 garbage-first heap   total 157696K, used 95687K [0x0000000081e00000, 0x0000000100000000)
  region size 1024K, 76 young (77824K), 4 survivors (4096K)
 Metaspace       used 26501K, capacity 27284K, committed 27568K, reserved 1073152K
  class space    used 2680K, capacity 2964K, committed 3072K, reserved 1048576K
}
Event: 2.113 GC heap after
{Heap after GC invocations=7 (full 0):
 garbage-first heap   total 157696K, used 28300K [0x0000000081e00000, 0x0000000100000000)
  region size 1024K, 10 young (10240K), 10 survivors (10240K)
 Metaspace       used 26501K, capacity 27284K, committed 27568K, reserved 1073152K
  class space    used 2680K, capacity 2964K, committed 3072K, reserved 1048576K
}
Event: 2.453 GC heap before
{Heap before GC invocations=7 (full 0):
 garbage-first heap   total 157696K, used 102028K [0x0000000081e00000, 0x0000000100000000)
  region size 1024K, 82 young (83968K), 10 survivors (10240K)
 Metaspace       used 29419K, capacity 30178K, committed 30512K, reserved 1077248K
  class space    used 3035K, capacity 3356K, committed 3456K, reserved 1048576K
}
Event: 2.463 GC heap after
{Heap after GC invocations=8 (full 0):
 garbage-first heap   total 157696K, used 34087K [0x0000000081e00000, 0x0000000100000000)
  region size 1024K, 6 young (6144K), 6 survivors (6144K)
 Metaspace       used 29419K, capacity 30178K, committed 30512K, reserved 1077248K
  class space    used 3035K, capacity 3356K, committed 3456K, reserved 1048576K
}
Event: 2.784 GC heap before
{Heap before GC invocations=8 (full 0):
 garbage-first heap   total 157696K, used 106791K [0x0000000081e00000, 0x0000000100000000)
  region size 1024K, 77 young (78848K), 6 survivors (6144K)
 Metaspace       used 32789K, capacity 33560K, committed 33712K, reserved 1079296K
  class space    used 3451K, capacity 3757K, committed 3840K, reserved 1048576K
}
Event: 2.792 GC heap after
{Heap after GC invocations=9 (full 0):
 garbage-first heap   total 157696K, used 40830K [0x0000000081e00000, 0x0000000100000000)
  region size 1024K, 7 young (7168K), 7 survivors (7168K)
 Metaspace       used 32789K, capacity 33560K, committed 33712K, reserved 1079296K
  class space    used 3451K, capacity 3757K, committed 3840K, reserved 1048576K
}
Event: 3.484 GC heap before
{Heap before GC invocations=9 (full 0):
 garbage-first heap   total 157696K, used 79742K [0x0000000081e00000, 0x0000000100000000)
  region size 1024K, 46 young (47104K), 7 survivors (7168K)
 Metaspace       used 35059K, capacity 35826K, committed 35920K, reserved 1081344K
  class space    used 3723K, capacity 4046K, committed 4096K, reserved 1048576K
}
Event: 3.490 GC heap after
{Heap after GC invocations=10 (full 0):
 garbage-first heap   total 157696K, used 43810K [0x0000000081e00000, 0x0000000100000000)
  region size 1024K, 4 young (4096K), 4 survivors (4096K)
 Metaspace       used 35059K, capacity 35826K, committed 35920K, reserved 1081344K
  class space    used 3723K, capacity 4046K, committed 4096K, reserved 1048576K
}
Event: 3.929 GC heap before
{Heap before GC invocations=11 (full 0):
 garbage-first heap   total 157696K, used 115490K [0x0000000081e00000, 0x0000000100000000)
  region size 1024K, 74 young (75776K), 4 survivors (4096K)
 Metaspace       used 38174K, capacity 39210K, committed 39376K, reserved 1083392K
  class space    used 4182K, capacity 4621K, committed 4736K, reserved 1048576K
}

Deoptimization events (10 events):
Event: 2.515 Thread 0x000001f9b82e0800 Uncommon trap: reason=class_check action=maybe_recompile pc=0x000001f9c81d5ad4 method=org.aspectj.weaver.bcel.BcelObjectType.getSuperclass()Lorg/aspectj/weaver/ResolvedType; @ 16 c2
Event: 2.656 Thread 0x000001f9b82e0800 Uncommon trap: reason=unstable_if action=reinterpret pc=0x000001f9c82754e8 method=org.aspectj.apache.bcel.generic.Instruction.readInstruction(Lorg/aspectj/apache/bcel/util/ByteSequence;)Lorg/aspectj/apache/bcel/generic/Instruction; @ 39 c2
Event: 2.702 Thread 0x000001f9b82e0800 Uncommon trap: reason=unloaded action=reinterpret pc=0x000001f9c82b5248 method=org.aspectj.apache.bcel.classfile.Attribute.readAttribute(Ljava/io/DataInputStream;Lorg/aspectj/apache/bcel/classfile/ConstantPool;)Lorg/aspectj/apache/bcel/classfile/Attribute
Event: 2.806 Thread 0x000001f9b82e0800 Uncommon trap: reason=unstable_if action=reinterpret pc=0x000001f9c8210b80 method=java.io.DataInputStream.readUTF(Ljava/io/DataInput;)Ljava/lang/String; @ 154 c2
Event: 2.929 Thread 0x000001f9b82e0800 Uncommon trap: reason=unstable_if action=reinterpret pc=0x000001f9c81386a0 method=java.lang.String.replace(CC)Ljava/lang/String; @ 2 c2
Event: 2.931 Thread 0x000001f9dc9a0000 Uncommon trap: reason=unstable_if action=reinterpret pc=0x000001f9c8254da8 method=java.lang.ThreadLocal.get()Ljava/lang/Object; @ 11 c2
Event: 3.639 Thread 0x000001f9dcaf8000 Uncommon trap: reason=class_check action=maybe_recompile pc=0x000001f9c8270f68 method=java.util.concurrent.ConcurrentHashMap.putVal(Ljava/lang/Object;Ljava/lang/Object;Z)Ljava/lang/Object; @ 159 c2
Event: 3.862 Thread 0x000001f9b82e0800 Uncommon trap: reason=class_check action=maybe_recompile pc=0x000001f9c8271064 method=java.util.concurrent.ConcurrentHashMap.putVal(Ljava/lang/Object;Ljava/lang/Object;Z)Ljava/lang/Object; @ 242 c2
Event: 3.865 Thread 0x000001f9dcaf2000 Uncommon trap: reason=null_check action=make_not_entrant pc=0x000001f9c81ee16c method=sun.nio.cs.ThreadLocalCoders$Cache.forName(Ljava/lang/Object;)Ljava/lang/Object; @ 7 c2
Event: 3.924 Thread 0x000001f9dcaf2000 Uncommon trap: reason=class_check action=maybe_recompile pc=0x000001f9c8271064 method=java.util.concurrent.ConcurrentHashMap.putVal(Ljava/lang/Object;Ljava/lang/Object;Z)Ljava/lang/Object; @ 242 c2

Classes redefined (0 events):
No events

Internal exceptions (10 events):
Event: 2.938 Thread 0x000001f9dc9a0000 Exception <a 'java/lang/NoSuchMethodError'{0x00000000897d7d68}: java.lang.invoke.DirectMethodHandle$Holder.invokeStatic(Ljava/lang/Object;J)Ljava/lang/Object;> (0x00000000897d7d68) thrown at [t:/workspace/open/src/hotspot/share/interpreter/linkResolver.cp
Event: 2.939 Thread 0x000001f9dc9a0000 Exception <a 'java/lang/NoSuchMethodError'{0x00000000897ebdf8}: java.lang.invoke.DirectMethodHandle$Holder.invokeStaticInit(Ljava/lang/Object;Ljava/lang/Object;JLjava/lang/Object;)Ljava/lang/Object;> (0x00000000897ebdf8) thrown at [t:/workspace/open/src/h
Event: 2.940 Thread 0x000001f9dc9a0000 Exception <a 'java/lang/NoSuchMethodError'{0x00000000897f1818}: java.lang.invoke.DirectMethodHandle$Holder.invokeStatic(Ljava/lang/Object;Ljava/lang/Object;J)Ljava/lang/Object;> (0x00000000897f1818) thrown at [t:/workspace/open/src/hotspot/share/interpret
Event: 2.940 Thread 0x000001f9dc9a0000 Exception <a 'java/lang/NoSuchMethodError'{0x00000000896ed978}: java.lang.invoke.Invokers$Holder.linkToTargetMethod(Ljava/lang/Object;JLjava/lang/Object;)Ljava/lang/Object;> (0x00000000896ed978) thrown at [t:/workspace/open/src/hotspot/share/interpreter/l
Event: 3.449 Thread 0x000001f9dd479800 Exception <a 'java/net/SocketTimeoutException'{0x00000000895618f8}: connect timed out> (0x00000000895618f8) thrown at [t:/workspace/open/src/hotspot/share/prims/jni.cpp, line 636]
Event: 3.495 Thread 0x000001f9b82e0800 Exception <a 'java/lang/NoSuchMethodError'{0x000000008b703930}: java.lang.invoke.DirectMethodHandle$Holder.invokeVirtual(Ljava/lang/Object;Ljava/lang/Object;)D> (0x000000008b703930) thrown at [t:/workspace/open/src/hotspot/share/interpreter/linkResolver.c
Event: 3.495 Thread 0x000001f9b82e0800 Exception <a 'java/lang/NoSuchMethodError'{0x000000008b709c38}: java.lang.invoke.DirectMethodHandle$Holder.invokeVirtual(Ljava/lang/Object;Ljava/lang/Object;)F> (0x000000008b709c38) thrown at [t:/workspace/open/src/hotspot/share/interpreter/linkResolver.c
Event: 3.496 Thread 0x000001f9b82e0800 Exception <a 'java/lang/NoSuchMethodError'{0x000000008b712678}: java.lang.invoke.DirectMethodHandle$Holder.invokeVirtual(Ljava/lang/Object;Ljava/lang/Object;)J> (0x000000008b712678) thrown at [t:/workspace/open/src/hotspot/share/interpreter/linkResolver.c
Event: 3.551 Thread 0x000001f9b82e0800 Exception <a 'java/lang/NoSuchMethodError'{0x000000008b17bbf8}: java.lang.invoke.DirectMethodHandle$Holder.invokeStatic(Ljava/lang/Object;Ljava/lang/Object;I)V> (0x000000008b17bbf8) thrown at [t:/workspace/open/src/hotspot/share/interpreter/linkResolver.c
Event: 3.625 Thread 0x000001f9b82e0800 Exception <a 'java/lang/NoSuchMethodError'{0x000000008a38a690}: java.lang.invoke.DirectMethodHandle$Holder.invokeSpecialIFC(Ljava/lang/Object;Ljava/lang/Object;Ljava/lang/Object;)I> (0x000000008a38a690) thrown at [t:/workspace/open/src/hotspot/share/inter

Events (10 events):
Event: 3.928 loading class io/netty/util/concurrent/Future done
Event: 3.928 loading class io/netty/util/concurrent/Future
Event: 3.928 loading class io/netty/util/concurrent/Future done
Event: 3.928 loading class org/asynchttpclient/netty/channel/NettyConnectListener
Event: 3.928 loading class org/asynchttpclient/netty/channel/NettyConnectListener done
Event: 3.929 loading class org/asynchttpclient/netty/channel/Channels$Active
Event: 3.929 loading class org/asynchttpclient/netty/channel/Channels$Active done
Event: 3.929 loading class io/netty/channel/ServerChannel
Event: 3.929 loading class io/netty/channel/ServerChannel done
Event: 3.929 Executing VM operation: G1CollectForAllocation


Dynamic libraries:
0x00007ff797d30000 - 0x00007ff797d77000 	C:\Program Files\Java\jdk-11.0.1\bin\java.exe
0x00007ffafd0c0000 - 0x00007ffafd2b0000 	C:\WINDOWS\SYSTEM32\ntdll.dll
0x00007ffafc4d0000 - 0x00007ffafc582000 	C:\WINDOWS\System32\KERNEL32.DLL
0x00007ffafacb0000 - 0x00007ffafaf55000 	C:\WINDOWS\System32\KERNELBASE.dll
0x00007ffafc1f0000 - 0x00007ffafc295000 	C:\WINDOWS\System32\ADVAPI32.dll
0x00007ffafc5a0000 - 0x00007ffafc63e000 	C:\WINDOWS\System32\msvcrt.dll
0x00007ffafccd0000 - 0x00007ffafcd68000 	C:\WINDOWS\System32\sechost.dll
0x00007ffafc2a0000 - 0x00007ffafc3bb000 	C:\WINDOWS\System32\RPCRT4.dll
0x00007ffafcb30000 - 0x00007ffafccc4000 	C:\WINDOWS\System32\USER32.dll
0x00007ffafa7e0000 - 0x00007ffafa801000 	C:\WINDOWS\System32\win32u.dll
0x00007ffafce20000 - 0x00007ffafce46000 	C:\WINDOWS\System32\GDI32.dll
0x00007ffafa810000 - 0x00007ffafa9a8000 	C:\WINDOWS\System32\gdi32full.dll
0x00007ffafb070000 - 0x00007ffafb10e000 	C:\WINDOWS\System32\msvcp_win.dll
0x00007ffafaa60000 - 0x00007ffafab5a000 	C:\WINDOWS\System32\ucrtbase.dll
0x00007ffae3d30000 - 0x00007ffae3fb4000 	C:\WINDOWS\WinSxS\amd64_microsoft.windows.common-controls_6595b64144ccf1df_6.0.18362.2274_none_9e8067a5e45c3d75\COMCTL32.dll
0x00007ffaf5200000 - 0x00007ffaf520a000 	C:\WINDOWS\SYSTEM32\VERSION.dll
0x00007ffafbe40000 - 0x00007ffafc176000 	C:\WINDOWS\System32\combase.dll
0x00007ffafafe0000 - 0x00007ffafb064000 	C:\WINDOWS\System32\bcryptPrimitives.dll
0x00007ffafb850000 - 0x00007ffafb87e000 	C:\WINDOWS\System32\IMM32.DLL
0x00007ffaf6690000 - 0x00007ffaf66a6000 	C:\Program Files\Java\jdk-11.0.1\bin\vcruntime140.dll
0x00007ffac0d70000 - 0x00007ffac0e1a000 	C:\Program Files\Java\jdk-11.0.1\bin\msvcp140.dll
0x00007ffa71260000 - 0x00007ffa71da2000 	C:\Program Files\Java\jdk-11.0.1\bin\server\jvm.dll
0x00007ffafc490000 - 0x00007ffafc498000 	C:\WINDOWS\System32\PSAPI.DLL
0x00007ffab6700000 - 0x00007ffab6709000 	C:\WINDOWS\SYSTEM32\WSOCK32.dll
0x00007ffaf7d60000 - 0x00007ffaf7d84000 	C:\WINDOWS\SYSTEM32\WINMM.dll
0x00007ffafc780000 - 0x00007ffafc7ef000 	C:\WINDOWS\System32\WS2_32.dll
0x00007ffaf7d30000 - 0x00007ffaf7d5d000 	C:\WINDOWS\SYSTEM32\WINMMBASE.dll
0x00007ffafb110000 - 0x00007ffafb15a000 	C:\WINDOWS\System32\cfgmgr32.dll
0x00007ffaf9f80000 - 0x00007ffaf9f91000 	C:\WINDOWS\System32\kernel.appcore.dll
0x00007ffaf6670000 - 0x00007ffaf6681000 	C:\Program Files\Java\jdk-11.0.1\bin\verify.dll
0x00007ffae6c00000 - 0x00007ffae6df4000 	C:\WINDOWS\SYSTEM32\DBGHELP.DLL
0x00007ffae6150000 - 0x00007ffae617a000 	C:\WINDOWS\SYSTEM32\dbgcore.DLL
0x00007ffaf6640000 - 0x00007ffaf6669000 	C:\Program Files\Java\jdk-11.0.1\bin\java.dll
0x00007ffae86f0000 - 0x00007ffae8727000 	C:\Program Files\Java\jdk-11.0.1\bin\jdwp.dll
0x00007ffae6920000 - 0x00007ffae694f000 	C:\Program Files\Java\jdk-11.0.1\bin\instrument.dll
0x00007ffaf6620000 - 0x00007ffaf6636000 	C:\Program Files\Java\jdk-11.0.1\bin\zip.dll
0x00007ffaf6610000 - 0x00007ffaf661a000 	C:\Program Files\Java\jdk-11.0.1\bin\jimage.dll
0x00007ffafb160000 - 0x00007ffafb847000 	C:\WINDOWS\System32\SHELL32.dll
0x00007ffafcd70000 - 0x00007ffafce19000 	C:\WINDOWS\System32\shcore.dll
0x00007ffafa030000 - 0x00007ffafa7ac000 	C:\WINDOWS\System32\windows.storage.dll
0x00007ffaf9fc0000 - 0x00007ffaf9fde000 	C:\WINDOWS\System32\profapi.dll
0x00007ffaf9fe0000 - 0x00007ffafa02a000 	C:\WINDOWS\System32\powrprof.dll
0x00007ffaf9f70000 - 0x00007ffaf9f80000 	C:\WINDOWS\System32\UMPDC.dll
0x00007ffafbde0000 - 0x00007ffafbe32000 	C:\WINDOWS\System32\shlwapi.dll
0x00007ffafaf60000 - 0x00007ffafaf77000 	C:\WINDOWS\System32\cryptsp.dll
0x00007ffae8680000 - 0x00007ffae868a000 	C:\Program Files\Java\jdk-11.0.1\bin\dt_socket.dll
0x00007ffaf9750000 - 0x00007ffaf97b7000 	C:\WINDOWS\system32\mswsock.dll
0x00007ffaf22f0000 - 0x00007ffaf2309000 	C:\Program Files\Java\jdk-11.0.1\bin\net.dll
0x00007ffaf5080000 - 0x00007ffaf5179000 	C:\WINDOWS\SYSTEM32\WINHTTP.dll
0x00007ffaf22d0000 - 0x00007ffaf22e3000 	C:\Program Files\Java\jdk-11.0.1\bin\nio.dll
0x00007ffaf92d0000 - 0x00007ffaf9303000 	C:\WINDOWS\system32\rsaenh.dll
0x00007ffafa7b0000 - 0x00007ffafa7d6000 	C:\WINDOWS\System32\bcrypt.dll
0x00007ffaf9e60000 - 0x00007ffaf9e85000 	C:\WINDOWS\SYSTEM32\USERENV.dll
0x00007ffaf9980000 - 0x00007ffaf998c000 	C:\WINDOWS\SYSTEM32\CRYPTBASE.dll
0x00007ffaf9460000 - 0x00007ffaf949a000 	C:\WINDOWS\SYSTEM32\IPHLPAPI.DLL
0x00007ffafc590000 - 0x00007ffafc598000 	C:\WINDOWS\System32\NSI.dll
0x00007ffaf6070000 - 0x00007ffaf6086000 	C:\WINDOWS\SYSTEM32\dhcpcsvc6.DLL
0x00007ffaf6040000 - 0x00007ffaf605c000 	C:\WINDOWS\SYSTEM32\dhcpcsvc.DLL
0x00007ffaf94a0000 - 0x00007ffaf956a000 	C:\WINDOWS\SYSTEM32\DNSAPI.dll
0x00007ffae09d0000 - 0x00007ffae09e6000 	C:\WINDOWS\system32\napinsp.dll
0x00007ffae09b0000 - 0x00007ffae09ca000 	C:\WINDOWS\system32\pnrpnsp.dll
0x00007ffae09a0000 - 0x00007ffae09ae000 	C:\WINDOWS\System32\winrnr.dll
0x00007ffaf63f0000 - 0x00007ffaf640c000 	C:\WINDOWS\system32\NLAapi.dll
0x00007ffae0950000 - 0x00007ffae0965000 	C:\WINDOWS\system32\wshbth.dll
0x00007ffaf2b10000 - 0x00007ffaf2b1a000 	C:\Windows\System32\rasadhlp.dll
0x00007ffaf60d0000 - 0x00007ffaf6147000 	C:\WINDOWS\System32\fwpuclnt.dll
0x00007ffae69f0000 - 0x00007ffae69f9000 	C:\Program Files\Java\jdk-11.0.1\bin\management.dll
0x00007ffae6910000 - 0x00007ffae691c000 	C:\Program Files\Java\jdk-11.0.1\bin\management_ext.dll
0x00007ffaf3d70000 - 0x00007ffaf3d7d000 	C:\Program Files\Java\jdk-11.0.1\bin\sunmscapi.dll
0x00007ffafab60000 - 0x00007ffafacaa000 	C:\WINDOWS\System32\CRYPT32.dll
0x00007ffaf9fa0000 - 0x00007ffaf9fb2000 	C:\WINDOWS\System32\MSASN1.dll
0x00007ffaf9a80000 - 0x00007ffaf9aa6000 	C:\WINDOWS\SYSTEM32\ncrypt.dll
0x00007ffaf9a40000 - 0x00007ffaf9a7b000 	C:\WINDOWS\SYSTEM32\NTASN1.dll
0x00007ffae89b0000 - 0x00007ffae89d7000 	C:\Program Files\Java\jdk-11.0.1\bin\sunec.dll

dbghelp: loaded successfully - version: 4.0.5 - missing functions: none
symbol engine: initialized successfully - sym options: 0x614 - pdb path: .;C:\Program Files\Java\jdk-11.0.1\bin;C:\WINDOWS\SYSTEM32;C:\WINDOWS\WinSxS\amd64_microsoft.windows.common-controls_6595b64144ccf1df_6.0.18362.2274_none_9e8067a5e45c3d75;C:\Program Files\Java\jdk-11.0.1\bin\server

VM Arguments:
jvm_args: -agentlib:jdwp=transport=dt_socket,address=127.0.0.1:58866,suspend=y,server=n -ea -Dallure.results.directory=target/allure-results -javaagent:C:\Users\инет\.m2\repository/org/aspectj/aspectjweaver/1.9.9.1/aspectjweaver-1.9.9.1.jar -Didea.test.cyclic.buffer.size=1048576 -javaagent:C:\Users\инет\AppData\Local\JetBrains\IdeaIC2022.2\captureAgent\debugger-agent.jar=file:/C:/Users/%D0%B8%D0%BD%D0%B5%D1%82/AppData/Local/Temp/capture.props -Dfile.encoding=UTF-8 
java_command: com.intellij.rt.junit.JUnitStarter -ideVersion5 -junit5 FirstTest,test
java_class_path (initial): C:\Program Files\JetBrains\IntelliJ IDEA Community Edition 2022.2.2\lib\idea_rt.jar;C:\Program Files\JetBrains\IntelliJ IDEA Community Edition 2022.2.2\plugins\junit\lib\junit5-rt.jar;C:\Program Files\JetBrains\IntelliJ IDEA Community Edition 2022.2.2\plugins\junit\lib\junit-rt.jar;C:\Users\инет\IdeaProjects\Mav\target\test-classes;C:\Users\инет\IdeaProjects\Mav\target\classes;C:\Users\инет\.m2\repository\io\qameta\allure\allure-selenide\2.13.1\allure-selenide-2.13.1.jar;C:\Users\инет\.m2\repository\io\qameta\allure\allure-java-commons\2.13.1\allure-java-commons-2.13.1.jar;C:\Users\инет\.m2\repository\io\qameta\allure\allure-model\2.13.1\allure-model-2.13.1.jar;C:\Users\инет\.m2\repository\com\fasterxml\jackson\core\jackson-databind\2.9.8\jackson-databind-2.9.8.jar;C:\Users\инет\.m2\repository\com\fasterxml\jackson\core\jackson-annotations\2.9.0\jackson-annotations-2.9.0.jar;C:\Users\инет\.m2\repository\com\fasterxml\jackson\core\jackson-core\2.9.8\jackson-core-2.9.8.jar;C:\Users\инет\.m2\repository\org\apache\tika\tika-core\1.20\tika-core-1.20.jar;C:\Users\инет\.m2\repository\org\jooq\joor-java-8\0.9.10\joor-java-8-0.9.10.jar;C:\Users\инет\.m2\repository\com\codeborne\selenide\6.8.1\selenide-6.8.1.jar;C:\Users\инет\.m2\repository\org\seleniumhq\selenium\selenium-java\4.4.0\selenium-java-4.4.0.jar;C:\Users\инет\.m2\repository\org\seleniumhq\selenium\selenium-api\4.4.0\selenium-api-4.4.0.jar;C:\Users\инет\.m2\repository\org\seleniumhq\selenium\selenium-chrome-driver\4.4.0\selenium-chrome-driver-4.4.0.jar;C:\Users\инет\.m2\repository\com\google\auto\service\auto-service-annotations\1.0.1\auto-service-annotations-1.0.1.jar;C:\Users\инет\.m2\repository\com\google\auto\service\auto-service\1.0.1\auto-service-1.0.1.jar;C:\Users\инет\.m2\repository\com\google\auto\auto-common\1.2\auto-common-1.2.jar;C:\Users\инет\.m2\repository\org\seleniumhq\selenium\selenium-chromium-driver\4.4.0\selenium-chromium-driver-4.4.0.jar;C:\Users\инет\.m2\repository
Launcher Type: SUN_STANDARD

[Global flags]
     intx CICompilerCount                          = 3                                         {product} {ergonomic}
     uint ConcGCThreads                            = 2                                         {product} {ergonomic}
     uint G1ConcRefinementThreads                  = 6                                         {product} {ergonomic}
   size_t G1HeapRegionSize                         = 1048576                                   {product} {ergonomic}
    uintx GCDrainStackTargetSize                   = 64                                        {product} {ergonomic}
   size_t InitialHeapSize                          = 134217728                                 {product} {ergonomic}
   size_t MarkStackSize                            = 4194304                                   {product} {ergonomic}
   size_t MaxHeapSize                              = 2116026368                                {product} {ergonomic}
   size_t MaxNewSize                               = 1268776960                                {product} {ergonomic}
   size_t MinHeapDeltaBytes                        = 1048576                                   {product} {ergonomic}
    uintx NonNMethodCodeHeapSize                   = 5830092                                {pd product} {ergonomic}
    uintx NonProfiledCodeHeapSize                  = 122914074                              {pd product} {ergonomic}
    uintx ProfiledCodeHeapSize                     = 122914074                              {pd product} {ergonomic}
    uintx ReservedCodeCacheSize                    = 251658240                              {pd product} {ergonomic}
     bool SegmentedCodeCache                       = true                                      {product} {ergonomic}
     bool UseCompressedClassPointers               = true                                 {lp64_product} {ergonomic}
     bool UseCompressedOops                        = true                                 {lp64_product} {ergonomic}
     bool UseG1GC                                  = true                                      {product} {ergonomic}
     bool UseLargePagesIndividualAllocation        = false                                  {pd product} {ergonomic}

Logging:
Log output configuration:
 #0: stdout all=warning uptime,level,tags
 #1: stderr all=off uptime,level,tags

Environment Variables:
JAVA_HOME=C:\Program Files (x86)\Java\jdk1.8.0_181
PATH=C:\Program Files\Microsoft MPI\Bin\;C:\Windows\system32;C:\Windows;C:\Windows\System32\Wbem;C:\Windows\System32\WindowsPowerShell\v1.0\;C:\Program Files\Git\cmd;C:\Program Files\dotnet\;C:\Program Files\Microsoft SQL Server\130\Tools\Binn\;C:\Program Files\Microsoft SQL Server\Client SDK\ODBC\130\Tools\Binn\;C:\Program Files (x86)\Microsoft SQL Server\130\Tools\Binn\;C:\Program Files\Microsoft SQL Server\130\DTS\Binn\;C:\Program Files (x86)\Microsoft SQL Server\140\Tools\Binn\;C:\Program Files (x86)\NVIDIA Corporation\PhysX\Common;C:\Program Files\Microsoft SQL Server\110\Tools\Binn\;C:\Program Files\nodejs\;C:\Program Files\Microsoft SQL Server\140\Tools\Binn\;C:\Program Files\Microsoft SQL Server\140\DTS\Binn\;C:\WINDOWS\system32;C:\WINDOWS;C:\WINDOWS\System32\Wbem;C:\WINDOWS\System32\WindowsPowerShell\v1.0\;C:\WINDOWS\System32\OpenSSH\;C:\Program Files (x86)\Microsoft SQL Server\150\Tools\Binn\;C:\Program Files\Microsoft SQL Server\150\Tools\Binn\;C:\Program Files (x86)\Microsoft SQL Server\150\DTS\Binn\;C:\Program Files\Microsoft SQL Server\150\DTS\Binn\;C:\Program Files\Microsoft SQL Server\Client SDK\ODBC\170\Tools\Binn\;C:\Program Files\Azure Data Studio\bin;C:\Program Files\Common Files\Autodesk Shared\;C:\Program Files (x86)\Autodesk\Backburner\;C:\Users\инет\AppData\Local\Microsoft\WindowsApps;C:\Users\инет\.dotnet\tools
USERNAME=инет
OS=Windows_NT
PROCESSOR_IDENTIFIER=Intel64 Family 6 Model 158 Stepping 13, GenuineIntel



---------------  S Y S T E M  ---------------

OS: Windows 10 , 64 bit Build 18362 (10.0.18362.2274)

CPU:total 6 (initial active 6) (6 cores per cpu, 1 threads per core) family 6 model 158 stepping 13, cmov, cx8, fxsr, mmx, sse, sse2, sse3, ssse3, sse4.1, sse4.2, popcnt, avx, avx2, aes, clmul, erms, 3dnowpref, lzcnt, tsc, tscinvbit, bmi1, bmi2, adx, fma

Memory: 4k page, system-wide physical 8068M (1311M free)
TotalPageFile size 10032M (AvailPageFile size 5M)
current process WorkingSet (physical memory assigned to process): 318M, peak: 326M
current process commit charge ("private bytes"): 387M, peak: 387M

vm_info: Java HotSpot(TM) 64-Bit Server VM (11.0.1+13-LTS) for windows-amd64 JRE (11.0.1+13-LTS), built on Oct  6 2018 13:20:16 by "mach5one" with MS VC++ 15.5 (VS2017)

END.
